#
# There is insufficient memory for the Java Runtime Environment to continue.
# Native memory allocation (malloc) failed to allocate 1048576 bytes for AllocateHeap
# Possible reasons:
#   The system is out of physical RAM or swap space
#   In 32 bit mode, the process size limit was hit
# Possible solutions:
#   Reduce memory load on the system
#   Increase physical memory or swap space
#   Check if swap backing store is full
#   Use 64 bit Java on a 64 bit OS
#   Decrease Java heap size (-Xmx/-Xms)
#   Decrease number of Java threads
#   Decrease Java thread stack sizes (-Xss)
#   Set larger code cache with -XX:ReservedCodeCacheSize=
# This output file may be truncated or incomplete.
#
#  Out of Memory Error (memory/allocation.inline.hpp:61), pid=8120, tid=0x0000000000002364
#
# JRE version:  (8.0_152-b02) (build )
# Java VM: OpenJDK 64-Bit Server VM (25.152-b02 mixed mode windows-amd64 compressed oops)
# Failed to write core dump. Minidumps are not enabled by default on client versions of Windows
#

---------------  T H R E A D  ---------------

Current thread (0x0000000004df3800):  JavaThread "Unknown thread" [_thread_in_vm, id=9060, stack(0x0000000004c30000,0x0000000004d30000)]

Stack: [0x0000000004c30000,0x0000000004d30000]
[error occurred during error reporting (printing stack bounds), id 0xc0000005]

Native frames: (J=compiled Java code, j=interpreted, Vv=VM code, C=native code)


---------------  P R O C E S S  ---------------

Java Threads: ( => current thread )

Other Threads:

=>0x0000000004df3800 (exited) JavaThread "Unknown thread" [_thread_in_vm, id=9060, stack(0x0000000004c30000,0x0000000004d30000)]

VM state:not at safepoint (normal execution)

VM Mutex/Monitor currently owned by a thread: None

Heap:
 PSYoungGen      total 18944K, used 327K [0x00000000feb00000, 0x0000000100000000, 0x0000000100000000)
  eden space 16384K, 2% used [0x00000000feb00000,0x00000000feb51ec8,0x00000000ffb00000)
  from space 2560K, 0% used [0x00000000ffd80000,0x00000000ffd80000,0x0000000100000000)
  to   space 2560K, 0% used [0x00000000ffb00000,0x00000000ffb00000,0x00000000ffd80000)
 ParOldGen       total 44032K, used 0K [0x00000000fc000000, 0x00000000feb00000, 0x00000000feb00000)
  object space 44032K, 0% used [0x00000000fc000000,0x00000000fc000000,0x00000000feb00000)
 Metaspace       used 783K, capacity 1156K, committed 1408K, reserved 1060864K
  class space    used 73K, capacity 384K, committed 384K, reserved 1048576K

Card table byte_map: [0x00000000033f0000,0x0000000003420000] byte_map_base: 0x0000000002c10000

Marking Bits: (ParMarkBitMap*) 0x000000005cc34970
 Begin Bits: [0x0000000014ab0000, 0x0000000014bb0000)
 End Bits:   [0x0000000014bb0000, 0x0000000014cb0000)

Polling page: 0x0000000000be0000

CodeCache: size=245760Kb used=328Kb max_used=328Kb free=245431Kb
 bounds [0x0000000004ef0000, 0x0000000005160000, 0x0000000013ef0000]
 total_blobs=57 nmethods=0 adapters=38
 compilation: enabled

Compilation events (0 events):
No events

GC Heap History (0 events):
No events

Deoptimization events (0 events):
No events

Classes redefined (0 events):
No events

Internal exceptions (0 events):
No events

Events (10 events):
Event: 0.030 loading class java/lang/Short
Event: 0.030 loading class java/lang/Short done
Event: 0.030 loading class java/lang/Integer
Event: 0.030 loading class java/lang/Integer done
Event: 0.030 loading class java/lang/Long
Event: 0.030 loading class java/lang/Long done
Event: 0.031 loading class java/lang/NullPointerException
Event: 0.031 loading class java/lang/NullPointerException done
Event: 0.031 loading class java/lang/ArithmeticException
Event: 0.031 loading class java/lang/ArithmeticException done


Dynamic libraries:
0x00007ff7a0670000 - 0x00007ff7a06a1000 	C:\Program Files\Android\Android Studio\jre\bin\java.exe
0x00007ffe1a550000 - 0x00007ffe1a730000 	C:\WINDOWS\SYSTEM32\ntdll.dll
0x00007ffe17a60000 - 0x00007ffe17b0e000 	C:\WINDOWS\System32\KERNEL32.DLL
0x00007ffe16c70000 - 0x00007ffe16ed6000 	C:\WINDOWS\System32\KERNELBASE.dll
0x00007ffe1a3d0000 - 0x00007ffe1a471000 	C:\WINDOWS\System32\ADVAPI32.dll
0x00007ffe1a480000 - 0x00007ffe1a51d000 	C:\WINDOWS\System32\msvcrt.dll
0x00007ffe19d60000 - 0x00007ffe19dbb000 	C:\WINDOWS\System32\sechost.dll
0x00007ffe1a120000 - 0x00007ffe1a23f000 	C:\WINDOWS\System32\RPCRT4.dll
0x00007ffe17bf0000 - 0x00007ffe17d7f000 	C:\WINDOWS\System32\USER32.dll
0x00007ffe16a80000 - 0x00007ffe16aa0000 	C:\WINDOWS\System32\win32u.dll
0x00007ffe17b10000 - 0x00007ffe17b38000 	C:\WINDOWS\System32\GDI32.dll
0x00007ffe17880000 - 0x00007ffe17a13000 	C:\WINDOWS\System32\gdi32full.dll
0x00007ffe177e0000 - 0x00007ffe1787b000 	C:\WINDOWS\System32\msvcp_win.dll
0x00007ffe17630000 - 0x00007ffe17726000 	C:\WINDOWS\System32\ucrtbase.dll
0x00007ffe10e30000 - 0x00007ffe11099000 	C:\WINDOWS\WinSxS\amd64_microsoft.windows.common-controls_6595b64144ccf1df_6.0.16299.248_none_15ced204935f55d7\COMCTL32.dll
0x00007ffe19520000 - 0x00007ffe19828000 	C:\WINDOWS\System32\combase.dll
0x00007ffe16950000 - 0x00007ffe169c2000 	C:\WINDOWS\System32\bcryptPrimitives.dll
0x00007ffe17a30000 - 0x00007ffe17a5d000 	C:\WINDOWS\System32\IMM32.DLL
0x000000005c2b0000 - 0x000000005c382000 	C:\Program Files\Android\Android Studio\jre\jre\bin\msvcr100.dll
0x000000005c470000 - 0x000000005ccaf000 	C:\Program Files\Android\Android Studio\jre\jre\bin\server\jvm.dll
0x00007ffe193c0000 - 0x00007ffe193c8000 	C:\WINDOWS\System32\PSAPI.DLL
0x00007ffe0c050000 - 0x00007ffe0c059000 	C:\WINDOWS\SYSTEM32\WSOCK32.dll
0x00007ffe11980000 - 0x00007ffe1198a000 	C:\WINDOWS\SYSTEM32\VERSION.dll
0x00007ffe1a360000 - 0x00007ffe1a3cc000 	C:\WINDOWS\System32\WS2_32.dll
0x00007ffe12410000 - 0x00007ffe12433000 	C:\WINDOWS\SYSTEM32\WINMM.dll
0x00007ffe123b0000 - 0x00007ffe123da000 	C:\WINDOWS\SYSTEM32\WINMMBASE.dll
0x00007ffe16a30000 - 0x00007ffe16a7a000 	C:\WINDOWS\System32\cfgmgr32.dll
0x00007ffe0bdc0000 - 0x00007ffe0bdcf000 	C:\Program Files\Android\Android Studio\jre\jre\bin\verify.dll
0x00007ffe0acd0000 - 0x00007ffe0acf9000 	C:\Program Files\Android\Android Studio\jre\jre\bin\java.dll
0x00007ffe0bda0000 - 0x00007ffe0bdb6000 	C:\Program Files\Android\Android Studio\jre\jre\bin\zip.dll

VM Arguments:
jvm_args: -Djava.awt.headless=true -Xmx64M -Dfile.encoding=windows-1251 -Duser.country=UA -Duser.language=uk -Duser.variant 
java_command: com.google.devtools.build.android.desugar.Desugar --input D:\FanSerials\FanSerials\app\build\intermediates\transforms\stackFramesFixer\debug\20.jar --output D:\FanSerials\FanSerials\app\build\intermediates\transforms\desugar\debug\21.jar --input D:\FanSerials\FanSerials\app\build\intermediates\transforms\stackFramesFixer\debug\6.jar --output D:\FanSerials\FanSerials\app\build\intermediates\transforms\desugar\debug\7.jar --input D:\FanSerials\FanSerials\app\build\intermediates\transforms\stackFramesFixer\debug\23.jar --output D:\FanSerials\FanSerials\app\build\intermediates\transforms\desugar\debug\24.jar --input D:\FanSerials\FanSerials\app\build\intermediates\transforms\stackFramesFixer\debug\4.jar --output D:\FanSerials\FanSerials\app\build\intermediates\transforms\desugar\debug\5.jar --classpath_entry D:\FanSerials\FanSerials\app\build\intermediates\classes\debug --classpath_entry D:\FanSerials\FanSerials\app\build\intermediates\transforms\stackFramesFixer\debug\0.jar --classpath_entry D:\FanSerials\FanSerials\app\build\intermediates\transforms\stackFramesFixer\debug\1.jar --classpath_entry D:\FanSerials\FanSerials\app\build\intermediates\transforms\stackFramesFixer\debug\2.jar --classpath_entry D:\FanSerials\FanSerials\app\build\intermediates\transforms\stackFramesFixer\debug\3.jar --classpath_entry D:\FanSerials\FanSerials\app\build\intermediates\transforms\stackFramesFixer\debug\4.jar --classpath_entry D:\FanSerials\FanSerials\app\build\intermediates\transforms\stackFramesFixer\debug\5.jar --classpath_entry D:\FanSerials\FanSerials\app\build\intermediates\transforms\stackFramesFixer\debug\6.jar --classpath_entry D:\FanSerials\FanSerials\app\build\intermediates\transforms\stackFramesFixer\debug\7.jar --classpath_entry D:\FanSerials\FanSerials\app\build\intermediates\transforms\stackFramesFixer\debug\8.jar --classpath_entry D:\FanSerials\FanSerials\app\build\intermediates\transforms\stackFramesFixer\debug\9.jar --classpath_entry D:\FanSerials\Fan
java_class_path (initial): C:\Users\Ivan\AppData\Local\Temp\desugar_deploy.jar9129752092382700193
Launcher Type: SUN_STANDARD

Environment Variables:
PATH=C:\ProgramData\Oracle\Java\javapath;C:\WINDOWS\system32;C:\WINDOWS;C:\WINDOWS\System32\Wbem;C:\WINDOWS\System32\WindowsPowerShell\v1.0\;C:\Program Files (x86)\NVIDIA Corporation\PhysX\Common;C:\Users\Ivan\AppData\Local\Microsoft\WindowsApps;
USERNAME=Ivan
OS=Windows_NT
PROCESSOR_IDENTIFIER=Intel64 Family 6 Model 60 Stepping 3, GenuineIntel



---------------  S Y S T E M  ---------------

OS: Windows 10.0 , 64 bit Build 16299 (10.0.16299.15)

CPU:total 8 (initial active 8) (4 cores per cpu, 2 threads per core) family 6 model 60 stepping 3, cmov, cx8, fxsr, mmx, sse, sse2, sse3, ssse3, sse4.1, sse4.2, popcnt, avx, avx2, aes, clmul, erms, lzcnt, ht, tsc, tscinvbit, bmi1, bmi2

Memory: 4k page, physical 8268984k(876080k free), swap 10316984k(6032k free)

vm_info: OpenJDK 64-Bit Server VM (25.152-b02) for windows-amd64 JRE (1.8.0_152-release-1024-b02), built by "builder" with MS VC++ 10.0 (VS2010)

time: Fri Mar 30 15:54:51 2018
elapsed time: 0 seconds (0d 0h 0m 0s)

