#
# There is insufficient memory for the Java Runtime Environment to continue.
# Native memory allocation (malloc) failed to allocate 32744 bytes for ChunkPool::allocate
# Possible reasons:
#   The system is out of physical RAM or swap space
#   In 32 bit mode, the process size limit was hit
# Possible solutions:
#   Reduce memory load on the system
#   Increase physical memory or swap space
#   Check if swap backing store is full
#   Use 64 bit Java on a 64 bit OS
#   Decrease Java heap size (-Xmx/-Xms)
#   Decrease number of Java threads
#   Decrease Java thread stack sizes (-Xss)
#   Set larger code cache with -XX:ReservedCodeCacheSize=
# This output file may be truncated or incomplete.
#
#  Out of Memory Error (allocation.cpp:273), pid=14208, tid=0x0000000000002a24
#
# JRE version: OpenJDK Runtime Environment (8.0_152-b02) (build 1.8.0_152-release-1024-b02)
# Java VM: OpenJDK 64-Bit Server VM (25.152-b02 mixed mode windows-amd64 compressed oops)
# Failed to write core dump. Minidumps are not enabled by default on client versions of Windows
#

---------------  T H R E A D  ---------------

Current thread (0x0000000017160800):  JavaThread "C2 CompilerThread2" daemon [_thread_in_native, id=10788, stack(0x0000000017c20000,0x0000000017d20000)]

Stack: [0x0000000017c20000,0x0000000017d20000]
[error occurred during error reporting (printing stack bounds), id 0xc0000005]

Native frames: (J=compiled Java code, j=interpreted, Vv=VM code, C=native code)


Current CompileTask:
C2:   5696  862 %     4       org.objectweb.asm.ClassReader::readCode @ 1446 (3575 bytes)


---------------  P R O C E S S  ---------------

Java Threads: ( => current thread )
  0x00000000171cf800 JavaThread "Service Thread" daemon [_thread_blocked, id=13788, stack(0x0000000017e20000,0x0000000017f20000)]
  0x0000000017185800 JavaThread "C1 CompilerThread3" daemon [_thread_blocked, id=12924, stack(0x0000000017d20000,0x0000000017e20000)]
=>0x0000000017160800 JavaThread "C2 CompilerThread2" daemon [_thread_in_native, id=10788, stack(0x0000000017c20000,0x0000000017d20000)]
  0x000000001715c000 JavaThread "C2 CompilerThread1" daemon [_thread_blocked, id=8108, stack(0x0000000017b20000,0x0000000017c20000)]
  0x0000000017159000 JavaThread "C2 CompilerThread0" daemon [_thread_blocked, id=13552, stack(0x0000000017a20000,0x0000000017b20000)]
  0x0000000017158000 JavaThread "Attach Listener" daemon [_thread_blocked, id=7552, stack(0x0000000017920000,0x0000000017a20000)]
  0x0000000017157000 JavaThread "Signal Dispatcher" daemon [_thread_blocked, id=8368, stack(0x0000000017820000,0x0000000017920000)]
  0x0000000017150800 JavaThread "Finalizer" daemon [_thread_blocked, id=9868, stack(0x0000000017530000,0x0000000017630000)]
  0x0000000004ab9000 JavaThread "Reference Handler" daemon [_thread_blocked, id=13968, stack(0x0000000017030000,0x0000000017130000)]
  0x00000000049c3800 JavaThread "main" [_thread_in_native, id=6120, stack(0x0000000004880000,0x0000000004980000)]

Other Threads:
  0x0000000015265800 VMThread [stack: 0x0000000016f30000,0x0000000017030000] [id=14224]
  0x00000000171d0000 WatcherThread [stack: 0x0000000017f20000,0x0000000018020000] [id=13496]

VM state:not at safepoint (normal execution)

VM Mutex/Monitor currently owned by a thread: None

Heap:
 PSYoungGen      total 18944K, used 13177K [0x00000000feb00000, 0x0000000100000000, 0x0000000100000000)
  eden space 16384K, 64% used [0x00000000feb00000,0x00000000ff563e38,0x00000000ffb00000)
  from space 2560K, 99% used [0x00000000ffd80000,0x00000000ffffa7f0,0x0000000100000000)
  to   space 2560K, 0% used [0x00000000ffb00000,0x00000000ffb00000,0x00000000ffd80000)
 ParOldGen       total 44032K, used 5040K [0x00000000fc000000, 0x00000000feb00000, 0x00000000feb00000)
  object space 44032K, 11% used [0x00000000fc000000,0x00000000fc4ec0f8,0x00000000feb00000)
 Metaspace       used 7630K, capacity 7876K, committed 7936K, reserved 1056768K
  class space    used 869K, capacity 970K, committed 1024K, reserved 1048576K

Card table byte_map: [0x00000000047f0000,0x0000000004820000] byte_map_base: 0x0000000004010000

Marking Bits: (ParMarkBitMap*) 0x000000005cc34970
 Begin Bits: [0x0000000014680000, 0x0000000014780000)
 End Bits:   [0x0000000014780000, 0x0000000014880000)

Polling page: 0x0000000002fd0000

CodeCache: size=245760Kb used=3783Kb max_used=3783Kb free=241976Kb
 bounds [0x0000000004ac0000, 0x0000000004e80000, 0x0000000013ac0000]
 total_blobs=1332 nmethods=1000 adapters=246
 compilation: enabled

Compilation events (10 events):
Event: 5.615 Thread 0x0000000017185800  997       3       com.google.devtools.build.android.desugar.CoreLibraryRewriter$UnprefixingClassWriter::<init> (66 bytes)
Event: 5.616 Thread 0x0000000017185800 nmethod 997 0x0000000004e70a10 code [0x0000000004e70be0, 0x0000000004e71258]
Event: 5.616 Thread 0x0000000017185800  999       3       java.util.zip.ZipOutputStream::writeExtra (106 bytes)
Event: 5.617 Thread 0x0000000017185800 nmethod 999 0x0000000004e72790 code [0x0000000004e72980, 0x0000000004e73448]
Event: 5.617 Thread 0x0000000017185800  998       3       org.objectweb.asm.ClassWriter::<init> (117 bytes)
Event: 5.618 Thread 0x0000000017185800 nmethod 998 0x0000000004e6f9d0 code [0x0000000004e6fbe0, 0x0000000004e70608]
Event: 5.618 Thread 0x0000000017185800 1000       3       java.util.Vector$Itr::hasNext (20 bytes)
Event: 5.618 Thread 0x0000000017185800 nmethod 1000 0x0000000004e739d0 code [0x0000000004e73b20, 0x0000000004e73cd0]
Event: 5.618 Thread 0x0000000017185800 1001   !   3       java.util.Vector$Itr::next (63 bytes)
Event: 5.619 Thread 0x0000000017185800 nmethod 1001 0x0000000004e73d90 code [0x0000000004e73f40, 0x0000000004e74638]

GC Heap History (4 events):
Event: 4.085 GC heap before
{Heap before GC invocations=1 (full 0):
 PSYoungGen      total 18944K, used 16384K [0x00000000feb00000, 0x0000000100000000, 0x0000000100000000)
  eden space 16384K, 100% used [0x00000000feb00000,0x00000000ffb00000,0x00000000ffb00000)
  from space 2560K, 0% used [0x00000000ffd80000,0x00000000ffd80000,0x0000000100000000)
  to   space 2560K, 0% used [0x00000000ffb00000,0x00000000ffb00000,0x00000000ffd80000)
 ParOldGen       total 44032K, used 0K [0x00000000fc000000, 0x00000000feb00000, 0x00000000feb00000)
  object space 44032K, 0% used [0x00000000fc000000,0x00000000fc000000,0x00000000feb00000)
 Metaspace       used 6703K, capacity 6874K, committed 7040K, reserved 1056768K
  class space    used 791K, capacity 871K, committed 896K, reserved 1048576K
Event: 4.106 GC heap after
Heap after GC invocations=1 (full 0):
 PSYoungGen      total 18944K, used 2544K [0x00000000feb00000, 0x0000000100000000, 0x0000000100000000)
  eden space 16384K, 0% used [0x00000000feb00000,0x00000000feb00000,0x00000000ffb00000)
  from space 2560K, 99% used [0x00000000ffb00000,0x00000000ffd7c020,0x00000000ffd80000)
  to   space 2560K, 0% used [0x00000000ffd80000,0x00000000ffd80000,0x0000000100000000)
 ParOldGen       total 44032K, used 1491K [0x00000000fc000000, 0x00000000feb00000, 0x00000000feb00000)
  object space 44032K, 3% used [0x00000000fc000000,0x00000000fc174d50,0x00000000feb00000)
 Metaspace       used 6703K, capacity 6874K, committed 7040K, reserved 1056768K
  class space    used 791K, capacity 871K, committed 896K, reserved 1048576K
}
Event: 5.020 GC heap before
{Heap before GC invocations=2 (full 0):
 PSYoungGen      total 18944K, used 18928K [0x00000000feb00000, 0x0000000100000000, 0x0000000100000000)
  eden space 16384K, 100% used [0x00000000feb00000,0x00000000ffb00000,0x00000000ffb00000)
  from space 2560K, 99% used [0x00000000ffb00000,0x00000000ffd7c020,0x00000000ffd80000)
  to   space 2560K, 0% used [0x00000000ffd80000,0x00000000ffd80000,0x0000000100000000)
 ParOldGen       total 44032K, used 1491K [0x00000000fc000000, 0x00000000feb00000, 0x00000000feb00000)
  object space 44032K, 3% used [0x00000000fc000000,0x00000000fc174d50,0x00000000feb00000)
 Metaspace       used 7575K, capacity 7812K, committed 7936K, reserved 1056768K
  class space    used 869K, capacity 970K, committed 1024K, reserved 1048576K
Event: 5.096 GC heap after
Heap after GC invocations=2 (full 0):
 PSYoungGen      total 18944K, used 2537K [0x00000000feb00000, 0x0000000100000000, 0x0000000100000000)
  eden space 16384K, 0% used [0x00000000feb00000,0x00000000feb00000,0x00000000ffb00000)
  from space 2560K, 99% used [0x00000000ffd80000,0x00000000ffffa7f0,0x0000000100000000)
  to   space 2560K, 0% used [0x00000000ffb00000,0x00000000ffb00000,0x00000000ffd80000)
 ParOldGen       total 44032K, used 5040K [0x00000000fc000000, 0x00000000feb00000, 0x00000000feb00000)
  object space 44032K, 11% used [0x00000000fc000000,0x00000000fc4ec0f8,0x00000000feb00000)
 Metaspace       used 7575K, capacity 7812K, committed 7936K, reserved 1056768K
  class space    used 869K, capacity 970K, committed 1024K, reserved 1048576K
}

Deoptimization events (10 events):
Event: 4.400 Thread 0x00000000049c3800 Uncommon trap: reason=unloaded action=reinterpret pc=0x0000000004cecb3c method=java.util.zip.ZipEntry.setExtra0([BZ)V @ 37
Event: 4.564 Thread 0x00000000049c3800 Uncommon trap: reason=unstable_if action=reinterpret pc=0x0000000004c977b8 method=java.lang.String.<init>([CII)V @ 18
Event: 4.582 Thread 0x00000000049c3800 Uncommon trap: reason=unstable_if action=reinterpret pc=0x0000000004d724d8 method=java.lang.String.<init>([CII)V @ 18
Event: 4.989 Thread 0x00000000049c3800 Uncommon trap: reason=unstable_if action=reinterpret pc=0x0000000004ddb80c method=org.objectweb.asm.MethodWriter.visitVarInsn(II)V @ 130
Event: 5.138 Thread 0x00000000049c3800 Uncommon trap: reason=bimorphic action=maybe_recompile pc=0x0000000004e1e9a8 method=org.objectweb.asm.MethodVisitor.visitJumpInsn(ILorg/objectweb/asm/Label;)V @ 13
Event: 5.138 Thread 0x00000000049c3800 Uncommon trap: reason=bimorphic action=maybe_recompile pc=0x0000000004e1e9a8 method=org.objectweb.asm.MethodVisitor.visitJumpInsn(ILorg/objectweb/asm/Label;)V @ 13
Event: 5.138 Thread 0x00000000049c3800 Uncommon trap: reason=bimorphic action=maybe_recompile pc=0x0000000004e1e9a8 method=org.objectweb.asm.MethodVisitor.visitJumpInsn(ILorg/objectweb/asm/Label;)V @ 13
Event: 5.139 Thread 0x00000000049c3800 Uncommon trap: reason=bimorphic action=maybe_recompile pc=0x0000000004e1e9a8 method=org.objectweb.asm.MethodVisitor.visitJumpInsn(ILorg/objectweb/asm/Label;)V @ 13
Event: 5.261 Thread 0x00000000049c3800 Uncommon trap: reason=null_check action=make_not_entrant pc=0x0000000004e4e3d0 method=com.google.devtools.build.android.desugar.InterfaceDesugaring$InterfaceInvocationRewriter.visitMethodInsn(ILjava/lang/String;Ljava/lang/String;Ljava/lang/String;Z)V @ 10
Event: 5.463 Thread 0x00000000049c3800 Uncommon trap: reason=unstable_if action=reinterpret pc=0x0000000004dc99e8 method=java.io.BufferedOutputStream.write(I)V @ 9

Classes redefined (0 events):
No events

Internal exceptions (10 events):
Event: 4.267 Thread 0x00000000049c3800 Exception <a 'sun/nio/fs/WindowsException'> (0x00000000ff19bd68) thrown at [D:\src\AOSP-openjdk-cygwin\jdk8u\hotspot\src\share\vm\prims\jni.cpp, line 709]
Event: 4.267 Thread 0x00000000049c3800 Exception <a 'sun/nio/fs/WindowsException'> (0x00000000ff19c528) thrown at [D:\src\AOSP-openjdk-cygwin\jdk8u\hotspot\src\share\vm\prims\jni.cpp, line 709]
Event: 4.323 Thread 0x00000000049c3800 Exception <a 'sun/nio/fs/WindowsException'> (0x00000000ff1a1470) thrown at [D:\src\AOSP-openjdk-cygwin\jdk8u\hotspot\src\share\vm\prims\jni.cpp, line 709]
Event: 4.458 Thread 0x00000000049c3800 Exception <a 'sun/nio/fs/WindowsException'> (0x00000000ff531a30) thrown at [D:\src\AOSP-openjdk-cygwin\jdk8u\hotspot\src\share\vm\prims\jni.cpp, line 709]
Event: 4.459 Thread 0x00000000049c3800 Exception <a 'sun/nio/fs/WindowsException'> (0x00000000ff531fa8) thrown at [D:\src\AOSP-openjdk-cygwin\jdk8u\hotspot\src\share\vm\prims\jni.cpp, line 709]
Event: 4.665 Thread 0x00000000049c3800 Exception <a 'sun/nio/fs/WindowsException'> (0x00000000ff920da0) thrown at [D:\src\AOSP-openjdk-cygwin\jdk8u\hotspot\src\share\vm\prims\jni.cpp, line 709]
Event: 4.665 Thread 0x00000000049c3800 Exception <a 'sun/nio/fs/WindowsException'> (0x00000000ff921298) thrown at [D:\src\AOSP-openjdk-cygwin\jdk8u\hotspot\src\share\vm\prims\jni.cpp, line 709]
Event: 5.261 Thread 0x00000000049c3800 Implicit null exception at 0x0000000004e4d950 to 0x0000000004e4e3b1
Event: 5.529 Thread 0x00000000049c3800 Exception <a 'sun/nio/fs/WindowsException'> (0x00000000ff4fce40) thrown at [D:\src\AOSP-openjdk-cygwin\jdk8u\hotspot\src\share\vm\prims\jni.cpp, line 709]
Event: 5.529 Thread 0x00000000049c3800 Exception <a 'sun/nio/fs/WindowsException'> (0x00000000ff4fd338) thrown at [D:\src\AOSP-openjdk-cygwin\jdk8u\hotspot\src\share\vm\prims\jni.cpp, line 709]

Events (10 events):
Event: 5.139 Thread 0x00000000049c3800 DEOPT PACKING pc=0x0000000004e1e9a8 sp=0x000000000497ecc0
Event: 5.139 Thread 0x00000000049c3800 DEOPT UNPACKING pc=0x0000000004b0557b sp=0x000000000497ec40 mode 2
Event: 5.261 Thread 0x00000000049c3800 Uncommon trap: trap_request=0xfffffff4 fr.pc=0x0000000004e4e3d0
Event: 5.261 Thread 0x00000000049c3800 DEOPT PACKING pc=0x0000000004e4e3d0 sp=0x000000000497ec40
Event: 5.261 Thread 0x00000000049c3800 DEOPT UNPACKING pc=0x0000000004b0557b sp=0x000000000497ec20 mode 2
Event: 5.463 Thread 0x00000000049c3800 Uncommon trap: trap_request=0xffffff65 fr.pc=0x0000000004dc99e8
Event: 5.463 Executing VM operation: RevokeBias
Event: 5.463 Executing VM operation: RevokeBias done
Event: 5.463 Thread 0x00000000049c3800 DEOPT PACKING pc=0x0000000004dc99e8 sp=0x000000000497f390
Event: 5.463 Thread 0x00000000049c3800 DEOPT UNPACKING pc=0x0000000004b0557b sp=0x000000000497f340 mode 2


Dynamic libraries:
0x00007ff7a0670000 - 0x00007ff7a06a1000 	C:\Program Files\Android\Android Studio\jre\bin\java.exe
0x00007ffe1a550000 - 0x00007ffe1a730000 	C:\WINDOWS\SYSTEM32\ntdll.dll
0x00007ffe17a60000 - 0x00007ffe17b0e000 	C:\WINDOWS\System32\KERNEL32.DLL
0x00007ffe16c70000 - 0x00007ffe16ed6000 	C:\WINDOWS\System32\KERNELBASE.dll
0x00007ffe1a3d0000 - 0x00007ffe1a471000 	C:\WINDOWS\System32\ADVAPI32.dll
0x00007ffe1a480000 - 0x00007ffe1a51d000 	C:\WINDOWS\System32\msvcrt.dll
0x00007ffe19d60000 - 0x00007ffe19dbb000 	C:\WINDOWS\System32\sechost.dll
0x00007ffe1a120000 - 0x00007ffe1a23f000 	C:\WINDOWS\System32\RPCRT4.dll
0x00007ffe17bf0000 - 0x00007ffe17d7f000 	C:\WINDOWS\System32\USER32.dll
0x00007ffe16a80000 - 0x00007ffe16aa0000 	C:\WINDOWS\System32\win32u.dll
0x00007ffe17b10000 - 0x00007ffe17b38000 	C:\WINDOWS\System32\GDI32.dll
0x00007ffe17880000 - 0x00007ffe17a13000 	C:\WINDOWS\System32\gdi32full.dll
0x00007ffe177e0000 - 0x00007ffe1787b000 	C:\WINDOWS\System32\msvcp_win.dll
0x00007ffe17630000 - 0x00007ffe17726000 	C:\WINDOWS\System32\ucrtbase.dll
0x00007ffe10e30000 - 0x00007ffe11099000 	C:\WINDOWS\WinSxS\amd64_microsoft.windows.common-controls_6595b64144ccf1df_6.0.16299.248_none_15ced204935f55d7\COMCTL32.dll
0x00007ffe19520000 - 0x00007ffe19828000 	C:\WINDOWS\System32\combase.dll
0x00007ffe16950000 - 0x00007ffe169c2000 	C:\WINDOWS\System32\bcryptPrimitives.dll
0x00007ffe17a30000 - 0x00007ffe17a5d000 	C:\WINDOWS\System32\IMM32.DLL
0x000000005c2b0000 - 0x000000005c382000 	C:\Program Files\Android\Android Studio\jre\jre\bin\msvcr100.dll
0x000000005c470000 - 0x000000005ccaf000 	C:\Program Files\Android\Android Studio\jre\jre\bin\server\jvm.dll
0x00007ffe193c0000 - 0x00007ffe193c8000 	C:\WINDOWS\System32\PSAPI.DLL
0x00007ffe0c050000 - 0x00007ffe0c059000 	C:\WINDOWS\SYSTEM32\WSOCK32.dll
0x00007ffe12410000 - 0x00007ffe12433000 	C:\WINDOWS\SYSTEM32\WINMM.dll
0x00007ffe11980000 - 0x00007ffe1198a000 	C:\WINDOWS\SYSTEM32\VERSION.dll
0x00007ffe1a360000 - 0x00007ffe1a3cc000 	C:\WINDOWS\System32\WS2_32.dll
0x00007ffe123b0000 - 0x00007ffe123da000 	C:\WINDOWS\SYSTEM32\WINMMBASE.dll
0x00007ffe16a30000 - 0x00007ffe16a7a000 	C:\WINDOWS\System32\cfgmgr32.dll
0x00007ffe0bdc0000 - 0x00007ffe0bdcf000 	C:\Program Files\Android\Android Studio\jre\jre\bin\verify.dll
0x00007ffe0acd0000 - 0x00007ffe0acf9000 	C:\Program Files\Android\Android Studio\jre\jre\bin\java.dll
0x00007ffe0bda0000 - 0x00007ffe0bdb6000 	C:\Program Files\Android\Android Studio\jre\jre\bin\zip.dll
0x00007ffe17de0000 - 0x00007ffe19216000 	C:\WINDOWS\System32\SHELL32.dll
0x00007ffe17b40000 - 0x00007ffe17be6000 	C:\WINDOWS\System32\shcore.dll
0x00007ffe16ee0000 - 0x00007ffe17627000 	C:\WINDOWS\System32\windows.storage.dll
0x00007ffe19f50000 - 0x00007ffe19fa1000 	C:\WINDOWS\System32\shlwapi.dll
0x00007ffe168f0000 - 0x00007ffe16901000 	C:\WINDOWS\System32\kernel.appcore.dll
0x00007ffe168a0000 - 0x00007ffe168ec000 	C:\WINDOWS\System32\powrprof.dll
0x00007ffe16910000 - 0x00007ffe1692b000 	C:\WINDOWS\System32\profapi.dll
0x00007ffe165d0000 - 0x00007ffe165e7000 	C:\WINDOWS\SYSTEM32\CRYPTSP.dll
0x00007ffe15990000 - 0x00007ffe159c3000 	C:\WINDOWS\system32\rsaenh.dll
0x00007ffe16360000 - 0x00007ffe16385000 	C:\WINDOWS\SYSTEM32\bcrypt.dll
0x00007ffe167d0000 - 0x00007ffe167f9000 	C:\WINDOWS\SYSTEM32\USERENV.dll
0x00007ffe15fa0000 - 0x00007ffe15fab000 	C:\WINDOWS\SYSTEM32\CRYPTBASE.dll
0x00007ffe0acb0000 - 0x00007ffe0acca000 	C:\Program Files\Android\Android Studio\jre\jre\bin\net.dll
0x00007ffe15d80000 - 0x00007ffe15de6000 	C:\WINDOWS\system32\mswsock.dll
0x00007ffe15b10000 - 0x00007ffe15b49000 	C:\WINDOWS\SYSTEM32\IPHLPAPI.DLL
0x00007ffe1a350000 - 0x00007ffe1a358000 	C:\WINDOWS\System32\NSI.dll
0x00007ffe0f160000 - 0x00007ffe0f176000 	C:\WINDOWS\SYSTEM32\dhcpcsvc6.DLL
0x00007ffe0f140000 - 0x00007ffe0f15a000 	C:\WINDOWS\SYSTEM32\dhcpcsvc.DLL
0x00007ffe0ac90000 - 0x00007ffe0aca1000 	C:\Program Files\Android\Android Studio\jre\jre\bin\nio.dll

VM Arguments:
jvm_args: -Djava.awt.headless=true -Xmx64M -Dfile.encoding=windows-1251 -Duser.country=UA -Duser.language=uk -Duser.variant 
java_command: com.google.devtools.build.android.desugar.Desugar --input D:\FanSerials\FanSerials\app\build\intermediates\transforms\stackFramesFixer\debug\6.jar --output D:\FanSerials\FanSerials\app\build\intermediates\transforms\desugar\debug\7.jar --input D:\FanSerials\FanSerials\app\build\intermediates\transforms\stackFramesFixer\debug\2.jar --output D:\FanSerials\FanSerials\app\build\intermediates\transforms\desugar\debug\3.jar --input D:\FanSerials\FanSerials\app\build\intermediates\transforms\stackFramesFixer\debug\5.jar --output D:\FanSerials\FanSerials\app\build\intermediates\transforms\desugar\debug\6.jar --input D:\FanSerials\FanSerials\app\build\intermediates\classes\debug --output D:\FanSerials\FanSerials\app\build\intermediates\transforms\desugar\debug\0 --input D:\FanSerials\FanSerials\app\build\intermediates\transforms\stackFramesFixer\debug\4.jar --output D:\FanSerials\FanSerials\app\build\intermediates\transforms\desugar\debug\5.jar --classpath_entry D:\FanSerials\FanSerials\app\build\intermediates\classes\debug --classpath_entry D:\FanSerials\FanSerials\app\build\intermediates\transforms\stackFramesFixer\debug\0.jar --classpath_entry D:\FanSerials\FanSerials\app\build\intermediates\transforms\stackFramesFixer\debug\1.jar --classpath_entry D:\FanSerials\FanSerials\app\build\intermediates\transforms\stackFramesFixer\debug\2.jar --classpath_entry D:\FanSerials\FanSerials\app\build\intermediates\transforms\stackFramesFixer\debug\3.jar --classpath_entry D:\FanSerials\FanSerials\app\build\intermediates\transforms\stackFramesFixer\debug\4.jar --classpath_entry D:\FanSerials\FanSerials\app\build\intermediates\transforms\stackFramesFixer\debug\5.jar --classpath_entry D:\FanSerials\FanSerials\app\build\intermediates\transforms\stackFramesFixer\debug\6.jar --classpath_entry D:\FanSerials\FanSerials\app\build\intermediates\transforms\stackFramesFixer\debug\7.jar --classpath_entry D:\FanSerials\FanSerials\app\build\intermediates\transforms\stackFramesFixer\de
java_class_path (initial): C:\Users\Ivan\AppData\Local\Temp\desugar_deploy.jar883269109973781300
Launcher Type: SUN_STANDARD

Environment Variables:
PATH=C:\ProgramData\Oracle\Java\javapath;C:\WINDOWS\system32;C:\WINDOWS;C:\WINDOWS\System32\Wbem;C:\WINDOWS\System32\WindowsPowerShell\v1.0\;C:\Program Files (x86)\NVIDIA Corporation\PhysX\Common;C:\Users\Ivan\AppData\Local\Microsoft\WindowsApps;
USERNAME=Ivan
OS=Windows_NT
PROCESSOR_IDENTIFIER=Intel64 Family 6 Model 60 Stepping 3, GenuineIntel



---------------  S Y S T E M  ---------------

OS: Windows 10.0 , 64 bit Build 16299 (10.0.16299.15)

CPU:total 8 (initial active 8) (4 cores per cpu, 2 threads per core) family 6 model 60 stepping 3, cmov, cx8, fxsr, mmx, sse, sse2, sse3, ssse3, sse4.1, sse4.2, popcnt, avx, avx2, aes, clmul, erms, lzcnt, ht, tsc, tscinvbit, bmi1, bmi2

Memory: 4k page, physical 8268984k(1108716k free), swap 10316984k(5120k free)

vm_info: OpenJDK 64-Bit Server VM (25.152-b02) for windows-amd64 JRE (1.8.0_152-release-1024-b02), built by "builder" with MS VC++ 10.0 (VS2010)

time: Fri Mar 30 21:32:33 2018
elapsed time: 5 seconds (0d 0h 0m 5s)

