#
# There is insufficient memory for the Java Runtime Environment to continue.
# Native memory allocation (malloc) failed to allocate 845296 bytes for Chunk::new
# Possible reasons:
#   The system is out of physical RAM or swap space
#   In 32 bit mode, the process size limit was hit
# Possible solutions:
#   Reduce memory load on the system
#   Increase physical memory or swap space
#   Check if swap backing store is full
#   Use 64 bit Java on a 64 bit OS
#   Decrease Java heap size (-Xmx/-Xms)
#   Decrease number of Java threads
#   Decrease Java thread stack sizes (-Xss)
#   Set larger code cache with -XX:ReservedCodeCacheSize=
# This output file may be truncated or incomplete.
#
#  Out of Memory Error (allocation.cpp:390), pid=12660, tid=0x000000000000086c
#
# JRE version: OpenJDK Runtime Environment (8.0_152-b01) (build 1.8.0_152-release-915-b01)
# Java VM: OpenJDK 64-Bit Server VM (25.152-b01 mixed mode windows-amd64 compressed oops)
# Failed to write core dump. Minidumps are not enabled by default on client versions of Windows
#

---------------  T H R E A D  ---------------

Current thread (0x000000001757b000):  JavaThread "C2 CompilerThread1" daemon [_thread_in_native, id=2156, stack(0x0000000017f40000,0x0000000018040000)]

Stack: [0x0000000017f40000,0x0000000018040000]
[error occurred during error reporting (printing stack bounds), id 0xc0000005]

Native frames: (J=compiled Java code, j=interpreted, Vv=VM code, C=native code)


Current CompileTask:
C2:   2510  813 %     4       org.objectweb.asm.ClassReader::a @ 1480 (3587 bytes)


---------------  P R O C E S S  ---------------

Java Threads: ( => current thread )
  0x00000000175f0800 JavaThread "Service Thread" daemon [_thread_blocked, id=2296, stack(0x0000000018240000,0x0000000018340000)]
  0x0000000017587800 JavaThread "C1 CompilerThread3" daemon [_thread_blocked, id=11256, stack(0x0000000018140000,0x0000000018240000)]
  0x000000001757f800 JavaThread "C2 CompilerThread2" daemon [_thread_in_native, id=8328, stack(0x0000000018040000,0x0000000018140000)]
=>0x000000001757b000 JavaThread "C2 CompilerThread1" daemon [_thread_in_native, id=2156, stack(0x0000000017f40000,0x0000000018040000)]
  0x0000000017578000 JavaThread "C2 CompilerThread0" daemon [_thread_in_native, id=8596, stack(0x0000000017e40000,0x0000000017f40000)]
  0x0000000017576800 JavaThread "Attach Listener" daemon [_thread_blocked, id=12848, stack(0x0000000017d40000,0x0000000017e40000)]
  0x000000001565e800 JavaThread "Signal Dispatcher" daemon [_thread_blocked, id=9376, stack(0x0000000017c40000,0x0000000017d40000)]
  0x0000000017570800 JavaThread "Finalizer" daemon [_thread_blocked, id=8764, stack(0x0000000017950000,0x0000000017a50000)]
  0x0000000004e97000 JavaThread "Reference Handler" daemon [_thread_blocked, id=5736, stack(0x0000000017450000,0x0000000017550000)]
  0x0000000004da3800 JavaThread "main" [_thread_in_Java, id=10164, stack(0x0000000004ca0000,0x0000000004da0000)]

Other Threads:
  0x0000000015645800 VMThread [stack: 0x0000000017350000,0x0000000017450000] [id=11792]
  0x00000000175f1800 WatcherThread [stack: 0x0000000018340000,0x0000000018440000] [id=11336]

VM state:not at safepoint (normal execution)

VM Mutex/Monitor currently owned by a thread: None

Heap:
 PSYoungGen      total 18944K, used 4609K [0x00000000feb00000, 0x0000000100000000, 0x0000000100000000)
  eden space 16384K, 12% used [0x00000000feb00000,0x00000000fed05e10,0x00000000ffb00000)
  from space 2560K, 99% used [0x00000000ffd80000,0x00000000ffffa810,0x0000000100000000)
  to   space 2560K, 0% used [0x00000000ffb00000,0x00000000ffb00000,0x00000000ffd80000)
 ParOldGen       total 44032K, used 5075K [0x00000000fc000000, 0x00000000feb00000, 0x00000000feb00000)
  object space 44032K, 11% used [0x00000000fc000000,0x00000000fc4f4e30,0x00000000feb00000)
 Metaspace       used 7503K, capacity 7704K, committed 7936K, reserved 1056768K
  class space    used 868K, capacity 956K, committed 1024K, reserved 1048576K

Card table byte_map: [0x0000000004bd0000,0x0000000004c00000] byte_map_base: 0x00000000043f0000

Marking Bits: (ParMarkBitMap*) 0x00000000704c3950
 Begin Bits: [0x0000000014a60000, 0x0000000014b60000)
 End Bits:   [0x0000000014b60000, 0x0000000014c60000)

Polling page: 0x0000000002ea0000

CodeCache: size=245760Kb used=3442Kb max_used=3455Kb free=242317Kb
 bounds [0x0000000004ea0000, 0x0000000005210000, 0x0000000013ea0000]
 total_blobs=1214 nmethods=883 adapters=245
 compilation: enabled

Compilation events (10 events):
Event: 2.493 Thread 0x0000000017587800  884       3       org.objectweb.asm.AnnotationVisitor::<init> (7 bytes)
Event: 2.494 Thread 0x0000000017587800 nmethod 884 0x00000000051fb550 code [0x00000000051fb6e0, 0x00000000051fba48]
Event: 2.494 Thread 0x0000000017587800  885       3       org.objectweb.asm.AnnotationVisitor::<init> (35 bytes)
Event: 2.494 Thread 0x0000000017587800 nmethod 885 0x00000000051fc890 code [0x00000000051fca00, 0x00000000051fcd08]
Event: 2.494 Thread 0x0000000017587800  852       1       sun.util.calendar.CalendarDate::getYear (5 bytes)
Event: 2.494 Thread 0x0000000017587800 nmethod 852 0x00000000051c84d0 code [0x00000000051c8620, 0x00000000051c8730]
Event: 2.494 Thread 0x0000000017587800  877       1       java.nio.Buffer::capacity (5 bytes)
Event: 2.494 Thread 0x0000000017587800 nmethod 877 0x00000000051fb290 code [0x00000000051fb3e0, 0x00000000051fb4f0]
Event: 2.501 Thread 0x0000000017578000 nmethod 869 0x0000000005200250 code [0x00000000052003c0, 0x0000000005200bf8]
Event: 2.501 Thread 0x0000000017578000  882       4       org.objectweb.asm.MethodWriter::visitLabel (321 bytes)

GC Heap History (4 events):
Event: 1.453 GC heap before
{Heap before GC invocations=1 (full 0):
 PSYoungGen      total 18944K, used 16384K [0x00000000feb00000, 0x0000000100000000, 0x0000000100000000)
  eden space 16384K, 100% used [0x00000000feb00000,0x00000000ffb00000,0x00000000ffb00000)
  from space 2560K, 0% used [0x00000000ffd80000,0x00000000ffd80000,0x0000000100000000)
  to   space 2560K, 0% used [0x00000000ffb00000,0x00000000ffb00000,0x00000000ffd80000)
 ParOldGen       total 44032K, used 0K [0x00000000fc000000, 0x00000000feb00000, 0x00000000feb00000)
  object space 44032K, 0% used [0x00000000fc000000,0x00000000fc000000,0x00000000feb00000)
 Metaspace       used 6506K, capacity 6666K, committed 6784K, reserved 1056768K
  class space    used 768K, capacity 823K, committed 896K, reserved 1048576K
Event: 1.472 GC heap after
Heap after GC invocations=1 (full 0):
 PSYoungGen      total 18944K, used 2528K [0x00000000feb00000, 0x0000000100000000, 0x0000000100000000)
  eden space 16384K, 0% used [0x00000000feb00000,0x00000000feb00000,0x00000000ffb00000)
  from space 2560K, 98% used [0x00000000ffb00000,0x00000000ffd78030,0x00000000ffd80000)
  to   space 2560K, 0% used [0x00000000ffd80000,0x00000000ffd80000,0x0000000100000000)
 ParOldGen       total 44032K, used 1636K [0x00000000fc000000, 0x00000000feb00000, 0x00000000feb00000)
  object space 44032K, 3% used [0x00000000fc000000,0x00000000fc1990e0,0x00000000feb00000)
 Metaspace       used 6506K, capacity 6666K, committed 6784K, reserved 1056768K
  class space    used 768K, capacity 823K, committed 896K, reserved 1048576K
}
Event: 2.457 GC heap before
{Heap before GC invocations=2 (full 0):
 PSYoungGen      total 18944K, used 18912K [0x00000000feb00000, 0x0000000100000000, 0x0000000100000000)
  eden space 16384K, 100% used [0x00000000feb00000,0x00000000ffb00000,0x00000000ffb00000)
  from space 2560K, 98% used [0x00000000ffb00000,0x00000000ffd78030,0x00000000ffd80000)
  to   space 2560K, 0% used [0x00000000ffd80000,0x00000000ffd80000,0x0000000100000000)
 ParOldGen       total 44032K, used 1636K [0x00000000fc000000, 0x00000000feb00000, 0x00000000feb00000)
  object space 44032K, 3% used [0x00000000fc000000,0x00000000fc1990e0,0x00000000feb00000)
 Metaspace       used 7480K, capacity 7640K, committed 7936K, reserved 1056768K
  class space    used 868K, capacity 956K, committed 1024K, reserved 1048576K
Event: 2.472 GC heap after
Heap after GC invocations=2 (full 0):
 PSYoungGen      total 18944K, used 2538K [0x00000000feb00000, 0x0000000100000000, 0x0000000100000000)
  eden space 16384K, 0% used [0x00000000feb00000,0x00000000feb00000,0x00000000ffb00000)
  from space 2560K, 99% used [0x00000000ffd80000,0x00000000ffffa810,0x0000000100000000)
  to   space 2560K, 0% used [0x00000000ffb00000,0x00000000ffb00000,0x00000000ffd80000)
 ParOldGen       total 44032K, used 5075K [0x00000000fc000000, 0x00000000feb00000, 0x00000000feb00000)
  object space 44032K, 11% used [0x00000000fc000000,0x00000000fc4f4e30,0x00000000feb00000)
 Metaspace       used 7480K, capacity 7640K, committed 7936K, reserved 1056768K
  class space    used 868K, capacity 956K, committed 1024K, reserved 1048576K
}

Deoptimization events (10 events):
Event: 1.690 Thread 0x0000000004da3800 Uncommon trap: reason=unloaded action=reinterpret pc=0x00000000050b80bc method=java.util.zip.ZipEntry.setExtra0([BZ)V @ 37
Event: 2.201 Thread 0x0000000004da3800 Uncommon trap: reason=unstable_if action=reinterpret pc=0x00000000050752b8 method=java.lang.String.<init>([CII)V @ 18
Event: 2.393 Thread 0x0000000004da3800 Uncommon trap: reason=class_check action=maybe_recompile pc=0x00000000051899c8 method=org.objectweb.asm.MethodVisitor.visitVarInsn(II)V @ 13
Event: 2.393 Thread 0x0000000004da3800 Uncommon trap: reason=class_check action=maybe_recompile pc=0x00000000051899c8 method=org.objectweb.asm.MethodVisitor.visitVarInsn(II)V @ 13
Event: 2.393 Thread 0x0000000004da3800 Uncommon trap: reason=class_check action=maybe_recompile pc=0x00000000051899c8 method=org.objectweb.asm.MethodVisitor.visitVarInsn(II)V @ 13
Event: 2.393 Thread 0x0000000004da3800 Uncommon trap: reason=class_check action=maybe_recompile pc=0x00000000051899c8 method=org.objectweb.asm.MethodVisitor.visitVarInsn(II)V @ 13
Event: 2.403 Thread 0x0000000004da3800 Uncommon trap: reason=unstable_if action=reinterpret pc=0x00000000051a3e80 method=org.objectweb.asm.MethodWriter.visitVarInsn(II)V @ 130
Event: 2.444 Thread 0x0000000004da3800 Uncommon trap: reason=unstable_if action=reinterpret pc=0x000000000514337c method=org.objectweb.asm.ClassReader.a(II[C)Ljava/lang/String; @ 77
Event: 2.444 Thread 0x0000000004da3800 Uncommon trap: reason=unstable_if action=reinterpret pc=0x000000000519025c method=org.objectweb.asm.ByteVector.putUTF8(Ljava/lang/String;)Lorg/objectweb/asm/ByteVector; @ 98
Event: 2.485 Thread 0x0000000004da3800 Uncommon trap: reason=unstable_if action=reinterpret pc=0x0000000005148df8 method=org.objectweb.asm.Item.a(Lorg/objectweb/asm/Item;)Z @ 251

Classes redefined (0 events):
No events

Internal exceptions (10 events):
Event: 1.585 Thread 0x0000000004da3800 Exception <a 'sun/nio/fs/WindowsException'> (0x00000000ff132bc0) thrown at [D:\src\AOSP-openjdk-cygwin\jdk8u\hotspot\src\share\vm\prims\jni.cpp, line 709]
Event: 1.585 Thread 0x0000000004da3800 Exception <a 'sun/nio/fs/WindowsException'> (0x00000000ff133168) thrown at [D:\src\AOSP-openjdk-cygwin\jdk8u\hotspot\src\share\vm\prims\jni.cpp, line 709]
Event: 1.585 Thread 0x0000000004da3800 Exception <a 'sun/nio/fs/WindowsException'> (0x00000000ff133918) thrown at [D:\src\AOSP-openjdk-cygwin\jdk8u\hotspot\src\share\vm\prims\jni.cpp, line 709]
Event: 1.609 Thread 0x0000000004da3800 Exception <a 'sun/nio/fs/WindowsException'> (0x00000000ff138c98) thrown at [D:\src\AOSP-openjdk-cygwin\jdk8u\hotspot\src\share\vm\prims\jni.cpp, line 709]
Event: 1.718 Thread 0x0000000004da3800 Exception <a 'sun/nio/fs/WindowsException'> (0x00000000ff4364a8) thrown at [D:\src\AOSP-openjdk-cygwin\jdk8u\hotspot\src\share\vm\prims\jni.cpp, line 709]
Event: 1.718 Thread 0x0000000004da3800 Exception <a 'sun/nio/fs/WindowsException'> (0x00000000ff436a20) thrown at [D:\src\AOSP-openjdk-cygwin\jdk8u\hotspot\src\share\vm\prims\jni.cpp, line 709]
Event: 2.177 Thread 0x0000000004da3800 Exception <a 'sun/nio/fs/WindowsException'> (0x00000000ff5aa9c8) thrown at [D:\src\AOSP-openjdk-cygwin\jdk8u\hotspot\src\share\vm\prims\jni.cpp, line 709]
Event: 2.177 Thread 0x0000000004da3800 Exception <a 'sun/nio/fs/WindowsException'> (0x00000000ff5aaec0) thrown at [D:\src\AOSP-openjdk-cygwin\jdk8u\hotspot\src\share\vm\prims\jni.cpp, line 709]
Event: 2.381 Thread 0x0000000004da3800 Exception <a 'sun/nio/fs/WindowsException'> (0x00000000ff7a2ad8) thrown at [D:\src\AOSP-openjdk-cygwin\jdk8u\hotspot\src\share\vm\prims\jni.cpp, line 709]
Event: 2.382 Thread 0x0000000004da3800 Exception <a 'sun/nio/fs/WindowsException'> (0x00000000ff7a2fd0) thrown at [D:\src\AOSP-openjdk-cygwin\jdk8u\hotspot\src\share\vm\prims\jni.cpp, line 709]

Events (10 events):
Event: 2.444 Thread 0x0000000004da3800 Uncommon trap: trap_request=0xffffff65 fr.pc=0x000000000519025c
Event: 2.444 Thread 0x0000000004da3800 DEOPT PACKING pc=0x000000000519025c sp=0x0000000004d9ea80
Event: 2.444 Thread 0x0000000004da3800 DEOPT UNPACKING pc=0x0000000004ee556a sp=0x0000000004d9e9d0 mode 2
Event: 2.456 Executing VM operation: ForceSafepoint
Event: 2.456 Executing VM operation: ForceSafepoint done
Event: 2.457 Executing VM operation: ParallelGCFailedAllocation
Event: 2.472 Executing VM operation: ParallelGCFailedAllocation done
Event: 2.485 Thread 0x0000000004da3800 Uncommon trap: trap_request=0xffffff65 fr.pc=0x0000000005148df8
Event: 2.485 Thread 0x0000000004da3800 DEOPT PACKING pc=0x0000000005148df8 sp=0x0000000004d9e700
Event: 2.485 Thread 0x0000000004da3800 DEOPT UNPACKING pc=0x0000000004ee556a sp=0x0000000004d9e698 mode 2


Dynamic libraries:
0x00007ff637c40000 - 0x00007ff637c71000 	C:\Program Files\Android\Android Studio\jre\bin\java.exe
0x00007ffbdc1c0000 - 0x00007ffbdc3a0000 	C:\WINDOWS\SYSTEM32\ntdll.dll
0x00007ffbdb980000 - 0x00007ffbdba2e000 	C:\WINDOWS\System32\KERNEL32.DLL
0x00007ffbd9070000 - 0x00007ffbd92d6000 	C:\WINDOWS\System32\KERNELBASE.dll
0x00007ffbdc0e0000 - 0x00007ffbdc181000 	C:\WINDOWS\System32\ADVAPI32.dll
0x00007ffbdae70000 - 0x00007ffbdaf0d000 	C:\WINDOWS\System32\msvcrt.dll
0x00007ffbdbe90000 - 0x00007ffbdbeeb000 	C:\WINDOWS\System32\sechost.dll
0x00007ffbdbfc0000 - 0x00007ffbdc0df000 	C:\WINDOWS\System32\RPCRT4.dll
0x00007ffbdace0000 - 0x00007ffbdae6f000 	C:\WINDOWS\System32\USER32.dll
0x00007ffbd85c0000 - 0x00007ffbd85e0000 	C:\WINDOWS\System32\win32u.dll
0x00007ffbdaaf0000 - 0x00007ffbdab18000 	C:\WINDOWS\System32\GDI32.dll
0x00007ffbd9340000 - 0x00007ffbd94d3000 	C:\WINDOWS\System32\gdi32full.dll
0x00007ffbd8f50000 - 0x00007ffbd8feb000 	C:\WINDOWS\System32\msvcp_win.dll
0x00007ffbd9590000 - 0x00007ffbd9686000 	C:\WINDOWS\System32\ucrtbase.dll
0x00007ffbd1130000 - 0x00007ffbd1399000 	C:\WINDOWS\WinSxS\amd64_microsoft.windows.common-controls_6595b64144ccf1df_6.0.16299.248_none_15ced204935f55d7\COMCTL32.dll
0x00007ffbdb4c0000 - 0x00007ffbdb7c8000 	C:\WINDOWS\System32\combase.dll
0x00007ffbd8ff0000 - 0x00007ffbd9062000 	C:\WINDOWS\System32\bcryptPrimitives.dll
0x00007ffbdb320000 - 0x00007ffbdb34d000 	C:\WINDOWS\System32\IMM32.DLL
0x000000006fb40000 - 0x000000006fc12000 	C:\Program Files\Android\Android Studio\jre\jre\bin\msvcr100.dll
0x000000006fd00000 - 0x000000007053e000 	C:\Program Files\Android\Android Studio\jre\jre\bin\server\jvm.dll
0x00007ffbdbe80000 - 0x00007ffbdbe88000 	C:\WINDOWS\System32\PSAPI.DLL
0x00007ffbccf40000 - 0x00007ffbccf49000 	C:\WINDOWS\SYSTEM32\WSOCK32.dll
0x00007ffbd5f20000 - 0x00007ffbd5f43000 	C:\WINDOWS\SYSTEM32\WINMM.dll
0x00007ffbd6880000 - 0x00007ffbd688a000 	C:\WINDOWS\SYSTEM32\VERSION.dll
0x00007ffbdb2b0000 - 0x00007ffbdb31c000 	C:\WINDOWS\System32\WS2_32.dll
0x00007ffbd5ec0000 - 0x00007ffbd5eea000 	C:\WINDOWS\SYSTEM32\WINMMBASE.dll
0x00007ffbd87b0000 - 0x00007ffbd87fa000 	C:\WINDOWS\System32\cfgmgr32.dll
0x00007ffbccf30000 - 0x00007ffbccf3f000 	C:\Program Files\Android\Android Studio\jre\jre\bin\verify.dll
0x00007ffbccee0000 - 0x00007ffbccf09000 	C:\Program Files\Android\Android Studio\jre\jre\bin\java.dll
0x00007ffbccec0000 - 0x00007ffbcced6000 	C:\Program Files\Android\Android Studio\jre\jre\bin\zip.dll
0x00007ffbd9690000 - 0x00007ffbdaac6000 	C:\WINDOWS\System32\SHELL32.dll
0x00007ffbdb7d0000 - 0x00007ffbdb876000 	C:\WINDOWS\System32\shcore.dll
0x00007ffbd8800000 - 0x00007ffbd8f47000 	C:\WINDOWS\System32\windows.storage.dll
0x00007ffbdaf10000 - 0x00007ffbdaf61000 	C:\WINDOWS\System32\shlwapi.dll
0x00007ffbd8550000 - 0x00007ffbd8561000 	C:\WINDOWS\System32\kernel.appcore.dll
0x00007ffbd8570000 - 0x00007ffbd85bc000 	C:\WINDOWS\System32\powrprof.dll
0x00007ffbd8510000 - 0x00007ffbd852b000 	C:\WINDOWS\System32\profapi.dll
0x00007ffbd81e0000 - 0x00007ffbd81f7000 	C:\WINDOWS\SYSTEM32\CRYPTSP.dll
0x00007ffbd7600000 - 0x00007ffbd7633000 	C:\WINDOWS\system32\rsaenh.dll
0x00007ffbd7f40000 - 0x00007ffbd7f65000 	C:\WINDOWS\SYSTEM32\bcrypt.dll
0x00007ffbd8440000 - 0x00007ffbd8469000 	C:\WINDOWS\SYSTEM32\USERENV.dll
0x00007ffbd7bb0000 - 0x00007ffbd7bbb000 	C:\WINDOWS\SYSTEM32\CRYPTBASE.dll
0x00007ffbccea0000 - 0x00007ffbcceba000 	C:\Program Files\Android\Android Studio\jre\jre\bin\net.dll
0x00007ffbd79f0000 - 0x00007ffbd7a56000 	C:\WINDOWS\system32\mswsock.dll
0x00007ffbd7780000 - 0x00007ffbd77b9000 	C:\WINDOWS\SYSTEM32\IPHLPAPI.DLL
0x00007ffbdaf70000 - 0x00007ffbdaf78000 	C:\WINDOWS\System32\NSI.dll
0x00007ffbd20a0000 - 0x00007ffbd20b6000 	C:\WINDOWS\SYSTEM32\dhcpcsvc6.DLL
0x00007ffbd2080000 - 0x00007ffbd209a000 	C:\WINDOWS\SYSTEM32\dhcpcsvc.DLL
0x00007ffbcce20000 - 0x00007ffbcce31000 	C:\Program Files\Android\Android Studio\jre\jre\bin\nio.dll

VM Arguments:
jvm_args: -Djava.awt.headless=true -Xmx64M -Dfile.encoding=windows-1251 -Duser.country=UA -Duser.language=uk -Duser.variant 
java_command: com.google.devtools.build.android.desugar.Desugar --input D:\FanSerials\FanSerials\app\build\intermediates\transforms\stackFramesFixer\debug\1.jar --output D:\FanSerials\FanSerials\app\build\intermediates\transforms\desugar\debug\2.jar --input D:\FanSerials\FanSerials\app\build\intermediates\transforms\stackFramesFixer\debug\7.jar --output D:\FanSerials\FanSerials\app\build\intermediates\transforms\desugar\debug\8.jar --input D:\FanSerials\FanSerials\app\build\intermediates\transforms\stackFramesFixer\debug\18.jar --output D:\FanSerials\FanSerials\app\build\intermediates\transforms\desugar\debug\19.jar --input D:\FanSerials\FanSerials\app\build\intermediates\transforms\stackFramesFixer\debug\12.jar --output D:\FanSerials\FanSerials\app\build\intermediates\transforms\desugar\debug\13.jar --classpath_entry D:\FanSerials\FanSerials\app\build\intermediates\classes\debug --classpath_entry D:\FanSerials\FanSerials\app\build\intermediates\transforms\stackFramesFixer\debug\0.jar --classpath_entry D:\FanSerials\FanSerials\app\build\intermediates\transforms\stackFramesFixer\debug\1.jar --classpath_entry D:\FanSerials\FanSerials\app\build\intermediates\transforms\stackFramesFixer\debug\2.jar --classpath_entry D:\FanSerials\FanSerials\app\build\intermediates\transforms\stackFramesFixer\debug\3.jar --classpath_entry D:\FanSerials\FanSerials\app\build\intermediates\transforms\stackFramesFixer\debug\4.jar --classpath_entry D:\FanSerials\FanSerials\app\build\intermediates\transforms\stackFramesFixer\debug\5.jar --classpath_entry D:\FanSerials\FanSerials\app\build\intermediates\transforms\stackFramesFixer\debug\6.jar --classpath_entry D:\FanSerials\FanSerials\app\build\intermediates\transforms\stackFramesFixer\debug\7.jar --classpath_entry D:\FanSerials\FanSerials\app\build\intermediates\transforms\stackFramesFixer\debug\8.jar --classpath_entry D:\FanSerials\FanSerials\app\build\intermediates\transforms\stackFramesFixer\debug\9.jar --classpath_entry D:\FanSerials\Fan
java_class_path (initial): C:\Users\Ivan\AppData\Local\Temp\desugar_deploy.jar2028824752295189420
Launcher Type: SUN_STANDARD

Environment Variables:
PATH=C:\ProgramData\Oracle\Java\javapath;C:\WINDOWS\system32;C:\WINDOWS;C:\WINDOWS\System32\Wbem;C:\WINDOWS\System32\WindowsPowerShell\v1.0\;C:\Program Files (x86)\NVIDIA Corporation\PhysX\Common;C:\Users\Ivan\AppData\Local\Microsoft\WindowsApps;
USERNAME=Ivan
OS=Windows_NT
PROCESSOR_IDENTIFIER=Intel64 Family 6 Model 60 Stepping 3, GenuineIntel



---------------  S Y S T E M  ---------------

OS: Windows 10.0 , 64 bit Build 16299 (10.0.16299.15)

CPU:total 8 (initial active 8) (4 cores per cpu, 2 threads per core) family 6 model 60 stepping 3, cmov, cx8, fxsr, mmx, sse, sse2, sse3, ssse3, sse4.1, sse4.2, popcnt, avx, avx2, aes, clmul, erms, lzcnt, ht, tsc, tscinvbit, bmi1, bmi2

Memory: 4k page, physical 8268984k(868160k free), swap 10316984k(3316k free)

vm_info: OpenJDK 64-Bit Server VM (25.152-b01) for windows-amd64 JRE (1.8.0_152-release-915-b01), built by "builder" with MS VC++ 10.0 (VS2010)

time: Thu Mar 08 17:43:29 2018
elapsed time: 2 seconds (0d 0h 0m 2s)

