#
# There is insufficient memory for the Java Runtime Environment to continue.
# Native memory allocation (malloc) failed to allocate 163856 bytes for Chunk::new
# Possible reasons:
#   The system is out of physical RAM or swap space
#   In 32 bit mode, the process size limit was hit
# Possible solutions:
#   Reduce memory load on the system
#   Increase physical memory or swap space
#   Check if swap backing store is full
#   Use 64 bit Java on a 64 bit OS
#   Decrease Java heap size (-Xmx/-Xms)
#   Decrease number of Java threads
#   Decrease Java thread stack sizes (-Xss)
#   Set larger code cache with -XX:ReservedCodeCacheSize=
# This output file may be truncated or incomplete.
#
#  Out of Memory Error (allocation.cpp:390), pid=7928, tid=0x000000000000302c
#
# JRE version: OpenJDK Runtime Environment (8.0_152-b02) (build 1.8.0_152-release-1024-b02)
# Java VM: OpenJDK 64-Bit Server VM (25.152-b02 mixed mode windows-amd64 compressed oops)
# Failed to write core dump. Minidumps are not enabled by default on client versions of Windows
#

---------------  T H R E A D  ---------------

Current thread (0x0000000017656000):  JavaThread "C1 CompilerThread3" daemon [_thread_in_native, id=12332, stack(0x0000000018120000,0x0000000018220000)]

Stack: [0x0000000018120000,0x0000000018220000]
[error occurred during error reporting (printing stack bounds), id 0xc0000005]

Native frames: (J=compiled Java code, j=interpreted, Vv=VM code, C=native code)


Current CompileTask:
C1:   2338  770       3       org.objectweb.asm.ClassReader::readCode (3575 bytes)


---------------  P R O C E S S  ---------------

Java Threads: ( => current thread )
  0x00000000176e0000 JavaThread "Service Thread" daemon [_thread_blocked, id=11020, stack(0x0000000018220000,0x0000000018320000)]
=>0x0000000017656000 JavaThread "C1 CompilerThread3" daemon [_thread_in_native, id=12332, stack(0x0000000018120000,0x0000000018220000)]
  0x000000001764f800 JavaThread "C2 CompilerThread2" daemon [_thread_in_vm, id=8564, stack(0x0000000018020000,0x0000000018120000)]
  0x000000001764c800 JavaThread "C2 CompilerThread1" daemon [_thread_blocked, id=5772, stack(0x0000000017f20000,0x0000000018020000)]
  0x0000000017649800 JavaThread "C2 CompilerThread0" daemon [_thread_blocked, id=2280, stack(0x0000000017e20000,0x0000000017f20000)]
  0x0000000017648000 JavaThread "Attach Listener" daemon [_thread_blocked, id=12164, stack(0x0000000017d20000,0x0000000017e20000)]
  0x0000000017647000 JavaThread "Signal Dispatcher" daemon [_thread_blocked, id=11940, stack(0x0000000017c20000,0x0000000017d20000)]
  0x0000000015751800 JavaThread "Finalizer" daemon [_thread_blocked, id=7716, stack(0x0000000017a20000,0x0000000017b20000)]
  0x0000000004f99000 JavaThread "Reference Handler" daemon [_thread_blocked, id=8948, stack(0x0000000017520000,0x0000000017620000)]
  0x0000000004ea3800 JavaThread "main" [_thread_in_Java, id=13336, stack(0x0000000004ca0000,0x0000000004da0000)]

Other Threads:
  0x0000000015745800 VMThread [stack: 0x0000000017420000,0x0000000017520000] [id=2872]
  0x00000000176e1000 WatcherThread [stack: 0x0000000018320000,0x0000000018420000] [id=11704]

VM state:not at safepoint (normal execution)

VM Mutex/Monitor currently owned by a thread: None

Heap:
 PSYoungGen      total 18944K, used 15685K [0x00000000feb00000, 0x0000000100000000, 0x0000000100000000)
  eden space 16384K, 80% used [0x00000000feb00000,0x00000000ff7d9608,0x00000000ffb00000)
  from space 2560K, 98% used [0x00000000ffb00000,0x00000000ffd78030,0x00000000ffd80000)
  to   space 2560K, 0% used [0x00000000ffd80000,0x00000000ffd80000,0x0000000100000000)
 ParOldGen       total 44032K, used 1466K [0x00000000fc000000, 0x00000000feb00000, 0x00000000feb00000)
  object space 44032K, 3% used [0x00000000fc000000,0x00000000fc16eaa0,0x00000000feb00000)
 Metaspace       used 7460K, capacity 7684K, committed 7936K, reserved 1056768K
  class space    used 868K, capacity 970K, committed 1024K, reserved 1048576K

Card table byte_map: [0x0000000003420000,0x0000000003450000] byte_map_base: 0x0000000002c40000

Marking Bits: (ParMarkBitMap*) 0x000000005cc34970
 Begin Bits: [0x0000000014b60000, 0x0000000014c60000)
 End Bits:   [0x0000000014c60000, 0x0000000014d60000)

Polling page: 0x0000000002f50000

CodeCache: size=245760Kb used=2767Kb max_used=2779Kb free=242992Kb
 bounds [0x0000000004fa0000, 0x0000000005260000, 0x0000000013fa0000]
 total_blobs=1105 nmethods=773 adapters=246
 compilation: enabled

Compilation events (10 events):
Event: 2.307 Thread 0x0000000017649800  775       4       org.objectweb.asm.ByteVector::putUTF8 (142 bytes)
Event: 2.315 Thread 0x000000001764f800 nmethod 772 0x0000000005256790 code [0x00000000052568e0, 0x0000000005256e18]
Event: 2.315 Thread 0x0000000017649800 nmethod 775 0x0000000005252cd0 code [0x0000000005252e20, 0x0000000005253348]
Event: 2.316 Thread 0x000000001764c800  776       4       org.objectweb.asm.ClassReader::readUTF8 (60 bytes)
Event: 2.326 Thread 0x000000001764f800  777       4       org.objectweb.asm.ClassReader::readInt (52 bytes)
Event: 2.327 Thread 0x000000001764f800 nmethod 777 0x0000000005241250 code [0x0000000005241380, 0x0000000005241478]
Event: 2.327 Thread 0x0000000017649800  778       4       org.objectweb.asm.ByteVector::putShort (52 bytes)
Event: 2.329 Thread 0x0000000017649800 nmethod 778 0x00000000052528d0 code [0x0000000005252a20, 0x0000000005252b88]
Event: 2.332 Thread 0x000000001764c800 nmethod 776 0x0000000005254310 code [0x0000000005254480, 0x0000000005254c18]
Event: 2.334 Thread 0x0000000017649800  782       4       org.objectweb.asm.ClassWriter::get (49 bytes)

GC Heap History (2 events):
Event: 1.572 GC heap before
{Heap before GC invocations=1 (full 0):
 PSYoungGen      total 18944K, used 16384K [0x00000000feb00000, 0x0000000100000000, 0x0000000100000000)
  eden space 16384K, 100% used [0x00000000feb00000,0x00000000ffb00000,0x00000000ffb00000)
  from space 2560K, 0% used [0x00000000ffd80000,0x00000000ffd80000,0x0000000100000000)
  to   space 2560K, 0% used [0x00000000ffb00000,0x00000000ffb00000,0x00000000ffd80000)
 ParOldGen       total 44032K, used 0K [0x00000000fc000000, 0x00000000feb00000, 0x00000000feb00000)
  object space 44032K, 0% used [0x00000000fc000000,0x00000000fc000000,0x00000000feb00000)
 Metaspace       used 6702K, capacity 6874K, committed 7040K, reserved 1056768K
  class space    used 791K, capacity 871K, committed 896K, reserved 1048576K
Event: 1.583 GC heap after
Heap after GC invocations=1 (full 0):
 PSYoungGen      total 18944K, used 2528K [0x00000000feb00000, 0x0000000100000000, 0x0000000100000000)
  eden space 16384K, 0% used [0x00000000feb00000,0x00000000feb00000,0x00000000ffb00000)
  from space 2560K, 98% used [0x00000000ffb00000,0x00000000ffd78030,0x00000000ffd80000)
  to   space 2560K, 0% used [0x00000000ffd80000,0x00000000ffd80000,0x0000000100000000)
 ParOldGen       total 44032K, used 1466K [0x00000000fc000000, 0x00000000feb00000, 0x00000000feb00000)
  object space 44032K, 3% used [0x00000000fc000000,0x00000000fc16eaa0,0x00000000feb00000)
 Metaspace       used 6702K, capacity 6874K, committed 7040K, reserved 1056768K
  class space    used 791K, capacity 871K, committed 896K, reserved 1048576K
}

Deoptimization events (8 events):
Event: 1.471 Thread 0x0000000004ea3800 Uncommon trap: reason=unstable_if action=reinterpret pc=0x00000000051aaaf8 method=java.lang.String.startsWith(Ljava/lang/String;I)Z @ 25
Event: 1.550 Thread 0x0000000004ea3800 Uncommon trap: reason=unstable_if action=reinterpret pc=0x00000000051c946c method=java.util.zip.ZipFile$ZipEntryIterator.hasNext()Z @ 25
Event: 1.550 Thread 0x0000000004ea3800 Uncommon trap: reason=unstable_if action=reinterpret pc=0x00000000051d2c88 method=java.util.zip.ZipCoder.decoder()Ljava/nio/charset/CharsetDecoder; @ 4
Event: 1.550 Thread 0x0000000004ea3800 Uncommon trap: reason=unstable_if action=reinterpret pc=0x00000000051cc798 method=java.util.zip.ZipEntry.setExtra0([BZ)V @ 1
Event: 1.552 Thread 0x0000000004ea3800 Uncommon trap: reason=unstable_if action=reinterpret pc=0x00000000051d781c method=java.util.zip.ZipCoder.decoder()Ljava/nio/charset/CharsetDecoder; @ 4
Event: 1.553 Thread 0x0000000004ea3800 Uncommon trap: reason=unstable_if action=reinterpret pc=0x00000000051dda78 method=java.util.zip.ZipCoder.decoder()Ljava/nio/charset/CharsetDecoder; @ 4
Event: 1.706 Thread 0x0000000004ea3800 Uncommon trap: reason=unstable_if action=reinterpret pc=0x00000000051cd040 method=java.util.zip.ZipFile.getZipEntry(Ljava/lang/String;J)Ljava/util/zip/ZipEntry; @ 19
Event: 1.933 Thread 0x0000000004ea3800 Uncommon trap: reason=unloaded action=reinterpret pc=0x00000000051d53fc method=java.util.zip.ZipEntry.setExtra0([BZ)V @ 37

Classes redefined (0 events):
No events

Internal exceptions (10 events):
Event: 1.550 Thread 0x0000000004ea3800 Implicit null exception at 0x00000000051d234c to 0x00000000051d2c49
Event: 1.552 Thread 0x0000000004ea3800 Implicit null exception at 0x00000000051d6e45 to 0x00000000051d77dd
Event: 1.553 Thread 0x0000000004ea3800 Implicit null exception at 0x00000000051dd04d to 0x00000000051dda31
Event: 1.786 Thread 0x0000000004ea3800 Exception <a 'sun/nio/fs/WindowsException'> (0x00000000ff19f8a0) thrown at [D:\src\AOSP-openjdk-cygwin\jdk8u\hotspot\src\share\vm\prims\jni.cpp, line 709]
Event: 1.786 Thread 0x0000000004ea3800 Exception <a 'sun/nio/fs/WindowsException'> (0x00000000ff19fe60) thrown at [D:\src\AOSP-openjdk-cygwin\jdk8u\hotspot\src\share\vm\prims\jni.cpp, line 709]
Event: 1.786 Thread 0x0000000004ea3800 Exception <a 'sun/nio/fs/WindowsException'> (0x00000000ff1a0428) thrown at [D:\src\AOSP-openjdk-cygwin\jdk8u\hotspot\src\share\vm\prims\jni.cpp, line 709]
Event: 1.786 Thread 0x0000000004ea3800 Exception <a 'sun/nio/fs/WindowsException'> (0x00000000ff1a0be8) thrown at [D:\src\AOSP-openjdk-cygwin\jdk8u\hotspot\src\share\vm\prims\jni.cpp, line 709]
Event: 1.844 Thread 0x0000000004ea3800 Exception <a 'sun/nio/fs/WindowsException'> (0x00000000ff1a5af8) thrown at [D:\src\AOSP-openjdk-cygwin\jdk8u\hotspot\src\share\vm\prims\jni.cpp, line 709]
Event: 1.957 Thread 0x0000000004ea3800 Exception <a 'sun/nio/fs/WindowsException'> (0x00000000ff536138) thrown at [D:\src\AOSP-openjdk-cygwin\jdk8u\hotspot\src\share\vm\prims\jni.cpp, line 709]
Event: 1.957 Thread 0x0000000004ea3800 Exception <a 'sun/nio/fs/WindowsException'> (0x00000000ff5366b0) thrown at [D:\src\AOSP-openjdk-cygwin\jdk8u\hotspot\src\share\vm\prims\jni.cpp, line 709]

Events (10 events):
Event: 2.321 loading class org/objectweb/asm/tree/InvokeDynamicInsnNode
Event: 2.321 loading class org/objectweb/asm/tree/InvokeDynamicInsnNode done
Event: 2.321 loading class org/objectweb/asm/tree/FrameNode
Event: 2.321 loading class org/objectweb/asm/tree/FrameNode done
Event: 2.321 loading class org/objectweb/asm/tree/LabelNode
Event: 2.321 loading class org/objectweb/asm/tree/LabelNode done
Event: 2.322 loading class org/objectweb/asm/tree/JumpInsnNode
Event: 2.322 loading class org/objectweb/asm/tree/JumpInsnNode done
Event: 2.323 loading class org/objectweb/asm/tree/InsnList
Event: 2.323 loading class org/objectweb/asm/tree/InsnList done


Dynamic libraries:
0x00007ff7a0670000 - 0x00007ff7a06a1000 	C:\Program Files\Android\Android Studio\jre\bin\java.exe
0x00007ffe1a550000 - 0x00007ffe1a730000 	C:\WINDOWS\SYSTEM32\ntdll.dll
0x00007ffe17a60000 - 0x00007ffe17b0e000 	C:\WINDOWS\System32\KERNEL32.DLL
0x00007ffe16c70000 - 0x00007ffe16ed6000 	C:\WINDOWS\System32\KERNELBASE.dll
0x00007ffe1a3d0000 - 0x00007ffe1a471000 	C:\WINDOWS\System32\ADVAPI32.dll
0x00007ffe1a480000 - 0x00007ffe1a51d000 	C:\WINDOWS\System32\msvcrt.dll
0x00007ffe19d60000 - 0x00007ffe19dbb000 	C:\WINDOWS\System32\sechost.dll
0x00007ffe1a120000 - 0x00007ffe1a23f000 	C:\WINDOWS\System32\RPCRT4.dll
0x00007ffe17bf0000 - 0x00007ffe17d7f000 	C:\WINDOWS\System32\USER32.dll
0x00007ffe16a80000 - 0x00007ffe16aa0000 	C:\WINDOWS\System32\win32u.dll
0x00007ffe17b10000 - 0x00007ffe17b38000 	C:\WINDOWS\System32\GDI32.dll
0x00007ffe17880000 - 0x00007ffe17a13000 	C:\WINDOWS\System32\gdi32full.dll
0x00007ffe177e0000 - 0x00007ffe1787b000 	C:\WINDOWS\System32\msvcp_win.dll
0x00007ffe17630000 - 0x00007ffe17726000 	C:\WINDOWS\System32\ucrtbase.dll
0x00007ffe10e30000 - 0x00007ffe11099000 	C:\WINDOWS\WinSxS\amd64_microsoft.windows.common-controls_6595b64144ccf1df_6.0.16299.248_none_15ced204935f55d7\COMCTL32.dll
0x00007ffe19520000 - 0x00007ffe19828000 	C:\WINDOWS\System32\combase.dll
0x00007ffe16950000 - 0x00007ffe169c2000 	C:\WINDOWS\System32\bcryptPrimitives.dll
0x00007ffe17a30000 - 0x00007ffe17a5d000 	C:\WINDOWS\System32\IMM32.DLL
0x000000005c2b0000 - 0x000000005c382000 	C:\Program Files\Android\Android Studio\jre\jre\bin\msvcr100.dll
0x000000005c470000 - 0x000000005ccaf000 	C:\Program Files\Android\Android Studio\jre\jre\bin\server\jvm.dll
0x00007ffe193c0000 - 0x00007ffe193c8000 	C:\WINDOWS\System32\PSAPI.DLL
0x00007ffe0c050000 - 0x00007ffe0c059000 	C:\WINDOWS\SYSTEM32\WSOCK32.dll
0x00007ffe1a360000 - 0x00007ffe1a3cc000 	C:\WINDOWS\System32\WS2_32.dll
0x00007ffe12410000 - 0x00007ffe12433000 	C:\WINDOWS\SYSTEM32\WINMM.dll
0x00007ffe11980000 - 0x00007ffe1198a000 	C:\WINDOWS\SYSTEM32\VERSION.dll
0x00007ffe123b0000 - 0x00007ffe123da000 	C:\WINDOWS\SYSTEM32\winmmbase.dll
0x00007ffe16a30000 - 0x00007ffe16a7a000 	C:\WINDOWS\System32\cfgmgr32.dll
0x00007ffe0bdc0000 - 0x00007ffe0bdcf000 	C:\Program Files\Android\Android Studio\jre\jre\bin\verify.dll
0x00007ffe0acd0000 - 0x00007ffe0acf9000 	C:\Program Files\Android\Android Studio\jre\jre\bin\java.dll
0x00007ffe0bda0000 - 0x00007ffe0bdb6000 	C:\Program Files\Android\Android Studio\jre\jre\bin\zip.dll
0x00007ffe17de0000 - 0x00007ffe19216000 	C:\WINDOWS\System32\SHELL32.dll
0x00007ffe17b40000 - 0x00007ffe17be6000 	C:\WINDOWS\System32\shcore.dll
0x00007ffe16ee0000 - 0x00007ffe17627000 	C:\WINDOWS\System32\windows.storage.dll
0x00007ffe19f50000 - 0x00007ffe19fa1000 	C:\WINDOWS\System32\shlwapi.dll
0x00007ffe168f0000 - 0x00007ffe16901000 	C:\WINDOWS\System32\kernel.appcore.dll
0x00007ffe168a0000 - 0x00007ffe168ec000 	C:\WINDOWS\System32\powrprof.dll
0x00007ffe16910000 - 0x00007ffe1692b000 	C:\WINDOWS\System32\profapi.dll
0x00007ffe165d0000 - 0x00007ffe165e7000 	C:\WINDOWS\SYSTEM32\CRYPTSP.dll
0x00007ffe15990000 - 0x00007ffe159c3000 	C:\WINDOWS\system32\rsaenh.dll
0x00007ffe16360000 - 0x00007ffe16385000 	C:\WINDOWS\SYSTEM32\bcrypt.dll
0x00007ffe167d0000 - 0x00007ffe167f9000 	C:\WINDOWS\SYSTEM32\USERENV.dll
0x00007ffe15fa0000 - 0x00007ffe15fab000 	C:\WINDOWS\SYSTEM32\CRYPTBASE.dll
0x00007ffe0acb0000 - 0x00007ffe0acca000 	C:\Program Files\Android\Android Studio\jre\jre\bin\net.dll
0x00007ffe15d80000 - 0x00007ffe15de6000 	C:\WINDOWS\system32\mswsock.dll
0x00007ffe15b10000 - 0x00007ffe15b49000 	C:\WINDOWS\SYSTEM32\IPHLPAPI.DLL
0x00007ffe1a350000 - 0x00007ffe1a358000 	C:\WINDOWS\System32\NSI.dll
0x00007ffe0f160000 - 0x00007ffe0f176000 	C:\WINDOWS\SYSTEM32\dhcpcsvc6.DLL
0x00007ffe0f140000 - 0x00007ffe0f15a000 	C:\WINDOWS\SYSTEM32\dhcpcsvc.DLL
0x00007ffe0ac90000 - 0x00007ffe0aca1000 	C:\Program Files\Android\Android Studio\jre\jre\bin\nio.dll

VM Arguments:
jvm_args: -Djava.awt.headless=true -Xmx64M -Dfile.encoding=windows-1251 -Duser.country=UA -Duser.language=uk -Duser.variant 
java_command: com.google.devtools.build.android.desugar.Desugar --input D:\FanSerials\FanSerials\app\build\intermediates\transforms\stackFramesFixer\debug\0.jar --output D:\FanSerials\FanSerials\app\build\intermediates\transforms\desugar\debug\1.jar --input D:\FanSerials\FanSerials\app\build\intermediates\transforms\stackFramesFixer\debug\7.jar --output D:\FanSerials\FanSerials\app\build\intermediates\transforms\desugar\debug\8.jar --input D:\FanSerials\FanSerials\app\build\intermediates\transforms\stackFramesFixer\debug\16.jar --output D:\FanSerials\FanSerials\app\build\intermediates\transforms\desugar\debug\17.jar --input D:\FanSerials\FanSerials\app\build\intermediates\transforms\stackFramesFixer\debug\5.jar --output D:\FanSerials\FanSerials\app\build\intermediates\transforms\desugar\debug\6.jar --classpath_entry D:\FanSerials\FanSerials\app\build\intermediates\classes\debug --classpath_entry D:\FanSerials\FanSerials\app\build\intermediates\transforms\stackFramesFixer\debug\0.jar --classpath_entry D:\FanSerials\FanSerials\app\build\intermediates\transforms\stackFramesFixer\debug\1.jar --classpath_entry D:\FanSerials\FanSerials\app\build\intermediates\transforms\stackFramesFixer\debug\2.jar --classpath_entry D:\FanSerials\FanSerials\app\build\intermediates\transforms\stackFramesFixer\debug\3.jar --classpath_entry D:\FanSerials\FanSerials\app\build\intermediates\transforms\stackFramesFixer\debug\4.jar --classpath_entry D:\FanSerials\FanSerials\app\build\intermediates\transforms\stackFramesFixer\debug\5.jar --classpath_entry D:\FanSerials\FanSerials\app\build\intermediates\transforms\stackFramesFixer\debug\6.jar --classpath_entry D:\FanSerials\FanSerials\app\build\intermediates\transforms\stackFramesFixer\debug\7.jar --classpath_entry D:\FanSerials\FanSerials\app\build\intermediates\transforms\stackFramesFixer\debug\8.jar --classpath_entry D:\FanSerials\FanSerials\app\build\intermediates\transforms\stackFramesFixer\debug\9.jar --classpath_entry D:\FanSerials\FanSe
java_class_path (initial): C:\Users\Ivan\AppData\Local\Temp\desugar_deploy.jar8313998921288287072
Launcher Type: SUN_STANDARD

Environment Variables:
PATH=C:\ProgramData\Oracle\Java\javapath;C:\WINDOWS\system32;C:\WINDOWS;C:\WINDOWS\System32\Wbem;C:\WINDOWS\System32\WindowsPowerShell\v1.0\;C:\Program Files (x86)\NVIDIA Corporation\PhysX\Common;C:\Users\Ivan\AppData\Local\Microsoft\WindowsApps;
USERNAME=Ivan
OS=Windows_NT
PROCESSOR_IDENTIFIER=Intel64 Family 6 Model 60 Stepping 3, GenuineIntel



---------------  S Y S T E M  ---------------

OS: Windows 10.0 , 64 bit Build 16299 (10.0.16299.15)

CPU:total 8 (initial active 8) (4 cores per cpu, 2 threads per core) family 6 model 60 stepping 3, cmov, cx8, fxsr, mmx, sse, sse2, sse3, ssse3, sse4.1, sse4.2, popcnt, avx, avx2, aes, clmul, erms, lzcnt, ht, tsc, tscinvbit, bmi1, bmi2

Memory: 4k page, physical 8268984k(1002848k free), swap 10316984k(2928k free)

vm_info: OpenJDK 64-Bit Server VM (25.152-b02) for windows-amd64 JRE (1.8.0_152-release-1024-b02), built by "builder" with MS VC++ 10.0 (VS2010)

time: Fri Mar 30 21:39:54 2018
elapsed time: 2 seconds (0d 0h 0m 2s)

