#
# There is insufficient memory for the Java Runtime Environment to continue.
# Native memory allocation (malloc) failed to allocate 534896 bytes for Chunk::new
# Possible reasons:
#   The system is out of physical RAM or swap space
#   In 32 bit mode, the process size limit was hit
# Possible solutions:
#   Reduce memory load on the system
#   Increase physical memory or swap space
#   Check if swap backing store is full
#   Use 64 bit Java on a 64 bit OS
#   Decrease Java heap size (-Xmx/-Xms)
#   Decrease number of Java threads
#   Decrease Java thread stack sizes (-Xss)
#   Set larger code cache with -XX:ReservedCodeCacheSize=
# This output file may be truncated or incomplete.
#
#  Out of Memory Error (allocation.cpp:390), pid=10084, tid=0x0000000000000804
#
# JRE version: OpenJDK Runtime Environment (8.0_152-b01) (build 1.8.0_152-release-915-b01)
# Java VM: OpenJDK 64-Bit Server VM (25.152-b01 mixed mode windows-amd64 compressed oops)
# Failed to write core dump. Minidumps are not enabled by default on client versions of Windows
#

---------------  T H R E A D  ---------------

Current thread (0x00000000170fb000):  JavaThread "C2 CompilerThread1" daemon [_thread_in_native, id=2052, stack(0x0000000017ac0000,0x0000000017bc0000)]

Stack: [0x0000000017ac0000,0x0000000017bc0000]
[error occurred during error reporting (printing stack bounds), id 0xc0000005]

Native frames: (J=compiled Java code, j=interpreted, Vv=VM code, C=native code)


Current CompileTask:
C2:   4814 1194       4       org.objectweb.asm.MethodWriter::a (1609 bytes)


---------------  P R O C E S S  ---------------

Java Threads: ( => current thread )
  0x00000000171a0000 JavaThread "Service Thread" daemon [_thread_blocked, id=5060, stack(0x0000000017dc0000,0x0000000017ec0000)]
  0x0000000017108800 JavaThread "C1 CompilerThread3" daemon [_thread_blocked, id=1184, stack(0x0000000017cc0000,0x0000000017dc0000)]
  0x00000000170ff800 JavaThread "C2 CompilerThread2" daemon [_thread_in_native, id=8548, stack(0x0000000017bc0000,0x0000000017cc0000)]
=>0x00000000170fb000 JavaThread "C2 CompilerThread1" daemon [_thread_in_native, id=2052, stack(0x0000000017ac0000,0x0000000017bc0000)]
  0x00000000170f8000 JavaThread "C2 CompilerThread0" daemon [_thread_in_native, id=4928, stack(0x00000000179c0000,0x0000000017ac0000)]
  0x00000000170f6800 JavaThread "Attach Listener" daemon [_thread_blocked, id=7324, stack(0x00000000178c0000,0x00000000179c0000)]
  0x000000001521e000 JavaThread "Signal Dispatcher" daemon [_thread_blocked, id=5548, stack(0x00000000177c0000,0x00000000178c0000)]
  0x00000000170f0800 JavaThread "Finalizer" daemon [_thread_blocked, id=3220, stack(0x00000000174d0000,0x00000000175d0000)]
  0x00000000049e7000 JavaThread "Reference Handler" daemon [_thread_blocked, id=3460, stack(0x0000000016fd0000,0x00000000170d0000)]
  0x00000000048f3800 JavaThread "main" [_thread_in_Java, id=6192, stack(0x0000000004780000,0x0000000004880000)]

Other Threads:
  0x0000000015205800 VMThread [stack: 0x0000000016ed0000,0x0000000016fd0000] [id=1980]
  0x00000000171a1000 WatcherThread [stack: 0x0000000017ec0000,0x0000000017fc0000] [id=4900]

VM state:not at safepoint (normal execution)

VM Mutex/Monitor currently owned by a thread: None

Heap:
 PSYoungGen      total 18944K, used 16922K [0x00000000feb00000, 0x0000000100000000, 0x0000000100000000)
  eden space 16384K, 87% used [0x00000000feb00000,0x00000000ff90c1c0,0x00000000ffb00000)
  from space 2560K, 99% used [0x00000000ffb00000,0x00000000ffd7a948,0x00000000ffd80000)
  to   space 2560K, 0% used [0x00000000ffd80000,0x00000000ffd80000,0x0000000100000000)
 ParOldGen       total 44032K, used 5632K [0x00000000fc000000, 0x00000000feb00000, 0x00000000feb00000)
  object space 44032K, 12% used [0x00000000fc000000,0x00000000fc580130,0x00000000feb00000)
 Metaspace       used 7667K, capacity 7836K, committed 7936K, reserved 1056768K
  class space    used 870K, capacity 956K, committed 1024K, reserved 1048576K

Card table byte_map: [0x0000000002f60000,0x0000000002f90000] byte_map_base: 0x0000000002780000

Marking Bits: (ParMarkBitMap*) 0x00000000662a3950
 Begin Bits: [0x0000000014620000, 0x0000000014720000)
 End Bits:   [0x0000000014720000, 0x0000000014820000)

Polling page: 0x0000000002af0000

CodeCache: size=245760Kb used=4751Kb max_used=4751Kb free=241008Kb
 bounds [0x0000000004a60000, 0x0000000004f10000, 0x0000000013a60000]
 total_blobs=1522 nmethods=1191 adapters=245
 compilation: enabled

Compilation events (10 events):
Event: 4.739 Thread 0x0000000017108800 nmethod 1189 0x0000000004efcad0 code [0x0000000004efcea0, 0x0000000004efe2c8]
Event: 4.739 Thread 0x0000000017108800 1190  s    3       java.util.zip.ZipOutputStream::write (175 bytes)
Event: 4.741 Thread 0x0000000017108800 nmethod 1190 0x0000000004efee10 code [0x0000000004eff040, 0x0000000004effab8]
Event: 4.741 Thread 0x0000000017108800 1191       3       java.util.zip.CRC32::update (51 bytes)
Event: 4.741 Thread 0x0000000017108800 nmethod 1191 0x0000000004ef2890 code [0x0000000004ef2a20, 0x0000000004ef2df8]
Event: 4.741 Thread 0x0000000017108800 1192       3       java.util.zip.ZipOutputStream::closeEntry (507 bytes)
Event: 4.747 Thread 0x0000000017108800 nmethod 1192 0x0000000004f00010 code [0x0000000004f00760, 0x0000000004f05b98]
Event: 4.747 Thread 0x0000000017108800 1193       3       java.util.zip.CRC32::reset (6 bytes)
Event: 4.747 Thread 0x0000000017108800 nmethod 1193 0x0000000004ef2550 code [0x0000000004ef26a0, 0x0000000004ef27f0]
Event: 4.762 Thread 0x00000000170fb000 1194       4       org.objectweb.asm.MethodWriter::a (1609 bytes)

GC Heap History (10 events):
Event: 0.961 GC heap before
{Heap before GC invocations=1 (full 0):
 PSYoungGen      total 18944K, used 16384K [0x00000000feb00000, 0x0000000100000000, 0x0000000100000000)
  eden space 16384K, 100% used [0x00000000feb00000,0x00000000ffb00000,0x00000000ffb00000)
  from space 2560K, 0% used [0x00000000ffd80000,0x00000000ffd80000,0x0000000100000000)
  to   space 2560K, 0% used [0x00000000ffb00000,0x00000000ffb00000,0x00000000ffd80000)
 ParOldGen       total 44032K, used 0K [0x00000000fc000000, 0x00000000feb00000, 0x00000000feb00000)
  object space 44032K, 0% used [0x00000000fc000000,0x00000000fc000000,0x00000000feb00000)
 Metaspace       used 6497K, capacity 6606K, committed 6784K, reserved 1056768K
  class space    used 768K, capacity 823K, committed 896K, reserved 1048576K
Event: 0.972 GC heap after
Heap after GC invocations=1 (full 0):
 PSYoungGen      total 18944K, used 2528K [0x00000000feb00000, 0x0000000100000000, 0x0000000100000000)
  eden space 16384K, 0% used [0x00000000feb00000,0x00000000feb00000,0x00000000ffb00000)
  from space 2560K, 98% used [0x00000000ffb00000,0x00000000ffd78030,0x00000000ffd80000)
  to   space 2560K, 0% used [0x00000000ffd80000,0x00000000ffd80000,0x0000000100000000)
 ParOldGen       total 44032K, used 1639K [0x00000000fc000000, 0x00000000feb00000, 0x00000000feb00000)
  object space 44032K, 3% used [0x00000000fc000000,0x00000000fc199d60,0x00000000feb00000)
 Metaspace       used 6497K, capacity 6606K, committed 6784K, reserved 1056768K
  class space    used 768K, capacity 823K, committed 896K, reserved 1048576K
}
Event: 1.633 GC heap before
{Heap before GC invocations=2 (full 0):
 PSYoungGen      total 18944K, used 18912K [0x00000000feb00000, 0x0000000100000000, 0x0000000100000000)
  eden space 16384K, 100% used [0x00000000feb00000,0x00000000ffb00000,0x00000000ffb00000)
  from space 2560K, 98% used [0x00000000ffb00000,0x00000000ffd78030,0x00000000ffd80000)
  to   space 2560K, 0% used [0x00000000ffd80000,0x00000000ffd80000,0x0000000100000000)
 ParOldGen       total 44032K, used 1639K [0x00000000fc000000, 0x00000000feb00000, 0x00000000feb00000)
  object space 44032K, 3% used [0x00000000fc000000,0x00000000fc199d60,0x00000000feb00000)
 Metaspace       used 7464K, capacity 7644K, committed 7936K, reserved 1056768K
  class space    used 868K, capacity 956K, committed 1024K, reserved 1048576K
Event: 1.660 GC heap after
Heap after GC invocations=2 (full 0):
 PSYoungGen      total 18944K, used 2538K [0x00000000feb00000, 0x0000000100000000, 0x0000000100000000)
  eden space 16384K, 0% used [0x00000000feb00000,0x00000000feb00000,0x00000000ffb00000)
  from space 2560K, 99% used [0x00000000ffd80000,0x00000000ffffabc8,0x0000000100000000)
  to   space 2560K, 0% used [0x00000000ffb00000,0x00000000ffb00000,0x00000000ffd80000)
 ParOldGen       total 44032K, used 5432K [0x00000000fc000000, 0x00000000feb00000, 0x00000000feb00000)
  object space 44032K, 12% used [0x00000000fc000000,0x00000000fc54e100,0x00000000feb00000)
 Metaspace       used 7464K, capacity 7644K, committed 7936K, reserved 1056768K
  class space    used 868K, capacity 956K, committed 1024K, reserved 1048576K
}
Event: 2.259 GC heap before
{Heap before GC invocations=3 (full 0):
 PSYoungGen      total 18944K, used 18922K [0x00000000feb00000, 0x0000000100000000, 0x0000000100000000)
  eden space 16384K, 100% used [0x00000000feb00000,0x00000000ffb00000,0x00000000ffb00000)
  from space 2560K, 99% used [0x00000000ffd80000,0x00000000ffffabc8,0x0000000100000000)
  to   space 2560K, 0% used [0x00000000ffb00000,0x00000000ffb00000,0x00000000ffd80000)
 ParOldGen       total 44032K, used 5432K [0x00000000fc000000, 0x00000000feb00000, 0x00000000feb00000)
  object space 44032K, 12% used [0x00000000fc000000,0x00000000fc54e100,0x00000000feb00000)
 Metaspace       used 7546K, capacity 7708K, committed 7936K, reserved 1056768K
  class space    used 868K, capacity 956K, committed 1024K, reserved 1048576K
Event: 2.317 GC heap after
Heap after GC invocations=3 (full 0):
 PSYoungGen      total 18944K, used 2506K [0x00000000feb00000, 0x0000000100000000, 0x0000000100000000)
  eden space 16384K, 0% used [0x00000000feb00000,0x00000000feb00000,0x00000000ffb00000)
  from space 2560K, 97% used [0x00000000ffb00000,0x00000000ffd72948,0x00000000ffd80000)
  to   space 2560K, 0% used [0x00000000ffd80000,0x00000000ffd80000,0x0000000100000000)
 ParOldGen       total 44032K, used 5440K [0x00000000fc000000, 0x00000000feb00000, 0x00000000feb00000)
  object space 44032K, 12% used [0x00000000fc000000,0x00000000fc550100,0x00000000feb00000)
 Metaspace       used 7546K, capacity 7708K, committed 7936K, reserved 1056768K
  class space    used 868K, capacity 956K, committed 1024K, reserved 1048576K
}
Event: 2.742 GC heap before
{Heap before GC invocations=4 (full 0):
 PSYoungGen      total 18944K, used 18890K [0x00000000feb00000, 0x0000000100000000, 0x0000000100000000)
  eden space 16384K, 100% used [0x00000000feb00000,0x00000000ffb00000,0x00000000ffb00000)
  from space 2560K, 97% used [0x00000000ffb00000,0x00000000ffd72948,0x00000000ffd80000)
  to   space 2560K, 0% used [0x00000000ffd80000,0x00000000ffd80000,0x0000000100000000)
 ParOldGen       total 44032K, used 5440K [0x00000000fc000000, 0x00000000feb00000, 0x00000000feb00000)
  object space 44032K, 12% used [0x00000000fc000000,0x00000000fc550100,0x00000000feb00000)
 Metaspace       used 7632K, capacity 7836K, committed 7936K, reserved 1056768K
  class space    used 870K, capacity 956K, committed 1024K, reserved 1048576K
Event: 3.256 GC heap after
Heap after GC invocations=4 (full 0):
 PSYoungGen      total 18944K, used 2554K [0x00000000feb00000, 0x0000000100000000, 0x0000000100000000)
  eden space 16384K, 0% used [0x00000000feb00000,0x00000000feb00000,0x00000000ffb00000)
  from space 2560K, 99% used [0x00000000ffd80000,0x00000000ffffe800,0x0000000100000000)
  to   space 2560K, 0% used [0x00000000ffb00000,0x00000000ffb00000,0x00000000ffd80000)
 ParOldGen       total 44032K, used 5488K [0x00000000fc000000, 0x00000000feb00000, 0x00000000feb00000)
  object space 44032K, 12% used [0x00000000fc000000,0x00000000fc55c110,0x00000000feb00000)
 Metaspace       used 7632K, capacity 7836K, committed 7936K, reserved 1056768K
  class space    used 870K, capacity 956K, committed 1024K, reserved 1048576K
}
Event: 4.306 GC heap before
{Heap before GC invocations=5 (full 0):
 PSYoungGen      total 18944K, used 18938K [0x00000000feb00000, 0x0000000100000000, 0x0000000100000000)
  eden space 16384K, 100% used [0x00000000feb00000,0x00000000ffb00000,0x00000000ffb00000)
  from space 2560K, 99% used [0x00000000ffd80000,0x00000000ffffe800,0x0000000100000000)
  to   space 2560K, 0% used [0x00000000ffb00000,0x00000000ffb00000,0x00000000ffd80000)
 ParOldGen       total 44032K, used 5488K [0x00000000fc000000, 0x00000000feb00000, 0x00000000feb00000)
  object space 44032K, 12% used [0x00000000fc000000,0x00000000fc55c110,0x00000000feb00000)
 Metaspace       used 7654K, capacity 7836K, committed 7936K, reserved 1056768K
  class space    used 870K, capacity 956K, committed 1024K, reserved 1048576K
Event: 4.527 GC heap after
Heap after GC invocations=5 (full 0):
 PSYoungGen      total 18944K, used 2538K [0x00000000feb00000, 0x0000000100000000, 0x0000000100000000)
  eden space 16384K, 0% used [0x00000000feb00000,0x00000000feb00000,0x00000000ffb00000)
  from space 2560K, 99% used [0x00000000ffb00000,0x00000000ffd7a948,0x00000000ffd80000)
  to   space 2560K, 0% used [0x00000000ffd80000,0x00000000ffd80000,0x0000000100000000)
 ParOldGen       total 44032K, used 5632K [0x00000000fc000000, 0x00000000feb00000, 0x00000000feb00000)
  object space 44032K, 12% used [0x00000000fc000000,0x00000000fc580130,0x00000000feb00000)
 Metaspace       used 7654K, capacity 7836K, committed 7936K, reserved 1056768K
  class space    used 870K, capacity 956K, committed 1024K, reserved 1048576K
}

Deoptimization events (10 events):
Event: 1.024 Thread 0x00000000048f3800 Uncommon trap: reason=unstable_if action=reinterpret pc=0x0000000004c8c848 method=java.util.HashMap$HashIterator.nextNode()Ljava/util/HashMap$Node; @ 74
Event: 1.120 Thread 0x00000000048f3800 Uncommon trap: reason=unstable_if action=reinterpret pc=0x0000000004c8cd88 method=java.util.HashMap$HashIterator.nextNode()Ljava/util/HashMap$Node; @ 74
Event: 1.162 Thread 0x00000000048f3800 Uncommon trap: reason=unloaded action=reinterpret pc=0x0000000004c7b57c method=java.util.zip.ZipEntry.setExtra0([BZ)V @ 37
Event: 1.216 Thread 0x00000000048f3800 Uncommon trap: reason=unstable_if action=reinterpret pc=0x0000000004c35c78 method=java.lang.String.<init>([CII)V @ 18
Event: 1.492 Thread 0x00000000048f3800 Uncommon trap: reason=class_check action=maybe_recompile pc=0x0000000004d66ea0 method=org.objectweb.asm.MethodVisitor.visitVarInsn(II)V @ 13
Event: 1.492 Thread 0x00000000048f3800 Uncommon trap: reason=class_check action=maybe_recompile pc=0x0000000004d66ea0 method=org.objectweb.asm.MethodVisitor.visitVarInsn(II)V @ 13
Event: 1.492 Thread 0x00000000048f3800 Uncommon trap: reason=class_check action=maybe_recompile pc=0x0000000004d66ea0 method=org.objectweb.asm.MethodVisitor.visitVarInsn(II)V @ 13
Event: 1.492 Thread 0x00000000048f3800 Uncommon trap: reason=class_check action=maybe_recompile pc=0x0000000004d66ea0 method=org.objectweb.asm.MethodVisitor.visitVarInsn(II)V @ 13
Event: 1.897 Thread 0x00000000048f3800 Uncommon trap: reason=unstable_if action=reinterpret pc=0x0000000004de1bac method=org.objectweb.asm.ByteVector.putInt(I)Lorg/objectweb/asm/ByteVector; @ 13
Event: 2.109 Thread 0x00000000048f3800 Uncommon trap: reason=null_check action=make_not_entrant pc=0x0000000004e25428 method=com.google.devtools.build.android.desugar.InterfaceDesugaring$InterfaceInvocationRewriter.visitMethodInsn(ILjava/lang/String;Ljava/lang/String;Ljava/lang/String;Z)V @ 10

Classes redefined (0 events):
No events

Internal exceptions (10 events):
Event: 1.115 Thread 0x00000000048f3800 Exception <a 'sun/nio/fs/WindowsException'> (0x00000000ff1404c8) thrown at [D:\src\AOSP-openjdk-cygwin\jdk8u\hotspot\src\share\vm\prims\jni.cpp, line 709]
Event: 1.115 Thread 0x00000000048f3800 Exception <a 'sun/nio/fs/WindowsException'> (0x00000000ff140c78) thrown at [D:\src\AOSP-openjdk-cygwin\jdk8u\hotspot\src\share\vm\prims\jni.cpp, line 709]
Event: 1.127 Thread 0x00000000048f3800 Exception <a 'sun/nio/fs/WindowsException'> (0x00000000ff145ff8) thrown at [D:\src\AOSP-openjdk-cygwin\jdk8u\hotspot\src\share\vm\prims\jni.cpp, line 709]
Event: 1.189 Thread 0x00000000048f3800 Exception <a 'sun/nio/fs/WindowsException'> (0x00000000ff46b5d0) thrown at [D:\src\AOSP-openjdk-cygwin\jdk8u\hotspot\src\share\vm\prims\jni.cpp, line 709]
Event: 1.189 Thread 0x00000000048f3800 Exception <a 'sun/nio/fs/WindowsException'> (0x00000000ff46bb48) thrown at [D:\src\AOSP-openjdk-cygwin\jdk8u\hotspot\src\share\vm\prims\jni.cpp, line 709]
Event: 1.486 Thread 0x00000000048f3800 Exception <a 'sun/nio/fs/WindowsException'> (0x00000000ff946b38) thrown at [D:\src\AOSP-openjdk-cygwin\jdk8u\hotspot\src\share\vm\prims\jni.cpp, line 709]
Event: 1.486 Thread 0x00000000048f3800 Exception <a 'sun/nio/fs/WindowsException'> (0x00000000ff947030) thrown at [D:\src\AOSP-openjdk-cygwin\jdk8u\hotspot\src\share\vm\prims\jni.cpp, line 709]
Event: 1.618 Thread 0x00000000048f3800 Exception <a 'sun/nio/fs/WindowsException'> (0x00000000ff9aa2e0) thrown at [D:\src\AOSP-openjdk-cygwin\jdk8u\hotspot\src\share\vm\prims\jni.cpp, line 709]
Event: 1.618 Thread 0x00000000048f3800 Exception <a 'sun/nio/fs/WindowsException'> (0x00000000ff9aa7d8) thrown at [D:\src\AOSP-openjdk-cygwin\jdk8u\hotspot\src\share\vm\prims\jni.cpp, line 709]
Event: 2.109 Thread 0x00000000048f3800 Implicit null exception at 0x0000000004e22a25 to 0x0000000004e25405

Events (10 events):
Event: 4.544 Thread 0x00000000048f3800 DEOPT PACKING pc=0x0000000004d094d8 sp=0x000000000487eef0
Event: 4.544 Thread 0x00000000048f3800 DEOPT UNPACKING pc=0x0000000004aa75bf sp=0x000000000487eea0 mode 0
Event: 4.585 Thread 0x00000000048f3800 DEOPT PACKING pc=0x0000000004d094d8 sp=0x000000000487eef0
Event: 4.585 Thread 0x00000000048f3800 DEOPT UNPACKING pc=0x0000000004aa75bf sp=0x000000000487eea0 mode 0
Event: 4.624 Thread 0x00000000048f3800 DEOPT PACKING pc=0x0000000004d094d8 sp=0x000000000487eef0
Event: 4.624 Thread 0x00000000048f3800 DEOPT UNPACKING pc=0x0000000004aa75bf sp=0x000000000487eea0 mode 0
Event: 4.628 Thread 0x00000000048f3800 DEOPT PACKING pc=0x0000000004d094d8 sp=0x000000000487eef0
Event: 4.628 Thread 0x00000000048f3800 DEOPT UNPACKING pc=0x0000000004aa75bf sp=0x000000000487eea0 mode 0
Event: 4.806 Thread 0x00000000048f3800 DEOPT PACKING pc=0x0000000004d094d8 sp=0x000000000487eef0
Event: 4.806 Thread 0x00000000048f3800 DEOPT UNPACKING pc=0x0000000004aa75bf sp=0x000000000487eea0 mode 0


Dynamic libraries:
0x00007ff7e22d0000 - 0x00007ff7e2301000 	C:\Program Files\Android\Android Studio\jre\bin\java.exe
0x00007ff9421a0000 - 0x00007ff942380000 	C:\WINDOWS\SYSTEM32\ntdll.dll
0x00007ff941ba0000 - 0x00007ff941c4e000 	C:\WINDOWS\System32\KERNEL32.DLL
0x00007ff93f010000 - 0x00007ff93f276000 	C:\WINDOWS\System32\KERNELBASE.dll
0x00007ff9420c0000 - 0x00007ff942161000 	C:\WINDOWS\System32\ADVAPI32.dll
0x00007ff9403a0000 - 0x00007ff94043d000 	C:\WINDOWS\System32\msvcrt.dll
0x00007ff9405b0000 - 0x00007ff94060b000 	C:\WINDOWS\System32\sechost.dll
0x00007ff93fc60000 - 0x00007ff93fd7f000 	C:\WINDOWS\System32\RPCRT4.dll
0x00007ff941dc0000 - 0x00007ff941f4f000 	C:\WINDOWS\System32\USER32.dll
0x00007ff93ecf0000 - 0x00007ff93ed10000 	C:\WINDOWS\System32\win32u.dll
0x00007ff93f790000 - 0x00007ff93f7b8000 	C:\WINDOWS\System32\GDI32.dll
0x00007ff93f420000 - 0x00007ff93f5b3000 	C:\WINDOWS\System32\gdi32full.dll
0x00007ff93f380000 - 0x00007ff93f41b000 	C:\WINDOWS\System32\msvcp_win.dll
0x00007ff93f280000 - 0x00007ff93f376000 	C:\WINDOWS\System32\ucrtbase.dll
0x00007ff9338a0000 - 0x00007ff933b09000 	C:\WINDOWS\WinSxS\amd64_microsoft.windows.common-controls_6595b64144ccf1df_6.0.16299.248_none_15ced204935f55d7\COMCTL32.dll
0x00007ff93f7c0000 - 0x00007ff93fac8000 	C:\WINDOWS\System32\combase.dll
0x00007ff93ed10000 - 0x00007ff93ed82000 	C:\WINDOWS\System32\bcryptPrimitives.dll
0x00007ff9401d0000 - 0x00007ff9401fd000 	C:\WINDOWS\System32\IMM32.DLL
0x0000000065920000 - 0x00000000659f2000 	C:\Program Files\Android\Android Studio\jre\jre\bin\msvcr100.dll
0x0000000065ae0000 - 0x000000006631e000 	C:\Program Files\Android\Android Studio\jre\jre\bin\server\jvm.dll
0x00007ff9420b0000 - 0x00007ff9420b8000 	C:\WINDOWS\System32\PSAPI.DLL
0x00007ff927f70000 - 0x00007ff927f79000 	C:\WINDOWS\SYSTEM32\WSOCK32.dll
0x00007ff9388c0000 - 0x00007ff9388ca000 	C:\WINDOWS\SYSTEM32\VERSION.dll
0x00007ff93c490000 - 0x00007ff93c4b3000 	C:\WINDOWS\SYSTEM32\WINMM.dll
0x00007ff941f50000 - 0x00007ff941fbc000 	C:\WINDOWS\System32\WS2_32.dll
0x00007ff93c310000 - 0x00007ff93c33a000 	C:\WINDOWS\SYSTEM32\WINMMBASE.dll
0x00007ff93ed90000 - 0x00007ff93edda000 	C:\WINDOWS\System32\cfgmgr32.dll
0x00007ff927f60000 - 0x00007ff927f6f000 	C:\Program Files\Android\Android Studio\jre\jre\bin\verify.dll
0x00007ff927720000 - 0x00007ff927749000 	C:\Program Files\Android\Android Studio\jre\jre\bin\java.dll
0x00007ff9230e0000 - 0x00007ff9230f6000 	C:\Program Files\Android\Android Studio\jre\jre\bin\zip.dll
0x00007ff940760000 - 0x00007ff941b96000 	C:\WINDOWS\System32\SHELL32.dll
0x00007ff93f670000 - 0x00007ff93f716000 	C:\WINDOWS\System32\shcore.dll
0x00007ff93e5a0000 - 0x00007ff93ece7000 	C:\WINDOWS\System32\windows.storage.dll
0x00007ff942050000 - 0x00007ff9420a1000 	C:\WINDOWS\System32\shlwapi.dll
0x00007ff93e580000 - 0x00007ff93e591000 	C:\WINDOWS\System32\kernel.appcore.dll
0x00007ff93e510000 - 0x00007ff93e55c000 	C:\WINDOWS\System32\powrprof.dll
0x00007ff93e4f0000 - 0x00007ff93e50b000 	C:\WINDOWS\System32\profapi.dll
0x00007ff93df50000 - 0x00007ff93df67000 	C:\WINDOWS\SYSTEM32\CRYPTSP.dll
0x00007ff93d930000 - 0x00007ff93d963000 	C:\WINDOWS\system32\rsaenh.dll
0x00007ff93e050000 - 0x00007ff93e075000 	C:\WINDOWS\SYSTEM32\bcrypt.dll
0x00007ff93e420000 - 0x00007ff93e449000 	C:\WINDOWS\SYSTEM32\USERENV.dll
0x00007ff93df40000 - 0x00007ff93df4b000 	C:\WINDOWS\SYSTEM32\CRYPTBASE.dll
0x00007ff921f20000 - 0x00007ff921f3a000 	C:\Program Files\Android\Android Studio\jre\jre\bin\net.dll
0x00007ff93dd70000 - 0x00007ff93ddd6000 	C:\WINDOWS\system32\mswsock.dll
0x00007ff93db10000 - 0x00007ff93db49000 	C:\WINDOWS\SYSTEM32\IPHLPAPI.DLL
0x00007ff93f720000 - 0x00007ff93f728000 	C:\WINDOWS\System32\NSI.dll
0x00007ff939000000 - 0x00007ff939016000 	C:\WINDOWS\SYSTEM32\dhcpcsvc6.DLL
0x00007ff938fe0000 - 0x00007ff938ffa000 	C:\WINDOWS\SYSTEM32\dhcpcsvc.DLL
0x00007ff920740000 - 0x00007ff920751000 	C:\Program Files\Android\Android Studio\jre\jre\bin\nio.dll

VM Arguments:
jvm_args: -Djava.awt.headless=true -Xmx64M -Dfile.encoding=windows-1251 -Duser.country=UA -Duser.language=uk -Duser.variant 
java_command: com.google.devtools.build.android.desugar.Desugar --input D:\FanSerials\FanSerials\app\build\intermediates\transforms\stackFramesFixer\debug\16.jar --output D:\FanSerials\FanSerials\app\build\intermediates\transforms\desugar\debug\17.jar --input D:\FanSerials\FanSerials\app\build\intermediates\transforms\stackFramesFixer\debug\21.jar --output D:\FanSerials\FanSerials\app\build\intermediates\transforms\desugar\debug\22.jar --input D:\FanSerials\FanSerials\app\build\intermediates\transforms\stackFramesFixer\debug\4.jar --output D:\FanSerials\FanSerials\app\build\intermediates\transforms\desugar\debug\5.jar --input D:\FanSerials\FanSerials\app\build\intermediates\transforms\stackFramesFixer\debug\0.jar --output D:\FanSerials\FanSerials\app\build\intermediates\transforms\desugar\debug\1.jar --classpath_entry D:\FanSerials\FanSerials\app\build\intermediates\classes\debug --classpath_entry D:\FanSerials\FanSerials\app\build\intermediates\transforms\stackFramesFixer\debug\0.jar --classpath_entry D:\FanSerials\FanSerials\app\build\intermediates\transforms\stackFramesFixer\debug\1.jar --classpath_entry D:\FanSerials\FanSerials\app\build\intermediates\transforms\stackFramesFixer\debug\2.jar --classpath_entry D:\FanSerials\FanSerials\app\build\intermediates\transforms\stackFramesFixer\debug\3.jar --classpath_entry D:\FanSerials\FanSerials\app\build\intermediates\transforms\stackFramesFixer\debug\4.jar --classpath_entry D:\FanSerials\FanSerials\app\build\intermediates\transforms\stackFramesFixer\debug\5.jar --classpath_entry D:\FanSerials\FanSerials\app\build\intermediates\transforms\stackFramesFixer\debug\6.jar --classpath_entry D:\FanSerials\FanSerials\app\build\intermediates\transforms\stackFramesFixer\debug\7.jar --classpath_entry D:\FanSerials\FanSerials\app\build\intermediates\transforms\stackFramesFixer\debug\8.jar --classpath_entry D:\FanSerials\FanSerials\app\build\intermediates\transforms\stackFramesFixer\debug\9.jar --classpath_entry D:\FanSerials\Fan
java_class_path (initial): C:\Users\Ivan\AppData\Local\Temp\desugar_deploy.jar8196935388568118861
Launcher Type: SUN_STANDARD

Environment Variables:
PATH=C:\ProgramData\Oracle\Java\javapath;C:\WINDOWS\system32;C:\WINDOWS;C:\WINDOWS\System32\Wbem;C:\WINDOWS\System32\WindowsPowerShell\v1.0\;C:\Program Files (x86)\NVIDIA Corporation\PhysX\Common;C:\Users\Ivan\AppData\Local\Microsoft\WindowsApps;
USERNAME=Ivan
OS=Windows_NT
PROCESSOR_IDENTIFIER=Intel64 Family 6 Model 60 Stepping 3, GenuineIntel



---------------  S Y S T E M  ---------------

OS: Windows 10.0 , 64 bit Build 16299 (10.0.16299.15)

CPU:total 8 (initial active 8) (4 cores per cpu, 2 threads per core) family 6 model 60 stepping 3, cmov, cx8, fxsr, mmx, sse, sse2, sse3, ssse3, sse4.1, sse4.2, popcnt, avx, avx2, aes, clmul, erms, lzcnt, ht, tsc, tscinvbit, bmi1, bmi2

Memory: 4k page, physical 8268984k(924064k free), swap 10316984k(5128k free)

vm_info: OpenJDK 64-Bit Server VM (25.152-b01) for windows-amd64 JRE (1.8.0_152-release-915-b01), built by "builder" with MS VC++ 10.0 (VS2010)

time: Sun Mar 11 15:01:37 2018
elapsed time: 4 seconds (0d 0h 0m 4s)

