#
# There is insufficient memory for the Java Runtime Environment to continue.
# Native memory allocation (malloc) failed to allocate 785936 bytes for Chunk::new
# Possible reasons:
#   The system is out of physical RAM or swap space
#   In 32 bit mode, the process size limit was hit
# Possible solutions:
#   Reduce memory load on the system
#   Increase physical memory or swap space
#   Check if swap backing store is full
#   Use 64 bit Java on a 64 bit OS
#   Decrease Java heap size (-Xmx/-Xms)
#   Decrease number of Java threads
#   Decrease Java thread stack sizes (-Xss)
#   Set larger code cache with -XX:ReservedCodeCacheSize=
# This output file may be truncated or incomplete.
#
#  Out of Memory Error (allocation.cpp:390), pid=13272, tid=0x0000000000002d38
#
# JRE version: OpenJDK Runtime Environment (8.0_152-b02) (build 1.8.0_152-release-1024-b02)
# Java VM: OpenJDK 64-Bit Server VM (25.152-b02 mixed mode windows-amd64 compressed oops)
# Failed to write core dump. Minidumps are not enabled by default on client versions of Windows
#

---------------  T H R E A D  ---------------

Current thread (0x000000001514a000):  JavaThread "C2 CompilerThread2" daemon [_thread_in_native, id=11576, stack(0x0000000017af0000,0x0000000017bf0000)]

Stack: [0x0000000017af0000,0x0000000017bf0000]
[error occurred during error reporting (printing stack bounds), id 0xc0000005]

Native frames: (J=compiled Java code, j=interpreted, Vv=VM code, C=native code)


Current CompileTask:
C2:   9865  867       4       org.objectweb.asm.ClassReader::readCode (3575 bytes)


---------------  P R O C E S S  ---------------

Java Threads: ( => current thread )
  0x00000000170c3800 JavaThread "Service Thread" daemon [_thread_blocked, id=15056, stack(0x0000000017cf0000,0x0000000017df0000)]
  0x000000001707b800 JavaThread "C1 CompilerThread3" daemon [_thread_blocked, id=14976, stack(0x0000000017bf0000,0x0000000017cf0000)]
=>0x000000001514a000 JavaThread "C2 CompilerThread2" daemon [_thread_in_native, id=11576, stack(0x0000000017af0000,0x0000000017bf0000)]
  0x0000000017030000 JavaThread "C2 CompilerThread1" daemon [_thread_blocked, id=2224, stack(0x00000000179f0000,0x0000000017af0000)]
  0x000000001702d000 JavaThread "C2 CompilerThread0" daemon [_thread_blocked, id=15128, stack(0x00000000178f0000,0x00000000179f0000)]
  0x000000001702c000 JavaThread "Attach Listener" daemon [_thread_blocked, id=14528, stack(0x00000000177f0000,0x00000000178f0000)]
  0x000000001702a800 JavaThread "Signal Dispatcher" daemon [_thread_blocked, id=13288, stack(0x00000000176f0000,0x00000000177f0000)]
  0x0000000017021000 JavaThread "Finalizer" daemon [_thread_blocked, id=8380, stack(0x0000000017400000,0x0000000017500000)]
  0x00000000048c7000 JavaThread "Reference Handler" daemon [_thread_blocked, id=15280, stack(0x0000000016f00000,0x0000000017000000)]
  0x00000000047d3800 JavaThread "main" [_thread_in_Java, id=8908, stack(0x0000000004680000,0x0000000004780000)]

Other Threads:
  0x0000000015135800 VMThread [stack: 0x0000000016e00000,0x0000000016f00000] [id=13756]
  0x00000000170c4000 WatcherThread [stack: 0x0000000017df0000,0x0000000017ef0000] [id=14812]

VM state:not at safepoint (normal execution)

VM Mutex/Monitor currently owned by a thread: None

Heap:
 PSYoungGen      total 18944K, used 5264K [0x00000000feb00000, 0x0000000100000000, 0x0000000100000000)
  eden space 16384K, 16% used [0x00000000feb00000,0x00000000feda5b08,0x00000000ffb00000)
  from space 2560K, 99% used [0x00000000ffd80000,0x00000000ffffe800,0x0000000100000000)
  to   space 2560K, 0% used [0x00000000ffb00000,0x00000000ffb00000,0x00000000ffd80000)
 ParOldGen       total 44032K, used 5069K [0x00000000fc000000, 0x00000000feb00000, 0x00000000feb00000)
  object space 44032K, 11% used [0x00000000fc000000,0x00000000fc4f3688,0x00000000feb00000)
 Metaspace       used 7608K, capacity 7872K, committed 7936K, reserved 1056768K
  class space    used 871K, capacity 970K, committed 1024K, reserved 1048576K

Card table byte_map: [0x0000000004780000,0x00000000047b0000] byte_map_base: 0x0000000003fa0000

Marking Bits: (ParMarkBitMap*) 0x00000000631b4970
 Begin Bits: [0x0000000014550000, 0x0000000014650000)
 End Bits:   [0x0000000014650000, 0x0000000014750000)

Polling page: 0x00000000005f0000

CodeCache: size=245760Kb used=3544Kb max_used=3549Kb free=242215Kb
 bounds [0x0000000004990000, 0x0000000004d10000, 0x0000000013990000]
 total_blobs=1251 nmethods=919 adapters=246
 compilation: enabled

Compilation events (10 events):
Event: 9.795 Thread 0x000000001707b800  915       3       org.objectweb.asm.FieldWriter::put (475 bytes)
Event: 9.797 Thread 0x000000001707b800 nmethod 915 0x0000000004d02110 code [0x0000000004d024c0, 0x0000000004d03878]
Event: 9.797 Thread 0x000000001707b800  904       3       org.objectweb.asm.MethodWriter::visitLdcInsn (184 bytes)
Event: 9.797 Thread 0x000000001707b800 nmethod 904 0x0000000004d041d0 code [0x0000000004d043a0, 0x0000000004d049c8]
Event: 9.797 Thread 0x000000001707b800  916       3       sun.util.calendar.BaseCalendar::isLeapYear (5 bytes)
Event: 9.798 Thread 0x000000001707b800 nmethod 916 0x0000000004d04c50 code [0x0000000004d04dc0, 0x0000000004d050b0]
Event: 9.798 Thread 0x000000001707b800  907       3       com.google.common.collect.RegularImmutableMap::get (13 bytes)
Event: 9.798 Thread 0x000000001707b800 nmethod 907 0x0000000004d051d0 code [0x0000000004d05340, 0x0000000004d054e8]
Event: 9.803 Thread 0x000000001702d000 nmethod 917 0x0000000004d08910 code [0x0000000004d08b00, 0x0000000004d09280]
Event: 9.848 Thread 0x0000000017030000  918       4       org.objectweb.asm.ClassWriter::newStringishItem (68 bytes)

GC Heap History (4 events):
Event: 6.866 GC heap before
{Heap before GC invocations=1 (full 0):
 PSYoungGen      total 18944K, used 16384K [0x00000000feb00000, 0x0000000100000000, 0x0000000100000000)
  eden space 16384K, 100% used [0x00000000feb00000,0x00000000ffb00000,0x00000000ffb00000)
  from space 2560K, 0% used [0x00000000ffd80000,0x00000000ffd80000,0x0000000100000000)
  to   space 2560K, 0% used [0x00000000ffb00000,0x00000000ffb00000,0x00000000ffd80000)
 ParOldGen       total 44032K, used 0K [0x00000000fc000000, 0x00000000feb00000, 0x00000000feb00000)
  object space 44032K, 0% used [0x00000000fc000000,0x00000000fc000000,0x00000000feb00000)
 Metaspace       used 6698K, capacity 6870K, committed 7040K, reserved 1056768K
  class space    used 791K, capacity 871K, committed 896K, reserved 1048576K
Event: 6.889 GC heap after
Heap after GC invocations=1 (full 0):
 PSYoungGen      total 18944K, used 2544K [0x00000000feb00000, 0x0000000100000000, 0x0000000100000000)
  eden space 16384K, 0% used [0x00000000feb00000,0x00000000feb00000,0x00000000ffb00000)
  from space 2560K, 99% used [0x00000000ffb00000,0x00000000ffd7c020,0x00000000ffd80000)
  to   space 2560K, 0% used [0x00000000ffd80000,0x00000000ffd80000,0x0000000100000000)
 ParOldGen       total 44032K, used 1503K [0x00000000fc000000, 0x00000000feb00000, 0x00000000feb00000)
  object space 44032K, 3% used [0x00000000fc000000,0x00000000fc177ef0,0x00000000feb00000)
 Metaspace       used 6698K, capacity 6870K, committed 7040K, reserved 1056768K
  class space    used 791K, capacity 871K, committed 896K, reserved 1048576K
}
Event: 9.751 GC heap before
{Heap before GC invocations=2 (full 0):
 PSYoungGen      total 18944K, used 18928K [0x00000000feb00000, 0x0000000100000000, 0x0000000100000000)
  eden space 16384K, 100% used [0x00000000feb00000,0x00000000ffb00000,0x00000000ffb00000)
  from space 2560K, 99% used [0x00000000ffb00000,0x00000000ffd7c020,0x00000000ffd80000)
  to   space 2560K, 0% used [0x00000000ffd80000,0x00000000ffd80000,0x0000000100000000)
 ParOldGen       total 44032K, used 1503K [0x00000000fc000000, 0x00000000feb00000, 0x00000000feb00000)
  object space 44032K, 3% used [0x00000000fc000000,0x00000000fc177ef0,0x00000000feb00000)
 Metaspace       used 7559K, capacity 7744K, committed 7936K, reserved 1056768K
  class space    used 870K, capacity 970K, committed 1024K, reserved 1048576K
Event: 9.762 GC heap after
Heap after GC invocations=2 (full 0):
 PSYoungGen      total 18944K, used 2554K [0x00000000feb00000, 0x0000000100000000, 0x0000000100000000)
  eden space 16384K, 0% used [0x00000000feb00000,0x00000000feb00000,0x00000000ffb00000)
  from space 2560K, 99% used [0x00000000ffd80000,0x00000000ffffe800,0x0000000100000000)
  to   space 2560K, 0% used [0x00000000ffb00000,0x00000000ffb00000,0x00000000ffd80000)
 ParOldGen       total 44032K, used 5069K [0x00000000fc000000, 0x00000000feb00000, 0x00000000feb00000)
  object space 44032K, 11% used [0x00000000fc000000,0x00000000fc4f3688,0x00000000feb00000)
 Metaspace       used 7559K, capacity 7744K, committed 7936K, reserved 1056768K
  class space    used 870K, capacity 970K, committed 1024K, reserved 1048576K
}

Deoptimization events (10 events):
Event: 6.724 Thread 0x00000000047d3800 Uncommon trap: reason=unstable_if action=reinterpret pc=0x0000000004bc439c method=java.util.zip.ZipCoder.decoder()Ljava/nio/charset/CharsetDecoder; @ 4
Event: 7.020 Thread 0x00000000047d3800 Uncommon trap: reason=unstable_if action=reinterpret pc=0x0000000004bbd75c method=java.util.zip.ZipCoder.decoder()Ljava/nio/charset/CharsetDecoder; @ 4
Event: 7.022 Thread 0x00000000047d3800 Uncommon trap: reason=unstable_if action=reinterpret pc=0x0000000004bb9cec method=java.util.zip.ZipCoder.decoder()Ljava/nio/charset/CharsetDecoder; @ 4
Event: 7.023 Thread 0x00000000047d3800 Uncommon trap: reason=unstable_if action=reinterpret pc=0x0000000004bb86bc method=java.util.zip.ZipCoder.decoder()Ljava/nio/charset/CharsetDecoder; @ 4
Event: 7.730 Thread 0x00000000047d3800 Uncommon trap: reason=unloaded action=reinterpret pc=0x0000000004bc227c method=java.util.zip.ZipEntry.setExtra0([BZ)V @ 37
Event: 8.411 Thread 0x00000000047d3800 Uncommon trap: reason=unstable_if action=reinterpret pc=0x0000000004b635f8 method=java.lang.String.<init>([CII)V @ 18
Event: 9.750 Thread 0x00000000047d3800 Uncommon trap: reason=bimorphic action=maybe_recompile pc=0x0000000004ccddb8 method=org.objectweb.asm.MethodVisitor.visitVarInsn(II)V @ 13
Event: 9.750 Thread 0x00000000047d3800 Uncommon trap: reason=bimorphic action=maybe_recompile pc=0x0000000004ccddb8 method=org.objectweb.asm.MethodVisitor.visitVarInsn(II)V @ 13
Event: 9.763 Thread 0x00000000047d3800 Uncommon trap: reason=unstable_if action=reinterpret pc=0x0000000004cadf18 method=org.objectweb.asm.Type.getArgumentsAndReturnSizes(Ljava/lang/String;)I @ 47
Event: 9.772 Thread 0x00000000047d3800 Uncommon trap: reason=unstable_if action=reinterpret pc=0x0000000004cce010 method=org.objectweb.asm.MethodWriter.visitVarInsn(II)V @ 142

Classes redefined (0 events):
No events

Internal exceptions (10 events):
Event: 7.023 Thread 0x00000000047d3800 Implicit null exception at 0x0000000004bb8238 to 0x0000000004bb86a1
Event: 7.407 Thread 0x00000000047d3800 Exception <a 'sun/nio/fs/WindowsException'> (0x00000000ff16bf68) thrown at [D:\src\AOSP-openjdk-cygwin\jdk8u\hotspot\src\share\vm\prims\jni.cpp, line 709]
Event: 7.407 Thread 0x00000000047d3800 Exception <a 'sun/nio/fs/WindowsException'> (0x00000000ff16c528) thrown at [D:\src\AOSP-openjdk-cygwin\jdk8u\hotspot\src\share\vm\prims\jni.cpp, line 709]
Event: 7.408 Thread 0x00000000047d3800 Exception <a 'sun/nio/fs/WindowsException'> (0x00000000ff16caf8) thrown at [D:\src\AOSP-openjdk-cygwin\jdk8u\hotspot\src\share\vm\prims\jni.cpp, line 709]
Event: 7.408 Thread 0x00000000047d3800 Exception <a 'sun/nio/fs/WindowsException'> (0x00000000ff16d2b8) thrown at [D:\src\AOSP-openjdk-cygwin\jdk8u\hotspot\src\share\vm\prims\jni.cpp, line 709]
Event: 7.484 Thread 0x00000000047d3800 Exception <a 'sun/nio/fs/WindowsException'> (0x00000000ff172200) thrown at [D:\src\AOSP-openjdk-cygwin\jdk8u\hotspot\src\share\vm\prims\jni.cpp, line 709]
Event: 7.872 Thread 0x00000000047d3800 Exception <a 'sun/nio/fs/WindowsException'> (0x00000000ff4eed80) thrown at [D:\src\AOSP-openjdk-cygwin\jdk8u\hotspot\src\share\vm\prims\jni.cpp, line 709]
Event: 7.872 Thread 0x00000000047d3800 Exception <a 'sun/nio/fs/WindowsException'> (0x00000000ff4ef2f8) thrown at [D:\src\AOSP-openjdk-cygwin\jdk8u\hotspot\src\share\vm\prims\jni.cpp, line 709]
Event: 9.572 Thread 0x00000000047d3800 Exception <a 'sun/nio/fs/WindowsException'> (0x00000000ff6b6d18) thrown at [D:\src\AOSP-openjdk-cygwin\jdk8u\hotspot\src\share\vm\prims\jni.cpp, line 709]
Event: 9.572 Thread 0x00000000047d3800 Exception <a 'sun/nio/fs/WindowsException'> (0x00000000ff6b7210) thrown at [D:\src\AOSP-openjdk-cygwin\jdk8u\hotspot\src\share\vm\prims\jni.cpp, line 709]

Events (10 events):
Event: 9.763 Executing VM operation: RevokeBias
Event: 9.763 Executing VM operation: RevokeBias done
Event: 9.763 Executing VM operation: RevokeBias
Event: 9.763 Executing VM operation: RevokeBias done
Event: 9.763 Thread 0x00000000047d3800 Uncommon trap: trap_request=0xffffff65 fr.pc=0x0000000004cadf18
Event: 9.763 Thread 0x00000000047d3800 DEOPT PACKING pc=0x0000000004cadf18 sp=0x000000000477e720
Event: 9.763 Thread 0x00000000047d3800 DEOPT UNPACKING pc=0x00000000049d557b sp=0x000000000477e6b0 mode 2
Event: 9.772 Thread 0x00000000047d3800 Uncommon trap: trap_request=0xffffff65 fr.pc=0x0000000004cce010
Event: 9.772 Thread 0x00000000047d3800 DEOPT PACKING pc=0x0000000004cce010 sp=0x000000000477e800
Event: 9.772 Thread 0x00000000047d3800 DEOPT UNPACKING pc=0x00000000049d557b sp=0x000000000477e6e0 mode 2


Dynamic libraries:
0x00007ff74c3c0000 - 0x00007ff74c3f1000 	C:\Program Files\Android\Android Studio\jre\bin\java.exe
0x00007ffa3b030000 - 0x00007ffa3b210000 	C:\WINDOWS\SYSTEM32\ntdll.dll
0x00007ffa38500000 - 0x00007ffa385ae000 	C:\WINDOWS\System32\KERNEL32.DLL
0x00007ffa37d80000 - 0x00007ffa37fe6000 	C:\WINDOWS\System32\KERNELBASE.dll
0x00007ffa39980000 - 0x00007ffa39a21000 	C:\WINDOWS\System32\ADVAPI32.dll
0x00007ffa390d0000 - 0x00007ffa3916d000 	C:\WINDOWS\System32\msvcrt.dll
0x00007ffa38db0000 - 0x00007ffa38e0b000 	C:\WINDOWS\System32\sechost.dll
0x00007ffa394a0000 - 0x00007ffa395bf000 	C:\WINDOWS\System32\RPCRT4.dll
0x00007ffa38c20000 - 0x00007ffa38daf000 	C:\WINDOWS\System32\USER32.dll
0x00007ffa38290000 - 0x00007ffa382b0000 	C:\WINDOWS\System32\win32u.dll
0x00007ffa38e10000 - 0x00007ffa38e38000 	C:\WINDOWS\System32\GDI32.dll
0x00007ffa37be0000 - 0x00007ffa37d73000 	C:\WINDOWS\System32\gdi32full.dll
0x00007ffa382b0000 - 0x00007ffa3834b000 	C:\WINDOWS\System32\msvcp_win.dll
0x00007ffa38350000 - 0x00007ffa38446000 	C:\WINDOWS\System32\ucrtbase.dll
0x00007ffa31610000 - 0x00007ffa31879000 	C:\WINDOWS\WinSxS\amd64_microsoft.windows.common-controls_6595b64144ccf1df_6.0.16299.248_none_15ced204935f55d7\COMCTL32.dll
0x00007ffa395d0000 - 0x00007ffa398d8000 	C:\WINDOWS\System32\combase.dll
0x00007ffa37ff0000 - 0x00007ffa38062000 	C:\WINDOWS\System32\bcryptPrimitives.dll
0x00007ffa3af40000 - 0x00007ffa3af6d000 	C:\WINDOWS\System32\IMM32.DLL
0x00000000605f0000 - 0x00000000606c2000 	C:\Program Files\Android\Android Studio\jre\jre\bin\msvcr100.dll
0x00000000629f0000 - 0x000000006322f000 	C:\Program Files\Android\Android Studio\jre\jre\bin\server\jvm.dll
0x00007ffa395c0000 - 0x00007ffa395c8000 	C:\WINDOWS\System32\PSAPI.DLL
0x00007ffa33a80000 - 0x00007ffa33a89000 	C:\WINDOWS\SYSTEM32\WSOCK32.dll
0x00007ffa3aed0000 - 0x00007ffa3af3c000 	C:\WINDOWS\System32\WS2_32.dll
0x00007ffa32d80000 - 0x00007ffa32da3000 	C:\WINDOWS\SYSTEM32\WINMM.dll
0x00007ffa32440000 - 0x00007ffa3244a000 	C:\WINDOWS\SYSTEM32\VERSION.dll
0x00007ffa32d50000 - 0x00007ffa32d7a000 	C:\WINDOWS\SYSTEM32\WINMMBASE.dll
0x00007ffa38070000 - 0x00007ffa380ba000 	C:\WINDOWS\System32\cfgmgr32.dll
0x00007ffa33a70000 - 0x00007ffa33a7f000 	C:\Program Files\Android\Android Studio\jre\jre\bin\verify.dll
0x00007ffa31ec0000 - 0x00007ffa31ee9000 	C:\Program Files\Android\Android Studio\jre\jre\bin\java.dll
0x00007ffa2c9c0000 - 0x00007ffa2c9d6000 	C:\Program Files\Android\Android Studio\jre\jre\bin\zip.dll
0x00007ffa39a90000 - 0x00007ffa3aec6000 	C:\WINDOWS\System32\SHELL32.dll
0x00007ffa38e40000 - 0x00007ffa38ee6000 	C:\WINDOWS\System32\shcore.dll
0x00007ffa37430000 - 0x00007ffa37b77000 	C:\WINDOWS\System32\windows.storage.dll
0x00007ffa38ef0000 - 0x00007ffa38f41000 	C:\WINDOWS\System32\shlwapi.dll
0x00007ffa373c0000 - 0x00007ffa373d1000 	C:\WINDOWS\System32\kernel.appcore.dll
0x00007ffa373e0000 - 0x00007ffa3742c000 	C:\WINDOWS\System32\powrprof.dll
0x00007ffa37380000 - 0x00007ffa3739b000 	C:\WINDOWS\System32\profapi.dll
0x00007ffa37050000 - 0x00007ffa37067000 	C:\WINDOWS\SYSTEM32\CRYPTSP.dll
0x00007ffa36470000 - 0x00007ffa364a3000 	C:\WINDOWS\system32\rsaenh.dll
0x00007ffa36c50000 - 0x00007ffa36c75000 	C:\WINDOWS\SYSTEM32\bcrypt.dll
0x00007ffa372b0000 - 0x00007ffa372d9000 	C:\WINDOWS\SYSTEM32\USERENV.dll
0x00007ffa36a20000 - 0x00007ffa36a2b000 	C:\WINDOWS\SYSTEM32\CRYPTBASE.dll
0x00007ffa2af90000 - 0x00007ffa2afaa000 	C:\Program Files\Android\Android Studio\jre\jre\bin\net.dll
0x00007ffa36860000 - 0x00007ffa368c6000 	C:\WINDOWS\system32\mswsock.dll
0x00007ffa365f0000 - 0x00007ffa36629000 	C:\WINDOWS\SYSTEM32\IPHLPAPI.DLL
0x00007ffa3af90000 - 0x00007ffa3af98000 	C:\WINDOWS\System32\NSI.dll
0x00007ffa2fcf0000 - 0x00007ffa2fd06000 	C:\WINDOWS\SYSTEM32\dhcpcsvc6.DLL
0x00007ffa2fcd0000 - 0x00007ffa2fcea000 	C:\WINDOWS\SYSTEM32\dhcpcsvc.DLL
0x00007ffa2af70000 - 0x00007ffa2af81000 	C:\Program Files\Android\Android Studio\jre\jre\bin\nio.dll

VM Arguments:
jvm_args: -Djava.awt.headless=true -Xmx64M -Dfile.encoding=windows-1251 -Duser.country=UA -Duser.language=uk -Duser.variant 
java_command: com.google.devtools.build.android.desugar.Desugar --input D:\FanSerials\FanSerials\app\build\intermediates\transforms\stackFramesFixer\debug\19.jar --output D:\FanSerials\FanSerials\app\build\intermediates\transforms\desugar\debug\20.jar --input D:\FanSerials\FanSerials\app\build\intermediates\transforms\stackFramesFixer\debug\12.jar --output D:\FanSerials\FanSerials\app\build\intermediates\transforms\desugar\debug\13.jar --input D:\FanSerials\FanSerials\app\build\intermediates\transforms\stackFramesFixer\debug\23.jar --output D:\FanSerials\FanSerials\app\build\intermediates\transforms\desugar\debug\24.jar --input D:\FanSerials\FanSerials\app\build\intermediates\transforms\stackFramesFixer\debug\3.jar --output D:\FanSerials\FanSerials\app\build\intermediates\transforms\desugar\debug\4.jar --classpath_entry D:\FanSerials\FanSerials\app\build\intermediates\classes\debug --classpath_entry D:\FanSerials\FanSerials\app\build\intermediates\transforms\stackFramesFixer\debug\0.jar --classpath_entry D:\FanSerials\FanSerials\app\build\intermediates\transforms\stackFramesFixer\debug\1.jar --classpath_entry D:\FanSerials\FanSerials\app\build\intermediates\transforms\stackFramesFixer\debug\2.jar --classpath_entry D:\FanSerials\FanSerials\app\build\intermediates\transforms\stackFramesFixer\debug\3.jar --classpath_entry D:\FanSerials\FanSerials\app\build\intermediates\transforms\stackFramesFixer\debug\4.jar --classpath_entry D:\FanSerials\FanSerials\app\build\intermediates\transforms\stackFramesFixer\debug\5.jar --classpath_entry D:\FanSerials\FanSerials\app\build\intermediates\transforms\stackFramesFixer\debug\6.jar --classpath_entry D:\FanSerials\FanSerials\app\build\intermediates\transforms\stackFramesFixer\debug\7.jar --classpath_entry D:\FanSerials\FanSerials\app\build\intermediates\transforms\stackFramesFixer\debug\8.jar --classpath_entry D:\FanSerials\FanSerials\app\build\intermediates\transforms\stackFramesFixer\debug\9.jar --classpath_entry D:\FanSerials\F
java_class_path (initial): C:\Users\Ivan\AppData\Local\Temp\desugar_deploy.jar7065701444966566622
Launcher Type: SUN_STANDARD

Environment Variables:
PATH=C:\ProgramData\Oracle\Java\javapath;C:\WINDOWS\system32;C:\WINDOWS;C:\WINDOWS\System32\Wbem;C:\WINDOWS\System32\WindowsPowerShell\v1.0\;C:\Program Files (x86)\NVIDIA Corporation\PhysX\Common;C:\Users\Ivan\AppData\Local\Microsoft\WindowsApps;
USERNAME=Ivan
OS=Windows_NT
PROCESSOR_IDENTIFIER=Intel64 Family 6 Model 60 Stepping 3, GenuineIntel



---------------  S Y S T E M  ---------------

OS: Windows 10.0 , 64 bit Build 16299 (10.0.16299.15)

CPU:total 8 (initial active 8) (4 cores per cpu, 2 threads per core) family 6 model 60 stepping 3, cmov, cx8, fxsr, mmx, sse, sse2, sse3, ssse3, sse4.1, sse4.2, popcnt, avx, avx2, aes, clmul, erms, lzcnt, ht, tsc, tscinvbit, bmi1, bmi2

Memory: 4k page, physical 8268984k(734364k free), swap 10316984k(3188k free)

vm_info: OpenJDK 64-Bit Server VM (25.152-b02) for windows-amd64 JRE (1.8.0_152-release-1024-b02), built by "builder" with MS VC++ 10.0 (VS2010)

time: Wed Mar 28 23:31:14 2018
elapsed time: 9 seconds (0d 0h 0m 9s)

