#
# There is insufficient memory for the Java Runtime Environment to continue.
# Native memory allocation (malloc) failed to allocate 32744 bytes for ChunkPool::allocate
# Possible reasons:
#   The system is out of physical RAM or swap space
#   In 32 bit mode, the process size limit was hit
# Possible solutions:
#   Reduce memory load on the system
#   Increase physical memory or swap space
#   Check if swap backing store is full
#   Use 64 bit Java on a 64 bit OS
#   Decrease Java heap size (-Xmx/-Xms)
#   Decrease number of Java threads
#   Decrease Java thread stack sizes (-Xss)
#   Set larger code cache with -XX:ReservedCodeCacheSize=
# This output file may be truncated or incomplete.
#
#  Out of Memory Error (allocation.cpp:273), pid=8996, tid=0x0000000000001738
#
# JRE version: OpenJDK Runtime Environment (8.0_152-b01) (build 1.8.0_152-release-915-b01)
# Java VM: OpenJDK 64-Bit Server VM (25.152-b01 mixed mode windows-amd64 compressed oops)
# Failed to write core dump. Minidumps are not enabled by default on client versions of Windows
#

---------------  T H R E A D  ---------------

Current thread (0x0000000016d6d000):  JavaThread "C2 CompilerThread0" daemon [_thread_in_native, id=5944, stack(0x0000000017630000,0x0000000017730000)]

Stack: [0x0000000017630000,0x0000000017730000]
[error occurred during error reporting (printing stack bounds), id 0xc0000005]

Native frames: (J=compiled Java code, j=interpreted, Vv=VM code, C=native code)


Current CompileTask:
C2:   2415  799       4       org.objectweb.asm.ClassReader::a (3587 bytes)


---------------  P R O C E S S  ---------------

Java Threads: ( => current thread )
  0x0000000016d83000 JavaThread "Service Thread" daemon [_thread_blocked, id=6764, stack(0x0000000017a30000,0x0000000017b30000)]
  0x0000000016d75800 JavaThread "C1 CompilerThread3" daemon [_thread_blocked, id=11064, stack(0x0000000017930000,0x0000000017a30000)]
  0x0000000016d74800 JavaThread "C2 CompilerThread2" daemon [_thread_in_native, id=12228, stack(0x0000000017830000,0x0000000017930000)]
  0x0000000016d70000 JavaThread "C2 CompilerThread1" daemon [_thread_in_native, id=11340, stack(0x0000000017730000,0x0000000017830000)]
=>0x0000000016d6d000 JavaThread "C2 CompilerThread0" daemon [_thread_in_native, id=5944, stack(0x0000000017630000,0x0000000017730000)]
  0x0000000016d6b800 JavaThread "Attach Listener" daemon [_thread_blocked, id=8968, stack(0x0000000017530000,0x0000000017630000)]
  0x0000000016d6a000 JavaThread "Signal Dispatcher" daemon [_thread_blocked, id=5520, stack(0x0000000017430000,0x0000000017530000)]
  0x0000000016d60800 JavaThread "Finalizer" daemon [_thread_blocked, id=8328, stack(0x0000000017140000,0x0000000017240000)]
  0x0000000004687000 JavaThread "Reference Handler" daemon [_thread_blocked, id=2072, stack(0x0000000016c40000,0x0000000016d40000)]
  0x000000000448e800 JavaThread "main" [_thread_in_Java, id=9556, stack(0x0000000004490000,0x0000000004590000)]

Other Threads:
  0x0000000014e35000 VMThread [stack: 0x0000000016b40000,0x0000000016c40000] [id=12392]
  0x0000000016d84000 WatcherThread [stack: 0x0000000017b30000,0x0000000017c30000] [id=3440]

VM state:not at safepoint (normal execution)

VM Mutex/Monitor currently owned by a thread: None

Heap:
 PSYoungGen      total 18944K, used 13659K [0x00000000feb00000, 0x0000000100000000, 0x0000000100000000)
  eden space 16384K, 67% used [0x00000000feb00000,0x00000000ff5d8728,0x00000000ffb00000)
  from space 2560K, 99% used [0x00000000ffd80000,0x00000000ffffe800,0x0000000100000000)
  to   space 2560K, 0% used [0x00000000ffb00000,0x00000000ffb00000,0x00000000ffd80000)
 ParOldGen       total 44032K, used 5038K [0x00000000fc000000, 0x00000000feb00000, 0x00000000feb00000)
  object space 44032K, 11% used [0x00000000fc000000,0x00000000fc4ebb60,0x00000000feb00000)
 Metaspace       used 7573K, capacity 7708K, committed 7936K, reserved 1056768K
  class space    used 869K, capacity 956K, committed 1024K, reserved 1048576K

Card table byte_map: [0x0000000004280000,0x00000000042b0000] byte_map_base: 0x0000000003aa0000

Marking Bits: (ParMarkBitMap*) 0x00000000704c3950
 Begin Bits: [0x0000000014250000, 0x0000000014350000)
 End Bits:   [0x0000000014350000, 0x0000000014450000)

Polling page: 0x0000000002720000

CodeCache: size=245760Kb used=3788Kb max_used=3797Kb free=241971Kb
 bounds [0x0000000004690000, 0x0000000004a50000, 0x0000000013690000]
 total_blobs=1339 nmethods=1007 adapters=245
 compilation: enabled

Compilation events (10 events):
Event: 2.404 Thread 0x0000000016d75800 1007       3       com.google.common.collect.Iterators::forArray (51 bytes)
Event: 2.406 Thread 0x0000000016d75800 nmethod 1007 0x0000000004a3fb50 code [0x0000000004a3fd80, 0x0000000004a40898]
Event: 2.406 Thread 0x0000000016d75800 1010       3       sun.util.calendar.ZoneInfo::getTransitionIndex (156 bytes)
Event: 2.406 Thread 0x0000000016d75800 nmethod 1010 0x0000000004a43d10 code [0x0000000004a43ea0, 0x0000000004a44370]
Event: 2.406 Thread 0x0000000016d75800 1009       3       com.google.common.collect.ImmutableList::iterator (5 bytes)
Event: 2.406 Thread 0x0000000016d75800 nmethod 1009 0x0000000004a3f610 code [0x0000000004a3f780, 0x0000000004a3fa68]
Event: 2.406 Thread 0x0000000016d75800 1008       3       com.google.common.base.Preconditions::checkPositionIndexes (29 bytes)
Event: 2.407 Thread 0x0000000016d75800 nmethod 1008 0x0000000004a437d0 code [0x0000000004a43940, 0x0000000004a43bf8]
Event: 2.408 Thread 0x0000000016d74800 nmethod 1002 0x0000000004a42c50 code [0x0000000004a42de0, 0x0000000004a43278]
Event: 2.408 Thread 0x0000000016d74800 1006       4       org.objectweb.asm.ClassWriter::newUTF8 (70 bytes)

GC Heap History (4 events):
Event: 1.082 GC heap before
{Heap before GC invocations=1 (full 0):
 PSYoungGen      total 18944K, used 16384K [0x00000000feb00000, 0x0000000100000000, 0x0000000100000000)
  eden space 16384K, 100% used [0x00000000feb00000,0x00000000ffb00000,0x00000000ffb00000)
  from space 2560K, 0% used [0x00000000ffd80000,0x00000000ffd80000,0x0000000100000000)
  to   space 2560K, 0% used [0x00000000ffb00000,0x00000000ffb00000,0x00000000ffd80000)
 ParOldGen       total 44032K, used 0K [0x00000000fc000000, 0x00000000feb00000, 0x00000000feb00000)
  object space 44032K, 0% used [0x00000000fc000000,0x00000000fc000000,0x00000000feb00000)
 Metaspace       used 6496K, capacity 6606K, committed 6784K, reserved 1056768K
  class space    used 768K, capacity 823K, committed 896K, reserved 1048576K
Event: 1.089 GC heap after
Heap after GC invocations=1 (full 0):
 PSYoungGen      total 18944K, used 2528K [0x00000000feb00000, 0x0000000100000000, 0x0000000100000000)
  eden space 16384K, 0% used [0x00000000feb00000,0x00000000feb00000,0x00000000ffb00000)
  from space 2560K, 98% used [0x00000000ffb00000,0x00000000ffd78030,0x00000000ffd80000)
  to   space 2560K, 0% used [0x00000000ffd80000,0x00000000ffd80000,0x0000000100000000)
 ParOldGen       total 44032K, used 1659K [0x00000000fc000000, 0x00000000feb00000, 0x00000000feb00000)
  object space 44032K, 3% used [0x00000000fc000000,0x00000000fc19ee58,0x00000000feb00000)
 Metaspace       used 6496K, capacity 6606K, committed 6784K, reserved 1056768K
  class space    used 768K, capacity 823K, committed 896K, reserved 1048576K
}
Event: 1.820 GC heap before
{Heap before GC invocations=2 (full 0):
 PSYoungGen      total 18944K, used 18912K [0x00000000feb00000, 0x0000000100000000, 0x0000000100000000)
  eden space 16384K, 100% used [0x00000000feb00000,0x00000000ffb00000,0x00000000ffb00000)
  from space 2560K, 98% used [0x00000000ffb00000,0x00000000ffd78030,0x00000000ffd80000)
  to   space 2560K, 0% used [0x00000000ffd80000,0x00000000ffd80000,0x0000000100000000)
 ParOldGen       total 44032K, used 1659K [0x00000000fc000000, 0x00000000feb00000, 0x00000000feb00000)
  object space 44032K, 3% used [0x00000000fc000000,0x00000000fc19ee58,0x00000000feb00000)
 Metaspace       used 7464K, capacity 7644K, committed 7936K, reserved 1056768K
  class space    used 868K, capacity 956K, committed 1024K, reserved 1048576K
Event: 1.975 GC heap after
Heap after GC invocations=2 (full 0):
 PSYoungGen      total 18944K, used 2554K [0x00000000feb00000, 0x0000000100000000, 0x0000000100000000)
  eden space 16384K, 0% used [0x00000000feb00000,0x00000000feb00000,0x00000000ffb00000)
  from space 2560K, 99% used [0x00000000ffd80000,0x00000000ffffe800,0x0000000100000000)
  to   space 2560K, 0% used [0x00000000ffb00000,0x00000000ffb00000,0x00000000ffd80000)
 ParOldGen       total 44032K, used 5038K [0x00000000fc000000, 0x00000000feb00000, 0x00000000feb00000)
  object space 44032K, 11% used [0x00000000fc000000,0x00000000fc4ebb60,0x00000000feb00000)
 Metaspace       used 7464K, capacity 7644K, committed 7936K, reserved 1056768K
  class space    used 868K, capacity 956K, committed 1024K, reserved 1048576K
}

Deoptimization events (10 events):
Event: 1.650 Thread 0x000000000448e800 Uncommon trap: reason=unstable_if action=reinterpret pc=0x000000000486cd78 method=java.lang.String.<init>([CII)V @ 18
Event: 1.701 Thread 0x000000000448e800 Uncommon trap: reason=unstable_if action=reinterpret pc=0x000000000493862c method=org.objectweb.asm.ClassReader.readUTF8(I[C)Ljava/lang/String; @ 7
Event: 1.710 Thread 0x000000000448e800 Uncommon trap: reason=unstable_if action=reinterpret pc=0x000000000493c198 method=org.objectweb.asm.Item.a(Lorg/objectweb/asm/Item;)Z @ 345
Event: 1.781 Thread 0x000000000448e800 Uncommon trap: reason=unstable_if action=reinterpret pc=0x00000000049952dc method=org.objectweb.asm.Type.getArgumentsAndReturnSizes(Ljava/lang/String;)I @ 136
Event: 1.781 Thread 0x000000000448e800 Uncommon trap: reason=unstable_if action=reinterpret pc=0x000000000498c3ac method=org.objectweb.asm.MethodWriter.visitVarInsn(II)V @ 130
Event: 2.193 Thread 0x000000000448e800 Uncommon trap: reason=bimorphic action=maybe_recompile pc=0x00000000049da24c method=org.objectweb.asm.MethodVisitor.visitInsn(I)V @ 12
Event: 2.194 Thread 0x000000000448e800 Uncommon trap: reason=bimorphic action=maybe_recompile pc=0x00000000049da24c method=org.objectweb.asm.MethodVisitor.visitInsn(I)V @ 12
Event: 2.194 Thread 0x000000000448e800 Uncommon trap: reason=bimorphic action=maybe_recompile pc=0x00000000049da24c method=org.objectweb.asm.MethodVisitor.visitInsn(I)V @ 12
Event: 2.339 Thread 0x000000000448e800 Uncommon trap: reason=unstable_if action=reinterpret pc=0x0000000004999c3c method=org.objectweb.asm.ClassReader.a(II[C)Ljava/lang/String; @ 77
Event: 2.340 Thread 0x000000000448e800 Uncommon trap: reason=unstable_if action=reinterpret pc=0x00000000049968ac method=org.objectweb.asm.ByteVector.putUTF8(Ljava/lang/String;)Lorg/objectweb/asm/ByteVector; @ 91

Classes redefined (0 events):
No events

Internal exceptions (10 events):
Event: 1.117 Thread 0x000000000448e800 Implicit null exception at 0x00000000048aeb0c to 0x00000000048af409
Event: 1.178 Thread 0x000000000448e800 Exception <a 'sun/nio/fs/WindowsException'> (0x00000000ff133fa0) thrown at [D:\src\AOSP-openjdk-cygwin\jdk8u\hotspot\src\share\vm\prims\jni.cpp, line 709]
Event: 1.178 Thread 0x000000000448e800 Exception <a 'sun/nio/fs/WindowsException'> (0x00000000ff134560) thrown at [D:\src\AOSP-openjdk-cygwin\jdk8u\hotspot\src\share\vm\prims\jni.cpp, line 709]
Event: 1.179 Thread 0x000000000448e800 Exception <a 'sun/nio/fs/WindowsException'> (0x00000000ff134b30) thrown at [D:\src\AOSP-openjdk-cygwin\jdk8u\hotspot\src\share\vm\prims\jni.cpp, line 709]
Event: 1.179 Thread 0x000000000448e800 Exception <a 'sun/nio/fs/WindowsException'> (0x00000000ff1352f0) thrown at [D:\src\AOSP-openjdk-cygwin\jdk8u\hotspot\src\share\vm\prims\jni.cpp, line 709]
Event: 1.179 Thread 0x000000000448e800 Exception <a 'sun/nio/fs/WindowsException'> (0x00000000ff135898) thrown at [D:\src\AOSP-openjdk-cygwin\jdk8u\hotspot\src\share\vm\prims\jni.cpp, line 709]
Event: 1.179 Thread 0x000000000448e800 Exception <a 'sun/nio/fs/WindowsException'> (0x00000000ff136048) thrown at [D:\src\AOSP-openjdk-cygwin\jdk8u\hotspot\src\share\vm\prims\jni.cpp, line 709]
Event: 1.187 Thread 0x000000000448e800 Exception <a 'sun/nio/fs/WindowsException'> (0x00000000ff13b3c8) thrown at [D:\src\AOSP-openjdk-cygwin\jdk8u\hotspot\src\share\vm\prims\jni.cpp, line 709]
Event: 1.312 Thread 0x000000000448e800 Exception <a 'sun/nio/fs/WindowsException'> (0x00000000ff438df0) thrown at [D:\src\AOSP-openjdk-cygwin\jdk8u\hotspot\src\share\vm\prims\jni.cpp, line 709]
Event: 1.312 Thread 0x000000000448e800 Exception <a 'sun/nio/fs/WindowsException'> (0x00000000ff439368) thrown at [D:\src\AOSP-openjdk-cygwin\jdk8u\hotspot\src\share\vm\prims\jni.cpp, line 709]

Events (10 events):
Event: 2.194 Thread 0x000000000448e800 DEOPT PACKING pc=0x00000000049da24c sp=0x000000000458eb60
Event: 2.194 Thread 0x000000000448e800 DEOPT UNPACKING pc=0x00000000046d556a sp=0x000000000458eb00 mode 2
Event: 2.194 loading class com/google/devtools/build/android/desugar/Java7Compatibility$InlineOneMethod
Event: 2.194 loading class com/google/devtools/build/android/desugar/Java7Compatibility$InlineOneMethod done
Event: 2.339 Thread 0x000000000448e800 Uncommon trap: trap_request=0xffffff65 fr.pc=0x0000000004999c3c
Event: 2.339 Thread 0x000000000448e800 DEOPT PACKING pc=0x0000000004999c3c sp=0x000000000458ec80
Event: 2.339 Thread 0x000000000448e800 DEOPT UNPACKING pc=0x00000000046d556a sp=0x000000000458eb98 mode 2
Event: 2.340 Thread 0x000000000448e800 Uncommon trap: trap_request=0xffffff65 fr.pc=0x00000000049968ac
Event: 2.340 Thread 0x000000000448e800 DEOPT PACKING pc=0x00000000049968ac sp=0x000000000458e9d0
Event: 2.340 Thread 0x000000000448e800 DEOPT UNPACKING pc=0x00000000046d556a sp=0x000000000458e910 mode 2


Dynamic libraries:
0x00007ff637c40000 - 0x00007ff637c71000 	C:\Program Files\Android\Android Studio\jre\bin\java.exe
0x00007ffbdc1c0000 - 0x00007ffbdc3a0000 	C:\WINDOWS\SYSTEM32\ntdll.dll
0x00007ffbdb980000 - 0x00007ffbdba2e000 	C:\WINDOWS\System32\KERNEL32.DLL
0x00007ffbd9070000 - 0x00007ffbd92d6000 	C:\WINDOWS\System32\KERNELBASE.dll
0x00007ffbdc0e0000 - 0x00007ffbdc181000 	C:\WINDOWS\System32\ADVAPI32.dll
0x00007ffbdae70000 - 0x00007ffbdaf0d000 	C:\WINDOWS\System32\msvcrt.dll
0x00007ffbdbe90000 - 0x00007ffbdbeeb000 	C:\WINDOWS\System32\sechost.dll
0x00007ffbdbfc0000 - 0x00007ffbdc0df000 	C:\WINDOWS\System32\RPCRT4.dll
0x00007ffbdace0000 - 0x00007ffbdae6f000 	C:\WINDOWS\System32\USER32.dll
0x00007ffbd85c0000 - 0x00007ffbd85e0000 	C:\WINDOWS\System32\win32u.dll
0x00007ffbdaaf0000 - 0x00007ffbdab18000 	C:\WINDOWS\System32\GDI32.dll
0x00007ffbd9340000 - 0x00007ffbd94d3000 	C:\WINDOWS\System32\gdi32full.dll
0x00007ffbd8f50000 - 0x00007ffbd8feb000 	C:\WINDOWS\System32\msvcp_win.dll
0x00007ffbd9590000 - 0x00007ffbd9686000 	C:\WINDOWS\System32\ucrtbase.dll
0x00007ffbd1130000 - 0x00007ffbd1399000 	C:\WINDOWS\WinSxS\amd64_microsoft.windows.common-controls_6595b64144ccf1df_6.0.16299.248_none_15ced204935f55d7\COMCTL32.dll
0x00007ffbdb4c0000 - 0x00007ffbdb7c8000 	C:\WINDOWS\System32\combase.dll
0x00007ffbd8ff0000 - 0x00007ffbd9062000 	C:\WINDOWS\System32\bcryptPrimitives.dll
0x00007ffbdb320000 - 0x00007ffbdb34d000 	C:\WINDOWS\System32\IMM32.DLL
0x000000006fb40000 - 0x000000006fc12000 	C:\Program Files\Android\Android Studio\jre\jre\bin\msvcr100.dll
0x000000006fd00000 - 0x000000007053e000 	C:\Program Files\Android\Android Studio\jre\jre\bin\server\jvm.dll
0x00007ffbdbe80000 - 0x00007ffbdbe88000 	C:\WINDOWS\System32\PSAPI.DLL
0x00007ffbd5f20000 - 0x00007ffbd5f43000 	C:\WINDOWS\SYSTEM32\WINMM.dll
0x00007ffbd6880000 - 0x00007ffbd688a000 	C:\WINDOWS\SYSTEM32\VERSION.dll
0x00007ffbccf40000 - 0x00007ffbccf49000 	C:\WINDOWS\SYSTEM32\WSOCK32.dll
0x00007ffbdb2b0000 - 0x00007ffbdb31c000 	C:\WINDOWS\System32\WS2_32.dll
0x00007ffbd5ec0000 - 0x00007ffbd5eea000 	C:\WINDOWS\SYSTEM32\WINMMBASE.dll
0x00007ffbd87b0000 - 0x00007ffbd87fa000 	C:\WINDOWS\System32\cfgmgr32.dll
0x00007ffbccf30000 - 0x00007ffbccf3f000 	C:\Program Files\Android\Android Studio\jre\jre\bin\verify.dll
0x00007ffbccee0000 - 0x00007ffbccf09000 	C:\Program Files\Android\Android Studio\jre\jre\bin\java.dll
0x00007ffbccec0000 - 0x00007ffbcced6000 	C:\Program Files\Android\Android Studio\jre\jre\bin\zip.dll
0x00007ffbd9690000 - 0x00007ffbdaac6000 	C:\WINDOWS\System32\SHELL32.dll
0x00007ffbdb7d0000 - 0x00007ffbdb876000 	C:\WINDOWS\System32\shcore.dll
0x00007ffbd8800000 - 0x00007ffbd8f47000 	C:\WINDOWS\System32\windows.storage.dll
0x00007ffbdaf10000 - 0x00007ffbdaf61000 	C:\WINDOWS\System32\shlwapi.dll
0x00007ffbd8550000 - 0x00007ffbd8561000 	C:\WINDOWS\System32\kernel.appcore.dll
0x00007ffbd8570000 - 0x00007ffbd85bc000 	C:\WINDOWS\System32\powrprof.dll
0x00007ffbd8510000 - 0x00007ffbd852b000 	C:\WINDOWS\System32\profapi.dll
0x00007ffbd81e0000 - 0x00007ffbd81f7000 	C:\WINDOWS\SYSTEM32\CRYPTSP.dll
0x00007ffbd7600000 - 0x00007ffbd7633000 	C:\WINDOWS\system32\rsaenh.dll
0x00007ffbd7f40000 - 0x00007ffbd7f65000 	C:\WINDOWS\SYSTEM32\bcrypt.dll
0x00007ffbd8440000 - 0x00007ffbd8469000 	C:\WINDOWS\SYSTEM32\USERENV.dll
0x00007ffbd7bb0000 - 0x00007ffbd7bbb000 	C:\WINDOWS\SYSTEM32\CRYPTBASE.dll
0x00007ffbccea0000 - 0x00007ffbcceba000 	C:\Program Files\Android\Android Studio\jre\jre\bin\net.dll
0x00007ffbd79f0000 - 0x00007ffbd7a56000 	C:\WINDOWS\system32\mswsock.dll
0x00007ffbd7780000 - 0x00007ffbd77b9000 	C:\WINDOWS\SYSTEM32\IPHLPAPI.DLL
0x00007ffbdaf70000 - 0x00007ffbdaf78000 	C:\WINDOWS\System32\NSI.dll
0x00007ffbd20a0000 - 0x00007ffbd20b6000 	C:\WINDOWS\SYSTEM32\dhcpcsvc6.DLL
0x00007ffbd2080000 - 0x00007ffbd209a000 	C:\WINDOWS\SYSTEM32\dhcpcsvc.DLL
0x00007ffbcce20000 - 0x00007ffbcce31000 	C:\Program Files\Android\Android Studio\jre\jre\bin\nio.dll

VM Arguments:
jvm_args: -Djava.awt.headless=true -Xmx64M -Dfile.encoding=windows-1251 -Duser.country=UA -Duser.language=uk -Duser.variant 
java_command: com.google.devtools.build.android.desugar.Desugar --input D:\FanSerials\FanSerials\app\build\intermediates\transforms\stackFramesFixer\debug\5.jar --output D:\FanSerials\FanSerials\app\build\intermediates\transforms\desugar\debug\6.jar --input D:\FanSerials\FanSerials\app\build\intermediates\transforms\stackFramesFixer\debug\12.jar --output D:\FanSerials\FanSerials\app\build\intermediates\transforms\desugar\debug\13.jar --input D:\FanSerials\FanSerials\app\build\intermediates\classes\debug --output D:\FanSerials\FanSerials\app\build\intermediates\transforms\desugar\debug\0 --classpath_entry D:\FanSerials\FanSerials\app\build\intermediates\classes\debug --classpath_entry D:\FanSerials\FanSerials\app\build\intermediates\transforms\stackFramesFixer\debug\0.jar --classpath_entry D:\FanSerials\FanSerials\app\build\intermediates\transforms\stackFramesFixer\debug\1.jar --classpath_entry D:\FanSerials\FanSerials\app\build\intermediates\transforms\stackFramesFixer\debug\2.jar --classpath_entry D:\FanSerials\FanSerials\app\build\intermediates\transforms\stackFramesFixer\debug\3.jar --classpath_entry D:\FanSerials\FanSerials\app\build\intermediates\transforms\stackFramesFixer\debug\4.jar --classpath_entry D:\FanSerials\FanSerials\app\build\intermediates\transforms\stackFramesFixer\debug\5.jar --classpath_entry D:\FanSerials\FanSerials\app\build\intermediates\transforms\stackFramesFixer\debug\6.jar --classpath_entry D:\FanSerials\FanSerials\app\build\intermediates\transforms\stackFramesFixer\debug\7.jar --classpath_entry D:\FanSerials\FanSerials\app\build\intermediates\transforms\stackFramesFixer\debug\8.jar --classpath_entry D:\FanSerials\FanSerials\app\build\intermediates\transforms\stackFramesFixer\debug\9.jar --classpath_entry D:\FanSerials\FanSerials\app\build\intermediates\transforms\stackFramesFixer\debug\10.jar --classpath_entry D:\FanSerials\FanSerials\app\build\intermediates\transforms\stackFramesFixer\debug\11.jar --classpath_entry D:\FanSerials\FanSe
java_class_path (initial): C:\Users\Ivan\AppData\Local\Temp\desugar_deploy.jar2028824752295189420
Launcher Type: SUN_STANDARD

Environment Variables:
PATH=C:\ProgramData\Oracle\Java\javapath;C:\WINDOWS\system32;C:\WINDOWS;C:\WINDOWS\System32\Wbem;C:\WINDOWS\System32\WindowsPowerShell\v1.0\;C:\Program Files (x86)\NVIDIA Corporation\PhysX\Common;C:\Users\Ivan\AppData\Local\Microsoft\WindowsApps;
USERNAME=Ivan
OS=Windows_NT
PROCESSOR_IDENTIFIER=Intel64 Family 6 Model 60 Stepping 3, GenuineIntel



---------------  S Y S T E M  ---------------

OS: Windows 10.0 , 64 bit Build 16299 (10.0.16299.15)

CPU:total 8 (initial active 8) (4 cores per cpu, 2 threads per core) family 6 model 60 stepping 3, cmov, cx8, fxsr, mmx, sse, sse2, sse3, ssse3, sse4.1, sse4.2, popcnt, avx, avx2, aes, clmul, erms, lzcnt, ht, tsc, tscinvbit, bmi1, bmi2

Memory: 4k page, physical 8268984k(830688k free), swap 10316984k(61204k free)

vm_info: OpenJDK 64-Bit Server VM (25.152-b01) for windows-amd64 JRE (1.8.0_152-release-915-b01), built by "builder" with MS VC++ 10.0 (VS2010)

time: Thu Mar 08 17:46:18 2018
elapsed time: 2 seconds (0d 0h 0m 2s)

