#
# There is insufficient memory for the Java Runtime Environment to continue.
# Native memory allocation (malloc) failed to allocate 94736 bytes for Chunk::new
# Possible reasons:
#   The system is out of physical RAM or swap space
#   In 32 bit mode, the process size limit was hit
# Possible solutions:
#   Reduce memory load on the system
#   Increase physical memory or swap space
#   Check if swap backing store is full
#   Use 64 bit Java on a 64 bit OS
#   Decrease Java heap size (-Xmx/-Xms)
#   Decrease number of Java threads
#   Decrease Java thread stack sizes (-Xss)
#   Set larger code cache with -XX:ReservedCodeCacheSize=
# This output file may be truncated or incomplete.
#
#  Out of Memory Error (allocation.cpp:390), pid=8268, tid=0x00000000000010dc
#
# JRE version: OpenJDK Runtime Environment (8.0_152-b02) (build 1.8.0_152-release-1024-b02)
# Java VM: OpenJDK 64-Bit Server VM (25.152-b02 mixed mode windows-amd64 compressed oops)
# Failed to write core dump. Minidumps are not enabled by default on client versions of Windows
#

---------------  T H R E A D  ---------------

Current thread (0x0000000017549000):  JavaThread "C2 CompilerThread0" daemon [_thread_in_native, id=4316, stack(0x0000000017e20000,0x0000000017f20000)]

Stack: [0x0000000017e20000,0x0000000017f20000]
[error occurred during error reporting (printing stack bounds), id 0xc0000005]

Native frames: (J=compiled Java code, j=interpreted, Vv=VM code, C=native code)


Current CompileTask:
C2:   1682  983       4       com.google.devtools.build.android.desugar.InterfaceDesugaring$InterfaceInvocationRewriter::visitMethodInsn (288 bytes)


---------------  P R O C E S S  ---------------

Java Threads: ( => current thread )
  0x00000000175f1800 JavaThread "Service Thread" daemon [_thread_blocked, id=4332, stack(0x0000000018220000,0x0000000018320000)]
  0x0000000017557800 JavaThread "C1 CompilerThread3" daemon [_thread_blocked, id=13640, stack(0x0000000018120000,0x0000000018220000)]
  0x0000000017551800 JavaThread "C2 CompilerThread2" daemon [_thread_in_native, id=9812, stack(0x0000000018020000,0x0000000018120000)]
  0x000000001754c000 JavaThread "C2 CompilerThread1" daemon [_thread_in_native, id=14064, stack(0x0000000017f20000,0x0000000018020000)]
=>0x0000000017549000 JavaThread "C2 CompilerThread0" daemon [_thread_in_native, id=4316, stack(0x0000000017e20000,0x0000000017f20000)]
  0x0000000017548000 JavaThread "Attach Listener" daemon [_thread_blocked, id=13600, stack(0x0000000017d20000,0x0000000017e20000)]
  0x0000000017547000 JavaThread "Signal Dispatcher" daemon [_thread_blocked, id=13332, stack(0x0000000017c20000,0x0000000017d20000)]
  0x0000000017541800 JavaThread "Finalizer" daemon [_thread_blocked, id=5976, stack(0x0000000017920000,0x0000000017a20000)]
  0x0000000004e79000 JavaThread "Reference Handler" daemon [_thread_blocked, id=8608, stack(0x0000000017420000,0x0000000017520000)]
  0x0000000004d83800 JavaThread "main" [_thread_in_vm, id=8232, stack(0x0000000004c70000,0x0000000004d70000)]

Other Threads:
  0x0000000015645800 VMThread [stack: 0x0000000017320000,0x0000000017420000] [id=2408]
  0x00000000175f2800 WatcherThread [stack: 0x0000000018320000,0x0000000018420000] [id=13460]

VM state:not at safepoint (normal execution)

VM Mutex/Monitor currently owned by a thread: None

Heap:
 PSYoungGen      total 18944K, used 12120K [0x00000000feb00000, 0x0000000100000000, 0x0000000100000000)
  eden space 16384K, 58% used [0x00000000feb00000,0x00000000ff4578a0,0x00000000ffb00000)
  from space 2560K, 99% used [0x00000000ffd80000,0x00000000ffffe7e0,0x0000000100000000)
  to   space 2560K, 0% used [0x00000000ffb00000,0x00000000ffb00000,0x00000000ffd80000)
 ParOldGen       total 44032K, used 5095K [0x00000000fc000000, 0x00000000feb00000, 0x00000000feb00000)
  object space 44032K, 11% used [0x00000000fc000000,0x00000000fc4f9e28,0x00000000feb00000)
 Metaspace       used 7616K, capacity 7812K, committed 7936K, reserved 1056768K
  class space    used 870K, capacity 970K, committed 1024K, reserved 1048576K

Card table byte_map: [0x0000000003460000,0x0000000003490000] byte_map_base: 0x0000000002c80000

Marking Bits: (ParMarkBitMap*) 0x000000005cc34970
 Begin Bits: [0x0000000014a40000, 0x0000000014b40000)
 End Bits:   [0x0000000014b40000, 0x0000000014c40000)

Polling page: 0x00000000033e0000

CodeCache: size=245760Kb used=3677Kb max_used=3687Kb free=242082Kb
 bounds [0x0000000004e80000, 0x0000000005220000, 0x0000000013e80000]
 total_blobs=1313 nmethods=981 adapters=246
 compilation: enabled

Compilation events (10 events):
Event: 1.645 Thread 0x0000000017557800  979       3       org.objectweb.asm.tree.AbstractInsnNode::acceptAnnotations (149 bytes)
Event: 1.645 Thread 0x0000000017557800 nmethod 979 0x00000000052168d0 code [0x0000000005216ae0, 0x0000000005217698]
Event: 1.647 Thread 0x0000000017557800  980       3       org.objectweb.asm.MethodVisitor::visitTryCatchBlock (20 bytes)
Event: 1.647 Thread 0x0000000017557800 nmethod 980 0x0000000005216410 code [0x0000000005216580, 0x00000000052167e8]
Event: 1.649 Thread 0x000000001754c000  981       4       org.objectweb.asm.MethodWriter::visitVarInsn (300 bytes)
Event: 1.653 Thread 0x000000001754c000 nmethod 981 0x000000000521b890 code [0x000000000521ba00, 0x000000000521beb8]
Event: 1.664 Thread 0x0000000017557800  982       3       java.util.zip.ZipFile$ZipFileInputStream::<init> (41 bytes)
Event: 1.664 Thread 0x0000000017557800 nmethod 982 0x0000000005215cd0 code [0x0000000005215e60, 0x00000000052161f8]
Event: 1.667 Thread 0x0000000017549000  983       4       com.google.devtools.build.android.desugar.InterfaceDesugaring$InterfaceInvocationRewriter::visitMethodInsn (288 bytes)
Event: 1.667 Thread 0x000000001754c000  984       4       org.objectweb.asm.MethodWriter::visitFieldInsn (256 bytes)

GC Heap History (4 events):
Event: 0.899 GC heap before
{Heap before GC invocations=1 (full 0):
 PSYoungGen      total 18944K, used 16384K [0x00000000feb00000, 0x0000000100000000, 0x0000000100000000)
  eden space 16384K, 100% used [0x00000000feb00000,0x00000000ffb00000,0x00000000ffb00000)
  from space 2560K, 0% used [0x00000000ffd80000,0x00000000ffd80000,0x0000000100000000)
  to   space 2560K, 0% used [0x00000000ffb00000,0x00000000ffb00000,0x00000000ffd80000)
 ParOldGen       total 44032K, used 0K [0x00000000fc000000, 0x00000000feb00000, 0x00000000feb00000)
  object space 44032K, 0% used [0x00000000fc000000,0x00000000fc000000,0x00000000feb00000)
 Metaspace       used 6695K, capacity 6874K, committed 7040K, reserved 1056768K
  class space    used 791K, capacity 871K, committed 896K, reserved 1048576K
Event: 0.907 GC heap after
Heap after GC invocations=1 (full 0):
 PSYoungGen      total 18944K, used 2544K [0x00000000feb00000, 0x0000000100000000, 0x0000000100000000)
  eden space 16384K, 0% used [0x00000000feb00000,0x00000000feb00000,0x00000000ffb00000)
  from space 2560K, 99% used [0x00000000ffb00000,0x00000000ffd7c020,0x00000000ffd80000)
  to   space 2560K, 0% used [0x00000000ffd80000,0x00000000ffd80000,0x0000000100000000)
 ParOldGen       total 44032K, used 1422K [0x00000000fc000000, 0x00000000feb00000, 0x00000000feb00000)
  object space 44032K, 3% used [0x00000000fc000000,0x00000000fc163a48,0x00000000feb00000)
 Metaspace       used 6695K, capacity 6874K, committed 7040K, reserved 1056768K
  class space    used 791K, capacity 871K, committed 896K, reserved 1048576K
}
Event: 1.314 GC heap before
{Heap before GC invocations=2 (full 0):
 PSYoungGen      total 18944K, used 18928K [0x00000000feb00000, 0x0000000100000000, 0x0000000100000000)
  eden space 16384K, 100% used [0x00000000feb00000,0x00000000ffb00000,0x00000000ffb00000)
  from space 2560K, 99% used [0x00000000ffb00000,0x00000000ffd7c020,0x00000000ffd80000)
  to   space 2560K, 0% used [0x00000000ffd80000,0x00000000ffd80000,0x0000000100000000)
 ParOldGen       total 44032K, used 1422K [0x00000000fc000000, 0x00000000feb00000, 0x00000000feb00000)
  object space 44032K, 3% used [0x00000000fc000000,0x00000000fc163a48,0x00000000feb00000)
 Metaspace       used 7538K, capacity 7748K, committed 7936K, reserved 1056768K
  class space    used 869K, capacity 970K, committed 1024K, reserved 1048576K
Event: 1.322 GC heap after
Heap after GC invocations=2 (full 0):
 PSYoungGen      total 18944K, used 2553K [0x00000000feb00000, 0x0000000100000000, 0x0000000100000000)
  eden space 16384K, 0% used [0x00000000feb00000,0x00000000feb00000,0x00000000ffb00000)
  from space 2560K, 99% used [0x00000000ffd80000,0x00000000ffffe7e0,0x0000000100000000)
  to   space 2560K, 0% used [0x00000000ffb00000,0x00000000ffb00000,0x00000000ffd80000)
 ParOldGen       total 44032K, used 5095K [0x00000000fc000000, 0x00000000feb00000, 0x00000000feb00000)
  object space 44032K, 11% used [0x00000000fc000000,0x00000000fc4f9e28,0x00000000feb00000)
 Metaspace       used 7538K, capacity 7748K, committed 7936K, reserved 1056768K
  class space    used 869K, capacity 970K, committed 1024K, reserved 1048576K
}

Deoptimization events (10 events):
Event: 0.881 Thread 0x0000000004d83800 Uncommon trap: reason=unstable_if action=reinterpret pc=0x00000000050a8a5c method=java.util.zip.ZipFile$ZipEntryIterator.hasNext()Z @ 25
Event: 0.933 Thread 0x0000000004d83800 Uncommon trap: reason=unstable_if action=reinterpret pc=0x00000000050c1a78 method=java.util.zip.ZipCoder.decoder()Ljava/nio/charset/CharsetDecoder; @ 4
Event: 0.934 Thread 0x0000000004d83800 Uncommon trap: reason=unstable_if action=reinterpret pc=0x00000000050ba988 method=java.util.zip.ZipCoder.decoder()Ljava/nio/charset/CharsetDecoder; @ 4
Event: 0.934 Thread 0x0000000004d83800 Uncommon trap: reason=unstable_if action=reinterpret pc=0x00000000050bf51c method=java.util.zip.ZipCoder.decoder()Ljava/nio/charset/CharsetDecoder; @ 4
Event: 1.028 Thread 0x0000000004d83800 Uncommon trap: reason=unloaded action=reinterpret pc=0x00000000050a797c method=java.util.zip.ZipEntry.setExtra0([BZ)V @ 37
Event: 1.181 Thread 0x0000000004d83800 Uncommon trap: reason=unstable_if action=reinterpret pc=0x00000000050517f8 method=java.lang.String.<init>([CII)V @ 18
Event: 1.297 Thread 0x0000000004d83800 Uncommon trap: reason=unstable_if action=reinterpret pc=0x0000000005168a9c method=org.objectweb.asm.Item.isEqualTo(Lorg/objectweb/asm/Item;)Z @ 345
Event: 1.301 Thread 0x0000000004d83800 Uncommon trap: reason=unstable_if action=reinterpret pc=0x0000000005188850 method=org.objectweb.asm.MethodWriter.visitVarInsn(II)V @ 142
Event: 1.414 Thread 0x0000000004d83800 Uncommon trap: reason=unstable_if action=reinterpret pc=0x00000000051abb20 method=org.objectweb.asm.Type.getArgumentsAndReturnSizes(Ljava/lang/String;)I @ 130
Event: 1.414 Thread 0x0000000004d83800 Uncommon trap: reason=unstable_if action=reinterpret pc=0x00000000051d0218 method=org.objectweb.asm.MethodWriter.visitVarInsn(II)V @ 148

Classes redefined (0 events):
No events

Internal exceptions (10 events):
Event: 0.933 Thread 0x0000000004d83800 Implicit null exception at 0x00000000050c104d to 0x00000000050c1a31
Event: 0.934 Thread 0x0000000004d83800 Implicit null exception at 0x00000000050ba04c to 0x00000000050ba949
Event: 0.934 Thread 0x0000000004d83800 Implicit null exception at 0x00000000050beb45 to 0x00000000050bf4dd
Event: 0.978 Thread 0x0000000004d83800 Exception <a 'sun/nio/fs/WindowsException'> (0x00000000ff1a3728) thrown at [D:\src\AOSP-openjdk-cygwin\jdk8u\hotspot\src\share\vm\prims\jni.cpp, line 709]
Event: 0.978 Thread 0x0000000004d83800 Exception <a 'sun/nio/fs/WindowsException'> (0x00000000ff1a3ce8) thrown at [D:\src\AOSP-openjdk-cygwin\jdk8u\hotspot\src\share\vm\prims\jni.cpp, line 709]
Event: 0.978 Thread 0x0000000004d83800 Exception <a 'sun/nio/fs/WindowsException'> (0x00000000ff1a42b8) thrown at [D:\src\AOSP-openjdk-cygwin\jdk8u\hotspot\src\share\vm\prims\jni.cpp, line 709]
Event: 0.978 Thread 0x0000000004d83800 Exception <a 'sun/nio/fs/WindowsException'> (0x00000000ff1a4a78) thrown at [D:\src\AOSP-openjdk-cygwin\jdk8u\hotspot\src\share\vm\prims\jni.cpp, line 709]
Event: 0.996 Thread 0x0000000004d83800 Exception <a 'sun/nio/fs/WindowsException'> (0x00000000ff1a99c0) thrown at [D:\src\AOSP-openjdk-cygwin\jdk8u\hotspot\src\share\vm\prims\jni.cpp, line 709]
Event: 1.049 Thread 0x0000000004d83800 Exception <a 'sun/nio/fs/WindowsException'> (0x00000000ff539ff0) thrown at [D:\src\AOSP-openjdk-cygwin\jdk8u\hotspot\src\share\vm\prims\jni.cpp, line 709]
Event: 1.049 Thread 0x0000000004d83800 Exception <a 'sun/nio/fs/WindowsException'> (0x00000000ff53a568) thrown at [D:\src\AOSP-openjdk-cygwin\jdk8u\hotspot\src\share\vm\prims\jni.cpp, line 709]

Events (10 events):
Event: 1.397 loading class org/objectweb/asm/tree/LocalVariableNode
Event: 1.397 loading class org/objectweb/asm/tree/LocalVariableNode done
Event: 1.414 Thread 0x0000000004d83800 Uncommon trap: trap_request=0xffffff65 fr.pc=0x00000000051abb20
Event: 1.414 Thread 0x0000000004d83800 DEOPT PACKING pc=0x00000000051abb20 sp=0x0000000004d6e880
Event: 1.414 Thread 0x0000000004d83800 DEOPT UNPACKING pc=0x0000000004ec557b sp=0x0000000004d6e810 mode 2
Event: 1.414 Thread 0x0000000004d83800 Uncommon trap: trap_request=0xffffff65 fr.pc=0x00000000051d0218
Event: 1.414 Thread 0x0000000004d83800 DEOPT PACKING pc=0x00000000051d0218 sp=0x0000000004d6e910
Event: 1.414 Thread 0x0000000004d83800 DEOPT UNPACKING pc=0x0000000004ec557b sp=0x0000000004d6e7f0 mode 2
Event: 1.641 loading class org/objectweb/asm/tree/TryCatchBlockNode
Event: 1.641 loading class org/objectweb/asm/tree/TryCatchBlockNode done


Dynamic libraries:
0x00007ff7a0670000 - 0x00007ff7a06a1000 	C:\Program Files\Android\Android Studio\jre\bin\java.exe
0x00007ffe1a550000 - 0x00007ffe1a730000 	C:\WINDOWS\SYSTEM32\ntdll.dll
0x00007ffe17a60000 - 0x00007ffe17b0e000 	C:\WINDOWS\System32\KERNEL32.DLL
0x00007ffe16c70000 - 0x00007ffe16ed6000 	C:\WINDOWS\System32\KERNELBASE.dll
0x00007ffe1a3d0000 - 0x00007ffe1a471000 	C:\WINDOWS\System32\ADVAPI32.dll
0x00007ffe1a480000 - 0x00007ffe1a51d000 	C:\WINDOWS\System32\msvcrt.dll
0x00007ffe19d60000 - 0x00007ffe19dbb000 	C:\WINDOWS\System32\sechost.dll
0x00007ffe1a120000 - 0x00007ffe1a23f000 	C:\WINDOWS\System32\RPCRT4.dll
0x00007ffe17bf0000 - 0x00007ffe17d7f000 	C:\WINDOWS\System32\USER32.dll
0x00007ffe16a80000 - 0x00007ffe16aa0000 	C:\WINDOWS\System32\win32u.dll
0x00007ffe17b10000 - 0x00007ffe17b38000 	C:\WINDOWS\System32\GDI32.dll
0x00007ffe17880000 - 0x00007ffe17a13000 	C:\WINDOWS\System32\gdi32full.dll
0x00007ffe177e0000 - 0x00007ffe1787b000 	C:\WINDOWS\System32\msvcp_win.dll
0x00007ffe17630000 - 0x00007ffe17726000 	C:\WINDOWS\System32\ucrtbase.dll
0x00007ffe10e30000 - 0x00007ffe11099000 	C:\WINDOWS\WinSxS\amd64_microsoft.windows.common-controls_6595b64144ccf1df_6.0.16299.248_none_15ced204935f55d7\COMCTL32.dll
0x00007ffe19520000 - 0x00007ffe19828000 	C:\WINDOWS\System32\combase.dll
0x00007ffe16950000 - 0x00007ffe169c2000 	C:\WINDOWS\System32\bcryptPrimitives.dll
0x00007ffe17a30000 - 0x00007ffe17a5d000 	C:\WINDOWS\System32\IMM32.DLL
0x000000005c2b0000 - 0x000000005c382000 	C:\Program Files\Android\Android Studio\jre\jre\bin\msvcr100.dll
0x000000005c470000 - 0x000000005ccaf000 	C:\Program Files\Android\Android Studio\jre\jre\bin\server\jvm.dll
0x00007ffe193c0000 - 0x00007ffe193c8000 	C:\WINDOWS\System32\PSAPI.DLL
0x00007ffe0c050000 - 0x00007ffe0c059000 	C:\WINDOWS\SYSTEM32\WSOCK32.dll
0x00007ffe12410000 - 0x00007ffe12433000 	C:\WINDOWS\SYSTEM32\WINMM.dll
0x00007ffe1a360000 - 0x00007ffe1a3cc000 	C:\WINDOWS\System32\WS2_32.dll
0x00007ffe11980000 - 0x00007ffe1198a000 	C:\WINDOWS\SYSTEM32\VERSION.dll
0x00007ffe123b0000 - 0x00007ffe123da000 	C:\WINDOWS\SYSTEM32\winmmbase.dll
0x00007ffe16a30000 - 0x00007ffe16a7a000 	C:\WINDOWS\System32\cfgmgr32.dll
0x00007ffe0bdc0000 - 0x00007ffe0bdcf000 	C:\Program Files\Android\Android Studio\jre\jre\bin\verify.dll
0x00007ffe0acd0000 - 0x00007ffe0acf9000 	C:\Program Files\Android\Android Studio\jre\jre\bin\java.dll
0x00007ffe0bda0000 - 0x00007ffe0bdb6000 	C:\Program Files\Android\Android Studio\jre\jre\bin\zip.dll
0x00007ffe17de0000 - 0x00007ffe19216000 	C:\WINDOWS\System32\SHELL32.dll
0x00007ffe17b40000 - 0x00007ffe17be6000 	C:\WINDOWS\System32\shcore.dll
0x00007ffe16ee0000 - 0x00007ffe17627000 	C:\WINDOWS\System32\windows.storage.dll
0x00007ffe19f50000 - 0x00007ffe19fa1000 	C:\WINDOWS\System32\shlwapi.dll
0x00007ffe168f0000 - 0x00007ffe16901000 	C:\WINDOWS\System32\kernel.appcore.dll
0x00007ffe168a0000 - 0x00007ffe168ec000 	C:\WINDOWS\System32\powrprof.dll
0x00007ffe16910000 - 0x00007ffe1692b000 	C:\WINDOWS\System32\profapi.dll
0x00007ffe165d0000 - 0x00007ffe165e7000 	C:\WINDOWS\SYSTEM32\CRYPTSP.dll
0x00007ffe15990000 - 0x00007ffe159c3000 	C:\WINDOWS\system32\rsaenh.dll
0x00007ffe16360000 - 0x00007ffe16385000 	C:\WINDOWS\SYSTEM32\bcrypt.dll
0x00007ffe167d0000 - 0x00007ffe167f9000 	C:\WINDOWS\SYSTEM32\USERENV.dll
0x00007ffe15fa0000 - 0x00007ffe15fab000 	C:\WINDOWS\SYSTEM32\CRYPTBASE.dll
0x00007ffe0acb0000 - 0x00007ffe0acca000 	C:\Program Files\Android\Android Studio\jre\jre\bin\net.dll
0x00007ffe15d80000 - 0x00007ffe15de6000 	C:\WINDOWS\system32\mswsock.dll
0x00007ffe15b10000 - 0x00007ffe15b49000 	C:\WINDOWS\SYSTEM32\IPHLPAPI.DLL
0x00007ffe1a350000 - 0x00007ffe1a358000 	C:\WINDOWS\System32\NSI.dll
0x00007ffe0f160000 - 0x00007ffe0f176000 	C:\WINDOWS\SYSTEM32\dhcpcsvc6.DLL
0x00007ffe0f140000 - 0x00007ffe0f15a000 	C:\WINDOWS\SYSTEM32\dhcpcsvc.DLL
0x00007ffe0ac90000 - 0x00007ffe0aca1000 	C:\Program Files\Android\Android Studio\jre\jre\bin\nio.dll

VM Arguments:
jvm_args: -Djava.awt.headless=true -Xmx64M -Dfile.encoding=windows-1251 -Duser.country=UA -Duser.language=uk -Duser.variant 
java_command: com.google.devtools.build.android.desugar.Desugar --input D:\FanSerials\FanSerials\app\build\intermediates\transforms\stackFramesFixer\debug\1.jar --output D:\FanSerials\FanSerials\app\build\intermediates\transforms\desugar\debug\2.jar --input D:\FanSerials\FanSerials\app\build\intermediates\transforms\stackFramesFixer\debug\14.jar --output D:\FanSerials\FanSerials\app\build\intermediates\transforms\desugar\debug\15.jar --input D:\FanSerials\FanSerials\app\build\intermediates\transforms\stackFramesFixer\debug\28.jar --output D:\FanSerials\FanSerials\app\build\intermediates\transforms\desugar\debug\29.jar --input D:\FanSerials\FanSerials\app\build\intermediates\transforms\stackFramesFixer\debug\5.jar --output D:\FanSerials\FanSerials\app\build\intermediates\transforms\desugar\debug\6.jar --classpath_entry D:\FanSerials\FanSerials\app\build\intermediates\classes\debug --classpath_entry D:\FanSerials\FanSerials\app\build\intermediates\transforms\stackFramesFixer\debug\0.jar --classpath_entry D:\FanSerials\FanSerials\app\build\intermediates\transforms\stackFramesFixer\debug\1.jar --classpath_entry D:\FanSerials\FanSerials\app\build\intermediates\transforms\stackFramesFixer\debug\2.jar --classpath_entry D:\FanSerials\FanSerials\app\build\intermediates\transforms\stackFramesFixer\debug\3.jar --classpath_entry D:\FanSerials\FanSerials\app\build\intermediates\transforms\stackFramesFixer\debug\4.jar --classpath_entry D:\FanSerials\FanSerials\app\build\intermediates\transforms\stackFramesFixer\debug\5.jar --classpath_entry D:\FanSerials\FanSerials\app\build\intermediates\transforms\stackFramesFixer\debug\6.jar --classpath_entry D:\FanSerials\FanSerials\app\build\intermediates\transforms\stackFramesFixer\debug\7.jar --classpath_entry D:\FanSerials\FanSerials\app\build\intermediates\transforms\stackFramesFixer\debug\8.jar --classpath_entry D:\FanSerials\FanSerials\app\build\intermediates\transforms\stackFramesFixer\debug\9.jar --classpath_entry D:\FanSerials\Fan
java_class_path (initial): C:\Users\Ivan\AppData\Local\Temp\desugar_deploy.jar6415303434585913132
Launcher Type: SUN_STANDARD

Environment Variables:
PATH=C:\ProgramData\Oracle\Java\javapath;C:\WINDOWS\system32;C:\WINDOWS;C:\WINDOWS\System32\Wbem;C:\WINDOWS\System32\WindowsPowerShell\v1.0\;C:\Program Files (x86)\NVIDIA Corporation\PhysX\Common;C:\Users\Ivan\AppData\Local\Microsoft\WindowsApps;
USERNAME=Ivan
OS=Windows_NT
PROCESSOR_IDENTIFIER=Intel64 Family 6 Model 60 Stepping 3, GenuineIntel



---------------  S Y S T E M  ---------------

OS: Windows 10.0 , 64 bit Build 16299 (10.0.16299.15)

CPU:total 8 (initial active 8) (4 cores per cpu, 2 threads per core) family 6 model 60 stepping 3, cmov, cx8, fxsr, mmx, sse, sse2, sse3, ssse3, sse4.1, sse4.2, popcnt, avx, avx2, aes, clmul, erms, lzcnt, ht, tsc, tscinvbit, bmi1, bmi2

Memory: 4k page, physical 8268984k(1001572k free), swap 10316984k(1052k free)

vm_info: OpenJDK 64-Bit Server VM (25.152-b02) for windows-amd64 JRE (1.8.0_152-release-1024-b02), built by "builder" with MS VC++ 10.0 (VS2010)

time: Fri Mar 30 21:40:49 2018
elapsed time: 1 seconds (0d 0h 0m 1s)

