#
# There is insufficient memory for the Java Runtime Environment to continue.
# Native memory allocation (malloc) failed to allocate 296656 bytes for Chunk::new
# Possible reasons:
#   The system is out of physical RAM or swap space
#   In 32 bit mode, the process size limit was hit
# Possible solutions:
#   Reduce memory load on the system
#   Increase physical memory or swap space
#   Check if swap backing store is full
#   Use 64 bit Java on a 64 bit OS
#   Decrease Java heap size (-Xmx/-Xms)
#   Decrease number of Java threads
#   Decrease Java thread stack sizes (-Xss)
#   Set larger code cache with -XX:ReservedCodeCacheSize=
# This output file may be truncated or incomplete.
#
#  Out of Memory Error (allocation.cpp:390), pid=12816, tid=0x00000000000032d4
#
# JRE version: OpenJDK Runtime Environment (8.0_152-b02) (build 1.8.0_152-release-1024-b02)
# Java VM: OpenJDK 64-Bit Server VM (25.152-b02 mixed mode windows-amd64 compressed oops)
# Failed to write core dump. Minidumps are not enabled by default on client versions of Windows
#

---------------  T H R E A D  ---------------

Current thread (0x000000001703d000):  JavaThread "C2 CompilerThread0" daemon [_thread_in_native, id=13012, stack(0x0000000017810000,0x0000000017910000)]

Stack: [0x0000000017810000,0x0000000017910000]
[error occurred during error reporting (printing stack bounds), id 0xc0000005]

Native frames: (J=compiled Java code, j=interpreted, Vv=VM code, C=native code)


Current CompileTask:
C2:   9358  936       4       org.objectweb.asm.MethodVisitor::visitLocalVariable (24 bytes)


---------------  P R O C E S S  ---------------

Java Threads: ( => current thread )
  0x00000000170df000 JavaThread "Service Thread" daemon [_thread_blocked, id=13944, stack(0x0000000017c10000,0x0000000017d10000)]
  0x000000001514d000 JavaThread "C1 CompilerThread3" daemon [_thread_blocked, id=15352, stack(0x0000000017b10000,0x0000000017c10000)]
  0x0000000017043800 JavaThread "C2 CompilerThread2" daemon [_thread_blocked, id=14684, stack(0x0000000017a10000,0x0000000017b10000)]
  0x0000000017040800 JavaThread "C2 CompilerThread1" daemon [_thread_in_native, id=14888, stack(0x0000000017910000,0x0000000017a10000)]
=>0x000000001703d000 JavaThread "C2 CompilerThread0" daemon [_thread_in_native, id=13012, stack(0x0000000017810000,0x0000000017910000)]
  0x000000001703c000 JavaThread "Attach Listener" daemon [_thread_blocked, id=9744, stack(0x0000000017710000,0x0000000017810000)]
  0x000000001703a800 JavaThread "Signal Dispatcher" daemon [_thread_blocked, id=6736, stack(0x0000000017610000,0x0000000017710000)]
  0x0000000017031000 JavaThread "Finalizer" daemon [_thread_blocked, id=13264, stack(0x0000000017410000,0x0000000017510000)]
  0x0000000004887000 JavaThread "Reference Handler" daemon [_thread_blocked, id=14636, stack(0x0000000016f10000,0x0000000017010000)]
  0x0000000004793800 JavaThread "main" [_thread_in_Java, id=15348, stack(0x00000000045d0000,0x00000000046d0000)]

Other Threads:
  0x0000000015135800 VMThread [stack: 0x0000000016e10000,0x0000000016f10000] [id=15340]
  0x00000000170e0000 WatcherThread [stack: 0x0000000017d10000,0x0000000017e10000] [id=7276]

VM state:not at safepoint (normal execution)

VM Mutex/Monitor currently owned by a thread: None

Heap:
 PSYoungGen      total 18944K, used 6272K [0x00000000feb00000, 0x0000000100000000, 0x0000000100000000)
  eden space 16384K, 22% used [0x00000000feb00000,0x00000000feea1518,0x00000000ffb00000)
  from space 2560K, 99% used [0x00000000ffd80000,0x00000000ffffedc8,0x0000000100000000)
  to   space 2560K, 0% used [0x00000000ffb00000,0x00000000ffb00000,0x00000000ffd80000)
 ParOldGen       total 44032K, used 5094K [0x00000000fc000000, 0x00000000feb00000, 0x00000000feb00000)
  object space 44032K, 11% used [0x00000000fc000000,0x00000000fc4f9be8,0x00000000feb00000)
 Metaspace       used 7647K, capacity 7872K, committed 7936K, reserved 1056768K
  class space    used 871K, capacity 970K, committed 1024K, reserved 1048576K

Card table byte_map: [0x0000000002db0000,0x0000000002de0000] byte_map_base: 0x00000000025d0000

Marking Bits: (ParMarkBitMap*) 0x00000000631b4970
 Begin Bits: [0x0000000014550000, 0x0000000014650000)
 End Bits:   [0x0000000014650000, 0x0000000014750000)

Polling page: 0x00000000005e0000

CodeCache: size=245760Kb used=3656Kb max_used=3656Kb free=242103Kb
 bounds [0x0000000004990000, 0x0000000004d30000, 0x0000000013990000]
 total_blobs=1283 nmethods=951 adapters=246
 compilation: enabled

Compilation events (10 events):
Event: 9.343 Thread 0x000000001514d000  949       3       org.objectweb.asm.Type::getArgumentsAndReturnSizes (151 bytes)
Event: 9.345 Thread 0x000000001514d000 nmethod 949 0x0000000004d17690 code [0x0000000004d178c0, 0x0000000004d18658]
Event: 9.345 Thread 0x000000001514d000  950       1       sun.util.calendar.CalendarDate::getZone (5 bytes)
Event: 9.345 Thread 0x000000001514d000 nmethod 950 0x0000000004d173d0 code [0x0000000004d17520, 0x0000000004d17630]
Event: 9.345 Thread 0x000000001514d000  952       3       sun.util.calendar.BaseCalendar::isLeapYear (5 bytes)
Event: 9.346 Thread 0x000000001514d000 nmethod 952 0x0000000004d16e50 code [0x0000000004d16fc0, 0x0000000004d172b0]
Event: 9.346 Thread 0x000000001514d000  951       1       sun.util.calendar.CalendarDate::isNormalized (5 bytes)
Event: 9.346 Thread 0x000000001514d000 nmethod 951 0x0000000004d22b10 code [0x0000000004d22c60, 0x0000000004d22d70]
Event: 9.347 Thread 0x000000001514d000  953       3       org.objectweb.asm.FieldWriter::getSize (262 bytes)
Event: 9.349 Thread 0x000000001514d000 nmethod 953 0x0000000004d22dd0 code [0x0000000004d23060, 0x0000000004d23f28]

GC Heap History (4 events):
Event: 7.667 GC heap before
{Heap before GC invocations=1 (full 0):
 PSYoungGen      total 18944K, used 16384K [0x00000000feb00000, 0x0000000100000000, 0x0000000100000000)
  eden space 16384K, 100% used [0x00000000feb00000,0x00000000ffb00000,0x00000000ffb00000)
  from space 2560K, 0% used [0x00000000ffd80000,0x00000000ffd80000,0x0000000100000000)
  to   space 2560K, 0% used [0x00000000ffb00000,0x00000000ffb00000,0x00000000ffd80000)
 ParOldGen       total 44032K, used 0K [0x00000000fc000000, 0x00000000feb00000, 0x00000000feb00000)
  object space 44032K, 0% used [0x00000000fc000000,0x00000000fc000000,0x00000000feb00000)
 Metaspace       used 6704K, capacity 6870K, committed 7040K, reserved 1056768K
  class space    used 791K, capacity 871K, committed 896K, reserved 1048576K
Event: 7.703 GC heap after
Heap after GC invocations=1 (full 0):
 PSYoungGen      total 18944K, used 2544K [0x00000000feb00000, 0x0000000100000000, 0x0000000100000000)
  eden space 16384K, 0% used [0x00000000feb00000,0x00000000feb00000,0x00000000ffb00000)
  from space 2560K, 99% used [0x00000000ffb00000,0x00000000ffd7c020,0x00000000ffd80000)
  to   space 2560K, 0% used [0x00000000ffd80000,0x00000000ffd80000,0x0000000100000000)
 ParOldGen       total 44032K, used 1524K [0x00000000fc000000, 0x00000000feb00000, 0x00000000feb00000)
  object space 44032K, 3% used [0x00000000fc000000,0x00000000fc17d218,0x00000000feb00000)
 Metaspace       used 6704K, capacity 6870K, committed 7040K, reserved 1056768K
  class space    used 791K, capacity 871K, committed 896K, reserved 1048576K
}
Event: 9.213 GC heap before
{Heap before GC invocations=2 (full 0):
 PSYoungGen      total 18944K, used 18928K [0x00000000feb00000, 0x0000000100000000, 0x0000000100000000)
  eden space 16384K, 100% used [0x00000000feb00000,0x00000000ffb00000,0x00000000ffb00000)
  from space 2560K, 99% used [0x00000000ffb00000,0x00000000ffd7c020,0x00000000ffd80000)
  to   space 2560K, 0% used [0x00000000ffd80000,0x00000000ffd80000,0x0000000100000000)
 ParOldGen       total 44032K, used 1524K [0x00000000fc000000, 0x00000000feb00000, 0x00000000feb00000)
  object space 44032K, 3% used [0x00000000fc000000,0x00000000fc17d218,0x00000000feb00000)
 Metaspace       used 7618K, capacity 7872K, committed 7936K, reserved 1056768K
  class space    used 871K, capacity 970K, committed 1024K, reserved 1048576K
Event: 9.232 GC heap after
Heap after GC invocations=2 (full 0):
 PSYoungGen      total 18944K, used 2555K [0x00000000feb00000, 0x0000000100000000, 0x0000000100000000)
  eden space 16384K, 0% used [0x00000000feb00000,0x00000000feb00000,0x00000000ffb00000)
  from space 2560K, 99% used [0x00000000ffd80000,0x00000000ffffedc8,0x0000000100000000)
  to   space 2560K, 0% used [0x00000000ffb00000,0x00000000ffb00000,0x00000000ffd80000)
 ParOldGen       total 44032K, used 5094K [0x00000000fc000000, 0x00000000feb00000, 0x00000000feb00000)
  object space 44032K, 11% used [0x00000000fc000000,0x00000000fc4f9be8,0x00000000feb00000)
 Metaspace       used 7618K, capacity 7872K, committed 7936K, reserved 1056768K
  class space    used 871K, capacity 970K, committed 1024K, reserved 1048576K
}

Deoptimization events (10 events):
Event: 8.758 Thread 0x0000000004793800 Uncommon trap: reason=unstable_if action=reinterpret pc=0x0000000004b649b8 method=java.lang.String.<init>([CII)V @ 18
Event: 8.981 Thread 0x0000000004793800 Uncommon trap: reason=unstable_if action=reinterpret pc=0x0000000004c5137c method=org.objectweb.asm.ClassReader.readUTF(II[C)Ljava/lang/String; @ 77
Event: 8.983 Thread 0x0000000004793800 Uncommon trap: reason=unstable_if action=reinterpret pc=0x0000000004cb5388 method=org.objectweb.asm.ByteVector.putUTF8(Ljava/lang/String;)Lorg/objectweb/asm/ByteVector; @ 98
Event: 9.004 Thread 0x0000000004793800 Uncommon trap: reason=unstable_if action=reinterpret pc=0x0000000004c8de94 method=org.objectweb.asm.Item.isEqualTo(Lorg/objectweb/asm/Item;)Z @ 251
Event: 9.329 Thread 0x0000000004793800 Uncommon trap: reason=bimorphic action=maybe_recompile pc=0x0000000004c990ec method=org.objectweb.asm.MethodVisitor.visitVarInsn(II)V @ 13
Event: 9.329 Thread 0x0000000004793800 Uncommon trap: reason=bimorphic action=maybe_recompile pc=0x0000000004c990ec method=org.objectweb.asm.MethodVisitor.visitVarInsn(II)V @ 13
Event: 9.329 Thread 0x0000000004793800 Uncommon trap: reason=bimorphic action=maybe_recompile pc=0x0000000004c990ec method=org.objectweb.asm.MethodVisitor.visitVarInsn(II)V @ 13
Event: 9.329 Thread 0x0000000004793800 Uncommon trap: reason=bimorphic action=maybe_recompile pc=0x0000000004c990ec method=org.objectweb.asm.MethodVisitor.visitVarInsn(II)V @ 13
Event: 9.332 Thread 0x0000000004793800 Uncommon trap: reason=unstable_if action=reinterpret pc=0x0000000004d141ec method=org.objectweb.asm.ByteVector.putInt(I)Lorg/objectweb/asm/ByteVector; @ 13
Event: 9.341 Thread 0x0000000004793800 Uncommon trap: reason=unstable_if action=reinterpret pc=0x0000000004cb132c method=org.objectweb.asm.Type.getArgumentsAndReturnSizes(Ljava/lang/String;)I @ 118

Classes redefined (0 events):
No events

Internal exceptions (10 events):
Event: 8.099 Thread 0x0000000004793800 Exception <a 'sun/nio/fs/WindowsException'> (0x00000000ff16c568) thrown at [D:\src\AOSP-openjdk-cygwin\jdk8u\hotspot\src\share\vm\prims\jni.cpp, line 709]
Event: 8.180 Thread 0x0000000004793800 Exception <a 'sun/nio/fs/WindowsException'> (0x00000000ff1714b0) thrown at [D:\src\AOSP-openjdk-cygwin\jdk8u\hotspot\src\share\vm\prims\jni.cpp, line 709]
Event: 8.690 Thread 0x0000000004793800 Exception <a 'sun/nio/fs/WindowsException'> (0x00000000ff4edff0) thrown at [D:\src\AOSP-openjdk-cygwin\jdk8u\hotspot\src\share\vm\prims\jni.cpp, line 709]
Event: 8.691 Thread 0x0000000004793800 Exception <a 'sun/nio/fs/WindowsException'> (0x00000000ff4ee568) thrown at [D:\src\AOSP-openjdk-cygwin\jdk8u\hotspot\src\share\vm\prims\jni.cpp, line 709]
Event: 8.882 Thread 0x0000000004793800 Exception <a 'sun/nio/fs/WindowsException'> (0x00000000ff67f9e0) thrown at [D:\src\AOSP-openjdk-cygwin\jdk8u\hotspot\src\share\vm\prims\jni.cpp, line 709]
Event: 8.882 Thread 0x0000000004793800 Exception <a 'sun/nio/fs/WindowsException'> (0x00000000ff67fed8) thrown at [D:\src\AOSP-openjdk-cygwin\jdk8u\hotspot\src\share\vm\prims\jni.cpp, line 709]
Event: 8.930 Thread 0x0000000004793800 Exception <a 'sun/nio/fs/WindowsException'> (0x00000000ff796c80) thrown at [D:\src\AOSP-openjdk-cygwin\jdk8u\hotspot\src\share\vm\prims\jni.cpp, line 709]
Event: 8.930 Thread 0x0000000004793800 Exception <a 'sun/nio/fs/WindowsException'> (0x00000000ff797178) thrown at [D:\src\AOSP-openjdk-cygwin\jdk8u\hotspot\src\share\vm\prims\jni.cpp, line 709]
Event: 9.088 Thread 0x0000000004793800 Exception <a 'sun/nio/fs/WindowsException'> (0x00000000ffa4f428) thrown at [D:\src\AOSP-openjdk-cygwin\jdk8u\hotspot\src\share\vm\prims\jni.cpp, line 709]
Event: 9.088 Thread 0x0000000004793800 Exception <a 'sun/nio/fs/WindowsException'> (0x00000000ffa4f920) thrown at [D:\src\AOSP-openjdk-cygwin\jdk8u\hotspot\src\share\vm\prims\jni.cpp, line 709]

Events (10 events):
Event: 9.329 Thread 0x0000000004793800 DEOPT UNPACKING pc=0x00000000049d557b sp=0x00000000046ceb80 mode 2
Event: 9.329 Thread 0x0000000004793800 Uncommon trap: trap_request=0xffffffc6 fr.pc=0x0000000004c990ec
Event: 9.329 Thread 0x0000000004793800 DEOPT PACKING pc=0x0000000004c990ec sp=0x00000000046cebd0
Event: 9.329 Thread 0x0000000004793800 DEOPT UNPACKING pc=0x00000000049d557b sp=0x00000000046ceb80 mode 2
Event: 9.332 Thread 0x0000000004793800 Uncommon trap: trap_request=0xffffff65 fr.pc=0x0000000004d141ec
Event: 9.332 Thread 0x0000000004793800 DEOPT PACKING pc=0x0000000004d141ec sp=0x00000000046cea10
Event: 9.332 Thread 0x0000000004793800 DEOPT UNPACKING pc=0x00000000049d557b sp=0x00000000046ce9a0 mode 2
Event: 9.341 Thread 0x0000000004793800 Uncommon trap: trap_request=0xffffff65 fr.pc=0x0000000004cb132c
Event: 9.341 Thread 0x0000000004793800 DEOPT PACKING pc=0x0000000004cb132c sp=0x00000000046ce900
Event: 9.341 Thread 0x0000000004793800 DEOPT UNPACKING pc=0x00000000049d557b sp=0x00000000046ce890 mode 2


Dynamic libraries:
0x00007ff74c3c0000 - 0x00007ff74c3f1000 	C:\Program Files\Android\Android Studio\jre\bin\java.exe
0x00007ffa3b030000 - 0x00007ffa3b210000 	C:\WINDOWS\SYSTEM32\ntdll.dll
0x00007ffa38500000 - 0x00007ffa385ae000 	C:\WINDOWS\System32\KERNEL32.DLL
0x00007ffa37d80000 - 0x00007ffa37fe6000 	C:\WINDOWS\System32\KERNELBASE.dll
0x00007ffa39980000 - 0x00007ffa39a21000 	C:\WINDOWS\System32\ADVAPI32.dll
0x00007ffa390d0000 - 0x00007ffa3916d000 	C:\WINDOWS\System32\msvcrt.dll
0x00007ffa38db0000 - 0x00007ffa38e0b000 	C:\WINDOWS\System32\sechost.dll
0x00007ffa394a0000 - 0x00007ffa395bf000 	C:\WINDOWS\System32\RPCRT4.dll
0x00007ffa38c20000 - 0x00007ffa38daf000 	C:\WINDOWS\System32\USER32.dll
0x00007ffa38290000 - 0x00007ffa382b0000 	C:\WINDOWS\System32\win32u.dll
0x00007ffa38e10000 - 0x00007ffa38e38000 	C:\WINDOWS\System32\GDI32.dll
0x00007ffa37be0000 - 0x00007ffa37d73000 	C:\WINDOWS\System32\gdi32full.dll
0x00007ffa382b0000 - 0x00007ffa3834b000 	C:\WINDOWS\System32\msvcp_win.dll
0x00007ffa38350000 - 0x00007ffa38446000 	C:\WINDOWS\System32\ucrtbase.dll
0x00007ffa31610000 - 0x00007ffa31879000 	C:\WINDOWS\WinSxS\amd64_microsoft.windows.common-controls_6595b64144ccf1df_6.0.16299.248_none_15ced204935f55d7\COMCTL32.dll
0x00007ffa395d0000 - 0x00007ffa398d8000 	C:\WINDOWS\System32\combase.dll
0x00007ffa37ff0000 - 0x00007ffa38062000 	C:\WINDOWS\System32\bcryptPrimitives.dll
0x00007ffa3af40000 - 0x00007ffa3af6d000 	C:\WINDOWS\System32\IMM32.DLL
0x00000000605f0000 - 0x00000000606c2000 	C:\Program Files\Android\Android Studio\jre\jre\bin\msvcr100.dll
0x00000000629f0000 - 0x000000006322f000 	C:\Program Files\Android\Android Studio\jre\jre\bin\server\jvm.dll
0x00007ffa395c0000 - 0x00007ffa395c8000 	C:\WINDOWS\System32\PSAPI.DLL
0x00007ffa33a80000 - 0x00007ffa33a89000 	C:\WINDOWS\SYSTEM32\WSOCK32.dll
0x00007ffa3aed0000 - 0x00007ffa3af3c000 	C:\WINDOWS\System32\WS2_32.dll
0x00007ffa32d80000 - 0x00007ffa32da3000 	C:\WINDOWS\SYSTEM32\WINMM.dll
0x00007ffa32440000 - 0x00007ffa3244a000 	C:\WINDOWS\SYSTEM32\VERSION.dll
0x00007ffa32d50000 - 0x00007ffa32d7a000 	C:\WINDOWS\SYSTEM32\WINMMBASE.dll
0x00007ffa38070000 - 0x00007ffa380ba000 	C:\WINDOWS\System32\cfgmgr32.dll
0x00007ffa33a70000 - 0x00007ffa33a7f000 	C:\Program Files\Android\Android Studio\jre\jre\bin\verify.dll
0x00007ffa31ec0000 - 0x00007ffa31ee9000 	C:\Program Files\Android\Android Studio\jre\jre\bin\java.dll
0x00007ffa2c9c0000 - 0x00007ffa2c9d6000 	C:\Program Files\Android\Android Studio\jre\jre\bin\zip.dll
0x00007ffa39a90000 - 0x00007ffa3aec6000 	C:\WINDOWS\System32\SHELL32.dll
0x00007ffa38e40000 - 0x00007ffa38ee6000 	C:\WINDOWS\System32\shcore.dll
0x00007ffa37430000 - 0x00007ffa37b77000 	C:\WINDOWS\System32\windows.storage.dll
0x00007ffa38ef0000 - 0x00007ffa38f41000 	C:\WINDOWS\System32\shlwapi.dll
0x00007ffa373c0000 - 0x00007ffa373d1000 	C:\WINDOWS\System32\kernel.appcore.dll
0x00007ffa373e0000 - 0x00007ffa3742c000 	C:\WINDOWS\System32\powrprof.dll
0x00007ffa37380000 - 0x00007ffa3739b000 	C:\WINDOWS\System32\profapi.dll
0x00007ffa37050000 - 0x00007ffa37067000 	C:\WINDOWS\SYSTEM32\CRYPTSP.dll
0x00007ffa36470000 - 0x00007ffa364a3000 	C:\WINDOWS\system32\rsaenh.dll
0x00007ffa36c50000 - 0x00007ffa36c75000 	C:\WINDOWS\SYSTEM32\bcrypt.dll
0x00007ffa372b0000 - 0x00007ffa372d9000 	C:\WINDOWS\SYSTEM32\USERENV.dll
0x00007ffa36a20000 - 0x00007ffa36a2b000 	C:\WINDOWS\SYSTEM32\CRYPTBASE.dll
0x00007ffa2af90000 - 0x00007ffa2afaa000 	C:\Program Files\Android\Android Studio\jre\jre\bin\net.dll
0x00007ffa36860000 - 0x00007ffa368c6000 	C:\WINDOWS\system32\mswsock.dll
0x00007ffa365f0000 - 0x00007ffa36629000 	C:\WINDOWS\SYSTEM32\IPHLPAPI.DLL
0x00007ffa3af90000 - 0x00007ffa3af98000 	C:\WINDOWS\System32\NSI.dll
0x00007ffa2fcf0000 - 0x00007ffa2fd06000 	C:\WINDOWS\SYSTEM32\dhcpcsvc6.DLL
0x00007ffa2fcd0000 - 0x00007ffa2fcea000 	C:\WINDOWS\SYSTEM32\dhcpcsvc.DLL
0x00007ffa2af70000 - 0x00007ffa2af81000 	C:\Program Files\Android\Android Studio\jre\jre\bin\nio.dll

VM Arguments:
jvm_args: -Djava.awt.headless=true -Xmx64M -Dfile.encoding=windows-1251 -Duser.country=UA -Duser.language=uk -Duser.variant 
java_command: com.google.devtools.build.android.desugar.Desugar --input D:\FanSerials\FanSerials\app\build\intermediates\transforms\stackFramesFixer\debug\25.jar --output D:\FanSerials\FanSerials\app\build\intermediates\transforms\desugar\debug\26.jar --input D:\FanSerials\FanSerials\app\build\intermediates\transforms\stackFramesFixer\debug\15.jar --output D:\FanSerials\FanSerials\app\build\intermediates\transforms\desugar\debug\16.jar --input D:\FanSerials\FanSerials\app\build\intermediates\transforms\stackFramesFixer\debug\24.jar --output D:\FanSerials\FanSerials\app\build\intermediates\transforms\desugar\debug\25.jar --input D:\FanSerials\FanSerials\app\build\intermediates\transforms\stackFramesFixer\debug\21.jar --output D:\FanSerials\FanSerials\app\build\intermediates\transforms\desugar\debug\22.jar --classpath_entry D:\FanSerials\FanSerials\app\build\intermediates\classes\debug --classpath_entry D:\FanSerials\FanSerials\app\build\intermediates\transforms\stackFramesFixer\debug\0.jar --classpath_entry D:\FanSerials\FanSerials\app\build\intermediates\transforms\stackFramesFixer\debug\1.jar --classpath_entry D:\FanSerials\FanSerials\app\build\intermediates\transforms\stackFramesFixer\debug\2.jar --classpath_entry D:\FanSerials\FanSerials\app\build\intermediates\transforms\stackFramesFixer\debug\3.jar --classpath_entry D:\FanSerials\FanSerials\app\build\intermediates\transforms\stackFramesFixer\debug\4.jar --classpath_entry D:\FanSerials\FanSerials\app\build\intermediates\transforms\stackFramesFixer\debug\5.jar --classpath_entry D:\FanSerials\FanSerials\app\build\intermediates\transforms\stackFramesFixer\debug\6.jar --classpath_entry D:\FanSerials\FanSerials\app\build\intermediates\transforms\stackFramesFixer\debug\7.jar --classpath_entry D:\FanSerials\FanSerials\app\build\intermediates\transforms\stackFramesFixer\debug\8.jar --classpath_entry D:\FanSerials\FanSerials\app\build\intermediates\transforms\stackFramesFixer\debug\9.jar --classpath_entry D:\FanSerials
java_class_path (initial): C:\Users\Ivan\AppData\Local\Temp\desugar_deploy.jar7065701444966566622
Launcher Type: SUN_STANDARD

Environment Variables:
PATH=C:\ProgramData\Oracle\Java\javapath;C:\WINDOWS\system32;C:\WINDOWS;C:\WINDOWS\System32\Wbem;C:\WINDOWS\System32\WindowsPowerShell\v1.0\;C:\Program Files (x86)\NVIDIA Corporation\PhysX\Common;C:\Users\Ivan\AppData\Local\Microsoft\WindowsApps;
USERNAME=Ivan
OS=Windows_NT
PROCESSOR_IDENTIFIER=Intel64 Family 6 Model 60 Stepping 3, GenuineIntel



---------------  S Y S T E M  ---------------

OS: Windows 10.0 , 64 bit Build 16299 (10.0.16299.15)

CPU:total 8 (initial active 8) (4 cores per cpu, 2 threads per core) family 6 model 60 stepping 3, cmov, cx8, fxsr, mmx, sse, sse2, sse3, ssse3, sse4.1, sse4.2, popcnt, avx, avx2, aes, clmul, erms, lzcnt, ht, tsc, tscinvbit, bmi1, bmi2

Memory: 4k page, physical 8268984k(734368k free), swap 10316984k(3188k free)

vm_info: OpenJDK 64-Bit Server VM (25.152-b02) for windows-amd64 JRE (1.8.0_152-release-1024-b02), built by "builder" with MS VC++ 10.0 (VS2010)

time: Wed Mar 28 23:31:14 2018
elapsed time: 9 seconds (0d 0h 0m 9s)

