#
# There is insufficient memory for the Java Runtime Environment to continue.
# Native memory allocation (malloc) failed to allocate 32744 bytes for ChunkPool::allocate
# Possible reasons:
#   The system is out of physical RAM or swap space
#   In 32 bit mode, the process size limit was hit
# Possible solutions:
#   Reduce memory load on the system
#   Increase physical memory or swap space
#   Check if swap backing store is full
#   Use 64 bit Java on a 64 bit OS
#   Decrease Java heap size (-Xmx/-Xms)
#   Decrease number of Java threads
#   Decrease Java thread stack sizes (-Xss)
#   Set larger code cache with -XX:ReservedCodeCacheSize=
# This output file may be truncated or incomplete.
#
#  Out of Memory Error (allocation.cpp:273), pid=12176, tid=0x0000000000000acc
#
# JRE version: OpenJDK Runtime Environment (8.0_152-b02) (build 1.8.0_152-release-1024-b02)
# Java VM: OpenJDK 64-Bit Server VM (25.152-b02 mixed mode windows-amd64 compressed oops)
# Failed to write core dump. Minidumps are not enabled by default on client versions of Windows
#

---------------  T H R E A D  ---------------

Current thread (0x0000000017102800):  JavaThread "C2 CompilerThread2" daemon [_thread_in_native, id=2764, stack(0x0000000017bc0000,0x0000000017cc0000)]

Stack: [0x0000000017bc0000,0x0000000017cc0000]
[error occurred during error reporting (printing stack bounds), id 0xc0000005]

Native frames: (J=compiled Java code, j=interpreted, Vv=VM code, C=native code)


Current CompileTask:
C2:   2533 1052       4       com.google.devtools.build.android.desugar.InterfaceDesugaring$InterfaceInvocationRewriter::visitMethodInsn (288 bytes)


---------------  P R O C E S S  ---------------

Java Threads: ( => current thread )
  0x000000001719b800 JavaThread "Service Thread" daemon [_thread_blocked, id=2672, stack(0x0000000017dc0000,0x0000000017ec0000)]
  0x000000001710b800 JavaThread "C1 CompilerThread3" daemon [_thread_blocked, id=14124, stack(0x0000000017cc0000,0x0000000017dc0000)]
=>0x0000000017102800 JavaThread "C2 CompilerThread2" daemon [_thread_in_native, id=2764, stack(0x0000000017bc0000,0x0000000017cc0000)]
  0x00000000170fe000 JavaThread "C2 CompilerThread1" daemon [_thread_in_native, id=5740, stack(0x0000000017ac0000,0x0000000017bc0000)]
  0x00000000170fb000 JavaThread "C2 CompilerThread0" daemon [_thread_blocked, id=13324, stack(0x00000000179c0000,0x0000000017ac0000)]
  0x00000000170fa000 JavaThread "Attach Listener" daemon [_thread_blocked, id=14172, stack(0x00000000178c0000,0x00000000179c0000)]
  0x00000000170f9000 JavaThread "Signal Dispatcher" daemon [_thread_blocked, id=14220, stack(0x00000000177c0000,0x00000000178c0000)]
  0x00000000170f0800 JavaThread "Finalizer" daemon [_thread_blocked, id=13860, stack(0x00000000174d0000,0x00000000175d0000)]
  0x0000000004a49000 JavaThread "Reference Handler" daemon [_thread_blocked, id=13344, stack(0x0000000016fd0000,0x00000000170d0000)]
  0x0000000004953800 JavaThread "main" [_thread_in_Java, id=2204, stack(0x0000000004850000,0x0000000004950000)]

Other Threads:
  0x00000000151f5000 VMThread [stack: 0x0000000016ed0000,0x0000000016fd0000] [id=11440]
  0x000000001719c800 WatcherThread [stack: 0x0000000017ec0000,0x0000000017fc0000] [id=7792]

VM state:not at safepoint (normal execution)

VM Mutex/Monitor currently owned by a thread: None

Heap:
 PSYoungGen      total 18944K, used 16986K [0x00000000feb00000, 0x0000000100000000, 0x0000000100000000)
  eden space 16384K, 88% used [0x00000000feb00000,0x00000000ff91c238,0x00000000ffb00000)
  from space 2560K, 99% used [0x00000000ffd80000,0x00000000ffffa7f0,0x0000000100000000)
  to   space 2560K, 0% used [0x00000000ffb00000,0x00000000ffb00000,0x00000000ffd80000)
 ParOldGen       total 44032K, used 5161K [0x00000000fc000000, 0x00000000feb00000, 0x00000000feb00000)
  object space 44032K, 11% used [0x00000000fc000000,0x00000000fc50a540,0x00000000feb00000)
 Metaspace       used 7652K, capacity 7876K, committed 7936K, reserved 1056768K
  class space    used 870K, capacity 970K, committed 1024K, reserved 1048576K

Card table byte_map: [0x0000000002e90000,0x0000000002ec0000] byte_map_base: 0x00000000026b0000

Marking Bits: (ParMarkBitMap*) 0x000000005cc34970
 Begin Bits: [0x0000000014610000, 0x0000000014710000)
 End Bits:   [0x0000000014710000, 0x0000000014810000)

Polling page: 0x0000000002e60000

CodeCache: size=245760Kb used=3868Kb max_used=3889Kb free=241891Kb
 bounds [0x0000000004a50000, 0x0000000004e30000, 0x0000000013a50000]
 total_blobs=1382 nmethods=1050 adapters=246
 compilation: enabled

Compilation events (10 events):
Event: 2.385 Thread 0x000000001710b800 nmethod 1049 0x0000000004e12a50 code [0x0000000004e12be0, 0x0000000004e12fb8]
Event: 2.385 Thread 0x000000001710b800 1050       3       java.util.ArrayList::<init> (12 bytes)
Event: 2.385 Thread 0x000000001710b800 nmethod 1050 0x0000000004e13190 code [0x0000000004e13300, 0x0000000004e13590]
Event: 2.399 Thread 0x0000000017102800 nmethod 1041 0x0000000004e16d10 code [0x0000000004e16ee0, 0x0000000004e17930]
Event: 2.399 Thread 0x0000000017102800 1043       4       org.objectweb.asm.ClassVisitor::visitInnerClass (20 bytes)
Event: 2.399 Thread 0x0000000017102800 nmethod 1043 0x0000000004dff290 code [0x0000000004dff3c0, 0x0000000004dff458]
Event: 2.463 Thread 0x00000000170fb000 nmethod 1040 0x0000000004e1c590 code [0x0000000004e1c8a0, 0x0000000004e1f0d8]
Event: 2.529 Thread 0x000000001710b800 1051       1       sun.util.calendar.CalendarDate::setNormalized (6 bytes)
Event: 2.529 Thread 0x000000001710b800 nmethod 1051 0x0000000004dff850 code [0x0000000004dff9a0, 0x0000000004dffab0]
Event: 2.529 Thread 0x0000000017102800 1052       4       com.google.devtools.build.android.desugar.InterfaceDesugaring$InterfaceInvocationRewriter::visitMethodInsn (288 bytes)

GC Heap History (4 events):
Event: 1.415 GC heap before
{Heap before GC invocations=1 (full 0):
 PSYoungGen      total 18944K, used 16384K [0x00000000feb00000, 0x0000000100000000, 0x0000000100000000)
  eden space 16384K, 100% used [0x00000000feb00000,0x00000000ffb00000,0x00000000ffb00000)
  from space 2560K, 0% used [0x00000000ffd80000,0x00000000ffd80000,0x0000000100000000)
  to   space 2560K, 0% used [0x00000000ffb00000,0x00000000ffb00000,0x00000000ffd80000)
 ParOldGen       total 44032K, used 0K [0x00000000fc000000, 0x00000000feb00000, 0x00000000feb00000)
  object space 44032K, 0% used [0x00000000fc000000,0x00000000fc000000,0x00000000feb00000)
 Metaspace       used 6701K, capacity 6874K, committed 7040K, reserved 1056768K
  class space    used 791K, capacity 871K, committed 896K, reserved 1048576K
Event: 1.422 GC heap after
Heap after GC invocations=1 (full 0):
 PSYoungGen      total 18944K, used 2528K [0x00000000feb00000, 0x0000000100000000, 0x0000000100000000)
  eden space 16384K, 0% used [0x00000000feb00000,0x00000000feb00000,0x00000000ffb00000)
  from space 2560K, 98% used [0x00000000ffb00000,0x00000000ffd78030,0x00000000ffd80000)
  to   space 2560K, 0% used [0x00000000ffd80000,0x00000000ffd80000,0x0000000100000000)
 ParOldGen       total 44032K, used 1438K [0x00000000fc000000, 0x00000000feb00000, 0x00000000feb00000)
  object space 44032K, 3% used [0x00000000fc000000,0x00000000fc167bd8,0x00000000feb00000)
 Metaspace       used 6701K, capacity 6874K, committed 7040K, reserved 1056768K
  class space    used 791K, capacity 871K, committed 896K, reserved 1048576K
}
Event: 1.958 GC heap before
{Heap before GC invocations=2 (full 0):
 PSYoungGen      total 18944K, used 18912K [0x00000000feb00000, 0x0000000100000000, 0x0000000100000000)
  eden space 16384K, 100% used [0x00000000feb00000,0x00000000ffb00000,0x00000000ffb00000)
  from space 2560K, 98% used [0x00000000ffb00000,0x00000000ffd78030,0x00000000ffd80000)
  to   space 2560K, 0% used [0x00000000ffd80000,0x00000000ffd80000,0x0000000100000000)
 ParOldGen       total 44032K, used 1438K [0x00000000fc000000, 0x00000000feb00000, 0x00000000feb00000)
  object space 44032K, 3% used [0x00000000fc000000,0x00000000fc167bd8,0x00000000feb00000)
 Metaspace       used 7568K, capacity 7812K, committed 7936K, reserved 1056768K
  class space    used 870K, capacity 970K, committed 1024K, reserved 1048576K
Event: 2.061 GC heap after
Heap after GC invocations=2 (full 0):
 PSYoungGen      total 18944K, used 2537K [0x00000000feb00000, 0x0000000100000000, 0x0000000100000000)
  eden space 16384K, 0% used [0x00000000feb00000,0x00000000feb00000,0x00000000ffb00000)
  from space 2560K, 99% used [0x00000000ffd80000,0x00000000ffffa7f0,0x0000000100000000)
  to   space 2560K, 0% used [0x00000000ffb00000,0x00000000ffb00000,0x00000000ffd80000)
 ParOldGen       total 44032K, used 5161K [0x00000000fc000000, 0x00000000feb00000, 0x00000000feb00000)
  object space 44032K, 11% used [0x00000000fc000000,0x00000000fc50a540,0x00000000feb00000)
 Metaspace       used 7568K, capacity 7812K, committed 7936K, reserved 1056768K
  class space    used 870K, capacity 970K, committed 1024K, reserved 1048576K
}

Deoptimization events (10 events):
Event: 1.487 Thread 0x0000000004953800 Uncommon trap: reason=unstable_if action=reinterpret pc=0x0000000004c7de6c method=java.util.zip.ZipCoder.decoder()Ljava/nio/charset/CharsetDecoder; @ 4
Event: 1.488 Thread 0x0000000004953800 Uncommon trap: reason=unstable_if action=reinterpret pc=0x0000000004c7c83c method=java.util.zip.ZipCoder.decoder()Ljava/nio/charset/CharsetDecoder; @ 4
Event: 1.612 Thread 0x0000000004953800 Uncommon trap: reason=unloaded action=reinterpret pc=0x0000000004c9387c method=java.util.zip.ZipEntry.setExtra0([BZ)V @ 37
Event: 1.716 Thread 0x0000000004953800 Uncommon trap: reason=unstable_if action=reinterpret pc=0x0000000004c232f8 method=java.lang.String.<init>([CII)V @ 18
Event: 1.878 Thread 0x0000000004953800 Uncommon trap: reason=unstable_if action=reinterpret pc=0x0000000004d1237c method=org.objectweb.asm.ClassReader.readUTF(II[C)Ljava/lang/String; @ 77
Event: 1.879 Thread 0x0000000004953800 Uncommon trap: reason=unstable_if action=reinterpret pc=0x0000000004d10bb8 method=org.objectweb.asm.ByteVector.putUTF8(Ljava/lang/String;)Lorg/objectweb/asm/ByteVector; @ 98
Event: 1.913 Thread 0x0000000004953800 Uncommon trap: reason=unstable_if action=reinterpret pc=0x0000000004d55254 method=org.objectweb.asm.Item.isEqualTo(Lorg/objectweb/asm/Item;)Z @ 251
Event: 2.098 Thread 0x0000000004953800 Uncommon trap: reason=unstable_if action=reinterpret pc=0x0000000004d5ee38 method=org.objectweb.asm.Type.getArgumentsAndReturnSizes(Ljava/lang/String;)I @ 118
Event: 2.214 Thread 0x0000000004953800 Uncommon trap: reason=unstable_if action=reinterpret pc=0x0000000004dd04e4 method=org.objectweb.asm.MethodWriter.visitVarInsn(II)V @ 142
Event: 2.526 Thread 0x0000000004953800 Uncommon trap: reason=null_check action=make_not_entrant pc=0x0000000004e17838 method=com.google.devtools.build.android.desugar.InterfaceDesugaring$InterfaceInvocationRewriter.visitMethodInsn(ILjava/lang/String;Ljava/lang/String;Ljava/lang/String;Z)V @ 10

Classes redefined (0 events):
No events

Internal exceptions (10 events):
Event: 1.487 Thread 0x0000000004953800 Implicit null exception at 0x0000000004c7d864 to 0x0000000004c7de3d
Event: 1.488 Thread 0x0000000004953800 Implicit null exception at 0x0000000004c7c3b8 to 0x0000000004c7c821
Event: 1.545 Thread 0x0000000004953800 Exception <a 'sun/nio/fs/WindowsException'> (0x00000000ff19e7e0) thrown at [D:\src\AOSP-openjdk-cygwin\jdk8u\hotspot\src\share\vm\prims\jni.cpp, line 709]
Event: 1.545 Thread 0x0000000004953800 Exception <a 'sun/nio/fs/WindowsException'> (0x00000000ff19eda0) thrown at [D:\src\AOSP-openjdk-cygwin\jdk8u\hotspot\src\share\vm\prims\jni.cpp, line 709]
Event: 1.545 Thread 0x0000000004953800 Exception <a 'sun/nio/fs/WindowsException'> (0x00000000ff19f370) thrown at [D:\src\AOSP-openjdk-cygwin\jdk8u\hotspot\src\share\vm\prims\jni.cpp, line 709]
Event: 1.545 Thread 0x0000000004953800 Exception <a 'sun/nio/fs/WindowsException'> (0x00000000ff19fb30) thrown at [D:\src\AOSP-openjdk-cygwin\jdk8u\hotspot\src\share\vm\prims\jni.cpp, line 709]
Event: 1.566 Thread 0x0000000004953800 Exception <a 'sun/nio/fs/WindowsException'> (0x00000000ff1a4a78) thrown at [D:\src\AOSP-openjdk-cygwin\jdk8u\hotspot\src\share\vm\prims\jni.cpp, line 709]
Event: 1.649 Thread 0x0000000004953800 Exception <a 'sun/nio/fs/WindowsException'> (0x00000000ff534f48) thrown at [D:\src\AOSP-openjdk-cygwin\jdk8u\hotspot\src\share\vm\prims\jni.cpp, line 709]
Event: 1.650 Thread 0x0000000004953800 Exception <a 'sun/nio/fs/WindowsException'> (0x00000000ff5354c0) thrown at [D:\src\AOSP-openjdk-cygwin\jdk8u\hotspot\src\share\vm\prims\jni.cpp, line 709]
Event: 2.526 Thread 0x0000000004953800 Implicit null exception at 0x0000000004e16f4a to 0x0000000004e17819

Events (10 events):
Event: 2.074 Thread 0x0000000004953800 DEOPT UNPACKING pc=0x0000000004a975d0 sp=0x000000000494ea80 mode 0
Event: 2.098 Thread 0x0000000004953800 Uncommon trap: trap_request=0xffffff65 fr.pc=0x0000000004d5ee38
Event: 2.098 Thread 0x0000000004953800 DEOPT PACKING pc=0x0000000004d5ee38 sp=0x000000000494e480
Event: 2.098 Thread 0x0000000004953800 DEOPT UNPACKING pc=0x0000000004a9557b sp=0x000000000494e410 mode 2
Event: 2.214 Thread 0x0000000004953800 Uncommon trap: trap_request=0xffffff65 fr.pc=0x0000000004dd04e4
Event: 2.214 Thread 0x0000000004953800 DEOPT PACKING pc=0x0000000004dd04e4 sp=0x000000000494e750
Event: 2.214 Thread 0x0000000004953800 DEOPT UNPACKING pc=0x0000000004a9557b sp=0x000000000494e6f0 mode 2
Event: 2.526 Thread 0x0000000004953800 Uncommon trap: trap_request=0xfffffff4 fr.pc=0x0000000004e17838
Event: 2.526 Thread 0x0000000004953800 DEOPT PACKING pc=0x0000000004e17838 sp=0x000000000494e8a0
Event: 2.526 Thread 0x0000000004953800 DEOPT UNPACKING pc=0x0000000004a9557b sp=0x000000000494e880 mode 2


Dynamic libraries:
0x00007ff7a0670000 - 0x00007ff7a06a1000 	C:\Program Files\Android\Android Studio\jre\bin\java.exe
0x00007ffe1a550000 - 0x00007ffe1a730000 	C:\WINDOWS\SYSTEM32\ntdll.dll
0x00007ffe17a60000 - 0x00007ffe17b0e000 	C:\WINDOWS\System32\KERNEL32.DLL
0x00007ffe16c70000 - 0x00007ffe16ed6000 	C:\WINDOWS\System32\KERNELBASE.dll
0x00007ffe1a3d0000 - 0x00007ffe1a471000 	C:\WINDOWS\System32\ADVAPI32.dll
0x00007ffe1a480000 - 0x00007ffe1a51d000 	C:\WINDOWS\System32\msvcrt.dll
0x00007ffe19d60000 - 0x00007ffe19dbb000 	C:\WINDOWS\System32\sechost.dll
0x00007ffe1a120000 - 0x00007ffe1a23f000 	C:\WINDOWS\System32\RPCRT4.dll
0x00007ffe17bf0000 - 0x00007ffe17d7f000 	C:\WINDOWS\System32\USER32.dll
0x00007ffe16a80000 - 0x00007ffe16aa0000 	C:\WINDOWS\System32\win32u.dll
0x00007ffe17b10000 - 0x00007ffe17b38000 	C:\WINDOWS\System32\GDI32.dll
0x00007ffe17880000 - 0x00007ffe17a13000 	C:\WINDOWS\System32\gdi32full.dll
0x00007ffe177e0000 - 0x00007ffe1787b000 	C:\WINDOWS\System32\msvcp_win.dll
0x00007ffe17630000 - 0x00007ffe17726000 	C:\WINDOWS\System32\ucrtbase.dll
0x00007ffe10e30000 - 0x00007ffe11099000 	C:\WINDOWS\WinSxS\amd64_microsoft.windows.common-controls_6595b64144ccf1df_6.0.16299.248_none_15ced204935f55d7\COMCTL32.dll
0x00007ffe19520000 - 0x00007ffe19828000 	C:\WINDOWS\System32\combase.dll
0x00007ffe16950000 - 0x00007ffe169c2000 	C:\WINDOWS\System32\bcryptPrimitives.dll
0x00007ffe17a30000 - 0x00007ffe17a5d000 	C:\WINDOWS\System32\IMM32.DLL
0x000000005c2b0000 - 0x000000005c382000 	C:\Program Files\Android\Android Studio\jre\jre\bin\msvcr100.dll
0x000000005c470000 - 0x000000005ccaf000 	C:\Program Files\Android\Android Studio\jre\jre\bin\server\jvm.dll
0x00007ffe193c0000 - 0x00007ffe193c8000 	C:\WINDOWS\System32\PSAPI.DLL
0x00007ffe12410000 - 0x00007ffe12433000 	C:\WINDOWS\SYSTEM32\WINMM.dll
0x00007ffe11980000 - 0x00007ffe1198a000 	C:\WINDOWS\SYSTEM32\VERSION.dll
0x00007ffe0c050000 - 0x00007ffe0c059000 	C:\WINDOWS\SYSTEM32\WSOCK32.dll
0x00007ffe1a360000 - 0x00007ffe1a3cc000 	C:\WINDOWS\System32\WS2_32.dll
0x00007ffe123b0000 - 0x00007ffe123da000 	C:\WINDOWS\SYSTEM32\WINMMBASE.dll
0x00007ffe16a30000 - 0x00007ffe16a7a000 	C:\WINDOWS\System32\cfgmgr32.dll
0x00007ffe0bdc0000 - 0x00007ffe0bdcf000 	C:\Program Files\Android\Android Studio\jre\jre\bin\verify.dll
0x00007ffe0acd0000 - 0x00007ffe0acf9000 	C:\Program Files\Android\Android Studio\jre\jre\bin\java.dll
0x00007ffe0bda0000 - 0x00007ffe0bdb6000 	C:\Program Files\Android\Android Studio\jre\jre\bin\zip.dll
0x00007ffe17de0000 - 0x00007ffe19216000 	C:\WINDOWS\System32\SHELL32.dll
0x00007ffe17b40000 - 0x00007ffe17be6000 	C:\WINDOWS\System32\shcore.dll
0x00007ffe16ee0000 - 0x00007ffe17627000 	C:\WINDOWS\System32\windows.storage.dll
0x00007ffe19f50000 - 0x00007ffe19fa1000 	C:\WINDOWS\System32\shlwapi.dll
0x00007ffe168f0000 - 0x00007ffe16901000 	C:\WINDOWS\System32\kernel.appcore.dll
0x00007ffe168a0000 - 0x00007ffe168ec000 	C:\WINDOWS\System32\powrprof.dll
0x00007ffe16910000 - 0x00007ffe1692b000 	C:\WINDOWS\System32\profapi.dll
0x00007ffe165d0000 - 0x00007ffe165e7000 	C:\WINDOWS\SYSTEM32\CRYPTSP.dll
0x00007ffe15990000 - 0x00007ffe159c3000 	C:\WINDOWS\system32\rsaenh.dll
0x00007ffe16360000 - 0x00007ffe16385000 	C:\WINDOWS\SYSTEM32\bcrypt.dll
0x00007ffe167d0000 - 0x00007ffe167f9000 	C:\WINDOWS\SYSTEM32\USERENV.dll
0x00007ffe15fa0000 - 0x00007ffe15fab000 	C:\WINDOWS\SYSTEM32\CRYPTBASE.dll
0x00007ffe0acb0000 - 0x00007ffe0acca000 	C:\Program Files\Android\Android Studio\jre\jre\bin\net.dll
0x00007ffe15d80000 - 0x00007ffe15de6000 	C:\WINDOWS\system32\mswsock.dll
0x00007ffe15b10000 - 0x00007ffe15b49000 	C:\WINDOWS\SYSTEM32\IPHLPAPI.DLL
0x00007ffe1a350000 - 0x00007ffe1a358000 	C:\WINDOWS\System32\NSI.dll
0x00007ffe0f160000 - 0x00007ffe0f176000 	C:\WINDOWS\SYSTEM32\dhcpcsvc6.DLL
0x00007ffe0f140000 - 0x00007ffe0f15a000 	C:\WINDOWS\SYSTEM32\dhcpcsvc.DLL
0x00007ffe0ac90000 - 0x00007ffe0aca1000 	C:\Program Files\Android\Android Studio\jre\jre\bin\nio.dll

VM Arguments:
jvm_args: -Djava.awt.headless=true -Xmx64M -Dfile.encoding=windows-1251 -Duser.country=UA -Duser.language=uk -Duser.variant 
java_command: com.google.devtools.build.android.desugar.Desugar --input D:\FanSerials\FanSerials\app\build\intermediates\transforms\stackFramesFixer\debug\20.jar --output D:\FanSerials\FanSerials\app\build\intermediates\transforms\desugar\debug\21.jar --input D:\FanSerials\FanSerials\app\build\intermediates\transforms\stackFramesFixer\debug\17.jar --output D:\FanSerials\FanSerials\app\build\intermediates\transforms\desugar\debug\18.jar --input D:\FanSerials\FanSerials\app\build\intermediates\transforms\stackFramesFixer\debug\14.jar --output D:\FanSerials\FanSerials\app\build\intermediates\transforms\desugar\debug\15.jar --input D:\FanSerials\FanSerials\app\build\intermediates\transforms\stackFramesFixer\debug\21.jar --output D:\FanSerials\FanSerials\app\build\intermediates\transforms\desugar\debug\22.jar --classpath_entry D:\FanSerials\FanSerials\app\build\intermediates\classes\debug --classpath_entry D:\FanSerials\FanSerials\app\build\intermediates\transforms\stackFramesFixer\debug\0.jar --classpath_entry D:\FanSerials\FanSerials\app\build\intermediates\transforms\stackFramesFixer\debug\1.jar --classpath_entry D:\FanSerials\FanSerials\app\build\intermediates\transforms\stackFramesFixer\debug\2.jar --classpath_entry D:\FanSerials\FanSerials\app\build\intermediates\transforms\stackFramesFixer\debug\3.jar --classpath_entry D:\FanSerials\FanSerials\app\build\intermediates\transforms\stackFramesFixer\debug\4.jar --classpath_entry D:\FanSerials\FanSerials\app\build\intermediates\transforms\stackFramesFixer\debug\5.jar --classpath_entry D:\FanSerials\FanSerials\app\build\intermediates\transforms\stackFramesFixer\debug\6.jar --classpath_entry D:\FanSerials\FanSerials\app\build\intermediates\transforms\stackFramesFixer\debug\7.jar --classpath_entry D:\FanSerials\FanSerials\app\build\intermediates\transforms\stackFramesFixer\debug\8.jar --classpath_entry D:\FanSerials\FanSerials\app\build\intermediates\transforms\stackFramesFixer\debug\9.jar --classpath_entry D:\FanSerials
java_class_path (initial): C:\Users\Ivan\AppData\Local\Temp\desugar_deploy.jar883269109973781300
Launcher Type: SUN_STANDARD

Environment Variables:
PATH=C:\ProgramData\Oracle\Java\javapath;C:\WINDOWS\system32;C:\WINDOWS;C:\WINDOWS\System32\Wbem;C:\WINDOWS\System32\WindowsPowerShell\v1.0\;C:\Program Files (x86)\NVIDIA Corporation\PhysX\Common;C:\Users\Ivan\AppData\Local\Microsoft\WindowsApps;
USERNAME=Ivan
OS=Windows_NT
PROCESSOR_IDENTIFIER=Intel64 Family 6 Model 60 Stepping 3, GenuineIntel



---------------  S Y S T E M  ---------------

OS: Windows 10.0 , 64 bit Build 16299 (10.0.16299.15)

CPU:total 8 (initial active 8) (4 cores per cpu, 2 threads per core) family 6 model 60 stepping 3, cmov, cx8, fxsr, mmx, sse, sse2, sse3, ssse3, sse4.1, sse4.2, popcnt, avx, avx2, aes, clmul, erms, lzcnt, ht, tsc, tscinvbit, bmi1, bmi2

Memory: 4k page, physical 8268984k(1028912k free), swap 10316984k(4120k free)

vm_info: OpenJDK 64-Bit Server VM (25.152-b02) for windows-amd64 JRE (1.8.0_152-release-1024-b02), built by "builder" with MS VC++ 10.0 (VS2010)

time: Fri Mar 30 21:38:58 2018
elapsed time: 2 seconds (0d 0h 0m 2s)

