#
# There is insufficient memory for the Java Runtime Environment to continue.
# Native memory allocation (malloc) failed to allocate 32744 bytes for ChunkPool::allocate
# Possible reasons:
#   The system is out of physical RAM or swap space
#   In 32 bit mode, the process size limit was hit
# Possible solutions:
#   Reduce memory load on the system
#   Increase physical memory or swap space
#   Check if swap backing store is full
#   Use 64 bit Java on a 64 bit OS
#   Decrease Java heap size (-Xmx/-Xms)
#   Decrease number of Java threads
#   Decrease Java thread stack sizes (-Xss)
#   Set larger code cache with -XX:ReservedCodeCacheSize=
# This output file may be truncated or incomplete.
#
#  Out of Memory Error (allocation.cpp:273), pid=4008, tid=0x0000000000002c14
#
# JRE version: OpenJDK Runtime Environment (8.0_152-b01) (build 1.8.0_152-release-915-b01)
# Java VM: OpenJDK 64-Bit Server VM (25.152-b01 mixed mode windows-amd64 compressed oops)
# Failed to write core dump. Minidumps are not enabled by default on client versions of Windows
#

---------------  T H R E A D  ---------------

Current thread (0x00000000176d1000):  JavaThread "C1 CompilerThread3" daemon [_thread_in_native, id=11284, stack(0x0000000018240000,0x0000000018340000)]

Stack: [0x0000000018240000,0x0000000018340000]
[error occurred during error reporting (printing stack bounds), id 0xc0000005]

Native frames: (J=compiled Java code, j=interpreted, Vv=VM code, C=native code)


Current CompileTask:
C1:   1494  382       3       jdk.internal.org.objectweb.asm.Frame::execute (2252 bytes)


---------------  P R O C E S S  ---------------

Java Threads: ( => current thread )
  0x00000000176f2000 JavaThread "Service Thread" daemon [_thread_blocked, id=11288, stack(0x0000000018340000,0x0000000018440000)]
=>0x00000000176d1000 JavaThread "C1 CompilerThread3" daemon [_thread_in_native, id=11284, stack(0x0000000018240000,0x0000000018340000)]
  0x00000000176cb800 JavaThread "C2 CompilerThread2" daemon [_thread_in_vm, id=11280, stack(0x0000000018140000,0x0000000018240000)]
  0x000000001767c000 JavaThread "C2 CompilerThread1" daemon [_thread_in_native, id=11268, stack(0x0000000018040000,0x0000000018140000)]
  0x0000000017679000 JavaThread "C2 CompilerThread0" daemon [_thread_blocked, id=11236, stack(0x0000000017f40000,0x0000000018040000)]
  0x0000000017678000 JavaThread "Attach Listener" daemon [_thread_blocked, id=2504, stack(0x0000000017e40000,0x0000000017f40000)]
  0x000000001578e000 JavaThread "Signal Dispatcher" daemon [_thread_blocked, id=1608, stack(0x0000000017d40000,0x0000000017e40000)]
  0x0000000017670800 JavaThread "Finalizer" daemon [_thread_blocked, id=4560, stack(0x0000000017a50000,0x0000000017b50000)]
  0x0000000004fc7000 JavaThread "Reference Handler" daemon [_thread_blocked, id=3584, stack(0x0000000017550000,0x0000000017650000)]
  0x0000000004ece800 JavaThread "main" [_thread_in_vm, id=5216, stack(0x0000000004d00000,0x0000000004e00000)]

Other Threads:
  0x0000000015775800 VMThread [stack: 0x0000000017450000,0x0000000017550000] [id=2988]
  0x00000000176f3000 WatcherThread [stack: 0x0000000018440000,0x0000000018540000] [id=11292]

VM state:not at safepoint (normal execution)

VM Mutex/Monitor currently owned by a thread: None

Heap:
 PSYoungGen      total 18944K, used 6952K [0x00000000feb00000, 0x0000000100000000, 0x0000000100000000)
  eden space 16384K, 42% used [0x00000000feb00000,0x00000000ff1ca118,0x00000000ffb00000)
  from space 2560K, 0% used [0x00000000ffd80000,0x00000000ffd80000,0x0000000100000000)
  to   space 2560K, 0% used [0x00000000ffb00000,0x00000000ffb00000,0x00000000ffd80000)
 ParOldGen       total 44032K, used 0K [0x00000000fc000000, 0x00000000feb00000, 0x00000000feb00000)
  object space 44032K, 0% used [0x00000000fc000000,0x00000000fc000000,0x00000000feb00000)
 Metaspace       used 5887K, capacity 6054K, committed 6144K, reserved 1056768K
  class space    used 687K, capacity 741K, committed 768K, reserved 1048576K

Card table byte_map: [0x00000000034f0000,0x0000000003520000] byte_map_base: 0x0000000002d10000

Marking Bits: (ParMarkBitMap*) 0x00000000662a3950
 Begin Bits: [0x0000000014b90000, 0x0000000014c90000)
 End Bits:   [0x0000000014c90000, 0x0000000014d90000)

Polling page: 0x0000000003470000

CodeCache: size=245760Kb used=1792Kb max_used=1794Kb free=243967Kb
 bounds [0x0000000004fd0000, 0x0000000005240000, 0x0000000013fd0000]
 total_blobs=694 nmethods=389 adapters=219
 compilation: enabled

Compilation events (10 events):
Event: 1.464 Thread 0x00000000176d1000  376       3       jdk.internal.org.objectweb.asm.Type::getArgumentsAndReturnSizes (151 bytes)
Event: 1.465 Thread 0x00000000176d1000 nmethod 376 0x0000000005189650 code [0x0000000005189880, 0x000000000518a618]
Event: 1.465 Thread 0x00000000176d1000  377       3       java.lang.invoke.InvokerBytecodeGenerator::isStaticallyNameable (116 bytes)
Event: 1.466 Thread 0x0000000017679000 nmethod 368 0x00000000051909d0 code [0x0000000005190b20, 0x0000000005190e18]
Event: 1.466 Thread 0x00000000176cb800 nmethod 372 0x000000000518bb90 code [0x000000000518bce0, 0x000000000518bef8]
Event: 1.467 Thread 0x00000000176d1000 nmethod 377 0x0000000005190fd0 code [0x0000000005191320, 0x00000000051932d8]
Event: 1.467 Thread 0x00000000176d1000  379       3       jdk.internal.org.objectweb.asm.Item::isEqualTo (354 bytes)
Event: 1.468 Thread 0x00000000176d1000 nmethod 379 0x000000000518f710 code [0x000000000518f940, 0x0000000005190608]
Event: 1.468 Thread 0x00000000176d1000  382       3       jdk.internal.org.objectweb.asm.Frame::execute (2252 bytes)
Event: 1.470 Thread 0x000000001767c000  396       4       jdk.internal.org.objectweb.asm.ByteVector::putUTF8 (142 bytes)

GC Heap History (0 events):
No events

Deoptimization events (1 events):
Event: 1.253 Thread 0x0000000004ece800 Uncommon trap: reason=range_check action=make_not_entrant pc=0x000000000514aca0 method=sun.reflect.generics.parser.SignatureParser.current()C @ 34

Classes redefined (0 events):
No events

Internal exceptions (6 events):
Event: 0.054 Thread 0x0000000004ece800 Exception <a 'java/lang/NoSuchMethodError': Method sun.misc.Unsafe.defineClass(Ljava/lang/String;[BII)Ljava/lang/Class; name or signature does not match> (0x00000000feb07ca8) thrown at [D:\src\AOSP-openjdk-cygwin\jdk8u\hotspot\src\share\vm\prims\jni.cpp, 
Event: 0.054 Thread 0x0000000004ece800 Exception <a 'java/lang/NoSuchMethodError': Method sun.misc.Unsafe.prefetchRead(Ljava/lang/Object;J)V name or signature does not match> (0x00000000feb07f90) thrown at [D:\src\AOSP-openjdk-cygwin\jdk8u\hotspot\src\share\vm\prims\jni.cpp, line 4011]
Event: 0.977 Thread 0x0000000004ece800 Exception <a 'sun/nio/fs/WindowsException'> (0x00000000feceb700) thrown at [D:\src\AOSP-openjdk-cygwin\jdk8u\hotspot\src\share\vm\prims\jni.cpp, line 709]
Event: 1.253 Thread 0x0000000004ece800 Exception <a 'java/lang/ArrayIndexOutOfBoundsException': 18> (0x00000000fef416a0) thrown at [D:\src\AOSP-openjdk-cygwin\jdk8u\hotspot\src\share\vm\interpreter\interpreterRuntime.cpp, line 366]
Event: 1.254 Thread 0x0000000004ece800 Exception <a 'java/lang/ArrayIndexOutOfBoundsException': 67> (0x00000000fef425a8) thrown at [D:\src\AOSP-openjdk-cygwin\jdk8u\hotspot\src\share\vm\interpreter\interpreterRuntime.cpp, line 366]
Event: 1.469 Thread 0x0000000004ece800 Exception <a 'java/lang/NoSuchFieldError': method resolution failed> (0x00000000ff1ac9f0) thrown at [D:\src\AOSP-openjdk-cygwin\jdk8u\hotspot\src\share\vm\prims\methodHandles.cpp, line 1167]

Events (10 events):
Event: 1.442 loading class java/lang/invoke/DelegatingMethodHandle done
Event: 1.442 loading class java/lang/invoke/MethodHandleImpl$AsVarargsCollector done
Event: 1.442 loading class java/lang/invoke/WrongMethodTypeException
Event: 1.442 loading class java/lang/invoke/WrongMethodTypeException done
Event: 1.447 loading class java/lang/invoke/MethodHandleImpl$Lazy
Event: 1.447 loading class java/lang/invoke/MethodHandleImpl$Lazy done
Event: 1.448 loading class java/lang/invoke/MethodHandleImpl$IntrinsicMethodHandle
Event: 1.448 loading class java/lang/invoke/MethodHandleImpl$IntrinsicMethodHandle done
Event: 1.469 loading class java/lang/NoSuchFieldError
Event: 1.469 loading class java/lang/NoSuchFieldError done


Dynamic libraries:
0x00007ff7e22d0000 - 0x00007ff7e2301000 	C:\Program Files\Android\Android Studio\jre\bin\java.exe
0x00007ff9421a0000 - 0x00007ff942380000 	C:\WINDOWS\SYSTEM32\ntdll.dll
0x00007ff941ba0000 - 0x00007ff941c4e000 	C:\WINDOWS\System32\KERNEL32.DLL
0x00007ff93f010000 - 0x00007ff93f276000 	C:\WINDOWS\System32\KERNELBASE.dll
0x00007ff9420c0000 - 0x00007ff942161000 	C:\WINDOWS\System32\ADVAPI32.dll
0x00007ff9403a0000 - 0x00007ff94043d000 	C:\WINDOWS\System32\msvcrt.dll
0x00007ff9405b0000 - 0x00007ff94060b000 	C:\WINDOWS\System32\sechost.dll
0x00007ff93fc60000 - 0x00007ff93fd7f000 	C:\WINDOWS\System32\RPCRT4.dll
0x00007ff941dc0000 - 0x00007ff941f4f000 	C:\WINDOWS\System32\USER32.dll
0x00007ff93ecf0000 - 0x00007ff93ed10000 	C:\WINDOWS\System32\win32u.dll
0x00007ff93f790000 - 0x00007ff93f7b8000 	C:\WINDOWS\System32\GDI32.dll
0x00007ff93f420000 - 0x00007ff93f5b3000 	C:\WINDOWS\System32\gdi32full.dll
0x00007ff93f380000 - 0x00007ff93f41b000 	C:\WINDOWS\System32\msvcp_win.dll
0x00007ff93f280000 - 0x00007ff93f376000 	C:\WINDOWS\System32\ucrtbase.dll
0x00007ff9338a0000 - 0x00007ff933b09000 	C:\WINDOWS\WinSxS\amd64_microsoft.windows.common-controls_6595b64144ccf1df_6.0.16299.248_none_15ced204935f55d7\COMCTL32.dll
0x00007ff93f7c0000 - 0x00007ff93fac8000 	C:\WINDOWS\System32\combase.dll
0x00007ff93ed10000 - 0x00007ff93ed82000 	C:\WINDOWS\System32\bcryptPrimitives.dll
0x00007ff9401d0000 - 0x00007ff9401fd000 	C:\WINDOWS\System32\IMM32.DLL
0x0000000065920000 - 0x00000000659f2000 	C:\Program Files\Android\Android Studio\jre\jre\bin\msvcr100.dll
0x0000000065ae0000 - 0x000000006631e000 	C:\Program Files\Android\Android Studio\jre\jre\bin\server\jvm.dll
0x00007ff9420b0000 - 0x00007ff9420b8000 	C:\WINDOWS\System32\PSAPI.DLL
0x00007ff927f70000 - 0x00007ff927f79000 	C:\WINDOWS\SYSTEM32\WSOCK32.dll
0x00007ff941f50000 - 0x00007ff941fbc000 	C:\WINDOWS\System32\WS2_32.dll
0x00007ff93c490000 - 0x00007ff93c4b3000 	C:\WINDOWS\SYSTEM32\WINMM.dll
0x00007ff9388c0000 - 0x00007ff9388ca000 	C:\WINDOWS\SYSTEM32\VERSION.dll
0x00007ff93c310000 - 0x00007ff93c33a000 	C:\WINDOWS\SYSTEM32\WINMMBASE.dll
0x00007ff93ed90000 - 0x00007ff93edda000 	C:\WINDOWS\System32\cfgmgr32.dll
0x00007ff927f60000 - 0x00007ff927f6f000 	C:\Program Files\Android\Android Studio\jre\jre\bin\verify.dll
0x00007ff927720000 - 0x00007ff927749000 	C:\Program Files\Android\Android Studio\jre\jre\bin\java.dll
0x00007ff9230e0000 - 0x00007ff9230f6000 	C:\Program Files\Android\Android Studio\jre\jre\bin\zip.dll
0x00007ff940760000 - 0x00007ff941b96000 	C:\WINDOWS\System32\SHELL32.dll
0x00007ff93f670000 - 0x00007ff93f716000 	C:\WINDOWS\System32\shcore.dll
0x00007ff93e5a0000 - 0x00007ff93ece7000 	C:\WINDOWS\System32\windows.storage.dll
0x00007ff942050000 - 0x00007ff9420a1000 	C:\WINDOWS\System32\shlwapi.dll
0x00007ff93e580000 - 0x00007ff93e591000 	C:\WINDOWS\System32\kernel.appcore.dll
0x00007ff93e510000 - 0x00007ff93e55c000 	C:\WINDOWS\System32\powrprof.dll
0x00007ff93e4f0000 - 0x00007ff93e50b000 	C:\WINDOWS\System32\profapi.dll
0x00007ff93df50000 - 0x00007ff93df67000 	C:\WINDOWS\SYSTEM32\CRYPTSP.dll
0x00007ff93d930000 - 0x00007ff93d963000 	C:\WINDOWS\system32\rsaenh.dll
0x00007ff93e050000 - 0x00007ff93e075000 	C:\WINDOWS\SYSTEM32\bcrypt.dll
0x00007ff93e420000 - 0x00007ff93e449000 	C:\WINDOWS\SYSTEM32\USERENV.dll
0x00007ff93df40000 - 0x00007ff93df4b000 	C:\WINDOWS\SYSTEM32\CRYPTBASE.dll
0x00007ff921f20000 - 0x00007ff921f3a000 	C:\Program Files\Android\Android Studio\jre\jre\bin\net.dll
0x00007ff93dd70000 - 0x00007ff93ddd6000 	C:\WINDOWS\system32\mswsock.dll
0x00007ff93db10000 - 0x00007ff93db49000 	C:\WINDOWS\SYSTEM32\IPHLPAPI.DLL
0x00007ff93f720000 - 0x00007ff93f728000 	C:\WINDOWS\System32\NSI.dll
0x00007ff939000000 - 0x00007ff939016000 	C:\WINDOWS\SYSTEM32\dhcpcsvc6.DLL
0x00007ff938fe0000 - 0x00007ff938ffa000 	C:\WINDOWS\SYSTEM32\dhcpcsvc.DLL
0x00007ff920740000 - 0x00007ff920751000 	C:\Program Files\Android\Android Studio\jre\jre\bin\nio.dll

VM Arguments:
jvm_args: -Djava.awt.headless=true -Xmx64M -Dfile.encoding=windows-1251 -Duser.country=UA -Duser.language=uk -Duser.variant 
java_command: com.google.devtools.build.android.desugar.Desugar --input D:\FanSerials\FanSerials\app\build\intermediates\transforms\stackFramesFixer\debug\5.jar --output D:\FanSerials\FanSerials\app\build\intermediates\transforms\desugar\debug\6.jar --input D:\FanSerials\FanSerials\app\build\intermediates\transforms\stackFramesFixer\debug\25.jar --output D:\FanSerials\FanSerials\app\build\intermediates\transforms\desugar\debug\26.jar --input D:\FanSerials\FanSerials\app\build\intermediates\transforms\stackFramesFixer\debug\15.jar --output D:\FanSerials\FanSerials\app\build\intermediates\transforms\desugar\debug\16.jar --classpath_entry D:\FanSerials\FanSerials\app\build\intermediates\classes\debug --classpath_entry D:\FanSerials\FanSerials\app\build\intermediates\transforms\stackFramesFixer\debug\0.jar --classpath_entry D:\FanSerials\FanSerials\app\build\intermediates\transforms\stackFramesFixer\debug\1.jar --classpath_entry D:\FanSerials\FanSerials\app\build\intermediates\transforms\stackFramesFixer\debug\2.jar --classpath_entry D:\FanSerials\FanSerials\app\build\intermediates\transforms\stackFramesFixer\debug\3.jar --classpath_entry D:\FanSerials\FanSerials\app\build\intermediates\transforms\stackFramesFixer\debug\4.jar --classpath_entry D:\FanSerials\FanSerials\app\build\intermediates\transforms\stackFramesFixer\debug\5.jar --classpath_entry D:\FanSerials\FanSerials\app\build\intermediates\transforms\stackFramesFixer\debug\6.jar --classpath_entry D:\FanSerials\FanSerials\app\build\intermediates\transforms\stackFramesFixer\debug\7.jar --classpath_entry D:\FanSerials\FanSerials\app\build\intermediates\transforms\stackFramesFixer\debug\8.jar --classpath_entry D:\FanSerials\FanSerials\app\build\intermediates\transforms\stackFramesFixer\debug\9.jar --classpath_entry D:\FanSerials\FanSerials\app\build\intermediates\transforms\stackFramesFixer\debug\10.jar --classpath_entry D:\FanSerials\FanSerials\app\build\intermediates\transforms\stackFramesFixer\debug\11.jar --cla
java_class_path (initial): C:\Users\Ivan\AppData\Local\Temp\desugar_deploy.jar8196935388568118861
Launcher Type: SUN_STANDARD

Environment Variables:
PATH=C:\ProgramData\Oracle\Java\javapath;C:\WINDOWS\system32;C:\WINDOWS;C:\WINDOWS\System32\Wbem;C:\WINDOWS\System32\WindowsPowerShell\v1.0\;C:\Program Files (x86)\NVIDIA Corporation\PhysX\Common;C:\Users\Ivan\AppData\Local\Microsoft\WindowsApps;
USERNAME=Ivan
OS=Windows_NT
PROCESSOR_IDENTIFIER=Intel64 Family 6 Model 60 Stepping 3, GenuineIntel



---------------  S Y S T E M  ---------------

OS: Windows 10.0 , 64 bit Build 16299 (10.0.16299.15)

CPU:total 8 (initial active 8) (4 cores per cpu, 2 threads per core) family 6 model 60 stepping 3, cmov, cx8, fxsr, mmx, sse, sse2, sse3, ssse3, sse4.1, sse4.2, popcnt, avx, avx2, aes, clmul, erms, lzcnt, ht, tsc, tscinvbit, bmi1, bmi2

Memory: 4k page, physical 8268984k(1016580k free), swap 10316984k(0k free)

vm_info: OpenJDK 64-Bit Server VM (25.152-b01) for windows-amd64 JRE (1.8.0_152-release-915-b01), built by "builder" with MS VC++ 10.0 (VS2010)

time: Sun Mar 11 15:17:14 2018
elapsed time: 1 seconds (0d 0h 0m 1s)

