#
# There is insufficient memory for the Java Runtime Environment to continue.
# Native memory allocation (malloc) failed to allocate 3192656 bytes for Chunk::new
# Possible reasons:
#   The system is out of physical RAM or swap space
#   In 32 bit mode, the process size limit was hit
# Possible solutions:
#   Reduce memory load on the system
#   Increase physical memory or swap space
#   Check if swap backing store is full
#   Use 64 bit Java on a 64 bit OS
#   Decrease Java heap size (-Xmx/-Xms)
#   Decrease number of Java threads
#   Decrease Java thread stack sizes (-Xss)
#   Set larger code cache with -XX:ReservedCodeCacheSize=
# This output file may be truncated or incomplete.
#
#  Out of Memory Error (allocation.cpp:390), pid=12528, tid=0x0000000000002fe0
#
# JRE version: OpenJDK Runtime Environment (8.0_152-b01) (build 1.8.0_152-release-915-b01)
# Java VM: OpenJDK 64-Bit Server VM (25.152-b01 mixed mode windows-amd64 compressed oops)
# Failed to write core dump. Minidumps are not enabled by default on client versions of Windows
#

---------------  T H R E A D  ---------------

Current thread (0x0000000016cfb000):  JavaThread "C2 CompilerThread1" daemon [_thread_in_native, id=12256, stack(0x00000000176c0000,0x00000000177c0000)]

Stack: [0x00000000176c0000,0x00000000177c0000]
[error occurred during error reporting (printing stack bounds), id 0xc0000005]

Native frames: (J=compiled Java code, j=interpreted, Vv=VM code, C=native code)


Current CompileTask:
C2:   3566  775       4       org.objectweb.asm.ClassReader::a (3587 bytes)


---------------  P R O C E S S  ---------------

Java Threads: ( => current thread )
  0x0000000016d8d000 JavaThread "Service Thread" daemon [_thread_blocked, id=12424, stack(0x00000000179c0000,0x0000000017ac0000)]
  0x0000000016d05800 JavaThread "C1 CompilerThread3" daemon [_thread_in_native, id=10452, stack(0x00000000178c0000,0x00000000179c0000)]
  0x0000000016cff800 JavaThread "C2 CompilerThread2" daemon [_thread_blocked, id=6728, stack(0x00000000177c0000,0x00000000178c0000)]
=>0x0000000016cfb000 JavaThread "C2 CompilerThread1" daemon [_thread_in_native, id=12256, stack(0x00000000176c0000,0x00000000177c0000)]
  0x0000000016cf8000 JavaThread "C2 CompilerThread0" daemon [_thread_in_native, id=9624, stack(0x00000000175c0000,0x00000000176c0000)]
  0x0000000016cf6800 JavaThread "Attach Listener" daemon [_thread_blocked, id=12732, stack(0x00000000174c0000,0x00000000175c0000)]
  0x0000000014dfe800 JavaThread "Signal Dispatcher" daemon [_thread_blocked, id=9768, stack(0x00000000173c0000,0x00000000174c0000)]
  0x0000000016cf0800 JavaThread "Finalizer" daemon [_thread_blocked, id=8840, stack(0x00000000170d0000,0x00000000171d0000)]
  0x0000000004597000 JavaThread "Reference Handler" daemon [_thread_blocked, id=9040, stack(0x0000000016bd0000,0x0000000016cd0000)]
  0x00000000044a3800 JavaThread "main" [_thread_in_Java, id=13192, stack(0x0000000004350000,0x0000000004450000)]

Other Threads:
  0x0000000014de5000 VMThread [stack: 0x0000000016ad0000,0x0000000016bd0000] [id=10076]
  0x0000000016d5f800 WatcherThread [stack: 0x0000000017ac0000,0x0000000017bc0000] [id=8452]

VM state:not at safepoint (normal execution)

VM Mutex/Monitor currently owned by a thread: None

Heap:
 PSYoungGen      total 18944K, used 12861K [0x00000000feb00000, 0x0000000100000000, 0x0000000100000000)
  eden space 16384K, 67% used [0x00000000feb00000,0x00000000ff5dcef0,0x00000000ffb00000)
  from space 2560K, 67% used [0x00000000ffb00000,0x00000000ffcb27f0,0x00000000ffd80000)
  to   space 2560K, 0% used [0x00000000ffd80000,0x00000000ffd80000,0x0000000100000000)
 ParOldGen       total 44032K, used 6221K [0x00000000fc000000, 0x00000000feb00000, 0x00000000feb00000)
  object space 44032K, 14% used [0x00000000fc000000,0x00000000fc6136b0,0x00000000feb00000)
 Metaspace       used 7632K, capacity 7836K, committed 7936K, reserved 1056768K
  class space    used 870K, capacity 956K, committed 1024K, reserved 1048576K

Card table byte_map: [0x00000000045a0000,0x00000000045d0000] byte_map_base: 0x0000000003dc0000

Marking Bits: (ParMarkBitMap*) 0x00000000704c3950
 Begin Bits: [0x0000000014200000, 0x0000000014300000)
 End Bits:   [0x0000000014300000, 0x0000000014400000)

Polling page: 0x00000000003f0000

CodeCache: size=245760Kb used=4197Kb max_used=4197Kb free=241562Kb
 bounds [0x0000000004640000, 0x0000000004a60000, 0x0000000013640000]
 total_blobs=1421 nmethods=1090 adapters=245
 compilation: enabled

Compilation events (10 events):
Event: 3.561 Thread 0x0000000016d05800 nmethod 1088 0x0000000004a4b410 code [0x0000000004a4b580, 0x0000000004a4b888]
Event: 3.561 Thread 0x0000000016d05800 1091       3       org.objectweb.asm.ClassWriter::visit (121 bytes)
Event: 3.562 Thread 0x0000000016d05800 nmethod 1091 0x0000000004a44890 code [0x0000000004a44a60, 0x0000000004a45158]
Event: 3.562 Thread 0x0000000016d05800 1089       3       com.google.devtools.build.android.desugar.DefaultMethodClassFixer::visit (85 bytes)
Event: 3.563 Thread 0x0000000016d05800 nmethod 1089 0x0000000004a537d0 code [0x0000000004a539e0, 0x0000000004a544b8]
Event: 3.563 Thread 0x0000000016d05800 1090       3       com.google.devtools.build.android.desugar.Java7Compatibility::visit (35 bytes)
Event: 3.563 Thread 0x0000000016d05800 nmethod 1090 0x0000000004a58110 code [0x0000000004a582a0, 0x0000000004a58708]
Event: 3.563 Thread 0x0000000016d05800 1092       3       org.objectweb.asm.ClassWriter::visitSource (36 bytes)
Event: 3.564 Thread 0x0000000016d05800 nmethod 1092 0x0000000004a57990 code [0x0000000004a57b20, 0x0000000004a57f58]
Event: 3.564 Thread 0x0000000016d05800 1093       3       com.google.devtools.build.android.desugar.LambdaDesugaring::visitEnd (363 bytes)

GC Heap History (6 events):
Event: 1.287 GC heap before
{Heap before GC invocations=1 (full 0):
 PSYoungGen      total 18944K, used 16384K [0x00000000feb00000, 0x0000000100000000, 0x0000000100000000)
  eden space 16384K, 100% used [0x00000000feb00000,0x00000000ffb00000,0x00000000ffb00000)
  from space 2560K, 0% used [0x00000000ffd80000,0x00000000ffd80000,0x0000000100000000)
  to   space 2560K, 0% used [0x00000000ffb00000,0x00000000ffb00000,0x00000000ffd80000)
 ParOldGen       total 44032K, used 0K [0x00000000fc000000, 0x00000000feb00000, 0x00000000feb00000)
  object space 44032K, 0% used [0x00000000fc000000,0x00000000fc000000,0x00000000feb00000)
 Metaspace       used 6513K, capacity 6670K, committed 6784K, reserved 1056768K
  class space    used 768K, capacity 823K, committed 896K, reserved 1048576K
Event: 1.295 GC heap after
Heap after GC invocations=1 (full 0):
 PSYoungGen      total 18944K, used 2528K [0x00000000feb00000, 0x0000000100000000, 0x0000000100000000)
  eden space 16384K, 0% used [0x00000000feb00000,0x00000000feb00000,0x00000000ffb00000)
  from space 2560K, 98% used [0x00000000ffb00000,0x00000000ffd78030,0x00000000ffd80000)
  to   space 2560K, 0% used [0x00000000ffd80000,0x00000000ffd80000,0x0000000100000000)
 ParOldGen       total 44032K, used 1692K [0x00000000fc000000, 0x00000000feb00000, 0x00000000feb00000)
  object space 44032K, 3% used [0x00000000fc000000,0x00000000fc1a7310,0x00000000feb00000)
 Metaspace       used 6513K, capacity 6670K, committed 6784K, reserved 1056768K
  class space    used 768K, capacity 823K, committed 896K, reserved 1048576K
}
Event: 1.843 GC heap before
{Heap before GC invocations=2 (full 0):
 PSYoungGen      total 18944K, used 18912K [0x00000000feb00000, 0x0000000100000000, 0x0000000100000000)
  eden space 16384K, 100% used [0x00000000feb00000,0x00000000ffb00000,0x00000000ffb00000)
  from space 2560K, 98% used [0x00000000ffb00000,0x00000000ffd78030,0x00000000ffd80000)
  to   space 2560K, 0% used [0x00000000ffd80000,0x00000000ffd80000,0x0000000100000000)
 ParOldGen       total 44032K, used 1692K [0x00000000fc000000, 0x00000000feb00000, 0x00000000feb00000)
  object space 44032K, 3% used [0x00000000fc000000,0x00000000fc1a7310,0x00000000feb00000)
 Metaspace       used 7452K, capacity 7644K, committed 7936K, reserved 1056768K
  class space    used 868K, capacity 956K, committed 1024K, reserved 1048576K
Event: 1.861 GC heap after
Heap after GC invocations=2 (full 0):
 PSYoungGen      total 18944K, used 2543K [0x00000000feb00000, 0x0000000100000000, 0x0000000100000000)
  eden space 16384K, 0% used [0x00000000feb00000,0x00000000feb00000,0x00000000ffb00000)
  from space 2560K, 99% used [0x00000000ffd80000,0x00000000ffffbf38,0x0000000100000000)
  to   space 2560K, 0% used [0x00000000ffb00000,0x00000000ffb00000,0x00000000ffd80000)
 ParOldGen       total 44032K, used 6213K [0x00000000fc000000, 0x00000000feb00000, 0x00000000feb00000)
  object space 44032K, 14% used [0x00000000fc000000,0x00000000fc6116b0,0x00000000feb00000)
 Metaspace       used 7452K, capacity 7644K, committed 7936K, reserved 1056768K
  class space    used 868K, capacity 956K, committed 1024K, reserved 1048576K
}
Event: 2.949 GC heap before
{Heap before GC invocations=3 (full 0):
 PSYoungGen      total 18944K, used 18927K [0x00000000feb00000, 0x0000000100000000, 0x0000000100000000)
  eden space 16384K, 100% used [0x00000000feb00000,0x00000000ffb00000,0x00000000ffb00000)
  from space 2560K, 99% used [0x00000000ffd80000,0x00000000ffffbf38,0x0000000100000000)
  to   space 2560K, 0% used [0x00000000ffb00000,0x00000000ffb00000,0x00000000ffd80000)
 ParOldGen       total 44032K, used 6213K [0x00000000fc000000, 0x00000000feb00000, 0x00000000feb00000)
  object space 44032K, 14% used [0x00000000fc000000,0x00000000fc6116b0,0x00000000feb00000)
 Metaspace       used 7572K, capacity 7708K, committed 7936K, reserved 1056768K
  class space    used 870K, capacity 956K, committed 1024K, reserved 1048576K
Event: 3.036 GC heap after
Heap after GC invocations=3 (full 0):
 PSYoungGen      total 18944K, used 1737K [0x00000000feb00000, 0x0000000100000000, 0x0000000100000000)
  eden space 16384K, 0% used [0x00000000feb00000,0x00000000feb00000,0x00000000ffb00000)
  from space 2560K, 67% used [0x00000000ffb00000,0x00000000ffcb27f0,0x00000000ffd80000)
  to   space 2560K, 0% used [0x00000000ffd80000,0x00000000ffd80000,0x0000000100000000)
 ParOldGen       total 44032K, used 6221K [0x00000000fc000000, 0x00000000feb00000, 0x00000000feb00000)
  object space 44032K, 14% used [0x00000000fc000000,0x00000000fc6136b0,0x00000000feb00000)
 Metaspace       used 7572K, capacity 7708K, committed 7936K, reserved 1056768K
  class space    used 870K, capacity 956K, committed 1024K, reserved 1048576K
}

Deoptimization events (10 events):
Event: 2.249 Thread 0x00000000044a3800 Uncommon trap: reason=null_check action=make_not_entrant pc=0x00000000049f2408 method=com.google.devtools.build.android.desugar.InterfaceDesugaring$InterfaceInvocationRewriter.visitMethodInsn(ILjava/lang/String;Ljava/lang/String;Ljava/lang/String;Z)V @ 10
Event: 2.614 Thread 0x00000000044a3800 Uncommon trap: reason=unstable_if action=reinterpret pc=0x00000000049e2468 method=java.io.BufferedOutputStream.write(I)V @ 9
Event: 3.077 Thread 0x00000000044a3800 Uncommon trap: reason=class_check action=maybe_recompile pc=0x0000000004a10844 method=org.objectweb.asm.MethodVisitor.visitLocalVariable(Ljava/lang/String;Ljava/lang/String;Ljava/lang/String;Lorg/objectweb/asm/Label;Lorg/objectweb/asm/Label;I)V @ 20
Event: 3.077 Thread 0x00000000044a3800 Uncommon trap: reason=class_check action=maybe_recompile pc=0x0000000004a10844 method=org.objectweb.asm.MethodVisitor.visitLocalVariable(Ljava/lang/String;Ljava/lang/String;Ljava/lang/String;Lorg/objectweb/asm/Label;Lorg/objectweb/asm/Label;I)V @ 20
Event: 3.077 Thread 0x00000000044a3800 Uncommon trap: reason=class_check action=maybe_recompile pc=0x00000000049d12e8 method=org.objectweb.asm.tree.VarInsnNode.accept(Lorg/objectweb/asm/MethodVisitor;)V @ 9
Event: 3.077 Thread 0x00000000044a3800 Uncommon trap: reason=class_check action=maybe_recompile pc=0x00000000049d12e8 method=org.objectweb.asm.tree.VarInsnNode.accept(Lorg/objectweb/asm/MethodVisitor;)V @ 9
Event: 3.196 Thread 0x00000000044a3800 Uncommon trap: reason=class_check action=maybe_recompile pc=0x0000000004a10844 method=org.objectweb.asm.MethodVisitor.visitLocalVariable(Ljava/lang/String;Ljava/lang/String;Ljava/lang/String;Lorg/objectweb/asm/Label;Lorg/objectweb/asm/Label;I)V @ 20
Event: 3.196 Thread 0x00000000044a3800 Uncommon trap: reason=class_check action=maybe_recompile pc=0x0000000004a10844 method=org.objectweb.asm.MethodVisitor.visitLocalVariable(Ljava/lang/String;Ljava/lang/String;Ljava/lang/String;Lorg/objectweb/asm/Label;Lorg/objectweb/asm/Label;I)V @ 20
Event: 3.196 Thread 0x00000000044a3800 Uncommon trap: reason=class_check action=maybe_recompile pc=0x00000000049d12e8 method=org.objectweb.asm.tree.VarInsnNode.accept(Lorg/objectweb/asm/MethodVisitor;)V @ 9
Event: 3.196 Thread 0x00000000044a3800 Uncommon trap: reason=class_check action=maybe_recompile pc=0x00000000049d12e8 method=org.objectweb.asm.tree.VarInsnNode.accept(Lorg/objectweb/asm/MethodVisitor;)V @ 9

Classes redefined (0 events):
No events

Internal exceptions (10 events):
Event: 1.398 Thread 0x00000000044a3800 Exception <a 'sun/nio/fs/WindowsException'> (0x00000000ff134140) thrown at [D:\src\AOSP-openjdk-cygwin\jdk8u\hotspot\src\share\vm\prims\jni.cpp, line 709]
Event: 1.398 Thread 0x00000000044a3800 Exception <a 'sun/nio/fs/WindowsException'> (0x00000000ff134710) thrown at [D:\src\AOSP-openjdk-cygwin\jdk8u\hotspot\src\share\vm\prims\jni.cpp, line 709]
Event: 1.398 Thread 0x00000000044a3800 Exception <a 'sun/nio/fs/WindowsException'> (0x00000000ff134ed0) thrown at [D:\src\AOSP-openjdk-cygwin\jdk8u\hotspot\src\share\vm\prims\jni.cpp, line 709]
Event: 1.398 Thread 0x00000000044a3800 Exception <a 'sun/nio/fs/WindowsException'> (0x00000000ff135478) thrown at [D:\src\AOSP-openjdk-cygwin\jdk8u\hotspot\src\share\vm\prims\jni.cpp, line 709]
Event: 1.398 Thread 0x00000000044a3800 Exception <a 'sun/nio/fs/WindowsException'> (0x00000000ff135c28) thrown at [D:\src\AOSP-openjdk-cygwin\jdk8u\hotspot\src\share\vm\prims\jni.cpp, line 709]
Event: 1.490 Thread 0x00000000044a3800 Exception <a 'sun/nio/fs/WindowsException'> (0x00000000ff13afa8) thrown at [D:\src\AOSP-openjdk-cygwin\jdk8u\hotspot\src\share\vm\prims\jni.cpp, line 709]
Event: 1.557 Thread 0x00000000044a3800 Exception <a 'sun/nio/fs/WindowsException'> (0x00000000ff438900) thrown at [D:\src\AOSP-openjdk-cygwin\jdk8u\hotspot\src\share\vm\prims\jni.cpp, line 709]
Event: 1.557 Thread 0x00000000044a3800 Exception <a 'sun/nio/fs/WindowsException'> (0x00000000ff438e78) thrown at [D:\src\AOSP-openjdk-cygwin\jdk8u\hotspot\src\share\vm\prims\jni.cpp, line 709]
Event: 2.137 Thread 0x00000000044a3800 Implicit null exception at 0x00000000049d9bea to 0x00000000049d9eb9
Event: 2.249 Thread 0x00000000044a3800 Implicit null exception at 0x00000000049efb58 to 0x00000000049f23e5

Events (10 events):
Event: 3.196 Thread 0x00000000044a3800 DEOPT UNPACKING pc=0x000000000468556a sp=0x000000000444e8d0 mode 2
Event: 3.196 Thread 0x00000000044a3800 Uncommon trap: trap_request=0xffffffde fr.pc=0x0000000004a10844
Event: 3.196 Thread 0x00000000044a3800 DEOPT PACKING pc=0x0000000004a10844 sp=0x000000000444e930
Event: 3.196 Thread 0x00000000044a3800 DEOPT UNPACKING pc=0x000000000468556a sp=0x000000000444e8d0 mode 2
Event: 3.196 Thread 0x00000000044a3800 Uncommon trap: trap_request=0xffffffde fr.pc=0x00000000049d12e8
Event: 3.196 Thread 0x00000000044a3800 DEOPT PACKING pc=0x00000000049d12e8 sp=0x000000000444e810
Event: 3.196 Thread 0x00000000044a3800 DEOPT UNPACKING pc=0x000000000468556a sp=0x000000000444e7c8 mode 2
Event: 3.196 Thread 0x00000000044a3800 Uncommon trap: trap_request=0xffffffde fr.pc=0x00000000049d12e8
Event: 3.196 Thread 0x00000000044a3800 DEOPT PACKING pc=0x00000000049d12e8 sp=0x000000000444e810
Event: 3.197 Thread 0x00000000044a3800 DEOPT UNPACKING pc=0x000000000468556a sp=0x000000000444e7c8 mode 2


Dynamic libraries:
0x00007ff637c40000 - 0x00007ff637c71000 	C:\Program Files\Android\Android Studio\jre\bin\java.exe
0x00007ffbdc1c0000 - 0x00007ffbdc3a0000 	C:\WINDOWS\SYSTEM32\ntdll.dll
0x00007ffbdb980000 - 0x00007ffbdba2e000 	C:\WINDOWS\System32\KERNEL32.DLL
0x00007ffbd9070000 - 0x00007ffbd92d6000 	C:\WINDOWS\System32\KERNELBASE.dll
0x00007ffbdc0e0000 - 0x00007ffbdc181000 	C:\WINDOWS\System32\ADVAPI32.dll
0x00007ffbdae70000 - 0x00007ffbdaf0d000 	C:\WINDOWS\System32\msvcrt.dll
0x00007ffbdbe90000 - 0x00007ffbdbeeb000 	C:\WINDOWS\System32\sechost.dll
0x00007ffbdbfc0000 - 0x00007ffbdc0df000 	C:\WINDOWS\System32\RPCRT4.dll
0x00007ffbdace0000 - 0x00007ffbdae6f000 	C:\WINDOWS\System32\USER32.dll
0x00007ffbd85c0000 - 0x00007ffbd85e0000 	C:\WINDOWS\System32\win32u.dll
0x00007ffbdaaf0000 - 0x00007ffbdab18000 	C:\WINDOWS\System32\GDI32.dll
0x00007ffbd9340000 - 0x00007ffbd94d3000 	C:\WINDOWS\System32\gdi32full.dll
0x00007ffbd8f50000 - 0x00007ffbd8feb000 	C:\WINDOWS\System32\msvcp_win.dll
0x00007ffbd9590000 - 0x00007ffbd9686000 	C:\WINDOWS\System32\ucrtbase.dll
0x00007ffbd1130000 - 0x00007ffbd1399000 	C:\WINDOWS\WinSxS\amd64_microsoft.windows.common-controls_6595b64144ccf1df_6.0.16299.248_none_15ced204935f55d7\COMCTL32.dll
0x00007ffbdb4c0000 - 0x00007ffbdb7c8000 	C:\WINDOWS\System32\combase.dll
0x00007ffbd8ff0000 - 0x00007ffbd9062000 	C:\WINDOWS\System32\bcryptPrimitives.dll
0x00007ffbdb320000 - 0x00007ffbdb34d000 	C:\WINDOWS\System32\IMM32.DLL
0x000000006fb40000 - 0x000000006fc12000 	C:\Program Files\Android\Android Studio\jre\jre\bin\msvcr100.dll
0x000000006fd00000 - 0x000000007053e000 	C:\Program Files\Android\Android Studio\jre\jre\bin\server\jvm.dll
0x00007ffbdbe80000 - 0x00007ffbdbe88000 	C:\WINDOWS\System32\PSAPI.DLL
0x00007ffbccf40000 - 0x00007ffbccf49000 	C:\WINDOWS\SYSTEM32\WSOCK32.dll
0x00007ffbdb2b0000 - 0x00007ffbdb31c000 	C:\WINDOWS\System32\WS2_32.dll
0x00007ffbd5f20000 - 0x00007ffbd5f43000 	C:\WINDOWS\SYSTEM32\WINMM.dll
0x00007ffbd6880000 - 0x00007ffbd688a000 	C:\WINDOWS\SYSTEM32\VERSION.dll
0x00007ffbd5ec0000 - 0x00007ffbd5eea000 	C:\WINDOWS\SYSTEM32\WINMMBASE.dll
0x00007ffbd87b0000 - 0x00007ffbd87fa000 	C:\WINDOWS\System32\cfgmgr32.dll
0x00007ffbccf30000 - 0x00007ffbccf3f000 	C:\Program Files\Android\Android Studio\jre\jre\bin\verify.dll
0x00007ffbccee0000 - 0x00007ffbccf09000 	C:\Program Files\Android\Android Studio\jre\jre\bin\java.dll
0x00007ffbccec0000 - 0x00007ffbcced6000 	C:\Program Files\Android\Android Studio\jre\jre\bin\zip.dll
0x00007ffbd9690000 - 0x00007ffbdaac6000 	C:\WINDOWS\System32\SHELL32.dll
0x00007ffbdb7d0000 - 0x00007ffbdb876000 	C:\WINDOWS\System32\shcore.dll
0x00007ffbd8800000 - 0x00007ffbd8f47000 	C:\WINDOWS\System32\windows.storage.dll
0x00007ffbdaf10000 - 0x00007ffbdaf61000 	C:\WINDOWS\System32\shlwapi.dll
0x00007ffbd8550000 - 0x00007ffbd8561000 	C:\WINDOWS\System32\kernel.appcore.dll
0x00007ffbd8570000 - 0x00007ffbd85bc000 	C:\WINDOWS\System32\powrprof.dll
0x00007ffbd8510000 - 0x00007ffbd852b000 	C:\WINDOWS\System32\profapi.dll
0x00007ffbd81e0000 - 0x00007ffbd81f7000 	C:\WINDOWS\SYSTEM32\CRYPTSP.dll
0x00007ffbd7600000 - 0x00007ffbd7633000 	C:\WINDOWS\system32\rsaenh.dll
0x00007ffbd7f40000 - 0x00007ffbd7f65000 	C:\WINDOWS\SYSTEM32\bcrypt.dll
0x00007ffbd8440000 - 0x00007ffbd8469000 	C:\WINDOWS\SYSTEM32\USERENV.dll
0x00007ffbd7bb0000 - 0x00007ffbd7bbb000 	C:\WINDOWS\SYSTEM32\CRYPTBASE.dll
0x00007ffbccea0000 - 0x00007ffbcceba000 	C:\Program Files\Android\Android Studio\jre\jre\bin\net.dll
0x00007ffbd79f0000 - 0x00007ffbd7a56000 	C:\WINDOWS\system32\mswsock.dll
0x00007ffbd7780000 - 0x00007ffbd77b9000 	C:\WINDOWS\SYSTEM32\IPHLPAPI.DLL
0x00007ffbdaf70000 - 0x00007ffbdaf78000 	C:\WINDOWS\System32\NSI.dll
0x00007ffbd20a0000 - 0x00007ffbd20b6000 	C:\WINDOWS\SYSTEM32\dhcpcsvc6.DLL
0x00007ffbd2080000 - 0x00007ffbd209a000 	C:\WINDOWS\SYSTEM32\dhcpcsvc.DLL
0x00007ffbcce20000 - 0x00007ffbcce31000 	C:\Program Files\Android\Android Studio\jre\jre\bin\nio.dll

VM Arguments:
jvm_args: -Djava.awt.headless=true -Xmx64M -Dfile.encoding=windows-1251 -Duser.country=UA -Duser.language=uk -Duser.variant 
java_command: com.google.devtools.build.android.desugar.Desugar --input D:\FanSerials\FanSerials\app\build\intermediates\transforms\stackFramesFixer\debug\4.jar --output D:\FanSerials\FanSerials\app\build\intermediates\transforms\desugar\debug\5.jar --input D:\FanSerials\FanSerials\app\build\intermediates\transforms\stackFramesFixer\debug\1.jar --output D:\FanSerials\FanSerials\app\build\intermediates\transforms\desugar\debug\2.jar --input D:\FanSerials\FanSerials\app\build\intermediates\transforms\stackFramesFixer\debug\19.jar --output D:\FanSerials\FanSerials\app\build\intermediates\transforms\desugar\debug\20.jar --input D:\FanSerials\FanSerials\app\build\intermediates\transforms\stackFramesFixer\debug\12.jar --output D:\FanSerials\FanSerials\app\build\intermediates\transforms\desugar\debug\13.jar --classpath_entry D:\FanSerials\FanSerials\app\build\intermediates\classes\debug --classpath_entry D:\FanSerials\FanSerials\app\build\intermediates\transforms\stackFramesFixer\debug\0.jar --classpath_entry D:\FanSerials\FanSerials\app\build\intermediates\transforms\stackFramesFixer\debug\1.jar --classpath_entry D:\FanSerials\FanSerials\app\build\intermediates\transforms\stackFramesFixer\debug\2.jar --classpath_entry D:\FanSerials\FanSerials\app\build\intermediates\transforms\stackFramesFixer\debug\3.jar --classpath_entry D:\FanSerials\FanSerials\app\build\intermediates\transforms\stackFramesFixer\debug\4.jar --classpath_entry D:\FanSerials\FanSerials\app\build\intermediates\transforms\stackFramesFixer\debug\5.jar --classpath_entry D:\FanSerials\FanSerials\app\build\intermediates\transforms\stackFramesFixer\debug\6.jar --classpath_entry D:\FanSerials\FanSerials\app\build\intermediates\transforms\stackFramesFixer\debug\7.jar --classpath_entry D:\FanSerials\FanSerials\app\build\intermediates\transforms\stackFramesFixer\debug\8.jar --classpath_entry D:\FanSerials\FanSerials\app\build\intermediates\transforms\stackFramesFixer\debug\9.jar --classpath_entry D:\FanSerials\Fan
java_class_path (initial): C:\Users\Ivan\AppData\Local\Temp\desugar_deploy.jar2028824752295189420
Launcher Type: SUN_STANDARD

Environment Variables:
PATH=C:\ProgramData\Oracle\Java\javapath;C:\WINDOWS\system32;C:\WINDOWS;C:\WINDOWS\System32\Wbem;C:\WINDOWS\System32\WindowsPowerShell\v1.0\;C:\Program Files (x86)\NVIDIA Corporation\PhysX\Common;C:\Users\Ivan\AppData\Local\Microsoft\WindowsApps;
USERNAME=Ivan
OS=Windows_NT
PROCESSOR_IDENTIFIER=Intel64 Family 6 Model 60 Stepping 3, GenuineIntel



---------------  S Y S T E M  ---------------

OS: Windows 10.0 , 64 bit Build 16299 (10.0.16299.15)

CPU:total 8 (initial active 8) (4 cores per cpu, 2 threads per core) family 6 model 60 stepping 3, cmov, cx8, fxsr, mmx, sse, sse2, sse3, ssse3, sse4.1, sse4.2, popcnt, avx, avx2, aes, clmul, erms, lzcnt, ht, tsc, tscinvbit, bmi1, bmi2

Memory: 4k page, physical 8268984k(605612k free), swap 10316984k(5976k free)

vm_info: OpenJDK 64-Bit Server VM (25.152-b01) for windows-amd64 JRE (1.8.0_152-release-915-b01), built by "builder" with MS VC++ 10.0 (VS2010)

time: Thu Mar 08 17:46:38 2018
elapsed time: 3 seconds (0d 0h 0m 3s)

