#
# There is insufficient memory for the Java Runtime Environment to continue.
# Native memory allocation (malloc) failed to allocate 2672816 bytes for Chunk::new
# Possible reasons:
#   The system is out of physical RAM or swap space
#   In 32 bit mode, the process size limit was hit
# Possible solutions:
#   Reduce memory load on the system
#   Increase physical memory or swap space
#   Check if swap backing store is full
#   Use 64 bit Java on a 64 bit OS
#   Decrease Java heap size (-Xmx/-Xms)
#   Decrease number of Java threads
#   Decrease Java thread stack sizes (-Xss)
#   Set larger code cache with -XX:ReservedCodeCacheSize=
# This output file may be truncated or incomplete.
#
#  Out of Memory Error (allocation.cpp:390), pid=10308, tid=0x0000000000002dfc
#
# JRE version: OpenJDK Runtime Environment (8.0_152-b02) (build 1.8.0_152-release-1024-b02)
# Java VM: OpenJDK 64-Bit Server VM (25.152-b02 mixed mode windows-amd64 compressed oops)
# Failed to write core dump. Minidumps are not enabled by default on client versions of Windows
#

---------------  T H R E A D  ---------------

Current thread (0x00000000178df800):  JavaThread "C2 CompilerThread2" daemon [_thread_in_native, id=11772, stack(0x0000000018370000,0x0000000018470000)]

Stack: [0x0000000018370000,0x0000000018470000]
[error occurred during error reporting (printing stack bounds), id 0xc0000005]

Native frames: (J=compiled Java code, j=interpreted, Vv=VM code, C=native code)


Current CompileTask:
C2:   2466  848 %     4       org.objectweb.asm.ClassReader::readCode @ 74 (3575 bytes)


---------------  P R O C E S S  ---------------

Java Threads: ( => current thread )
  0x0000000017956800 JavaThread "Service Thread" daemon [_thread_blocked, id=11780, stack(0x0000000018570000,0x0000000018670000)]
  0x0000000017900000 JavaThread "C1 CompilerThread3" daemon [_thread_blocked, id=12764, stack(0x0000000018470000,0x0000000018570000)]
=>0x00000000178df800 JavaThread "C2 CompilerThread2" daemon [_thread_in_native, id=11772, stack(0x0000000018370000,0x0000000018470000)]
  0x00000000159ac000 JavaThread "C2 CompilerThread1" daemon [_thread_blocked, id=7372, stack(0x0000000018270000,0x0000000018370000)]
  0x00000000178af000 JavaThread "C2 CompilerThread0" daemon [_thread_blocked, id=12608, stack(0x0000000018170000,0x0000000018270000)]
  0x00000000178aa000 JavaThread "Attach Listener" daemon [_thread_blocked, id=13704, stack(0x0000000018070000,0x0000000018170000)]
  0x00000000178a9000 JavaThread "Signal Dispatcher" daemon [_thread_blocked, id=11628, stack(0x0000000017f70000,0x0000000018070000)]
  0x00000000159a1000 JavaThread "Finalizer" daemon [_thread_blocked, id=6084, stack(0x0000000017c80000,0x0000000017d80000)]
  0x00000000051e9000 JavaThread "Reference Handler" daemon [_thread_blocked, id=2632, stack(0x0000000017780000,0x0000000017880000)]
  0x00000000050f3800 JavaThread "main" [_thread_blocked, id=6384, stack(0x0000000004f10000,0x0000000005010000)]

Other Threads:
  0x0000000015996800 VMThread [stack: 0x0000000017680000,0x0000000017780000] [id=7080]
  0x0000000017957800 WatcherThread [stack: 0x0000000018670000,0x0000000018770000] [id=1680]

VM state:at safepoint (normal execution)

VM Mutex/Monitor currently owned by a thread:  ([mutex/lock_event])
[0x00000000050f0f50] Threads_lock - owner thread: 0x0000000015996800
[0x00000000050f0cd0] Heap_lock - owner thread: 0x00000000050f3800

Heap:
 PSYoungGen      total 18944K, used 18940K [0x00000000feb00000, 0x0000000100000000, 0x0000000100000000)
  eden space 16384K, 100% used [0x00000000feb00000,0x00000000ffb00000,0x00000000ffb00000)
  from space 2560K, 99% used [0x00000000ffd80000,0x00000000fffff0e8,0x0000000100000000)
  to   space 2560K, 98% used [0x00000000ffb00000,0x00000000ffd76e30,0x00000000ffd80000)
 ParOldGen       total 44032K, used 5146K [0x00000000fc000000, 0x00000000feb00000, 0x00000000feb00000)
  object space 44032K, 11% used [0x00000000fc000000,0x00000000fc506ad8,0x00000000feb00000)
 Metaspace       used 7683K, capacity 7940K, committed 8192K, reserved 1056768K
  class space    used 872K, capacity 970K, committed 1024K, reserved 1048576K

Card table byte_map: [0x00000000036a0000,0x00000000036d0000] byte_map_base: 0x0000000002ec0000

Marking Bits: (ParMarkBitMap*) 0x000000005cc34970
 Begin Bits: [0x0000000014db0000, 0x0000000014eb0000)
 End Bits:   [0x0000000014eb0000, 0x0000000014fb0000)

Polling page: 0x0000000003230000

CodeCache: size=245760Kb used=3966Kb max_used=3983Kb free=241793Kb
 bounds [0x00000000051f0000, 0x00000000055e0000, 0x00000000141f0000]
 total_blobs=1412 nmethods=1079 adapters=246
 compilation: enabled

Compilation events (10 events):
Event: 2.359 Thread 0x0000000017900000 nmethod 1077 0x00000000055ccbd0 code [0x00000000055ccd40, 0x00000000055ccfa8]
Event: 2.359 Thread 0x00000000178af000 1078       4       java.util.zip.ZipOutputStream::writeShort (41 bytes)
Event: 2.364 Thread 0x00000000178af000 nmethod 1078 0x00000000055d0250 code [0x00000000055d03c0, 0x00000000055d0938]
Event: 2.405 Thread 0x00000000159ac000 nmethod 1064 0x00000000055d4590 code [0x00000000055d4880, 0x00000000055d69f8]
Event: 2.426 Thread 0x0000000017900000 1079       3       sun.nio.fs.WindowsPath::getFileSystem (5 bytes)
Event: 2.427 Thread 0x0000000017900000 nmethod 1079 0x00000000055cfe90 code [0x00000000055cffe0, 0x00000000055d01d0]
Event: 2.431 Thread 0x00000000178af000 1080   !   4       java.util.zip.ZipFile$ZipEntryIterator::next (212 bytes)
Event: 2.439 Thread 0x0000000017900000 1081       3       org.objectweb.asm.ClassReader::readMethod (1126 bytes)
Event: 2.439 Thread 0x00000000159ac000 1082       4       java.lang.String::<init> (82 bytes)
Event: 2.443 Thread 0x00000000159ac000 nmethod 1082 0x00000000055ce310 code [0x00000000055ce460, 0x00000000055ce758]

GC Heap History (5 events):
Event: 1.412 GC heap before
{Heap before GC invocations=1 (full 0):
 PSYoungGen      total 18944K, used 16384K [0x00000000feb00000, 0x0000000100000000, 0x0000000100000000)
  eden space 16384K, 100% used [0x00000000feb00000,0x00000000ffb00000,0x00000000ffb00000)
  from space 2560K, 0% used [0x00000000ffd80000,0x00000000ffd80000,0x0000000100000000)
  to   space 2560K, 0% used [0x00000000ffb00000,0x00000000ffb00000,0x00000000ffd80000)
 ParOldGen       total 44032K, used 0K [0x00000000fc000000, 0x00000000feb00000, 0x00000000feb00000)
  object space 44032K, 0% used [0x00000000fc000000,0x00000000fc000000,0x00000000feb00000)
 Metaspace       used 6697K, capacity 6874K, committed 7040K, reserved 1056768K
  class space    used 791K, capacity 871K, committed 896K, reserved 1048576K
Event: 1.423 GC heap after
Heap after GC invocations=1 (full 0):
 PSYoungGen      total 18944K, used 2528K [0x00000000feb00000, 0x0000000100000000, 0x0000000100000000)
  eden space 16384K, 0% used [0x00000000feb00000,0x00000000feb00000,0x00000000ffb00000)
  from space 2560K, 98% used [0x00000000ffb00000,0x00000000ffd78010,0x00000000ffd80000)
  to   space 2560K, 0% used [0x00000000ffd80000,0x00000000ffd80000,0x0000000100000000)
 ParOldGen       total 44032K, used 1457K [0x00000000fc000000, 0x00000000feb00000, 0x00000000feb00000)
  object space 44032K, 3% used [0x00000000fc000000,0x00000000fc16c5c8,0x00000000feb00000)
 Metaspace       used 6697K, capacity 6874K, committed 7040K, reserved 1056768K
  class space    used 791K, capacity 871K, committed 896K, reserved 1048576K
}
Event: 1.867 GC heap before
{Heap before GC invocations=2 (full 0):
 PSYoungGen      total 18944K, used 18912K [0x00000000feb00000, 0x0000000100000000, 0x0000000100000000)
  eden space 16384K, 100% used [0x00000000feb00000,0x00000000ffb00000,0x00000000ffb00000)
  from space 2560K, 98% used [0x00000000ffb00000,0x00000000ffd78010,0x00000000ffd80000)
  to   space 2560K, 0% used [0x00000000ffd80000,0x00000000ffd80000,0x0000000100000000)
 ParOldGen       total 44032K, used 1457K [0x00000000fc000000, 0x00000000feb00000, 0x00000000feb00000)
  object space 44032K, 3% used [0x00000000fc000000,0x00000000fc16c5c8,0x00000000feb00000)
 Metaspace       used 7568K, capacity 7812K, committed 7936K, reserved 1056768K
  class space    used 869K, capacity 970K, committed 1024K, reserved 1048576K
Event: 1.895 GC heap after
Heap after GC invocations=2 (full 0):
 PSYoungGen      total 18944K, used 2556K [0x00000000feb00000, 0x0000000100000000, 0x0000000100000000)
  eden space 16384K, 0% used [0x00000000feb00000,0x00000000feb00000,0x00000000ffb00000)
  from space 2560K, 99% used [0x00000000ffd80000,0x00000000fffff0e8,0x0000000100000000)
  to   space 2560K, 0% used [0x00000000ffb00000,0x00000000ffb00000,0x00000000ffd80000)
 ParOldGen       total 44032K, used 5138K [0x00000000fc000000, 0x00000000feb00000, 0x00000000feb00000)
  object space 44032K, 11% used [0x00000000fc000000,0x00000000fc504ad8,0x00000000feb00000)
 Metaspace       used 7568K, capacity 7812K, committed 7936K, reserved 1056768K
  class space    used 869K, capacity 970K, committed 1024K, reserved 1048576K
}
Event: 2.444 GC heap before
{Heap before GC invocations=3 (full 0):
 PSYoungGen      total 18944K, used 18940K [0x00000000feb00000, 0x0000000100000000, 0x0000000100000000)
  eden space 16384K, 100% used [0x00000000feb00000,0x00000000ffb00000,0x00000000ffb00000)
  from space 2560K, 99% used [0x00000000ffd80000,0x00000000fffff0e8,0x0000000100000000)
  to   space 2560K, 0% used [0x00000000ffb00000,0x00000000ffb00000,0x00000000ffd80000)
 ParOldGen       total 44032K, used 5138K [0x00000000fc000000, 0x00000000feb00000, 0x00000000feb00000)
  object space 44032K, 11% used [0x00000000fc000000,0x00000000fc504ad8,0x00000000feb00000)
 Metaspace       used 7683K, capacity 7940K, committed 8192K, reserved 1056768K
  class space    used 872K, capacity 970K, committed 1024K, reserved 1048576K

Deoptimization events (10 events):
Event: 2.133 Thread 0x00000000050f3800 Uncommon trap: reason=null_check action=make_not_entrant pc=0x0000000005592fc8 method=com.google.devtools.build.android.desugar.InterfaceDesugaring$InterfaceInvocationRewriter.visitMethodInsn(ILjava/lang/String;Ljava/lang/String;Ljava/lang/String;Z)V @ 10
Event: 2.137 Thread 0x00000000050f3800 Uncommon trap: reason=bimorphic action=maybe_recompile pc=0x00000000055398f8 method=org.objectweb.asm.MethodVisitor.visitVarInsn(II)V @ 13
Event: 2.137 Thread 0x00000000050f3800 Uncommon trap: reason=bimorphic action=maybe_recompile pc=0x00000000055398f8 method=org.objectweb.asm.MethodVisitor.visitVarInsn(II)V @ 13
Event: 2.137 Thread 0x00000000050f3800 Uncommon trap: reason=bimorphic action=maybe_recompile pc=0x00000000055398f8 method=org.objectweb.asm.MethodVisitor.visitVarInsn(II)V @ 13
Event: 2.137 Thread 0x00000000050f3800 Uncommon trap: reason=bimorphic action=maybe_recompile pc=0x00000000055398f8 method=org.objectweb.asm.MethodVisitor.visitVarInsn(II)V @ 13
Event: 2.153 Thread 0x00000000050f3800 Uncommon trap: reason=bimorphic action=maybe_recompile pc=0x000000000557b1ec method=org.objectweb.asm.MethodVisitor.visitLocalVariable(Ljava/lang/String;Ljava/lang/String;Ljava/lang/String;Lorg/objectweb/asm/Label;Lorg/objectweb/asm/Label;I)V @ 20
Event: 2.153 Thread 0x00000000050f3800 Uncommon trap: reason=bimorphic action=maybe_recompile pc=0x000000000557b1ec method=org.objectweb.asm.MethodVisitor.visitLocalVariable(Ljava/lang/String;Ljava/lang/String;Ljava/lang/String;Lorg/objectweb/asm/Label;Lorg/objectweb/asm/Label;I)V @ 20
Event: 2.153 Thread 0x00000000050f3800 Uncommon trap: reason=bimorphic action=maybe_recompile pc=0x000000000557b1ec method=org.objectweb.asm.MethodVisitor.visitLocalVariable(Ljava/lang/String;Ljava/lang/String;Ljava/lang/String;Lorg/objectweb/asm/Label;Lorg/objectweb/asm/Label;I)V @ 20
Event: 2.198 Thread 0x00000000050f3800 Uncommon trap: reason=bimorphic action=maybe_recompile pc=0x000000000557b1ec method=org.objectweb.asm.MethodVisitor.visitLocalVariable(Ljava/lang/String;Ljava/lang/String;Ljava/lang/String;Lorg/objectweb/asm/Label;Lorg/objectweb/asm/Label;I)V @ 20
Event: 2.434 Thread 0x00000000050f3800 Uncommon trap: reason=unstable_if action=reinterpret pc=0x00000000055d6478 method=org.objectweb.asm.ClassReader.readMethod(Lorg/objectweb/asm/ClassVisitor;Lorg/objectweb/asm/Context;I)I @ 304

Classes redefined (0 events):
No events

Internal exceptions (10 events):
Event: 1.547 Thread 0x00000000050f3800 Exception <a 'sun/nio/fs/WindowsException'> (0x00000000ff1a8dd8) thrown at [D:\src\AOSP-openjdk-cygwin\jdk8u\hotspot\src\share\vm\prims\jni.cpp, line 709]
Event: 1.646 Thread 0x00000000050f3800 Exception <a 'sun/nio/fs/WindowsException'> (0x00000000ff539698) thrown at [D:\src\AOSP-openjdk-cygwin\jdk8u\hotspot\src\share\vm\prims\jni.cpp, line 709]
Event: 1.649 Thread 0x00000000050f3800 Exception <a 'sun/nio/fs/WindowsException'> (0x00000000ff539c10) thrown at [D:\src\AOSP-openjdk-cygwin\jdk8u\hotspot\src\share\vm\prims\jni.cpp, line 709]
Event: 1.793 Thread 0x00000000050f3800 Exception <a 'sun/nio/fs/WindowsException'> (0x00000000ff77fbe0) thrown at [D:\src\AOSP-openjdk-cygwin\jdk8u\hotspot\src\share\vm\prims\jni.cpp, line 709]
Event: 1.793 Thread 0x00000000050f3800 Exception <a 'sun/nio/fs/WindowsException'> (0x00000000ff7800d8) thrown at [D:\src\AOSP-openjdk-cygwin\jdk8u\hotspot\src\share\vm\prims\jni.cpp, line 709]
Event: 1.974 Thread 0x00000000050f3800 Exception <a 'sun/nio/fs/WindowsException'> (0x00000000fef38840) thrown at [D:\src\AOSP-openjdk-cygwin\jdk8u\hotspot\src\share\vm\prims\jni.cpp, line 709]
Event: 1.974 Thread 0x00000000050f3800 Exception <a 'sun/nio/fs/WindowsException'> (0x00000000fef38d38) thrown at [D:\src\AOSP-openjdk-cygwin\jdk8u\hotspot\src\share\vm\prims\jni.cpp, line 709]
Event: 2.133 Thread 0x00000000050f3800 Implicit null exception at 0x0000000005592908 to 0x0000000005592fb5
Event: 2.426 Thread 0x00000000050f3800 Exception <a 'sun/nio/fs/WindowsException'> (0x00000000ffaa29b0) thrown at [D:\src\AOSP-openjdk-cygwin\jdk8u\hotspot\src\share\vm\prims\jni.cpp, line 709]
Event: 2.426 Thread 0x00000000050f3800 Exception <a 'sun/nio/fs/WindowsException'> (0x00000000ffaa2ea8) thrown at [D:\src\AOSP-openjdk-cygwin\jdk8u\hotspot\src\share\vm\prims\jni.cpp, line 709]

Events (10 events):
Event: 2.153 Thread 0x00000000050f3800 Uncommon trap: trap_request=0xffffffc6 fr.pc=0x000000000557b1ec
Event: 2.153 Thread 0x00000000050f3800 DEOPT PACKING pc=0x000000000557b1ec sp=0x000000000500ebe0
Event: 2.153 Thread 0x00000000050f3800 DEOPT UNPACKING pc=0x000000000523557b sp=0x000000000500eb70 mode 2
Event: 2.198 Thread 0x00000000050f3800 Uncommon trap: trap_request=0xffffffc6 fr.pc=0x000000000557b1ec
Event: 2.198 Thread 0x00000000050f3800 DEOPT PACKING pc=0x000000000557b1ec sp=0x000000000500ebe0
Event: 2.198 Thread 0x00000000050f3800 DEOPT UNPACKING pc=0x000000000523557b sp=0x000000000500eb70 mode 2
Event: 2.434 Thread 0x00000000050f3800 Uncommon trap: trap_request=0xffffff65 fr.pc=0x00000000055d6478
Event: 2.434 Thread 0x00000000050f3800 DEOPT PACKING pc=0x00000000055d6478 sp=0x000000000500f130
Event: 2.434 Thread 0x00000000050f3800 DEOPT UNPACKING pc=0x000000000523557b sp=0x000000000500f0a0 mode 2
Event: 2.444 Executing VM operation: ParallelGCFailedAllocation


Dynamic libraries:
0x00007ff7a0670000 - 0x00007ff7a06a1000 	C:\Program Files\Android\Android Studio\jre\bin\java.exe
0x00007ffe1a550000 - 0x00007ffe1a730000 	C:\WINDOWS\SYSTEM32\ntdll.dll
0x00007ffe17a60000 - 0x00007ffe17b0e000 	C:\WINDOWS\System32\KERNEL32.DLL
0x00007ffe16c70000 - 0x00007ffe16ed6000 	C:\WINDOWS\System32\KERNELBASE.dll
0x00007ffe1a3d0000 - 0x00007ffe1a471000 	C:\WINDOWS\System32\ADVAPI32.dll
0x00007ffe1a480000 - 0x00007ffe1a51d000 	C:\WINDOWS\System32\msvcrt.dll
0x00007ffe19d60000 - 0x00007ffe19dbb000 	C:\WINDOWS\System32\sechost.dll
0x00007ffe1a120000 - 0x00007ffe1a23f000 	C:\WINDOWS\System32\RPCRT4.dll
0x00007ffe17bf0000 - 0x00007ffe17d7f000 	C:\WINDOWS\System32\USER32.dll
0x00007ffe16a80000 - 0x00007ffe16aa0000 	C:\WINDOWS\System32\win32u.dll
0x00007ffe17b10000 - 0x00007ffe17b38000 	C:\WINDOWS\System32\GDI32.dll
0x00007ffe17880000 - 0x00007ffe17a13000 	C:\WINDOWS\System32\gdi32full.dll
0x00007ffe177e0000 - 0x00007ffe1787b000 	C:\WINDOWS\System32\msvcp_win.dll
0x00007ffe17630000 - 0x00007ffe17726000 	C:\WINDOWS\System32\ucrtbase.dll
0x00007ffe10e30000 - 0x00007ffe11099000 	C:\WINDOWS\WinSxS\amd64_microsoft.windows.common-controls_6595b64144ccf1df_6.0.16299.248_none_15ced204935f55d7\COMCTL32.dll
0x00007ffe19520000 - 0x00007ffe19828000 	C:\WINDOWS\System32\combase.dll
0x00007ffe16950000 - 0x00007ffe169c2000 	C:\WINDOWS\System32\bcryptPrimitives.dll
0x00007ffe17a30000 - 0x00007ffe17a5d000 	C:\WINDOWS\System32\IMM32.DLL
0x000000005c2b0000 - 0x000000005c382000 	C:\Program Files\Android\Android Studio\jre\jre\bin\msvcr100.dll
0x000000005c470000 - 0x000000005ccaf000 	C:\Program Files\Android\Android Studio\jre\jre\bin\server\jvm.dll
0x00007ffe193c0000 - 0x00007ffe193c8000 	C:\WINDOWS\System32\PSAPI.DLL
0x00007ffe12410000 - 0x00007ffe12433000 	C:\WINDOWS\SYSTEM32\WINMM.dll
0x00007ffe11980000 - 0x00007ffe1198a000 	C:\WINDOWS\SYSTEM32\VERSION.dll
0x00007ffe0c050000 - 0x00007ffe0c059000 	C:\WINDOWS\SYSTEM32\WSOCK32.dll
0x00007ffe1a360000 - 0x00007ffe1a3cc000 	C:\WINDOWS\System32\WS2_32.dll
0x00007ffe123b0000 - 0x00007ffe123da000 	C:\WINDOWS\SYSTEM32\winmmbase.dll
0x00007ffe16a30000 - 0x00007ffe16a7a000 	C:\WINDOWS\System32\cfgmgr32.dll
0x00007ffe0bdc0000 - 0x00007ffe0bdcf000 	C:\Program Files\Android\Android Studio\jre\jre\bin\verify.dll
0x00007ffe0acd0000 - 0x00007ffe0acf9000 	C:\Program Files\Android\Android Studio\jre\jre\bin\java.dll
0x00007ffe0bda0000 - 0x00007ffe0bdb6000 	C:\Program Files\Android\Android Studio\jre\jre\bin\zip.dll
0x00007ffe17de0000 - 0x00007ffe19216000 	C:\WINDOWS\System32\SHELL32.dll
0x00007ffe17b40000 - 0x00007ffe17be6000 	C:\WINDOWS\System32\shcore.dll
0x00007ffe16ee0000 - 0x00007ffe17627000 	C:\WINDOWS\System32\windows.storage.dll
0x00007ffe19f50000 - 0x00007ffe19fa1000 	C:\WINDOWS\System32\shlwapi.dll
0x00007ffe168f0000 - 0x00007ffe16901000 	C:\WINDOWS\System32\kernel.appcore.dll
0x00007ffe168a0000 - 0x00007ffe168ec000 	C:\WINDOWS\System32\powrprof.dll
0x00007ffe16910000 - 0x00007ffe1692b000 	C:\WINDOWS\System32\profapi.dll
0x00007ffe165d0000 - 0x00007ffe165e7000 	C:\WINDOWS\SYSTEM32\CRYPTSP.dll
0x00007ffe15990000 - 0x00007ffe159c3000 	C:\WINDOWS\system32\rsaenh.dll
0x00007ffe16360000 - 0x00007ffe16385000 	C:\WINDOWS\SYSTEM32\bcrypt.dll
0x00007ffe167d0000 - 0x00007ffe167f9000 	C:\WINDOWS\SYSTEM32\USERENV.dll
0x00007ffe15fa0000 - 0x00007ffe15fab000 	C:\WINDOWS\SYSTEM32\CRYPTBASE.dll
0x00007ffe0acb0000 - 0x00007ffe0acca000 	C:\Program Files\Android\Android Studio\jre\jre\bin\net.dll
0x00007ffe15d80000 - 0x00007ffe15de6000 	C:\WINDOWS\system32\mswsock.dll
0x00007ffe15b10000 - 0x00007ffe15b49000 	C:\WINDOWS\SYSTEM32\IPHLPAPI.DLL
0x00007ffe1a350000 - 0x00007ffe1a358000 	C:\WINDOWS\System32\NSI.dll
0x00007ffe0f160000 - 0x00007ffe0f176000 	C:\WINDOWS\SYSTEM32\dhcpcsvc6.DLL
0x00007ffe0f140000 - 0x00007ffe0f15a000 	C:\WINDOWS\SYSTEM32\dhcpcsvc.DLL
0x00007ffe0ac90000 - 0x00007ffe0aca1000 	C:\Program Files\Android\Android Studio\jre\jre\bin\nio.dll

VM Arguments:
jvm_args: -Djava.awt.headless=true -Xmx64M -Dfile.encoding=windows-1251 -Duser.country=UA -Duser.language=uk -Duser.variant 
java_command: com.google.devtools.build.android.desugar.Desugar --input D:\FanSerials\FanSerials\app\build\intermediates\transforms\stackFramesFixer\debug\19.jar --output D:\FanSerials\FanSerials\app\build\intermediates\transforms\desugar\debug\20.jar --input D:\FanSerials\FanSerials\app\build\intermediates\transforms\stackFramesFixer\debug\18.jar --output D:\FanSerials\FanSerials\app\build\intermediates\transforms\desugar\debug\19.jar --input D:\FanSerials\FanSerials\app\build\intermediates\transforms\stackFramesFixer\debug\23.jar --output D:\FanSerials\FanSerials\app\build\intermediates\transforms\desugar\debug\24.jar --input D:\FanSerials\FanSerials\app\build\intermediates\transforms\stackFramesFixer\debug\24.jar --output D:\FanSerials\FanSerials\app\build\intermediates\transforms\desugar\debug\25.jar --input D:\FanSerials\FanSerials\app\build\intermediates\transforms\stackFramesFixer\debug\21.jar --output D:\FanSerials\FanSerials\app\build\intermediates\transforms\desugar\debug\22.jar --classpath_entry D:\FanSerials\FanSerials\app\build\intermediates\classes\debug --classpath_entry D:\FanSerials\FanSerials\app\build\intermediates\transforms\stackFramesFixer\debug\0.jar --classpath_entry D:\FanSerials\FanSerials\app\build\intermediates\transforms\stackFramesFixer\debug\1.jar --classpath_entry D:\FanSerials\FanSerials\app\build\intermediates\transforms\stackFramesFixer\debug\2.jar --classpath_entry D:\FanSerials\FanSerials\app\build\intermediates\transforms\stackFramesFixer\debug\3.jar --classpath_entry D:\FanSerials\FanSerials\app\build\intermediates\transforms\stackFramesFixer\debug\4.jar --classpath_entry D:\FanSerials\FanSerials\app\build\intermediates\transforms\stackFramesFixer\debug\5.jar --classpath_entry D:\FanSerials\FanSerials\app\build\intermediates\transforms\stackFramesFixer\debug\6.jar --classpath_entry D:\FanSerials\FanSerials\app\build\intermediates\transforms\stackFramesFixer\debug\7.jar --classpath_entry D:\FanSerials\FanSerials\app\build\inte
java_class_path (initial): C:\Users\Ivan\AppData\Local\Temp\desugar_deploy.jar8313998921288287072
Launcher Type: SUN_STANDARD

Environment Variables:
PATH=C:\ProgramData\Oracle\Java\javapath;C:\WINDOWS\system32;C:\WINDOWS;C:\WINDOWS\System32\Wbem;C:\WINDOWS\System32\WindowsPowerShell\v1.0\;C:\Program Files (x86)\NVIDIA Corporation\PhysX\Common;C:\Users\Ivan\AppData\Local\Microsoft\WindowsApps;
USERNAME=Ivan
OS=Windows_NT
PROCESSOR_IDENTIFIER=Intel64 Family 6 Model 60 Stepping 3, GenuineIntel



---------------  S Y S T E M  ---------------

OS: Windows 10.0 , 64 bit Build 16299 (10.0.16299.15)

CPU:total 8 (initial active 8) (4 cores per cpu, 2 threads per core) family 6 model 60 stepping 3, cmov, cx8, fxsr, mmx, sse, sse2, sse3, ssse3, sse4.1, sse4.2, popcnt, avx, avx2, aes, clmul, erms, lzcnt, ht, tsc, tscinvbit, bmi1, bmi2

Memory: 4k page, physical 8268984k(996336k free), swap 10316984k(160k free)

vm_info: OpenJDK 64-Bit Server VM (25.152-b02) for windows-amd64 JRE (1.8.0_152-release-1024-b02), built by "builder" with MS VC++ 10.0 (VS2010)

time: Fri Mar 30 21:39:54 2018
elapsed time: 2 seconds (0d 0h 0m 2s)

