#
# There is insufficient memory for the Java Runtime Environment to continue.
# Native memory allocation (malloc) failed to allocate 610416 bytes for Chunk::new
# Possible reasons:
#   The system is out of physical RAM or swap space
#   In 32 bit mode, the process size limit was hit
# Possible solutions:
#   Reduce memory load on the system
#   Increase physical memory or swap space
#   Check if swap backing store is full
#   Use 64 bit Java on a 64 bit OS
#   Decrease Java heap size (-Xmx/-Xms)
#   Decrease number of Java threads
#   Decrease Java thread stack sizes (-Xss)
#   Set larger code cache with -XX:ReservedCodeCacheSize=
# This output file may be truncated or incomplete.
#
#  Out of Memory Error (allocation.cpp:390), pid=2756, tid=0x0000000000000584
#
# JRE version: OpenJDK Runtime Environment (8.0_152-b02) (build 1.8.0_152-release-1024-b02)
# Java VM: OpenJDK 64-Bit Server VM (25.152-b02 mixed mode windows-amd64 compressed oops)
# Failed to write core dump. Minidumps are not enabled by default on client versions of Windows
#

---------------  T H R E A D  ---------------

Current thread (0x0000000017402800):  JavaThread "C2 CompilerThread1" daemon [_thread_in_native, id=1412, stack(0x0000000017dc0000,0x0000000017ec0000)]

Stack: [0x0000000017dc0000,0x0000000017ec0000]
[error occurred during error reporting (printing stack bounds), id 0xc0000005]

Native frames: (J=compiled Java code, j=interpreted, Vv=VM code, C=native code)


Current CompileTask:
C2:   1752  846 %     4       org.objectweb.asm.ClassReader::readCode @ 1446 (3575 bytes)


---------------  P R O C E S S  ---------------

Java Threads: ( => current thread )
  0x000000001749c800 JavaThread "Service Thread" daemon [_thread_blocked, id=12308, stack(0x00000000180c0000,0x00000000181c0000)]
  0x0000000017407800 JavaThread "C1 CompilerThread3" daemon [_thread_in_native, id=13760, stack(0x0000000017fc0000,0x00000000180c0000)]
  0x0000000017404800 JavaThread "C2 CompilerThread2" daemon [_thread_blocked, id=9972, stack(0x0000000017ec0000,0x0000000017fc0000)]
=>0x0000000017402800 JavaThread "C2 CompilerThread1" daemon [_thread_in_native, id=1412, stack(0x0000000017dc0000,0x0000000017ec0000)]
  0x00000000173fd800 JavaThread "C2 CompilerThread0" daemon [_thread_in_native, id=13600, stack(0x0000000017cc0000,0x0000000017dc0000)]
  0x00000000173fc000 JavaThread "Attach Listener" daemon [_thread_blocked, id=12940, stack(0x0000000017bc0000,0x0000000017cc0000)]
  0x00000000173fb000 JavaThread "Signal Dispatcher" daemon [_thread_blocked, id=13212, stack(0x0000000017ac0000,0x0000000017bc0000)]
  0x00000000173f0800 JavaThread "Finalizer" daemon [_thread_blocked, id=6528, stack(0x00000000177d0000,0x00000000178d0000)]
  0x0000000004d37000 JavaThread "Reference Handler" daemon [_thread_blocked, id=13660, stack(0x00000000172d0000,0x00000000173d0000)]
  0x0000000004c43800 JavaThread "main" [_thread_in_Java, id=592, stack(0x0000000004b40000,0x0000000004c40000)]

Other Threads:
  0x00000000154e5800 VMThread [stack: 0x00000000171d0000,0x00000000172d0000] [id=9392]
  0x000000001749d800 WatcherThread [stack: 0x00000000181c0000,0x00000000182c0000] [id=7856]

VM state:not at safepoint (normal execution)

VM Mutex/Monitor currently owned by a thread:  ([mutex/lock_event])
[0x0000000004c42960] MethodData_lock - owner thread: 0x0000000017407800

Heap:
 PSYoungGen      total 18944K, used 17284K [0x00000000feb00000, 0x0000000100000000, 0x0000000100000000)
  eden space 16384K, 90% used [0x00000000feb00000,0x00000000ff969220,0x00000000ffb00000)
  from space 2560K, 98% used [0x00000000ffb00000,0x00000000ffd78010,0x00000000ffd80000)
  to   space 2560K, 0% used [0x00000000ffd80000,0x00000000ffd80000,0x0000000100000000)
 ParOldGen       total 44032K, used 1540K [0x00000000fc000000, 0x00000000feb00000, 0x00000000feb00000)
  object space 44032K, 3% used [0x00000000fc000000,0x00000000fc181258,0x00000000feb00000)
 Metaspace       used 7562K, capacity 7748K, committed 7936K, reserved 1056768K
  class space    used 868K, capacity 970K, committed 1024K, reserved 1048576K

Card table byte_map: [0x0000000004a90000,0x0000000004ac0000] byte_map_base: 0x00000000042b0000

Marking Bits: (ParMarkBitMap*) 0x000000005cc34970
 Begin Bits: [0x0000000014900000, 0x0000000014a00000)
 End Bits:   [0x0000000014a00000, 0x0000000014b00000)

Polling page: 0x00000000009e0000

CodeCache: size=245760Kb used=3299Kb max_used=3299Kb free=242461Kb
 bounds [0x0000000004d40000, 0x0000000005080000, 0x0000000013d40000]
 total_blobs=1192 nmethods=860 adapters=246
 compilation: enabled

Compilation events (10 events):
Event: 1.696 Thread 0x0000000017407800  848       3       org.objectweb.asm.ClassReader::readField (664 bytes)
Event: 1.699 Thread 0x0000000017407800 nmethod 848 0x0000000005065710 code [0x0000000005065b60, 0x0000000005068a28]
Event: 1.699 Thread 0x0000000017407800  847       3       org.objectweb.asm.tree.AbstractInsnNode::acceptAnnotations (149 bytes)
Event: 1.700 Thread 0x0000000017407800 nmethod 847 0x000000000505d990 code [0x000000000505dba0, 0x000000000505e758]
Event: 1.700 Thread 0x0000000017407800  849       3       org.objectweb.asm.tree.InsnList::add (62 bytes)
Event: 1.700 Thread 0x0000000017407800 nmethod 849 0x000000000505d4d0 code [0x000000000505d640, 0x000000000505d890]
Event: 1.736 Thread 0x0000000017404800  850       4       org.objectweb.asm.MethodWriter::visitVarInsn (300 bytes)
Event: 1.736 Thread 0x0000000017407800  851       3       org.objectweb.asm.MethodWriter::visitMaxs (1150 bytes)
Event: 1.737 Thread 0x00000000173fd800  852       4       org.objectweb.asm.MethodVisitor::visitMethodInsn (68 bytes)
Event: 1.738 Thread 0x00000000173fd800 nmethod 852 0x00000000050626d0 code [0x0000000005062820, 0x00000000050628d8]

GC Heap History (2 events):
Event: 1.227 GC heap before
{Heap before GC invocations=1 (full 0):
 PSYoungGen      total 18944K, used 16384K [0x00000000feb00000, 0x0000000100000000, 0x0000000100000000)
  eden space 16384K, 100% used [0x00000000feb00000,0x00000000ffb00000,0x00000000ffb00000)
  from space 2560K, 0% used [0x00000000ffd80000,0x00000000ffd80000,0x0000000100000000)
  to   space 2560K, 0% used [0x00000000ffb00000,0x00000000ffb00000,0x00000000ffd80000)
 ParOldGen       total 44032K, used 0K [0x00000000fc000000, 0x00000000feb00000, 0x00000000feb00000)
  object space 44032K, 0% used [0x00000000fc000000,0x00000000fc000000,0x00000000feb00000)
 Metaspace       used 6705K, capacity 6874K, committed 7040K, reserved 1056768K
  class space    used 791K, capacity 871K, committed 896K, reserved 1048576K
Event: 1.251 GC heap after
Heap after GC invocations=1 (full 0):
 PSYoungGen      total 18944K, used 2528K [0x00000000feb00000, 0x0000000100000000, 0x0000000100000000)
  eden space 16384K, 0% used [0x00000000feb00000,0x00000000feb00000,0x00000000ffb00000)
  from space 2560K, 98% used [0x00000000ffb00000,0x00000000ffd78010,0x00000000ffd80000)
  to   space 2560K, 0% used [0x00000000ffd80000,0x00000000ffd80000,0x0000000100000000)
 ParOldGen       total 44032K, used 1540K [0x00000000fc000000, 0x00000000feb00000, 0x00000000feb00000)
  object space 44032K, 3% used [0x00000000fc000000,0x00000000fc181258,0x00000000feb00000)
 Metaspace       used 6705K, capacity 6874K, committed 7040K, reserved 1056768K
  class space    used 791K, capacity 871K, committed 896K, reserved 1048576K
}

Deoptimization events (10 events):
Event: 1.097 Thread 0x0000000004c43800 Uncommon trap: reason=unstable_if action=reinterpret pc=0x0000000004f50538 method=java.lang.String.startsWith(Ljava/lang/String;I)Z @ 25
Event: 1.137 Thread 0x0000000004c43800 Uncommon trap: reason=unstable_if action=reinterpret pc=0x0000000004f71dac method=java.util.zip.ZipFile$ZipEntryIterator.hasNext()Z @ 25
Event: 1.137 Thread 0x0000000004c43800 Uncommon trap: reason=unstable_if action=reinterpret pc=0x0000000004f74bac method=java.util.zip.ZipCoder.decoder()Ljava/nio/charset/CharsetDecoder; @ 4
Event: 1.137 Thread 0x0000000004c43800 Uncommon trap: reason=unstable_if action=reinterpret pc=0x0000000004f70c18 method=java.util.zip.ZipEntry.setExtra0([BZ)V @ 1
Event: 1.143 Thread 0x0000000004c43800 Uncommon trap: reason=unstable_if action=reinterpret pc=0x0000000004f71648 method=java.util.zip.ZipFile$ZipEntryIterator.hasNext()Z @ 25
Event: 1.143 Thread 0x0000000004c43800 Uncommon trap: reason=unstable_if action=reinterpret pc=0x0000000004f7357c method=java.util.zip.ZipCoder.decoder()Ljava/nio/charset/CharsetDecoder; @ 4
Event: 1.156 Thread 0x0000000004c43800 Uncommon trap: reason=unstable_if action=reinterpret pc=0x0000000004f861b8 method=java.util.zip.ZipCoder.decoder()Ljava/nio/charset/CharsetDecoder; @ 4
Event: 1.297 Thread 0x0000000004c43800 Uncommon trap: reason=unstable_if action=reinterpret pc=0x0000000004f7f048 method=java.util.zip.ZipCoder.decoder()Ljava/nio/charset/CharsetDecoder; @ 4
Event: 1.427 Thread 0x0000000004c43800 Uncommon trap: reason=unloaded action=reinterpret pc=0x0000000004f83a7c method=java.util.zip.ZipEntry.setExtra0([BZ)V @ 37
Event: 1.514 Thread 0x0000000004c43800 Uncommon trap: reason=unstable_if action=reinterpret pc=0x0000000004f11938 method=java.lang.String.<init>([CII)V @ 18

Classes redefined (0 events):
No events

Internal exceptions (10 events):
Event: 1.143 Thread 0x0000000004c43800 Implicit null exception at 0x0000000004f730f8 to 0x0000000004f73561
Event: 1.156 Thread 0x0000000004c43800 Implicit null exception at 0x0000000004f8578d to 0x0000000004f86171
Event: 1.297 Thread 0x0000000004c43800 Implicit null exception at 0x0000000004f7e70c to 0x0000000004f7f009
Event: 1.339 Thread 0x0000000004c43800 Exception <a 'sun/nio/fs/WindowsException'> (0x00000000ff19d330) thrown at [D:\src\AOSP-openjdk-cygwin\jdk8u\hotspot\src\share\vm\prims\jni.cpp, line 709]
Event: 1.339 Thread 0x0000000004c43800 Exception <a 'sun/nio/fs/WindowsException'> (0x00000000ff19d8f0) thrown at [D:\src\AOSP-openjdk-cygwin\jdk8u\hotspot\src\share\vm\prims\jni.cpp, line 709]
Event: 1.340 Thread 0x0000000004c43800 Exception <a 'sun/nio/fs/WindowsException'> (0x00000000ff19dec0) thrown at [D:\src\AOSP-openjdk-cygwin\jdk8u\hotspot\src\share\vm\prims\jni.cpp, line 709]
Event: 1.340 Thread 0x0000000004c43800 Exception <a 'sun/nio/fs/WindowsException'> (0x00000000ff19e680) thrown at [D:\src\AOSP-openjdk-cygwin\jdk8u\hotspot\src\share\vm\prims\jni.cpp, line 709]
Event: 1.363 Thread 0x0000000004c43800 Exception <a 'sun/nio/fs/WindowsException'> (0x00000000ff1a35c8) thrown at [D:\src\AOSP-openjdk-cygwin\jdk8u\hotspot\src\share\vm\prims\jni.cpp, line 709]
Event: 1.468 Thread 0x0000000004c43800 Exception <a 'sun/nio/fs/WindowsException'> (0x00000000ff533ad8) thrown at [D:\src\AOSP-openjdk-cygwin\jdk8u\hotspot\src\share\vm\prims\jni.cpp, line 709]
Event: 1.468 Thread 0x0000000004c43800 Exception <a 'sun/nio/fs/WindowsException'> (0x00000000ff534050) thrown at [D:\src\AOSP-openjdk-cygwin\jdk8u\hotspot\src\share\vm\prims\jni.cpp, line 709]

Events (10 events):
Event: 1.581 loading class org/objectweb/asm/tree/LdcInsnNode
Event: 1.581 loading class org/objectweb/asm/tree/LdcInsnNode done
Event: 1.582 loading class org/objectweb/asm/tree/IntInsnNode
Event: 1.582 loading class org/objectweb/asm/tree/IntInsnNode done
Event: 1.583 loading class org/objectweb/asm/tree/InsnList
Event: 1.583 loading class org/objectweb/asm/tree/InsnList done
Event: 1.584 loading class org/objectweb/asm/tree/TryCatchBlockNode
Event: 1.584 loading class org/objectweb/asm/tree/TryCatchBlockNode done
Event: 1.586 loading class org/objectweb/asm/Handler
Event: 1.586 loading class org/objectweb/asm/Handler done


Dynamic libraries:
0x00007ff7a0670000 - 0x00007ff7a06a1000 	C:\Program Files\Android\Android Studio\jre\bin\java.exe
0x00007ffe1a550000 - 0x00007ffe1a730000 	C:\WINDOWS\SYSTEM32\ntdll.dll
0x00007ffe17a60000 - 0x00007ffe17b0e000 	C:\WINDOWS\System32\KERNEL32.DLL
0x00007ffe16c70000 - 0x00007ffe16ed6000 	C:\WINDOWS\System32\KERNELBASE.dll
0x00007ffe1a3d0000 - 0x00007ffe1a471000 	C:\WINDOWS\System32\ADVAPI32.dll
0x00007ffe1a480000 - 0x00007ffe1a51d000 	C:\WINDOWS\System32\msvcrt.dll
0x00007ffe19d60000 - 0x00007ffe19dbb000 	C:\WINDOWS\System32\sechost.dll
0x00007ffe1a120000 - 0x00007ffe1a23f000 	C:\WINDOWS\System32\RPCRT4.dll
0x00007ffe17bf0000 - 0x00007ffe17d7f000 	C:\WINDOWS\System32\USER32.dll
0x00007ffe16a80000 - 0x00007ffe16aa0000 	C:\WINDOWS\System32\win32u.dll
0x00007ffe17b10000 - 0x00007ffe17b38000 	C:\WINDOWS\System32\GDI32.dll
0x00007ffe17880000 - 0x00007ffe17a13000 	C:\WINDOWS\System32\gdi32full.dll
0x00007ffe177e0000 - 0x00007ffe1787b000 	C:\WINDOWS\System32\msvcp_win.dll
0x00007ffe17630000 - 0x00007ffe17726000 	C:\WINDOWS\System32\ucrtbase.dll
0x00007ffe10e30000 - 0x00007ffe11099000 	C:\WINDOWS\WinSxS\amd64_microsoft.windows.common-controls_6595b64144ccf1df_6.0.16299.248_none_15ced204935f55d7\COMCTL32.dll
0x00007ffe19520000 - 0x00007ffe19828000 	C:\WINDOWS\System32\combase.dll
0x00007ffe16950000 - 0x00007ffe169c2000 	C:\WINDOWS\System32\bcryptPrimitives.dll
0x00007ffe17a30000 - 0x00007ffe17a5d000 	C:\WINDOWS\System32\IMM32.DLL
0x000000005c2b0000 - 0x000000005c382000 	C:\Program Files\Android\Android Studio\jre\jre\bin\msvcr100.dll
0x000000005c470000 - 0x000000005ccaf000 	C:\Program Files\Android\Android Studio\jre\jre\bin\server\jvm.dll
0x00007ffe193c0000 - 0x00007ffe193c8000 	C:\WINDOWS\System32\PSAPI.DLL
0x00007ffe11980000 - 0x00007ffe1198a000 	C:\WINDOWS\SYSTEM32\VERSION.dll
0x00007ffe12410000 - 0x00007ffe12433000 	C:\WINDOWS\SYSTEM32\WINMM.dll
0x00007ffe0c050000 - 0x00007ffe0c059000 	C:\WINDOWS\SYSTEM32\WSOCK32.dll
0x00007ffe1a360000 - 0x00007ffe1a3cc000 	C:\WINDOWS\System32\WS2_32.dll
0x00007ffe123b0000 - 0x00007ffe123da000 	C:\WINDOWS\SYSTEM32\WINMMBASE.dll
0x00007ffe16a30000 - 0x00007ffe16a7a000 	C:\WINDOWS\System32\cfgmgr32.dll
0x00007ffe0bdc0000 - 0x00007ffe0bdcf000 	C:\Program Files\Android\Android Studio\jre\jre\bin\verify.dll
0x00007ffe0acd0000 - 0x00007ffe0acf9000 	C:\Program Files\Android\Android Studio\jre\jre\bin\java.dll
0x00007ffe0bda0000 - 0x00007ffe0bdb6000 	C:\Program Files\Android\Android Studio\jre\jre\bin\zip.dll
0x00007ffe17de0000 - 0x00007ffe19216000 	C:\WINDOWS\System32\SHELL32.dll
0x00007ffe17b40000 - 0x00007ffe17be6000 	C:\WINDOWS\System32\shcore.dll
0x00007ffe16ee0000 - 0x00007ffe17627000 	C:\WINDOWS\System32\windows.storage.dll
0x00007ffe19f50000 - 0x00007ffe19fa1000 	C:\WINDOWS\System32\shlwapi.dll
0x00007ffe168f0000 - 0x00007ffe16901000 	C:\WINDOWS\System32\kernel.appcore.dll
0x00007ffe168a0000 - 0x00007ffe168ec000 	C:\WINDOWS\System32\powrprof.dll
0x00007ffe16910000 - 0x00007ffe1692b000 	C:\WINDOWS\System32\profapi.dll
0x00007ffe165d0000 - 0x00007ffe165e7000 	C:\WINDOWS\SYSTEM32\CRYPTSP.dll
0x00007ffe15990000 - 0x00007ffe159c3000 	C:\WINDOWS\system32\rsaenh.dll
0x00007ffe16360000 - 0x00007ffe16385000 	C:\WINDOWS\SYSTEM32\bcrypt.dll
0x00007ffe167d0000 - 0x00007ffe167f9000 	C:\WINDOWS\SYSTEM32\USERENV.dll
0x00007ffe15fa0000 - 0x00007ffe15fab000 	C:\WINDOWS\SYSTEM32\CRYPTBASE.dll
0x00007ffe0acb0000 - 0x00007ffe0acca000 	C:\Program Files\Android\Android Studio\jre\jre\bin\net.dll
0x00007ffe15d80000 - 0x00007ffe15de6000 	C:\WINDOWS\system32\mswsock.dll
0x00007ffe15b10000 - 0x00007ffe15b49000 	C:\WINDOWS\SYSTEM32\IPHLPAPI.DLL
0x00007ffe1a350000 - 0x00007ffe1a358000 	C:\WINDOWS\System32\NSI.dll
0x00007ffe0f160000 - 0x00007ffe0f176000 	C:\WINDOWS\SYSTEM32\dhcpcsvc6.DLL
0x00007ffe0f140000 - 0x00007ffe0f15a000 	C:\WINDOWS\SYSTEM32\dhcpcsvc.DLL
0x00007ffe0ac90000 - 0x00007ffe0aca1000 	C:\Program Files\Android\Android Studio\jre\jre\bin\nio.dll

VM Arguments:
jvm_args: -Djava.awt.headless=true -Xmx64M -Dfile.encoding=windows-1251 -Duser.country=UA -Duser.language=uk -Duser.variant 
java_command: com.google.devtools.build.android.desugar.Desugar --input D:\FanSerials\FanSerials\app\build\intermediates\transforms\stackFramesFixer\debug\20.jar --output D:\FanSerials\FanSerials\app\build\intermediates\transforms\desugar\debug\21.jar --input D:\FanSerials\FanSerials\app\build\intermediates\transforms\stackFramesFixer\debug\1.jar --output D:\FanSerials\FanSerials\app\build\intermediates\transforms\desugar\debug\2.jar --input D:\FanSerials\FanSerials\app\build\intermediates\transforms\stackFramesFixer\debug\16.jar --output D:\FanSerials\FanSerials\app\build\intermediates\transforms\desugar\debug\17.jar --input D:\FanSerials\FanSerials\app\build\intermediates\transforms\stackFramesFixer\debug\9.jar --output D:\FanSerials\FanSerials\app\build\intermediates\transforms\desugar\debug\10.jar --input D:\FanSerials\FanSerials\app\build\intermediates\transforms\stackFramesFixer\debug\4.jar --output D:\FanSerials\FanSerials\app\build\intermediates\transforms\desugar\debug\5.jar --classpath_entry D:\FanSerials\FanSerials\app\build\intermediates\classes\debug --classpath_entry D:\FanSerials\FanSerials\app\build\intermediates\transforms\stackFramesFixer\debug\0.jar --classpath_entry D:\FanSerials\FanSerials\app\build\intermediates\transforms\stackFramesFixer\debug\1.jar --classpath_entry D:\FanSerials\FanSerials\app\build\intermediates\transforms\stackFramesFixer\debug\2.jar --classpath_entry D:\FanSerials\FanSerials\app\build\intermediates\transforms\stackFramesFixer\debug\3.jar --classpath_entry D:\FanSerials\FanSerials\app\build\intermediates\transforms\stackFramesFixer\debug\4.jar --classpath_entry D:\FanSerials\FanSerials\app\build\intermediates\transforms\stackFramesFixer\debug\5.jar --classpath_entry D:\FanSerials\FanSerials\app\build\intermediates\transforms\stackFramesFixer\debug\6.jar --classpath_entry D:\FanSerials\FanSerials\app\build\intermediates\transforms\stackFramesFixer\debug\7.jar --classpath_entry D:\FanSerials\FanSerials\app\build\intermedi
java_class_path (initial): C:\Users\Ivan\AppData\Local\Temp\desugar_deploy.jar883269109973781300
Launcher Type: SUN_STANDARD

Environment Variables:
PATH=C:\ProgramData\Oracle\Java\javapath;C:\WINDOWS\system32;C:\WINDOWS;C:\WINDOWS\System32\Wbem;C:\WINDOWS\System32\WindowsPowerShell\v1.0\;C:\Program Files (x86)\NVIDIA Corporation\PhysX\Common;C:\Users\Ivan\AppData\Local\Microsoft\WindowsApps;
USERNAME=Ivan
OS=Windows_NT
PROCESSOR_IDENTIFIER=Intel64 Family 6 Model 60 Stepping 3, GenuineIntel



---------------  S Y S T E M  ---------------

OS: Windows 10.0 , 64 bit Build 16299 (10.0.16299.15)

CPU:total 8 (initial active 8) (4 cores per cpu, 2 threads per core) family 6 model 60 stepping 3, cmov, cx8, fxsr, mmx, sse, sse2, sse3, ssse3, sse4.1, sse4.2, popcnt, avx, avx2, aes, clmul, erms, lzcnt, ht, tsc, tscinvbit, bmi1, bmi2

Memory: 4k page, physical 8268984k(1160848k free), swap 10316984k(56672k free)

vm_info: OpenJDK 64-Bit Server VM (25.152-b02) for windows-amd64 JRE (1.8.0_152-release-1024-b02), built by "builder" with MS VC++ 10.0 (VS2010)

time: Fri Mar 30 21:34:53 2018
elapsed time: 1 seconds (0d 0h 0m 1s)

