#
# There is insufficient memory for the Java Runtime Environment to continue.
# Native memory allocation (malloc) failed to allocate 32744 bytes for ChunkPool::allocate
# Possible reasons:
#   The system is out of physical RAM or swap space
#   In 32 bit mode, the process size limit was hit
# Possible solutions:
#   Reduce memory load on the system
#   Increase physical memory or swap space
#   Check if swap backing store is full
#   Use 64 bit Java on a 64 bit OS
#   Decrease Java heap size (-Xmx/-Xms)
#   Decrease number of Java threads
#   Decrease Java thread stack sizes (-Xss)
#   Set larger code cache with -XX:ReservedCodeCacheSize=
# This output file may be truncated or incomplete.
#
#  Out of Memory Error (allocation.cpp:273), pid=1712, tid=0x0000000000000e38
#
# JRE version: OpenJDK Runtime Environment (8.0_152-b01) (build 1.8.0_152-release-915-b01)
# Java VM: OpenJDK 64-Bit Server VM (25.152-b01 mixed mode windows-amd64 compressed oops)
# Failed to write core dump. Minidumps are not enabled by default on client versions of Windows
#

---------------  T H R E A D  ---------------

Current thread (0x0000000016c3c800):  JavaThread "C2 CompilerThread2" daemon [_thread_in_native, id=3640, stack(0x00000000176b0000,0x00000000177b0000)]

Stack: [0x00000000176b0000,0x00000000177b0000]
[error occurred during error reporting (printing stack bounds), id 0xc0000005]

Native frames: (J=compiled Java code, j=interpreted, Vv=VM code, C=native code)


Current CompileTask:
C2:   4352  827 %     4       org.objectweb.asm.ClassReader::a @ 1360 (3587 bytes)


---------------  P R O C E S S  ---------------

Java Threads: ( => current thread )
  0x0000000016c90000 JavaThread "Service Thread" daemon [_thread_blocked, id=2084, stack(0x00000000178b0000,0x00000000179b0000)]
  0x0000000016c42000 JavaThread "C1 CompilerThread3" daemon [_thread_blocked, id=4004, stack(0x00000000177b0000,0x00000000178b0000)]
=>0x0000000016c3c800 JavaThread "C2 CompilerThread2" daemon [_thread_in_native, id=3640, stack(0x00000000176b0000,0x00000000177b0000)]
  0x0000000016c3a000 JavaThread "C2 CompilerThread1" daemon [_thread_blocked, id=10848, stack(0x00000000175b0000,0x00000000176b0000)]
  0x0000000016be8000 JavaThread "C2 CompilerThread0" daemon [_thread_blocked, id=256, stack(0x00000000174b0000,0x00000000175b0000)]
  0x0000000016be6800 JavaThread "Attach Listener" daemon [_thread_blocked, id=928, stack(0x00000000173b0000,0x00000000174b0000)]
  0x0000000014d0e000 JavaThread "Signal Dispatcher" daemon [_thread_blocked, id=9980, stack(0x00000000172b0000,0x00000000173b0000)]
  0x0000000016be0800 JavaThread "Finalizer" daemon [_thread_blocked, id=864, stack(0x0000000016fc0000,0x00000000170c0000)]
  0x0000000004547000 JavaThread "Reference Handler" daemon [_thread_blocked, id=7532, stack(0x0000000016ac0000,0x0000000016bc0000)]
  0x000000000444e800 JavaThread "main" [_thread_in_native, id=4068, stack(0x00000000042a0000,0x00000000043a0000)]

Other Threads:
  0x0000000014cf5000 VMThread [stack: 0x00000000169c0000,0x0000000016ac0000] [id=7452]
  0x0000000016c90800 WatcherThread [stack: 0x00000000179b0000,0x0000000017ab0000] [id=6880]

VM state:not at safepoint (normal execution)

VM Mutex/Monitor currently owned by a thread: None

Heap:
 PSYoungGen      total 18944K, used 6848K [0x00000000feb00000, 0x0000000100000000, 0x0000000100000000)
  eden space 16384K, 26% used [0x00000000feb00000,0x00000000fef35b80,0x00000000ffb00000)
  from space 2560K, 99% used [0x00000000ffd80000,0x00000000ffffa7f0,0x0000000100000000)
  to   space 2560K, 0% used [0x00000000ffb00000,0x00000000ffb00000,0x00000000ffd80000)
 ParOldGen       total 44032K, used 4953K [0x00000000fc000000, 0x00000000feb00000, 0x00000000feb00000)
  object space 44032K, 11% used [0x00000000fc000000,0x00000000fc4d6730,0x00000000feb00000)
 Metaspace       used 7500K, capacity 7708K, committed 7936K, reserved 1056768K
  class space    used 870K, capacity 956K, committed 1024K, reserved 1048576K

Card table byte_map: [0x0000000002a10000,0x0000000002a40000] byte_map_base: 0x0000000002230000

Marking Bits: (ParMarkBitMap*) 0x00000000662a3950
 Begin Bits: [0x0000000014110000, 0x0000000014210000)
 End Bits:   [0x0000000014210000, 0x0000000014310000)

Polling page: 0x00000000001f0000

CodeCache: size=245760Kb used=3547Kb max_used=3559Kb free=242212Kb
 bounds [0x0000000004550000, 0x00000000048d0000, 0x0000000013550000]
 total_blobs=1260 nmethods=929 adapters=245
 compilation: enabled

Compilation events (10 events):
Event: 4.217 Thread 0x0000000016c3a000  926       4       java.util.Objects::requireNonNull (15 bytes)
Event: 4.217 Thread 0x0000000016c42000  927  s    3       java.io.BufferedOutputStream::write (67 bytes)
Event: 4.217 Thread 0x0000000016c3a000 nmethod 926 0x0000000004868550 code [0x0000000004868680, 0x00000000048686d8]
Event: 4.217 Thread 0x0000000016c3a000  930  s    4       java.io.BufferedOutputStream::write (35 bytes)
Event: 4.218 Thread 0x0000000016c42000 nmethod 927 0x00000000048c92d0 code [0x00000000048c94a0, 0x00000000048c9cf8]
Event: 4.218 Thread 0x0000000016c42000  928       3       java.util.zip.ZipOutputStream::version (48 bytes)
Event: 4.218 Thread 0x0000000016c42000 nmethod 928 0x00000000048bbe50 code [0x00000000048bbfc0, 0x00000000048bc1a8]
Event: 4.218 Thread 0x0000000016c42000  929       3       java.util.zip.ZipOutputStream::getExtraLen (96 bytes)
Event: 4.219 Thread 0x0000000016c42000 nmethod 929 0x00000000048bb2d0 code [0x00000000048bb480, 0x00000000048bbad0]
Event: 4.219 Thread 0x0000000016c3a000 nmethod 930 0x00000000048b97d0 code [0x00000000048b9920, 0x00000000048b9c88]

GC Heap History (4 events):
Event: 1.868 GC heap before
{Heap before GC invocations=1 (full 0):
 PSYoungGen      total 18944K, used 16384K [0x00000000feb00000, 0x0000000100000000, 0x0000000100000000)
  eden space 16384K, 100% used [0x00000000feb00000,0x00000000ffb00000,0x00000000ffb00000)
  from space 2560K, 0% used [0x00000000ffd80000,0x00000000ffd80000,0x0000000100000000)
  to   space 2560K, 0% used [0x00000000ffb00000,0x00000000ffb00000,0x00000000ffd80000)
 ParOldGen       total 44032K, used 0K [0x00000000fc000000, 0x00000000feb00000, 0x00000000feb00000)
  object space 44032K, 0% used [0x00000000fc000000,0x00000000fc000000,0x00000000feb00000)
 Metaspace       used 6501K, capacity 6670K, committed 6784K, reserved 1056768K
  class space    used 769K, capacity 823K, committed 896K, reserved 1048576K
Event: 1.975 GC heap after
Heap after GC invocations=1 (full 0):
 PSYoungGen      total 18944K, used 2528K [0x00000000feb00000, 0x0000000100000000, 0x0000000100000000)
  eden space 16384K, 0% used [0x00000000feb00000,0x00000000feb00000,0x00000000ffb00000)
  from space 2560K, 98% used [0x00000000ffb00000,0x00000000ffd78030,0x00000000ffd80000)
  to   space 2560K, 0% used [0x00000000ffd80000,0x00000000ffd80000,0x0000000100000000)
 ParOldGen       total 44032K, used 1600K [0x00000000fc000000, 0x00000000feb00000, 0x00000000feb00000)
  object space 44032K, 3% used [0x00000000fc000000,0x00000000fc1902c8,0x00000000feb00000)
 Metaspace       used 6501K, capacity 6670K, committed 6784K, reserved 1056768K
  class space    used 769K, capacity 823K, committed 896K, reserved 1048576K
}
Event: 3.134 GC heap before
{Heap before GC invocations=2 (full 0):
 PSYoungGen      total 18944K, used 18912K [0x00000000feb00000, 0x0000000100000000, 0x0000000100000000)
  eden space 16384K, 100% used [0x00000000feb00000,0x00000000ffb00000,0x00000000ffb00000)
  from space 2560K, 98% used [0x00000000ffb00000,0x00000000ffd78030,0x00000000ffd80000)
  to   space 2560K, 0% used [0x00000000ffd80000,0x00000000ffd80000,0x0000000100000000)
 ParOldGen       total 44032K, used 1600K [0x00000000fc000000, 0x00000000feb00000, 0x00000000feb00000)
  object space 44032K, 3% used [0x00000000fc000000,0x00000000fc1902c8,0x00000000feb00000)
 Metaspace       used 7454K, capacity 7644K, committed 7936K, reserved 1056768K
  class space    used 868K, capacity 956K, committed 1024K, reserved 1048576K
Event: 3.566 GC heap after
Heap after GC invocations=2 (full 0):
 PSYoungGen      total 18944K, used 2537K [0x00000000feb00000, 0x0000000100000000, 0x0000000100000000)
  eden space 16384K, 0% used [0x00000000feb00000,0x00000000feb00000,0x00000000ffb00000)
  from space 2560K, 99% used [0x00000000ffd80000,0x00000000ffffa7f0,0x0000000100000000)
  to   space 2560K, 0% used [0x00000000ffb00000,0x00000000ffb00000,0x00000000ffd80000)
 ParOldGen       total 44032K, used 4953K [0x00000000fc000000, 0x00000000feb00000, 0x00000000feb00000)
  object space 44032K, 11% used [0x00000000fc000000,0x00000000fc4d6730,0x00000000feb00000)
 Metaspace       used 7454K, capacity 7644K, committed 7936K, reserved 1056768K
  class space    used 868K, capacity 956K, committed 1024K, reserved 1048576K
}

Deoptimization events (10 events):
Event: 2.007 Thread 0x000000000444e800 Uncommon trap: reason=unstable_if action=reinterpret pc=0x0000000004766b9c method=java.util.zip.ZipCoder.decoder()Ljava/nio/charset/CharsetDecoder; @ 4
Event: 2.008 Thread 0x000000000444e800 Uncommon trap: reason=unstable_if action=reinterpret pc=0x0000000004762b2c method=java.util.zip.ZipCoder.decoder()Ljava/nio/charset/CharsetDecoder; @ 4
Event: 2.008 Thread 0x000000000444e800 Uncommon trap: reason=unstable_if action=reinterpret pc=0x000000000475ae3c method=java.util.zip.ZipCoder.decoder()Ljava/nio/charset/CharsetDecoder; @ 4
Event: 2.053 Thread 0x000000000444e800 Uncommon trap: reason=unstable_if action=reinterpret pc=0x0000000004776848 method=java.util.HashMap$HashIterator.nextNode()Ljava/util/HashMap$Node; @ 74
Event: 2.183 Thread 0x000000000444e800 Uncommon trap: reason=unstable_if action=reinterpret pc=0x0000000004776d48 method=java.util.HashMap$HashIterator.nextNode()Ljava/util/HashMap$Node; @ 74
Event: 2.846 Thread 0x000000000444e800 Uncommon trap: reason=unloaded action=reinterpret pc=0x000000000475c3fc method=java.util.zip.ZipEntry.setExtra0([BZ)V @ 37
Event: 3.044 Thread 0x000000000444e800 Uncommon trap: reason=unstable_if action=reinterpret pc=0x00000000047e3bd8 method=java.lang.String.<init>([CII)V @ 18
Event: 3.112 Thread 0x000000000444e800 Uncommon trap: reason=unstable_if action=reinterpret pc=0x0000000004826018 method=org.objectweb.asm.Item.a(Lorg/objectweb/asm/Item;)Z @ 345
Event: 3.126 Thread 0x000000000444e800 Uncommon trap: reason=unstable_if action=reinterpret pc=0x00000000047e6cf0 method=java.lang.String.<init>([CII)V @ 18
Event: 3.935 Thread 0x000000000444e800 Uncommon trap: reason=unstable_if action=reinterpret pc=0x00000000048975a8 method=java.io.BufferedOutputStream.write(I)V @ 9

Classes redefined (0 events):
No events

Internal exceptions (10 events):
Event: 2.008 Thread 0x000000000444e800 Implicit null exception at 0x000000000475a9b8 to 0x000000000475ae21
Event: 2.119 Thread 0x000000000444e800 Exception <a 'sun/nio/fs/WindowsException'> (0x00000000ff13f588) thrown at [D:\src\AOSP-openjdk-cygwin\jdk8u\hotspot\src\share\vm\prims\jni.cpp, line 709]
Event: 2.119 Thread 0x000000000444e800 Exception <a 'sun/nio/fs/WindowsException'> (0x00000000ff13fb48) thrown at [D:\src\AOSP-openjdk-cygwin\jdk8u\hotspot\src\share\vm\prims\jni.cpp, line 709]
Event: 2.119 Thread 0x000000000444e800 Exception <a 'sun/nio/fs/WindowsException'> (0x00000000ff140110) thrown at [D:\src\AOSP-openjdk-cygwin\jdk8u\hotspot\src\share\vm\prims\jni.cpp, line 709]
Event: 2.119 Thread 0x000000000444e800 Exception <a 'sun/nio/fs/WindowsException'> (0x00000000ff1408d0) thrown at [D:\src\AOSP-openjdk-cygwin\jdk8u\hotspot\src\share\vm\prims\jni.cpp, line 709]
Event: 2.119 Thread 0x000000000444e800 Exception <a 'sun/nio/fs/WindowsException'> (0x00000000ff140e70) thrown at [D:\src\AOSP-openjdk-cygwin\jdk8u\hotspot\src\share\vm\prims\jni.cpp, line 709]
Event: 2.119 Thread 0x000000000444e800 Exception <a 'sun/nio/fs/WindowsException'> (0x00000000ff141620) thrown at [D:\src\AOSP-openjdk-cygwin\jdk8u\hotspot\src\share\vm\prims\jni.cpp, line 709]
Event: 2.800 Thread 0x000000000444e800 Exception <a 'sun/nio/fs/WindowsException'> (0x00000000ff146960) thrown at [D:\src\AOSP-openjdk-cygwin\jdk8u\hotspot\src\share\vm\prims\jni.cpp, line 709]
Event: 2.877 Thread 0x000000000444e800 Exception <a 'sun/nio/fs/WindowsException'> (0x00000000ff46bf68) thrown at [D:\src\AOSP-openjdk-cygwin\jdk8u\hotspot\src\share\vm\prims\jni.cpp, line 709]
Event: 2.877 Thread 0x000000000444e800 Exception <a 'sun/nio/fs/WindowsException'> (0x00000000ff46c4e0) thrown at [D:\src\AOSP-openjdk-cygwin\jdk8u\hotspot\src\share\vm\prims\jni.cpp, line 709]

Events (10 events):
Event: 3.126 Thread 0x000000000444e800 DEOPT UNPACKING pc=0x000000000459556a sp=0x000000000439ea70 mode 2
Event: 3.134 Executing VM operation: ParallelGCFailedAllocation
Event: 3.566 Executing VM operation: ParallelGCFailedAllocation done
Event: 3.935 Thread 0x000000000444e800 Uncommon trap: trap_request=0xffffff65 fr.pc=0x00000000048975a8
Event: 3.935 Thread 0x000000000444e800 DEOPT PACKING pc=0x00000000048975a8 sp=0x000000000439f200
Event: 3.935 Thread 0x000000000444e800 DEOPT UNPACKING pc=0x000000000459556a sp=0x000000000439f1b0 mode 2
Event: 4.184 Executing VM operation: EnableBiasedLocking
Event: 4.185 Executing VM operation: EnableBiasedLocking done
Event: 4.216 loading class java/util/Vector$Itr
Event: 4.217 loading class java/util/Vector$Itr done


Dynamic libraries:
0x00007ff7e22d0000 - 0x00007ff7e2301000 	C:\Program Files\Android\Android Studio\jre\bin\java.exe
0x00007ff9421a0000 - 0x00007ff942380000 	C:\WINDOWS\SYSTEM32\ntdll.dll
0x00007ff941ba0000 - 0x00007ff941c4e000 	C:\WINDOWS\System32\KERNEL32.DLL
0x00007ff93f010000 - 0x00007ff93f276000 	C:\WINDOWS\System32\KERNELBASE.dll
0x00007ff9420c0000 - 0x00007ff942161000 	C:\WINDOWS\System32\ADVAPI32.dll
0x00007ff9403a0000 - 0x00007ff94043d000 	C:\WINDOWS\System32\msvcrt.dll
0x00007ff9405b0000 - 0x00007ff94060b000 	C:\WINDOWS\System32\sechost.dll
0x00007ff93fc60000 - 0x00007ff93fd7f000 	C:\WINDOWS\System32\RPCRT4.dll
0x00007ff941dc0000 - 0x00007ff941f4f000 	C:\WINDOWS\System32\USER32.dll
0x00007ff93ecf0000 - 0x00007ff93ed10000 	C:\WINDOWS\System32\win32u.dll
0x00007ff93f790000 - 0x00007ff93f7b8000 	C:\WINDOWS\System32\GDI32.dll
0x00007ff93f420000 - 0x00007ff93f5b3000 	C:\WINDOWS\System32\gdi32full.dll
0x00007ff93f380000 - 0x00007ff93f41b000 	C:\WINDOWS\System32\msvcp_win.dll
0x00007ff93f280000 - 0x00007ff93f376000 	C:\WINDOWS\System32\ucrtbase.dll
0x00007ff9338a0000 - 0x00007ff933b09000 	C:\WINDOWS\WinSxS\amd64_microsoft.windows.common-controls_6595b64144ccf1df_6.0.16299.248_none_15ced204935f55d7\COMCTL32.dll
0x00007ff93f7c0000 - 0x00007ff93fac8000 	C:\WINDOWS\System32\combase.dll
0x00007ff93ed10000 - 0x00007ff93ed82000 	C:\WINDOWS\System32\bcryptPrimitives.dll
0x00007ff9401d0000 - 0x00007ff9401fd000 	C:\WINDOWS\System32\IMM32.DLL
0x0000000065920000 - 0x00000000659f2000 	C:\Program Files\Android\Android Studio\jre\jre\bin\msvcr100.dll
0x0000000065ae0000 - 0x000000006631e000 	C:\Program Files\Android\Android Studio\jre\jre\bin\server\jvm.dll
0x00007ff9420b0000 - 0x00007ff9420b8000 	C:\WINDOWS\System32\PSAPI.DLL
0x00007ff927f70000 - 0x00007ff927f79000 	C:\WINDOWS\SYSTEM32\WSOCK32.dll
0x00007ff941f50000 - 0x00007ff941fbc000 	C:\WINDOWS\System32\WS2_32.dll
0x00007ff93c490000 - 0x00007ff93c4b3000 	C:\WINDOWS\SYSTEM32\WINMM.dll
0x00007ff9388c0000 - 0x00007ff9388ca000 	C:\WINDOWS\SYSTEM32\VERSION.dll
0x00007ff93c310000 - 0x00007ff93c33a000 	C:\WINDOWS\SYSTEM32\WINMMBASE.dll
0x00007ff93ed90000 - 0x00007ff93edda000 	C:\WINDOWS\System32\cfgmgr32.dll
0x00007ff927f60000 - 0x00007ff927f6f000 	C:\Program Files\Android\Android Studio\jre\jre\bin\verify.dll
0x00007ff927720000 - 0x00007ff927749000 	C:\Program Files\Android\Android Studio\jre\jre\bin\java.dll
0x00007ff9230e0000 - 0x00007ff9230f6000 	C:\Program Files\Android\Android Studio\jre\jre\bin\zip.dll
0x00007ff940760000 - 0x00007ff941b96000 	C:\WINDOWS\System32\SHELL32.dll
0x00007ff93f670000 - 0x00007ff93f716000 	C:\WINDOWS\System32\shcore.dll
0x00007ff93e5a0000 - 0x00007ff93ece7000 	C:\WINDOWS\System32\windows.storage.dll
0x00007ff942050000 - 0x00007ff9420a1000 	C:\WINDOWS\System32\shlwapi.dll
0x00007ff93e580000 - 0x00007ff93e591000 	C:\WINDOWS\System32\kernel.appcore.dll
0x00007ff93e510000 - 0x00007ff93e55c000 	C:\WINDOWS\System32\powrprof.dll
0x00007ff93e4f0000 - 0x00007ff93e50b000 	C:\WINDOWS\System32\profapi.dll
0x00007ff93df50000 - 0x00007ff93df67000 	C:\WINDOWS\SYSTEM32\CRYPTSP.dll
0x00007ff93d930000 - 0x00007ff93d963000 	C:\WINDOWS\system32\rsaenh.dll
0x00007ff93e050000 - 0x00007ff93e075000 	C:\WINDOWS\SYSTEM32\bcrypt.dll
0x00007ff93e420000 - 0x00007ff93e449000 	C:\WINDOWS\SYSTEM32\USERENV.dll
0x00007ff93df40000 - 0x00007ff93df4b000 	C:\WINDOWS\SYSTEM32\CRYPTBASE.dll
0x00007ff921f20000 - 0x00007ff921f3a000 	C:\Program Files\Android\Android Studio\jre\jre\bin\net.dll
0x00007ff93dd70000 - 0x00007ff93ddd6000 	C:\WINDOWS\system32\mswsock.dll
0x00007ff93db10000 - 0x00007ff93db49000 	C:\WINDOWS\SYSTEM32\IPHLPAPI.DLL
0x00007ff93f720000 - 0x00007ff93f728000 	C:\WINDOWS\System32\NSI.dll
0x00007ff939000000 - 0x00007ff939016000 	C:\WINDOWS\SYSTEM32\dhcpcsvc6.DLL
0x00007ff938fe0000 - 0x00007ff938ffa000 	C:\WINDOWS\SYSTEM32\dhcpcsvc.DLL
0x00007ff920740000 - 0x00007ff920751000 	C:\Program Files\Android\Android Studio\jre\jre\bin\nio.dll

VM Arguments:
jvm_args: -Djava.awt.headless=true -Xmx64M -Dfile.encoding=windows-1251 -Duser.country=UA -Duser.language=uk -Duser.variant 
java_command: com.google.devtools.build.android.desugar.Desugar --input D:\FanSerials\FanSerials\app\build\intermediates\transforms\stackFramesFixer\debug\9.jar --output D:\FanSerials\FanSerials\app\build\intermediates\transforms\desugar\debug\10.jar --input D:\FanSerials\FanSerials\app\build\intermediates\transforms\stackFramesFixer\debug\1.jar --output D:\FanSerials\FanSerials\app\build\intermediates\transforms\desugar\debug\2.jar --input D:\FanSerials\FanSerials\app\build\intermediates\transforms\stackFramesFixer\debug\14.jar --output D:\FanSerials\FanSerials\app\build\intermediates\transforms\desugar\debug\15.jar --classpath_entry D:\FanSerials\FanSerials\app\build\intermediates\classes\debug --classpath_entry D:\FanSerials\FanSerials\app\build\intermediates\transforms\stackFramesFixer\debug\0.jar --classpath_entry D:\FanSerials\FanSerials\app\build\intermediates\transforms\stackFramesFixer\debug\1.jar --classpath_entry D:\FanSerials\FanSerials\app\build\intermediates\transforms\stackFramesFixer\debug\2.jar --classpath_entry D:\FanSerials\FanSerials\app\build\intermediates\transforms\stackFramesFixer\debug\3.jar --classpath_entry D:\FanSerials\FanSerials\app\build\intermediates\transforms\stackFramesFixer\debug\4.jar --classpath_entry D:\FanSerials\FanSerials\app\build\intermediates\transforms\stackFramesFixer\debug\5.jar --classpath_entry D:\FanSerials\FanSerials\app\build\intermediates\transforms\stackFramesFixer\debug\6.jar --classpath_entry D:\FanSerials\FanSerials\app\build\intermediates\transforms\stackFramesFixer\debug\7.jar --classpath_entry D:\FanSerials\FanSerials\app\build\intermediates\transforms\stackFramesFixer\debug\8.jar --classpath_entry D:\FanSerials\FanSerials\app\build\intermediates\transforms\stackFramesFixer\debug\9.jar --classpath_entry D:\FanSerials\FanSerials\app\build\intermediates\transforms\stackFramesFixer\debug\10.jar --classpath_entry D:\FanSerials\FanSerials\app\build\intermediates\transforms\stackFramesFixer\debug\11.jar --clas
java_class_path (initial): C:\Users\Ivan\AppData\Local\Temp\desugar_deploy.jar8196935388568118861
Launcher Type: SUN_STANDARD

Environment Variables:
PATH=C:\ProgramData\Oracle\Java\javapath;C:\WINDOWS\system32;C:\WINDOWS;C:\WINDOWS\System32\Wbem;C:\WINDOWS\System32\WindowsPowerShell\v1.0\;C:\Program Files (x86)\NVIDIA Corporation\PhysX\Common;C:\Users\Ivan\AppData\Local\Microsoft\WindowsApps;
USERNAME=Ivan
OS=Windows_NT
PROCESSOR_IDENTIFIER=Intel64 Family 6 Model 60 Stepping 3, GenuineIntel



---------------  S Y S T E M  ---------------

OS: Windows 10.0 , 64 bit Build 16299 (10.0.16299.15)

CPU:total 8 (initial active 8) (4 cores per cpu, 2 threads per core) family 6 model 60 stepping 3, cmov, cx8, fxsr, mmx, sse, sse2, sse3, ssse3, sse4.1, sse4.2, popcnt, avx, avx2, aes, clmul, erms, lzcnt, ht, tsc, tscinvbit, bmi1, bmi2

Memory: 4k page, physical 8268984k(926968k free), swap 10316984k(3412k free)

vm_info: OpenJDK 64-Bit Server VM (25.152-b01) for windows-amd64 JRE (1.8.0_152-release-915-b01), built by "builder" with MS VC++ 10.0 (VS2010)

time: Sun Mar 11 15:01:37 2018
elapsed time: 4 seconds (0d 0h 0m 4s)

