#
# There is insufficient memory for the Java Runtime Environment to continue.
# Native memory allocation (malloc) failed to allocate 32784 bytes for Chunk::new
# Possible reasons:
#   The system is out of physical RAM or swap space
#   In 32 bit mode, the process size limit was hit
# Possible solutions:
#   Reduce memory load on the system
#   Increase physical memory or swap space
#   Check if swap backing store is full
#   Use 64 bit Java on a 64 bit OS
#   Decrease Java heap size (-Xmx/-Xms)
#   Decrease number of Java threads
#   Decrease Java thread stack sizes (-Xss)
#   Set larger code cache with -XX:ReservedCodeCacheSize=
# This output file may be truncated or incomplete.
#
#  Out of Memory Error (allocation.cpp:390), pid=7524, tid=0x00000000000030cc
#
# JRE version: OpenJDK Runtime Environment (8.0_152-b02) (build 1.8.0_152-release-1024-b02)
# Java VM: OpenJDK 64-Bit Server VM (25.152-b02 mixed mode windows-amd64 compressed oops)
# Failed to write core dump. Minidumps are not enabled by default on client versions of Windows
#

---------------  T H R E A D  ---------------

Current thread (0x0000000017291000):  JavaThread "C2 CompilerThread0" daemon [_thread_in_native, id=12492, stack(0x0000000017b60000,0x0000000017c60000)]

Stack: [0x0000000017b60000,0x0000000017c60000]
[error occurred during error reporting (printing stack bounds), id 0xc0000005]

Native frames: (J=compiled Java code, j=interpreted, Vv=VM code, C=native code)


Current CompileTask:
C2:   2053 1002       4       org.objectweb.asm.ClassReader::readMethod (1126 bytes)


---------------  P R O C E S S  ---------------

Java Threads: ( => current thread )
  0x0000000017329000 JavaThread "Service Thread" daemon [_thread_blocked, id=14016, stack(0x0000000017f60000,0x0000000018060000)]
  0x000000001729d000 JavaThread "C1 CompilerThread3" daemon [_thread_blocked, id=2520, stack(0x0000000017e60000,0x0000000017f60000)]
  0x000000001536a000 JavaThread "C2 CompilerThread2" daemon [_thread_in_native, id=9708, stack(0x0000000017d60000,0x0000000017e60000)]
  0x0000000017294000 JavaThread "C2 CompilerThread1" daemon [_thread_in_native, id=9144, stack(0x0000000017c60000,0x0000000017d60000)]
=>0x0000000017291000 JavaThread "C2 CompilerThread0" daemon [_thread_in_native, id=12492, stack(0x0000000017b60000,0x0000000017c60000)]
  0x0000000017290000 JavaThread "Attach Listener" daemon [_thread_blocked, id=13360, stack(0x0000000017a60000,0x0000000017b60000)]
  0x000000001728b000 JavaThread "Signal Dispatcher" daemon [_thread_blocked, id=3656, stack(0x0000000017960000,0x0000000017a60000)]
  0x0000000015361000 JavaThread "Finalizer" daemon [_thread_blocked, id=7764, stack(0x0000000017660000,0x0000000017760000)]
  0x0000000004b59000 JavaThread "Reference Handler" daemon [_thread_blocked, id=4072, stack(0x0000000017160000,0x0000000017260000)]
  0x0000000004a63800 JavaThread "main" [_thread_in_Java, id=7852, stack(0x0000000004960000,0x0000000004a60000)]

Other Threads:
  0x0000000015356800 VMThread [stack: 0x0000000017060000,0x0000000017160000] [id=10624]
  0x000000001732a000 WatcherThread [stack: 0x0000000018060000,0x0000000018160000] [id=7780]

VM state:not at safepoint (normal execution)

VM Mutex/Monitor currently owned by a thread: None

Heap:
 PSYoungGen      total 18944K, used 16066K [0x00000000feb00000, 0x0000000100000000, 0x0000000100000000)
  eden space 16384K, 82% used [0x00000000feb00000,0x00000000ff835bb0,0x00000000ffb00000)
  from space 2560K, 99% used [0x00000000ffd80000,0x00000000ffffae20,0x0000000100000000)
  to   space 2560K, 0% used [0x00000000ffb00000,0x00000000ffb00000,0x00000000ffd80000)
 ParOldGen       total 44032K, used 5099K [0x00000000fc000000, 0x00000000feb00000, 0x00000000feb00000)
  object space 44032K, 11% used [0x00000000fc000000,0x00000000fc4fae28,0x00000000feb00000)
 Metaspace       used 7624K, capacity 7812K, committed 7936K, reserved 1056768K
  class space    used 870K, capacity 970K, committed 1024K, reserved 1048576K

Card table byte_map: [0x0000000004920000,0x0000000004950000] byte_map_base: 0x0000000004140000

Marking Bits: (ParMarkBitMap*) 0x000000005cc34970
 Begin Bits: [0x0000000014740000, 0x0000000014840000)
 End Bits:   [0x0000000014840000, 0x0000000014940000)

Polling page: 0x00000000048f0000

CodeCache: size=245760Kb used=3758Kb max_used=3758Kb free=242001Kb
 bounds [0x0000000004b60000, 0x0000000004f10000, 0x0000000013b60000]
 total_blobs=1340 nmethods=1008 adapters=246
 compilation: enabled

Compilation events (10 events):
Event: 2.042 Thread 0x000000001729d000 nmethod 1006 0x0000000004f0a790 code [0x0000000004f0a900, 0x0000000004f0aae8]
Event: 2.042 Thread 0x000000001729d000 1007       3       com.google.devtools.build.android.desugar.CoreLibraryRewriter$UnprefixingClassWriter::<init> (66 bytes)
Event: 2.043 Thread 0x000000001729d000 nmethod 1007 0x0000000004f0ab90 code [0x0000000004f0ad60, 0x0000000004f0b3d8]
Event: 2.043 Thread 0x000000001729d000 1008       3       sun.util.calendar.BaseCalendar$Date::setCache (20 bytes)
Event: 2.043 Thread 0x000000001729d000 nmethod 1008 0x0000000004f0b750 code [0x0000000004f0b8a0, 0x0000000004f0ba10]
Event: 2.043 Thread 0x000000001729d000 1009       3       org.objectweb.asm.MethodWriter::visitParameterAnnotation (178 bytes)
Event: 2.044 Thread 0x000000001729d000 nmethod 1009 0x0000000004f0ba90 code [0x0000000004f0bd00, 0x0000000004f0cc78]
Event: 2.050 Thread 0x000000001729d000 1011       3       org.objectweb.asm.ClassReader::<init> (9 bytes)
Event: 2.050 Thread 0x000000001729d000 nmethod 1011 0x0000000004f0d410 code [0x0000000004f0d580, 0x0000000004f0d708]
Event: 2.050 Thread 0x000000001729d000 1012       3       com.google.common.collect.ImmutableList::copyOf (61 bytes)

GC Heap History (4 events):
Event: 1.184 GC heap before
{Heap before GC invocations=1 (full 0):
 PSYoungGen      total 18944K, used 16384K [0x00000000feb00000, 0x0000000100000000, 0x0000000100000000)
  eden space 16384K, 100% used [0x00000000feb00000,0x00000000ffb00000,0x00000000ffb00000)
  from space 2560K, 0% used [0x00000000ffd80000,0x00000000ffd80000,0x0000000100000000)
  to   space 2560K, 0% used [0x00000000ffb00000,0x00000000ffb00000,0x00000000ffd80000)
 ParOldGen       total 44032K, used 0K [0x00000000fc000000, 0x00000000feb00000, 0x00000000feb00000)
  object space 44032K, 0% used [0x00000000fc000000,0x00000000fc000000,0x00000000feb00000)
 Metaspace       used 6696K, capacity 6874K, committed 7040K, reserved 1056768K
  class space    used 791K, capacity 871K, committed 896K, reserved 1048576K
Event: 1.192 GC heap after
Heap after GC invocations=1 (full 0):
 PSYoungGen      total 18944K, used 2528K [0x00000000feb00000, 0x0000000100000000, 0x0000000100000000)
  eden space 16384K, 0% used [0x00000000feb00000,0x00000000feb00000,0x00000000ffb00000)
  from space 2560K, 98% used [0x00000000ffb00000,0x00000000ffd78010,0x00000000ffd80000)
  to   space 2560K, 0% used [0x00000000ffd80000,0x00000000ffd80000,0x0000000100000000)
 ParOldGen       total 44032K, used 1517K [0x00000000fc000000, 0x00000000feb00000, 0x00000000feb00000)
  object space 44032K, 3% used [0x00000000fc000000,0x00000000fc17b420,0x00000000feb00000)
 Metaspace       used 6696K, capacity 6874K, committed 7040K, reserved 1056768K
  class space    used 791K, capacity 871K, committed 896K, reserved 1048576K
}
Event: 1.600 GC heap before
{Heap before GC invocations=2 (full 0):
 PSYoungGen      total 18944K, used 18912K [0x00000000feb00000, 0x0000000100000000, 0x0000000100000000)
  eden space 16384K, 100% used [0x00000000feb00000,0x00000000ffb00000,0x00000000ffb00000)
  from space 2560K, 98% used [0x00000000ffb00000,0x00000000ffd78010,0x00000000ffd80000)
  to   space 2560K, 0% used [0x00000000ffd80000,0x00000000ffd80000,0x0000000100000000)
 ParOldGen       total 44032K, used 1517K [0x00000000fc000000, 0x00000000feb00000, 0x00000000feb00000)
  object space 44032K, 3% used [0x00000000fc000000,0x00000000fc17b420,0x00000000feb00000)
 Metaspace       used 7533K, capacity 7748K, committed 7936K, reserved 1056768K
  class space    used 869K, capacity 970K, committed 1024K, reserved 1048576K
Event: 1.616 GC heap after
Heap after GC invocations=2 (full 0):
 PSYoungGen      total 18944K, used 2539K [0x00000000feb00000, 0x0000000100000000, 0x0000000100000000)
  eden space 16384K, 0% used [0x00000000feb00000,0x00000000feb00000,0x00000000ffb00000)
  from space 2560K, 99% used [0x00000000ffd80000,0x00000000ffffae20,0x0000000100000000)
  to   space 2560K, 0% used [0x00000000ffb00000,0x00000000ffb00000,0x00000000ffd80000)
 ParOldGen       total 44032K, used 5099K [0x00000000fc000000, 0x00000000feb00000, 0x00000000feb00000)
  object space 44032K, 11% used [0x00000000fc000000,0x00000000fc4fae28,0x00000000feb00000)
 Metaspace       used 7533K, capacity 7748K, committed 7936K, reserved 1056768K
  class space    used 869K, capacity 970K, committed 1024K, reserved 1048576K
}

Deoptimization events (10 events):
Event: 1.222 Thread 0x0000000004a63800 Uncommon trap: reason=unstable_if action=reinterpret pc=0x0000000004d91e1c method=java.util.zip.ZipCoder.decoder()Ljava/nio/charset/CharsetDecoder; @ 4
Event: 1.333 Thread 0x0000000004a63800 Uncommon trap: reason=unloaded action=reinterpret pc=0x0000000004d9a4bc method=java.util.zip.ZipEntry.setExtra0([BZ)V @ 37
Event: 1.501 Thread 0x0000000004a63800 Uncommon trap: reason=unstable_if action=reinterpret pc=0x0000000004d2c638 method=java.lang.String.<init>([CII)V @ 18
Event: 1.585 Thread 0x0000000004a63800 Uncommon trap: reason=unstable_if action=reinterpret pc=0x0000000004e4f81c method=org.objectweb.asm.Item.isEqualTo(Lorg/objectweb/asm/Item;)Z @ 345
Event: 1.589 Thread 0x0000000004a63800 Uncommon trap: reason=unstable_if action=reinterpret pc=0x0000000004e610d0 method=org.objectweb.asm.MethodWriter.visitVarInsn(II)V @ 142
Event: 1.657 Thread 0x0000000004a63800 Uncommon trap: reason=bimorphic action=maybe_recompile pc=0x0000000004e9850c method=org.objectweb.asm.MethodVisitor.visitVarInsn(II)V @ 13
Event: 1.657 Thread 0x0000000004a63800 Uncommon trap: reason=bimorphic action=maybe_recompile pc=0x0000000004e9850c method=org.objectweb.asm.MethodVisitor.visitVarInsn(II)V @ 13
Event: 1.671 Thread 0x0000000004a63800 Uncommon trap: reason=unstable_if action=reinterpret pc=0x0000000004e7a8e0 method=org.objectweb.asm.Type.getArgumentsAndReturnSizes(Ljava/lang/String;)I @ 130
Event: 1.671 Thread 0x0000000004a63800 Uncommon trap: reason=unstable_if action=reinterpret pc=0x0000000004e98768 method=org.objectweb.asm.MethodWriter.visitVarInsn(II)V @ 148
Event: 1.800 Thread 0x0000000004a63800 Uncommon trap: reason=null_check action=make_not_entrant pc=0x0000000004ef6c48 method=com.google.devtools.build.android.desugar.InterfaceDesugaring$InterfaceInvocationRewriter.visitMethodInsn(ILjava/lang/String;Ljava/lang/String;Ljava/lang/String;Z)V @ 10

Classes redefined (0 events):
No events

Internal exceptions (10 events):
Event: 1.221 Thread 0x0000000004a63800 Implicit null exception at 0x0000000004d95a45 to 0x0000000004d963dd
Event: 1.222 Thread 0x0000000004a63800 Implicit null exception at 0x0000000004d91445 to 0x0000000004d91ddd
Event: 1.275 Thread 0x0000000004a63800 Exception <a 'sun/nio/fs/WindowsException'> (0x00000000ff19da38) thrown at [D:\src\AOSP-openjdk-cygwin\jdk8u\hotspot\src\share\vm\prims\jni.cpp, line 709]
Event: 1.275 Thread 0x0000000004a63800 Exception <a 'sun/nio/fs/WindowsException'> (0x00000000ff19dff8) thrown at [D:\src\AOSP-openjdk-cygwin\jdk8u\hotspot\src\share\vm\prims\jni.cpp, line 709]
Event: 1.275 Thread 0x0000000004a63800 Exception <a 'sun/nio/fs/WindowsException'> (0x00000000ff19e5c8) thrown at [D:\src\AOSP-openjdk-cygwin\jdk8u\hotspot\src\share\vm\prims\jni.cpp, line 709]
Event: 1.275 Thread 0x0000000004a63800 Exception <a 'sun/nio/fs/WindowsException'> (0x00000000ff19ed88) thrown at [D:\src\AOSP-openjdk-cygwin\jdk8u\hotspot\src\share\vm\prims\jni.cpp, line 709]
Event: 1.299 Thread 0x0000000004a63800 Exception <a 'sun/nio/fs/WindowsException'> (0x00000000ff1a3cd0) thrown at [D:\src\AOSP-openjdk-cygwin\jdk8u\hotspot\src\share\vm\prims\jni.cpp, line 709]
Event: 1.363 Thread 0x0000000004a63800 Exception <a 'sun/nio/fs/WindowsException'> (0x00000000ff5341f0) thrown at [D:\src\AOSP-openjdk-cygwin\jdk8u\hotspot\src\share\vm\prims\jni.cpp, line 709]
Event: 1.364 Thread 0x0000000004a63800 Exception <a 'sun/nio/fs/WindowsException'> (0x00000000ff534768) thrown at [D:\src\AOSP-openjdk-cygwin\jdk8u\hotspot\src\share\vm\prims\jni.cpp, line 709]
Event: 1.800 Thread 0x0000000004a63800 Implicit null exception at 0x0000000004ef6191 to 0x0000000004ef6c1d

Events (10 events):
Event: 1.671 Thread 0x0000000004a63800 Uncommon trap: trap_request=0xffffff65 fr.pc=0x0000000004e98768
Event: 1.671 Thread 0x0000000004a63800 DEOPT PACKING pc=0x0000000004e98768 sp=0x0000000004a5e710
Event: 1.671 Thread 0x0000000004a63800 DEOPT UNPACKING pc=0x0000000004ba557b sp=0x0000000004a5e5f0 mode 2
Event: 1.709 Thread 0x0000000004a63800 DEOPT PACKING pc=0x0000000004cc4587 sp=0x0000000004a5ecb0
Event: 1.709 Thread 0x0000000004a63800 DEOPT UNPACKING pc=0x0000000004ba75d0 sp=0x0000000004a5e9e0 mode 0
Event: 1.744 loading class org/objectweb/asm/tree/TryCatchBlockNode
Event: 1.744 loading class org/objectweb/asm/tree/TryCatchBlockNode done
Event: 1.800 Thread 0x0000000004a63800 Uncommon trap: trap_request=0xfffffff4 fr.pc=0x0000000004ef6c48
Event: 1.800 Thread 0x0000000004a63800 DEOPT PACKING pc=0x0000000004ef6c48 sp=0x0000000004a5e6c0
Event: 1.800 Thread 0x0000000004a63800 DEOPT UNPACKING pc=0x0000000004ba557b sp=0x0000000004a5e6a0 mode 2


Dynamic libraries:
0x00007ff7a0670000 - 0x00007ff7a06a1000 	C:\Program Files\Android\Android Studio\jre\bin\java.exe
0x00007ffe1a550000 - 0x00007ffe1a730000 	C:\WINDOWS\SYSTEM32\ntdll.dll
0x00007ffe17a60000 - 0x00007ffe17b0e000 	C:\WINDOWS\System32\KERNEL32.DLL
0x00007ffe16c70000 - 0x00007ffe16ed6000 	C:\WINDOWS\System32\KERNELBASE.dll
0x00007ffe1a3d0000 - 0x00007ffe1a471000 	C:\WINDOWS\System32\ADVAPI32.dll
0x00007ffe1a480000 - 0x00007ffe1a51d000 	C:\WINDOWS\System32\msvcrt.dll
0x00007ffe19d60000 - 0x00007ffe19dbb000 	C:\WINDOWS\System32\sechost.dll
0x00007ffe1a120000 - 0x00007ffe1a23f000 	C:\WINDOWS\System32\RPCRT4.dll
0x00007ffe17bf0000 - 0x00007ffe17d7f000 	C:\WINDOWS\System32\USER32.dll
0x00007ffe16a80000 - 0x00007ffe16aa0000 	C:\WINDOWS\System32\win32u.dll
0x00007ffe17b10000 - 0x00007ffe17b38000 	C:\WINDOWS\System32\GDI32.dll
0x00007ffe17880000 - 0x00007ffe17a13000 	C:\WINDOWS\System32\gdi32full.dll
0x00007ffe177e0000 - 0x00007ffe1787b000 	C:\WINDOWS\System32\msvcp_win.dll
0x00007ffe17630000 - 0x00007ffe17726000 	C:\WINDOWS\System32\ucrtbase.dll
0x00007ffe10e30000 - 0x00007ffe11099000 	C:\WINDOWS\WinSxS\amd64_microsoft.windows.common-controls_6595b64144ccf1df_6.0.16299.248_none_15ced204935f55d7\COMCTL32.dll
0x00007ffe19520000 - 0x00007ffe19828000 	C:\WINDOWS\System32\combase.dll
0x00007ffe16950000 - 0x00007ffe169c2000 	C:\WINDOWS\System32\bcryptPrimitives.dll
0x00007ffe17a30000 - 0x00007ffe17a5d000 	C:\WINDOWS\System32\IMM32.DLL
0x000000005c2b0000 - 0x000000005c382000 	C:\Program Files\Android\Android Studio\jre\jre\bin\msvcr100.dll
0x000000005c470000 - 0x000000005ccaf000 	C:\Program Files\Android\Android Studio\jre\jre\bin\server\jvm.dll
0x00007ffe193c0000 - 0x00007ffe193c8000 	C:\WINDOWS\System32\PSAPI.DLL
0x00007ffe0c050000 - 0x00007ffe0c059000 	C:\WINDOWS\SYSTEM32\WSOCK32.dll
0x00007ffe12410000 - 0x00007ffe12433000 	C:\WINDOWS\SYSTEM32\WINMM.dll
0x00007ffe11980000 - 0x00007ffe1198a000 	C:\WINDOWS\SYSTEM32\VERSION.dll
0x00007ffe1a360000 - 0x00007ffe1a3cc000 	C:\WINDOWS\System32\WS2_32.dll
0x00007ffe123b0000 - 0x00007ffe123da000 	C:\WINDOWS\SYSTEM32\WINMMBASE.dll
0x00007ffe16a30000 - 0x00007ffe16a7a000 	C:\WINDOWS\System32\cfgmgr32.dll
0x00007ffe0bdc0000 - 0x00007ffe0bdcf000 	C:\Program Files\Android\Android Studio\jre\jre\bin\verify.dll
0x00007ffe0acd0000 - 0x00007ffe0acf9000 	C:\Program Files\Android\Android Studio\jre\jre\bin\java.dll
0x00007ffe0bda0000 - 0x00007ffe0bdb6000 	C:\Program Files\Android\Android Studio\jre\jre\bin\zip.dll
0x00007ffe17de0000 - 0x00007ffe19216000 	C:\WINDOWS\System32\SHELL32.dll
0x00007ffe17b40000 - 0x00007ffe17be6000 	C:\WINDOWS\System32\shcore.dll
0x00007ffe16ee0000 - 0x00007ffe17627000 	C:\WINDOWS\System32\windows.storage.dll
0x00007ffe19f50000 - 0x00007ffe19fa1000 	C:\WINDOWS\System32\shlwapi.dll
0x00007ffe168f0000 - 0x00007ffe16901000 	C:\WINDOWS\System32\kernel.appcore.dll
0x00007ffe168a0000 - 0x00007ffe168ec000 	C:\WINDOWS\System32\powrprof.dll
0x00007ffe16910000 - 0x00007ffe1692b000 	C:\WINDOWS\System32\profapi.dll
0x00007ffe165d0000 - 0x00007ffe165e7000 	C:\WINDOWS\SYSTEM32\CRYPTSP.dll
0x00007ffe15990000 - 0x00007ffe159c3000 	C:\WINDOWS\system32\rsaenh.dll
0x00007ffe16360000 - 0x00007ffe16385000 	C:\WINDOWS\SYSTEM32\bcrypt.dll
0x00007ffe167d0000 - 0x00007ffe167f9000 	C:\WINDOWS\SYSTEM32\USERENV.dll
0x00007ffe15fa0000 - 0x00007ffe15fab000 	C:\WINDOWS\SYSTEM32\CRYPTBASE.dll
0x00007ffe0acb0000 - 0x00007ffe0acca000 	C:\Program Files\Android\Android Studio\jre\jre\bin\net.dll
0x00007ffe15d80000 - 0x00007ffe15de6000 	C:\WINDOWS\system32\mswsock.dll
0x00007ffe15b10000 - 0x00007ffe15b49000 	C:\WINDOWS\SYSTEM32\IPHLPAPI.DLL
0x00007ffe1a350000 - 0x00007ffe1a358000 	C:\WINDOWS\System32\NSI.dll
0x00007ffe0f160000 - 0x00007ffe0f176000 	C:\WINDOWS\SYSTEM32\dhcpcsvc6.DLL
0x00007ffe0f140000 - 0x00007ffe0f15a000 	C:\WINDOWS\SYSTEM32\dhcpcsvc.DLL
0x00007ffe0ac90000 - 0x00007ffe0aca1000 	C:\Program Files\Android\Android Studio\jre\jre\bin\nio.dll

VM Arguments:
jvm_args: -Djava.awt.headless=true -Xmx64M -Dfile.encoding=windows-1251 -Duser.country=UA -Duser.language=uk -Duser.variant 
java_command: com.google.devtools.build.android.desugar.Desugar --input D:\FanSerials\FanSerials\app\build\intermediates\transforms\stackFramesFixer\debug\1.jar --output D:\FanSerials\FanSerials\app\build\intermediates\transforms\desugar\debug\2.jar --input D:\FanSerials\FanSerials\app\build\intermediates\transforms\stackFramesFixer\debug\29.jar --output D:\FanSerials\FanSerials\app\build\intermediates\transforms\desugar\debug\29.jar --input D:\FanSerials\FanSerials\app\build\intermediates\transforms\stackFramesFixer\debug\10.jar --output D:\FanSerials\FanSerials\app\build\intermediates\transforms\desugar\debug\11.jar --input D:\FanSerials\FanSerials\app\build\intermediates\transforms\stackFramesFixer\debug\30.jar --output D:\FanSerials\FanSerials\app\build\intermediates\transforms\desugar\debug\30.jar --input D:\FanSerials\FanSerials\app\build\intermediates\transforms\stackFramesFixer\debug\21.jar --output D:\FanSerials\FanSerials\app\build\intermediates\transforms\desugar\debug\22.jar --classpath_entry D:\FanSerials\FanSerials\app\build\intermediates\classes\debug --classpath_entry D:\FanSerials\FanSerials\app\build\intermediates\transforms\stackFramesFixer\debug\0.jar --classpath_entry D:\FanSerials\FanSerials\app\build\intermediates\transforms\stackFramesFixer\debug\1.jar --classpath_entry D:\FanSerials\FanSerials\app\build\intermediates\transforms\stackFramesFixer\debug\2.jar --classpath_entry D:\FanSerials\FanSerials\app\build\intermediates\transforms\stackFramesFixer\debug\3.jar --classpath_entry D:\FanSerials\FanSerials\app\build\intermediates\transforms\stackFramesFixer\debug\4.jar --classpath_entry D:\FanSerials\FanSerials\app\build\intermediates\transforms\stackFramesFixer\debug\5.jar --classpath_entry D:\FanSerials\FanSerials\app\build\intermediates\transforms\stackFramesFixer\debug\6.jar --classpath_entry D:\FanSerials\FanSerials\app\build\intermediates\transforms\stackFramesFixer\debug\7.jar --classpath_entry D:\FanSerials\FanSerials\app\build\interm
java_class_path (initial): C:\Users\Ivan\AppData\Local\Temp\desugar_deploy.jar883269109973781300
Launcher Type: SUN_STANDARD

Environment Variables:
PATH=C:\ProgramData\Oracle\Java\javapath;C:\WINDOWS\system32;C:\WINDOWS;C:\WINDOWS\System32\Wbem;C:\WINDOWS\System32\WindowsPowerShell\v1.0\;C:\Program Files (x86)\NVIDIA Corporation\PhysX\Common;C:\Users\Ivan\AppData\Local\Microsoft\WindowsApps;
USERNAME=Ivan
OS=Windows_NT
PROCESSOR_IDENTIFIER=Intel64 Family 6 Model 60 Stepping 3, GenuineIntel



---------------  S Y S T E M  ---------------

OS: Windows 10.0 , 64 bit Build 16299 (10.0.16299.15)

CPU:total 8 (initial active 8) (4 cores per cpu, 2 threads per core) family 6 model 60 stepping 3, cmov, cx8, fxsr, mmx, sse, sse2, sse3, ssse3, sse4.1, sse4.2, popcnt, avx, avx2, aes, clmul, erms, lzcnt, ht, tsc, tscinvbit, bmi1, bmi2

Memory: 4k page, physical 8268984k(1256852k free), swap 10316984k(3052k free)

vm_info: OpenJDK 64-Bit Server VM (25.152-b02) for windows-amd64 JRE (1.8.0_152-release-1024-b02), built by "builder" with MS VC++ 10.0 (VS2010)

time: Fri Mar 30 21:35:20 2018
elapsed time: 2 seconds (0d 0h 0m 2s)

