#
# There is insufficient memory for the Java Runtime Environment to continue.
# Native memory allocation (malloc) failed to allocate 131088 bytes for Chunk::new
# Possible reasons:
#   The system is out of physical RAM or swap space
#   In 32 bit mode, the process size limit was hit
# Possible solutions:
#   Reduce memory load on the system
#   Increase physical memory or swap space
#   Check if swap backing store is full
#   Use 64 bit Java on a 64 bit OS
#   Decrease Java heap size (-Xmx/-Xms)
#   Decrease number of Java threads
#   Decrease Java thread stack sizes (-Xss)
#   Set larger code cache with -XX:ReservedCodeCacheSize=
# This output file may be truncated or incomplete.
#
#  Out of Memory Error (allocation.cpp:390), pid=12124, tid=0x00000000000005f0
#
# JRE version: OpenJDK Runtime Environment (8.0_152-b01) (build 1.8.0_152-release-915-b01)
# Java VM: OpenJDK 64-Bit Server VM (25.152-b01 mixed mode windows-amd64 compressed oops)
# Failed to write core dump. Minidumps are not enabled by default on client versions of Windows
#

---------------  T H R E A D  ---------------

Current thread (0x000000001707d000):  JavaThread "C2 CompilerThread0" daemon [_thread_in_native, id=1520, stack(0x0000000017940000,0x0000000017a40000)]

Stack: [0x0000000017940000,0x0000000017a40000]
[error occurred during error reporting (printing stack bounds), id 0xc0000005]

Native frames: (J=compiled Java code, j=interpreted, Vv=VM code, C=native code)


Current CompileTask:
C2:   1542  792 %     4       org.objectweb.asm.ClassReader::a @ 74 (3587 bytes)


---------------  P R O C E S S  ---------------

Java Threads: ( => current thread )
  0x0000000017117000 JavaThread "Service Thread" daemon [_thread_blocked, id=668, stack(0x0000000017d40000,0x0000000017e40000)]
  0x00000000170f1800 JavaThread "C1 CompilerThread3" daemon [_thread_blocked, id=7232, stack(0x0000000017c40000,0x0000000017d40000)]
  0x00000000170e0000 JavaThread "C2 CompilerThread2" daemon [_thread_blocked, id=12660, stack(0x0000000017b40000,0x0000000017c40000)]
  0x0000000017091000 JavaThread "C2 CompilerThread1" daemon [_thread_blocked, id=3536, stack(0x0000000017a40000,0x0000000017b40000)]
=>0x000000001707d000 JavaThread "C2 CompilerThread0" daemon [_thread_in_native, id=1520, stack(0x0000000017940000,0x0000000017a40000)]
  0x0000000017078000 JavaThread "Attach Listener" daemon [_thread_blocked, id=10104, stack(0x0000000017840000,0x0000000017940000)]
  0x000000001519d800 JavaThread "Signal Dispatcher" daemon [_thread_blocked, id=9932, stack(0x0000000017740000,0x0000000017840000)]
  0x0000000017070800 JavaThread "Finalizer" daemon [_thread_blocked, id=13288, stack(0x0000000017450000,0x0000000017550000)]
  0x000000001518a800 JavaThread "Reference Handler" daemon [_thread_blocked, id=3996, stack(0x0000000016f50000,0x0000000017050000)]
  0x00000000048de800 JavaThread "main" [_thread_in_native, id=10520, stack(0x0000000004760000,0x0000000004860000)]

Other Threads:
  0x0000000015185000 VMThread [stack: 0x0000000016e50000,0x0000000016f50000] [id=12460]
  0x0000000017118000 WatcherThread [stack: 0x0000000017e40000,0x0000000017f40000] [id=4488]

VM state:not at safepoint (normal execution)

VM Mutex/Monitor currently owned by a thread: None

Heap:
 PSYoungGen      total 18944K, used 2967K [0x00000000feb00000, 0x0000000100000000, 0x0000000100000000)
  eden space 16384K, 2% used [0x00000000feb00000,0x00000000feb6b7b0,0x00000000ffb00000)
  from space 2560K, 99% used [0x00000000ffd80000,0x00000000ffffa7f0,0x0000000100000000)
  to   space 2560K, 0% used [0x00000000ffb00000,0x00000000ffb00000,0x00000000ffd80000)
 ParOldGen       total 44032K, used 4876K [0x00000000fc000000, 0x00000000feb00000, 0x00000000feb00000)
  object space 44032K, 11% used [0x00000000fc000000,0x00000000fc4c3208,0x00000000feb00000)
 Metaspace       used 7432K, capacity 7644K, committed 7936K, reserved 1056768K
  class space    used 868K, capacity 956K, committed 1024K, reserved 1048576K

Card table byte_map: [0x00000000046c0000,0x00000000046f0000] byte_map_base: 0x0000000003ee0000

Marking Bits: (ParMarkBitMap*) 0x00000000704c3950
 Begin Bits: [0x00000000145a0000, 0x00000000146a0000)
 End Bits:   [0x00000000146a0000, 0x00000000147a0000)

Polling page: 0x0000000002a60000

CodeCache: size=245760Kb used=3184Kb max_used=3197Kb free=242575Kb
 bounds [0x00000000049e0000, 0x0000000004d10000, 0x00000000139e0000]
 total_blobs=1153 nmethods=822 adapters=245
 compilation: enabled

Compilation events (10 events):
Event: 1.438 Thread 0x00000000170f1800  820       3       java.lang.System$2::invokeFinalize (5 bytes)
Event: 1.438 Thread 0x00000000170f1800 nmethod 820 0x0000000004cfaf10 code [0x0000000004cfb080, 0x0000000004cfb2a8]
Event: 1.438 Thread 0x00000000170f1800  821       3       java.lang.ref.Reference::clear (6 bytes)
Event: 1.438 Thread 0x00000000170f1800 nmethod 821 0x0000000004cfb350 code [0x0000000004cfb4a0, 0x0000000004cfb610]
Event: 1.438 Thread 0x00000000170f1800  823       3       java.util.zip.ZipOutputStream::writeInt (69 bytes)
Event: 1.439 Thread 0x00000000170f1800 nmethod 823 0x0000000004cfcb90 code [0x0000000004cfcd20, 0x0000000004cfd1f8]
Event: 1.439 Thread 0x0000000017091000 nmethod 796 0x0000000004cfec90 code [0x0000000004cfede0, 0x0000000004cff058]
Event: 1.439 Thread 0x0000000017091000  808       4       org.objectweb.asm.MethodVisitor::visitInsn (16 bytes)
Event: 1.445 Thread 0x0000000017091000 nmethod 808 0x0000000004cfe450 code [0x0000000004cfe5c0, 0x0000000004cfe948]
Event: 1.453 Thread 0x00000000170e0000 nmethod 802 0x0000000004cfd310 code [0x0000000004cfd4a0, 0x0000000004cfdc38]

GC Heap History (4 events):
Event: 0.815 GC heap before
{Heap before GC invocations=1 (full 0):
 PSYoungGen      total 18944K, used 16384K [0x00000000feb00000, 0x0000000100000000, 0x0000000100000000)
  eden space 16384K, 100% used [0x00000000feb00000,0x00000000ffb00000,0x00000000ffb00000)
  from space 2560K, 0% used [0x00000000ffd80000,0x00000000ffd80000,0x0000000100000000)
  to   space 2560K, 0% used [0x00000000ffb00000,0x00000000ffb00000,0x00000000ffd80000)
 ParOldGen       total 44032K, used 0K [0x00000000fc000000, 0x00000000feb00000, 0x00000000feb00000)
  object space 44032K, 0% used [0x00000000fc000000,0x00000000fc000000,0x00000000feb00000)
 Metaspace       used 6509K, capacity 6670K, committed 6784K, reserved 1056768K
  class space    used 768K, capacity 823K, committed 896K, reserved 1048576K
Event: 0.820 GC heap after
Heap after GC invocations=1 (full 0):
 PSYoungGen      total 18944K, used 2544K [0x00000000feb00000, 0x0000000100000000, 0x0000000100000000)
  eden space 16384K, 0% used [0x00000000feb00000,0x00000000feb00000,0x00000000ffb00000)
  from space 2560K, 99% used [0x00000000ffb00000,0x00000000ffd7c020,0x00000000ffd80000)
  to   space 2560K, 0% used [0x00000000ffd80000,0x00000000ffd80000,0x0000000100000000)
 ParOldGen       total 44032K, used 1613K [0x00000000fc000000, 0x00000000feb00000, 0x00000000feb00000)
  object space 44032K, 3% used [0x00000000fc000000,0x00000000fc1934a8,0x00000000feb00000)
 Metaspace       used 6509K, capacity 6670K, committed 6784K, reserved 1056768K
  class space    used 768K, capacity 823K, committed 896K, reserved 1048576K
}
Event: 1.394 GC heap before
{Heap before GC invocations=2 (full 0):
 PSYoungGen      total 18944K, used 18928K [0x00000000feb00000, 0x0000000100000000, 0x0000000100000000)
  eden space 16384K, 100% used [0x00000000feb00000,0x00000000ffb00000,0x00000000ffb00000)
  from space 2560K, 99% used [0x00000000ffb00000,0x00000000ffd7c020,0x00000000ffd80000)
  to   space 2560K, 0% used [0x00000000ffd80000,0x00000000ffd80000,0x0000000100000000)
 ParOldGen       total 44032K, used 1613K [0x00000000fc000000, 0x00000000feb00000, 0x00000000feb00000)
  object space 44032K, 3% used [0x00000000fc000000,0x00000000fc1934a8,0x00000000feb00000)
 Metaspace       used 7427K, capacity 7644K, committed 7936K, reserved 1056768K
  class space    used 868K, capacity 956K, committed 1024K, reserved 1048576K
Event: 1.433 GC heap after
Heap after GC invocations=2 (full 0):
 PSYoungGen      total 18944K, used 2537K [0x00000000feb00000, 0x0000000100000000, 0x0000000100000000)
  eden space 16384K, 0% used [0x00000000feb00000,0x00000000feb00000,0x00000000ffb00000)
  from space 2560K, 99% used [0x00000000ffd80000,0x00000000ffffa7f0,0x0000000100000000)
  to   space 2560K, 0% used [0x00000000ffb00000,0x00000000ffb00000,0x00000000ffd80000)
 ParOldGen       total 44032K, used 4876K [0x00000000fc000000, 0x00000000feb00000, 0x00000000feb00000)
  object space 44032K, 11% used [0x00000000fc000000,0x00000000fc4c3208,0x00000000feb00000)
 Metaspace       used 7427K, capacity 7644K, committed 7936K, reserved 1056768K
  class space    used 868K, capacity 956K, committed 1024K, reserved 1048576K
}

Deoptimization events (10 events):
Event: 0.761 Thread 0x00000000048de800 Uncommon trap: reason=unstable_if action=reinterpret pc=0x0000000004bf2b58 method=java.util.zip.ZipEntry.setExtra0([BZ)V @ 1
Event: 0.762 Thread 0x00000000048de800 Uncommon trap: reason=unstable_if action=reinterpret pc=0x0000000004bf157c method=java.util.zip.ZipCoder.decoder()Ljava/nio/charset/CharsetDecoder; @ 4
Event: 0.849 Thread 0x00000000048de800 Uncommon trap: reason=unstable_if action=reinterpret pc=0x0000000004c002b8 method=java.util.zip.ZipCoder.decoder()Ljava/nio/charset/CharsetDecoder; @ 4
Event: 0.850 Thread 0x00000000048de800 Uncommon trap: reason=unstable_if action=reinterpret pc=0x0000000004c08dc8 method=java.util.zip.ZipCoder.decoder()Ljava/nio/charset/CharsetDecoder; @ 4
Event: 0.850 Thread 0x00000000048de800 Uncommon trap: reason=unstable_if action=reinterpret pc=0x0000000004c02d1c method=java.util.zip.ZipCoder.decoder()Ljava/nio/charset/CharsetDecoder; @ 4
Event: 0.859 Thread 0x00000000048de800 Uncommon trap: reason=unstable_if action=reinterpret pc=0x0000000004c0fa88 method=java.util.HashMap$HashIterator.nextNode()Ljava/util/HashMap$Node; @ 74
Event: 0.923 Thread 0x00000000048de800 Uncommon trap: reason=unstable_if action=reinterpret pc=0x0000000004c14b48 method=java.util.HashMap$HashIterator.nextNode()Ljava/util/HashMap$Node; @ 74
Event: 0.966 Thread 0x00000000048de800 Uncommon trap: reason=unloaded action=reinterpret pc=0x0000000004c045bc method=java.util.zip.ZipEntry.setExtra0([BZ)V @ 37
Event: 1.294 Thread 0x00000000048de800 Uncommon trap: reason=unstable_if action=reinterpret pc=0x0000000004bae778 method=java.lang.String.<init>([CII)V @ 18
Event: 1.391 Thread 0x00000000048de800 Uncommon trap: reason=unstable_if action=reinterpret pc=0x0000000004c9f358 method=org.objectweb.asm.Item.a(Lorg/objectweb/asm/Item;)Z @ 345

Classes redefined (0 events):
No events

Internal exceptions (10 events):
Event: 0.899 Thread 0x00000000048de800 Exception <a 'sun/nio/fs/WindowsException'> (0x00000000ff135748) thrown at [D:\src\AOSP-openjdk-cygwin\jdk8u\hotspot\src\share\vm\prims\jni.cpp, line 709]
Event: 0.899 Thread 0x00000000048de800 Exception <a 'sun/nio/fs/WindowsException'> (0x00000000ff135d18) thrown at [D:\src\AOSP-openjdk-cygwin\jdk8u\hotspot\src\share\vm\prims\jni.cpp, line 709]
Event: 0.900 Thread 0x00000000048de800 Exception <a 'sun/nio/fs/WindowsException'> (0x00000000ff1364d8) thrown at [D:\src\AOSP-openjdk-cygwin\jdk8u\hotspot\src\share\vm\prims\jni.cpp, line 709]
Event: 0.900 Thread 0x00000000048de800 Exception <a 'sun/nio/fs/WindowsException'> (0x00000000ff136a80) thrown at [D:\src\AOSP-openjdk-cygwin\jdk8u\hotspot\src\share\vm\prims\jni.cpp, line 709]
Event: 0.900 Thread 0x00000000048de800 Exception <a 'sun/nio/fs/WindowsException'> (0x00000000ff137230) thrown at [D:\src\AOSP-openjdk-cygwin\jdk8u\hotspot\src\share\vm\prims\jni.cpp, line 709]
Event: 0.935 Thread 0x00000000048de800 Exception <a 'sun/nio/fs/WindowsException'> (0x00000000ff13c5b0) thrown at [D:\src\AOSP-openjdk-cygwin\jdk8u\hotspot\src\share\vm\prims\jni.cpp, line 709]
Event: 0.987 Thread 0x00000000048de800 Exception <a 'sun/nio/fs/WindowsException'> (0x00000000ff439f38) thrown at [D:\src\AOSP-openjdk-cygwin\jdk8u\hotspot\src\share\vm\prims\jni.cpp, line 709]
Event: 0.987 Thread 0x00000000048de800 Exception <a 'sun/nio/fs/WindowsException'> (0x00000000ff43a4b0) thrown at [D:\src\AOSP-openjdk-cygwin\jdk8u\hotspot\src\share\vm\prims\jni.cpp, line 709]
Event: 1.291 Thread 0x00000000048de800 Exception <a 'sun/nio/fs/WindowsException'> (0x00000000ff5ad738) thrown at [D:\src\AOSP-openjdk-cygwin\jdk8u\hotspot\src\share\vm\prims\jni.cpp, line 709]
Event: 1.291 Thread 0x00000000048de800 Exception <a 'sun/nio/fs/WindowsException'> (0x00000000ff5adc30) thrown at [D:\src\AOSP-openjdk-cygwin\jdk8u\hotspot\src\share\vm\prims\jni.cpp, line 709]

Events (10 events):
Event: 1.294 Thread 0x00000000048de800 DEOPT UNPACKING pc=0x0000000004a2556a sp=0x000000000485e858 mode 2
Event: 1.304 loading class org/objectweb/asm/tree/TryCatchBlockNode
Event: 1.304 loading class org/objectweb/asm/tree/TryCatchBlockNode done
Event: 1.306 loading class org/objectweb/asm/Handler
Event: 1.306 loading class org/objectweb/asm/Handler done
Event: 1.391 Thread 0x00000000048de800 Uncommon trap: trap_request=0xffffff65 fr.pc=0x0000000004c9f358
Event: 1.391 Thread 0x00000000048de800 DEOPT PACKING pc=0x0000000004c9f358 sp=0x000000000485e640
Event: 1.391 Thread 0x00000000048de800 DEOPT UNPACKING pc=0x0000000004a2556a sp=0x000000000485e5d8 mode 2
Event: 1.394 Executing VM operation: ParallelGCFailedAllocation
Event: 1.433 Executing VM operation: ParallelGCFailedAllocation done


Dynamic libraries:
0x00007ff637c40000 - 0x00007ff637c71000 	C:\Program Files\Android\Android Studio\jre\bin\java.exe
0x00007ffbdc1c0000 - 0x00007ffbdc3a0000 	C:\WINDOWS\SYSTEM32\ntdll.dll
0x00007ffbdb980000 - 0x00007ffbdba2e000 	C:\WINDOWS\System32\KERNEL32.DLL
0x00007ffbd9070000 - 0x00007ffbd92d6000 	C:\WINDOWS\System32\KERNELBASE.dll
0x00007ffbdc0e0000 - 0x00007ffbdc181000 	C:\WINDOWS\System32\ADVAPI32.dll
0x00007ffbdae70000 - 0x00007ffbdaf0d000 	C:\WINDOWS\System32\msvcrt.dll
0x00007ffbdbe90000 - 0x00007ffbdbeeb000 	C:\WINDOWS\System32\sechost.dll
0x00007ffbdbfc0000 - 0x00007ffbdc0df000 	C:\WINDOWS\System32\RPCRT4.dll
0x00007ffbdace0000 - 0x00007ffbdae6f000 	C:\WINDOWS\System32\USER32.dll
0x00007ffbd85c0000 - 0x00007ffbd85e0000 	C:\WINDOWS\System32\win32u.dll
0x00007ffbdaaf0000 - 0x00007ffbdab18000 	C:\WINDOWS\System32\GDI32.dll
0x00007ffbd9340000 - 0x00007ffbd94d3000 	C:\WINDOWS\System32\gdi32full.dll
0x00007ffbd8f50000 - 0x00007ffbd8feb000 	C:\WINDOWS\System32\msvcp_win.dll
0x00007ffbd9590000 - 0x00007ffbd9686000 	C:\WINDOWS\System32\ucrtbase.dll
0x00007ffbd1130000 - 0x00007ffbd1399000 	C:\WINDOWS\WinSxS\amd64_microsoft.windows.common-controls_6595b64144ccf1df_6.0.16299.248_none_15ced204935f55d7\COMCTL32.dll
0x00007ffbdb4c0000 - 0x00007ffbdb7c8000 	C:\WINDOWS\System32\combase.dll
0x00007ffbd8ff0000 - 0x00007ffbd9062000 	C:\WINDOWS\System32\bcryptPrimitives.dll
0x00007ffbdb320000 - 0x00007ffbdb34d000 	C:\WINDOWS\System32\IMM32.DLL
0x000000006fb40000 - 0x000000006fc12000 	C:\Program Files\Android\Android Studio\jre\jre\bin\msvcr100.dll
0x000000006fd00000 - 0x000000007053e000 	C:\Program Files\Android\Android Studio\jre\jre\bin\server\jvm.dll
0x00007ffbdbe80000 - 0x00007ffbdbe88000 	C:\WINDOWS\System32\PSAPI.DLL
0x00007ffbd6880000 - 0x00007ffbd688a000 	C:\WINDOWS\SYSTEM32\VERSION.dll
0x00007ffbccf40000 - 0x00007ffbccf49000 	C:\WINDOWS\SYSTEM32\WSOCK32.dll
0x00007ffbd5f20000 - 0x00007ffbd5f43000 	C:\WINDOWS\SYSTEM32\WINMM.dll
0x00007ffbdb2b0000 - 0x00007ffbdb31c000 	C:\WINDOWS\System32\WS2_32.dll
0x00007ffbd5ec0000 - 0x00007ffbd5eea000 	C:\WINDOWS\SYSTEM32\WINMMBASE.dll
0x00007ffbd87b0000 - 0x00007ffbd87fa000 	C:\WINDOWS\System32\cfgmgr32.dll
0x00007ffbccf30000 - 0x00007ffbccf3f000 	C:\Program Files\Android\Android Studio\jre\jre\bin\verify.dll
0x00007ffbccee0000 - 0x00007ffbccf09000 	C:\Program Files\Android\Android Studio\jre\jre\bin\java.dll
0x00007ffbccec0000 - 0x00007ffbcced6000 	C:\Program Files\Android\Android Studio\jre\jre\bin\zip.dll
0x00007ffbd9690000 - 0x00007ffbdaac6000 	C:\WINDOWS\System32\SHELL32.dll
0x00007ffbdb7d0000 - 0x00007ffbdb876000 	C:\WINDOWS\System32\shcore.dll
0x00007ffbd8800000 - 0x00007ffbd8f47000 	C:\WINDOWS\System32\windows.storage.dll
0x00007ffbdaf10000 - 0x00007ffbdaf61000 	C:\WINDOWS\System32\shlwapi.dll
0x00007ffbd8550000 - 0x00007ffbd8561000 	C:\WINDOWS\System32\kernel.appcore.dll
0x00007ffbd8570000 - 0x00007ffbd85bc000 	C:\WINDOWS\System32\powrprof.dll
0x00007ffbd8510000 - 0x00007ffbd852b000 	C:\WINDOWS\System32\profapi.dll
0x00007ffbd81e0000 - 0x00007ffbd81f7000 	C:\WINDOWS\SYSTEM32\CRYPTSP.dll
0x00007ffbd7600000 - 0x00007ffbd7633000 	C:\WINDOWS\system32\rsaenh.dll
0x00007ffbd7f40000 - 0x00007ffbd7f65000 	C:\WINDOWS\SYSTEM32\bcrypt.dll
0x00007ffbd8440000 - 0x00007ffbd8469000 	C:\WINDOWS\SYSTEM32\USERENV.dll
0x00007ffbd7bb0000 - 0x00007ffbd7bbb000 	C:\WINDOWS\SYSTEM32\CRYPTBASE.dll
0x00007ffbccea0000 - 0x00007ffbcceba000 	C:\Program Files\Android\Android Studio\jre\jre\bin\net.dll
0x00007ffbd79f0000 - 0x00007ffbd7a56000 	C:\WINDOWS\system32\mswsock.dll
0x00007ffbd7780000 - 0x00007ffbd77b9000 	C:\WINDOWS\SYSTEM32\IPHLPAPI.DLL
0x00007ffbdaf70000 - 0x00007ffbdaf78000 	C:\WINDOWS\System32\NSI.dll
0x00007ffbd20a0000 - 0x00007ffbd20b6000 	C:\WINDOWS\SYSTEM32\dhcpcsvc6.DLL
0x00007ffbd2080000 - 0x00007ffbd209a000 	C:\WINDOWS\SYSTEM32\dhcpcsvc.DLL
0x00007ffbcce20000 - 0x00007ffbcce31000 	C:\Program Files\Android\Android Studio\jre\jre\bin\nio.dll

VM Arguments:
jvm_args: -Djava.awt.headless=true -Xmx64M -Dfile.encoding=windows-1251 -Duser.country=UA -Duser.language=uk -Duser.variant 
java_command: com.google.devtools.build.android.desugar.Desugar --input D:\FanSerials\FanSerials\app\build\intermediates\transforms\stackFramesFixer\debug\23.jar --output D:\FanSerials\FanSerials\app\build\intermediates\transforms\desugar\debug\24.jar --input D:\FanSerials\FanSerials\app\build\intermediates\transforms\stackFramesFixer\debug\20.jar --output D:\FanSerials\FanSerials\app\build\intermediates\transforms\desugar\debug\21.jar --input D:\FanSerials\FanSerials\app\build\intermediates\transforms\stackFramesFixer\debug\24.jar --output D:\FanSerials\FanSerials\app\build\intermediates\transforms\desugar\debug\25.jar --classpath_entry D:\FanSerials\FanSerials\app\build\intermediates\classes\debug --classpath_entry D:\FanSerials\FanSerials\app\build\intermediates\transforms\stackFramesFixer\debug\0.jar --classpath_entry D:\FanSerials\FanSerials\app\build\intermediates\transforms\stackFramesFixer\debug\1.jar --classpath_entry D:\FanSerials\FanSerials\app\build\intermediates\transforms\stackFramesFixer\debug\2.jar --classpath_entry D:\FanSerials\FanSerials\app\build\intermediates\transforms\stackFramesFixer\debug\3.jar --classpath_entry D:\FanSerials\FanSerials\app\build\intermediates\transforms\stackFramesFixer\debug\4.jar --classpath_entry D:\FanSerials\FanSerials\app\build\intermediates\transforms\stackFramesFixer\debug\5.jar --classpath_entry D:\FanSerials\FanSerials\app\build\intermediates\transforms\stackFramesFixer\debug\6.jar --classpath_entry D:\FanSerials\FanSerials\app\build\intermediates\transforms\stackFramesFixer\debug\7.jar --classpath_entry D:\FanSerials\FanSerials\app\build\intermediates\transforms\stackFramesFixer\debug\8.jar --classpath_entry D:\FanSerials\FanSerials\app\build\intermediates\transforms\stackFramesFixer\debug\9.jar --classpath_entry D:\FanSerials\FanSerials\app\build\intermediates\transforms\stackFramesFixer\debug\10.jar --classpath_entry D:\FanSerials\FanSerials\app\build\intermediates\transforms\stackFramesFixer\debug\11.jar --c
java_class_path (initial): C:\Users\Ivan\AppData\Local\Temp\desugar_deploy.jar2028824752295189420
Launcher Type: SUN_STANDARD

Environment Variables:
PATH=C:\ProgramData\Oracle\Java\javapath;C:\WINDOWS\system32;C:\WINDOWS;C:\WINDOWS\System32\Wbem;C:\WINDOWS\System32\WindowsPowerShell\v1.0\;C:\Program Files (x86)\NVIDIA Corporation\PhysX\Common;C:\Users\Ivan\AppData\Local\Microsoft\WindowsApps;
USERNAME=Ivan
OS=Windows_NT
PROCESSOR_IDENTIFIER=Intel64 Family 6 Model 60 Stepping 3, GenuineIntel



---------------  S Y S T E M  ---------------

OS: Windows 10.0 , 64 bit Build 16299 (10.0.16299.15)

CPU:total 8 (initial active 8) (4 cores per cpu, 2 threads per core) family 6 model 60 stepping 3, cmov, cx8, fxsr, mmx, sse, sse2, sse3, ssse3, sse4.1, sse4.2, popcnt, avx, avx2, aes, clmul, erms, lzcnt, ht, tsc, tscinvbit, bmi1, bmi2

Memory: 4k page, physical 8268984k(833940k free), swap 10316984k(5264k free)

vm_info: OpenJDK 64-Bit Server VM (25.152-b01) for windows-amd64 JRE (1.8.0_152-release-915-b01), built by "builder" with MS VC++ 10.0 (VS2010)

time: Thu Mar 08 17:47:34 2018
elapsed time: 1 seconds (0d 0h 0m 1s)

