#
# There is insufficient memory for the Java Runtime Environment to continue.
# Native memory allocation (malloc) failed to allocate 32744 bytes for ChunkPool::allocate
# Possible reasons:
#   The system is out of physical RAM or swap space
#   In 32 bit mode, the process size limit was hit
# Possible solutions:
#   Reduce memory load on the system
#   Increase physical memory or swap space
#   Check if swap backing store is full
#   Use 64 bit Java on a 64 bit OS
#   Decrease Java heap size (-Xmx/-Xms)
#   Decrease number of Java threads
#   Decrease Java thread stack sizes (-Xss)
#   Set larger code cache with -XX:ReservedCodeCacheSize=
# This output file may be truncated or incomplete.
#
#  Out of Memory Error (allocation.cpp:273), pid=8344, tid=0x00000000000028a0
#
# JRE version: OpenJDK Runtime Environment (8.0_152-b02) (build 1.8.0_152-release-1024-b02)
# Java VM: OpenJDK 64-Bit Server VM (25.152-b02 mixed mode windows-amd64 compressed oops)
# Failed to write core dump. Minidumps are not enabled by default on client versions of Windows
#

---------------  T H R E A D  ---------------

Current thread (0x000000001727e000):  JavaThread "C2 CompilerThread2" daemon [_thread_in_native, id=10400, stack(0x0000000017d40000,0x0000000017e40000)]

Stack: [0x0000000017d40000,0x0000000017e40000]
[error occurred during error reporting (printing stack bounds), id 0xc0000005]

Native frames: (J=compiled Java code, j=interpreted, Vv=VM code, C=native code)


Current CompileTask:
C2:   5557  862       4       org.objectweb.asm.ClassReader::readCode (3575 bytes)


---------------  P R O C E S S  ---------------

Java Threads: ( => current thread )
  0x0000000017321000 JavaThread "Service Thread" daemon [_thread_blocked, id=13488, stack(0x0000000017f40000,0x0000000018040000)]
  0x0000000017295000 JavaThread "C1 CompilerThread3" daemon [_thread_blocked, id=6992, stack(0x0000000017e40000,0x0000000017f40000)]
=>0x000000001727e000 JavaThread "C2 CompilerThread2" daemon [_thread_in_native, id=10400, stack(0x0000000017d40000,0x0000000017e40000)]
  0x000000001727c000 JavaThread "C2 CompilerThread1" daemon [_thread_in_native, id=8200, stack(0x0000000017c40000,0x0000000017d40000)]
  0x0000000017279000 JavaThread "C2 CompilerThread0" daemon [_thread_in_native, id=12408, stack(0x0000000017b40000,0x0000000017c40000)]
  0x0000000017278000 JavaThread "Attach Listener" daemon [_thread_blocked, id=9436, stack(0x0000000017a40000,0x0000000017b40000)]
  0x0000000017277000 JavaThread "Signal Dispatcher" daemon [_thread_blocked, id=14296, stack(0x0000000017940000,0x0000000017a40000)]
  0x0000000017270800 JavaThread "Finalizer" daemon [_thread_blocked, id=13460, stack(0x0000000017650000,0x0000000017750000)]
  0x0000000004bc9000 JavaThread "Reference Handler" daemon [_thread_blocked, id=7080, stack(0x0000000017150000,0x0000000017250000)]
  0x0000000004ad3800 JavaThread "main" [_thread_in_vm, id=5652, stack(0x00000000049d0000,0x0000000004ad0000)]

Other Threads:
  0x0000000015375000 VMThread [stack: 0x0000000017050000,0x0000000017150000] [id=8420]
  0x0000000017322000 WatcherThread [stack: 0x0000000018040000,0x0000000018140000] [id=2584]

VM state:not at safepoint (normal execution)

VM Mutex/Monitor currently owned by a thread: None

Heap:
 PSYoungGen      total 18944K, used 11500K [0x00000000feb00000, 0x0000000100000000, 0x0000000100000000)
  eden space 16384K, 54% used [0x00000000feb00000,0x00000000ff3bca18,0x00000000ffb00000)
  from space 2560K, 99% used [0x00000000ffd80000,0x00000000ffffe7e0,0x0000000100000000)
  to   space 2560K, 0% used [0x00000000ffb00000,0x00000000ffb00000,0x00000000ffd80000)
 ParOldGen       total 44032K, used 5074K [0x00000000fc000000, 0x00000000feb00000, 0x00000000feb00000)
  object space 44032K, 11% used [0x00000000fc000000,0x00000000fc4f4a60,0x00000000feb00000)
 Metaspace       used 7628K, capacity 7876K, committed 7936K, reserved 1056768K
  class space    used 870K, capacity 970K, committed 1024K, reserved 1048576K

Card table byte_map: [0x0000000003190000,0x00000000031c0000] byte_map_base: 0x00000000029b0000

Marking Bits: (ParMarkBitMap*) 0x000000005cc34970
 Begin Bits: [0x0000000014790000, 0x0000000014890000)
 End Bits:   [0x0000000014890000, 0x0000000014990000)

Polling page: 0x0000000003140000

CodeCache: size=245760Kb used=3722Kb max_used=3722Kb free=242037Kb
 bounds [0x0000000004bd0000, 0x0000000004f80000, 0x0000000013bd0000]
 total_blobs=1326 nmethods=994 adapters=246
 compilation: enabled

Compilation events (10 events):
Event: 5.542 Thread 0x0000000017295000  992       3       sun.nio.ch.Util::isBufferTooLarge (15 bytes)
Event: 5.543 Thread 0x0000000017295000 nmethod 992 0x0000000004f74290 code [0x0000000004f743e0, 0x0000000004f74570]
Event: 5.543 Thread 0x0000000017295000  993       3       java.nio.channels.spi.AbstractInterruptibleChannel::blockedOn (13 bytes)
Event: 5.543 Thread 0x0000000017295000 nmethod 993 0x0000000004f73a10 code [0x0000000004f73ba0, 0x0000000004f74090]
Event: 5.543 Thread 0x0000000017295000  994       3       org.objectweb.asm.tree.AbstractInsnNode::acceptAnnotations (149 bytes)
Event: 5.544 Thread 0x0000000017295000 nmethod 994 0x0000000004f72850 code [0x0000000004f72a60, 0x0000000004f73618]
Event: 5.545 Thread 0x0000000017295000  995       3       org.objectweb.asm.MethodVisitor::visitTryCatchBlock (20 bytes)
Event: 5.545 Thread 0x0000000017295000 nmethod 995 0x0000000004f72390 code [0x0000000004f72500, 0x0000000004f72768]
Event: 5.549 Thread 0x0000000017279000  996       4       org.objectweb.asm.MethodWriter::visitFieldInsn (256 bytes)
Event: 5.550 Thread 0x000000001727c000  997       4       org.objectweb.asm.ClassWriter::newFieldItem (77 bytes)

GC Heap History (4 events):
Event: 3.969 GC heap before
{Heap before GC invocations=1 (full 0):
 PSYoungGen      total 18944K, used 16384K [0x00000000feb00000, 0x0000000100000000, 0x0000000100000000)
  eden space 16384K, 100% used [0x00000000feb00000,0x00000000ffb00000,0x00000000ffb00000)
  from space 2560K, 0% used [0x00000000ffd80000,0x00000000ffd80000,0x0000000100000000)
  to   space 2560K, 0% used [0x00000000ffb00000,0x00000000ffb00000,0x00000000ffd80000)
 ParOldGen       total 44032K, used 0K [0x00000000fc000000, 0x00000000feb00000, 0x00000000feb00000)
  object space 44032K, 0% used [0x00000000fc000000,0x00000000fc000000,0x00000000feb00000)
 Metaspace       used 6722K, capacity 6938K, committed 7040K, reserved 1056768K
  class space    used 791K, capacity 871K, committed 896K, reserved 1048576K
Event: 4.015 GC heap after
Heap after GC invocations=1 (full 0):
 PSYoungGen      total 18944K, used 2528K [0x00000000feb00000, 0x0000000100000000, 0x0000000100000000)
  eden space 16384K, 0% used [0x00000000feb00000,0x00000000feb00000,0x00000000ffb00000)
  from space 2560K, 98% used [0x00000000ffb00000,0x00000000ffd78030,0x00000000ffd80000)
  to   space 2560K, 0% used [0x00000000ffd80000,0x00000000ffd80000,0x0000000100000000)
 ParOldGen       total 44032K, used 1435K [0x00000000fc000000, 0x00000000feb00000, 0x00000000feb00000)
  object space 44032K, 3% used [0x00000000fc000000,0x00000000fc166d60,0x00000000feb00000)
 Metaspace       used 6722K, capacity 6938K, committed 7040K, reserved 1056768K
  class space    used 791K, capacity 871K, committed 896K, reserved 1048576K
}
Event: 4.919 GC heap before
{Heap before GC invocations=2 (full 0):
 PSYoungGen      total 18944K, used 18912K [0x00000000feb00000, 0x0000000100000000, 0x0000000100000000)
  eden space 16384K, 100% used [0x00000000feb00000,0x00000000ffb00000,0x00000000ffb00000)
  from space 2560K, 98% used [0x00000000ffb00000,0x00000000ffd78030,0x00000000ffd80000)
  to   space 2560K, 0% used [0x00000000ffd80000,0x00000000ffd80000,0x0000000100000000)
 ParOldGen       total 44032K, used 1435K [0x00000000fc000000, 0x00000000feb00000, 0x00000000feb00000)
  object space 44032K, 3% used [0x00000000fc000000,0x00000000fc166d60,0x00000000feb00000)
 Metaspace       used 7570K, capacity 7812K, committed 7936K, reserved 1056768K
  class space    used 869K, capacity 970K, committed 1024K, reserved 1048576K
Event: 4.964 GC heap after
Heap after GC invocations=2 (full 0):
 PSYoungGen      total 18944K, used 2553K [0x00000000feb00000, 0x0000000100000000, 0x0000000100000000)
  eden space 16384K, 0% used [0x00000000feb00000,0x00000000feb00000,0x00000000ffb00000)
  from space 2560K, 99% used [0x00000000ffd80000,0x00000000ffffe7e0,0x0000000100000000)
  to   space 2560K, 0% used [0x00000000ffb00000,0x00000000ffb00000,0x00000000ffd80000)
 ParOldGen       total 44032K, used 5074K [0x00000000fc000000, 0x00000000feb00000, 0x00000000feb00000)
  object space 44032K, 11% used [0x00000000fc000000,0x00000000fc4f4a60,0x00000000feb00000)
 Metaspace       used 7570K, capacity 7812K, committed 7936K, reserved 1056768K
  class space    used 869K, capacity 970K, committed 1024K, reserved 1048576K
}

Deoptimization events (10 events):
Event: 4.291 Thread 0x0000000004ad3800 Uncommon trap: reason=unloaded action=reinterpret pc=0x0000000004e1377c method=java.util.zip.ZipEntry.setExtra0([BZ)V @ 37
Event: 4.458 Thread 0x0000000004ad3800 Uncommon trap: reason=unstable_if action=reinterpret pc=0x0000000004daf378 method=java.lang.String.<init>([CII)V @ 18
Event: 4.888 Thread 0x0000000004ad3800 Uncommon trap: reason=unstable_if action=reinterpret pc=0x0000000004ee7f1c method=org.objectweb.asm.Item.isEqualTo(Lorg/objectweb/asm/Item;)Z @ 345
Event: 4.891 Thread 0x0000000004ad3800 Uncommon trap: reason=unstable_if action=reinterpret pc=0x0000000004eff390 method=org.objectweb.asm.MethodWriter.visitVarInsn(II)V @ 142
Event: 5.233 Thread 0x0000000004ad3800 Uncommon trap: reason=bimorphic action=maybe_recompile pc=0x0000000004f34bfc method=org.objectweb.asm.MethodVisitor.visitVarInsn(II)V @ 13
Event: 5.233 Thread 0x0000000004ad3800 Uncommon trap: reason=bimorphic action=maybe_recompile pc=0x0000000004f34bfc method=org.objectweb.asm.MethodVisitor.visitVarInsn(II)V @ 13
Event: 5.233 Thread 0x0000000004ad3800 Uncommon trap: reason=bimorphic action=maybe_recompile pc=0x0000000004f44690 method=org.objectweb.asm.MethodVisitor.visitLocalVariable(Ljava/lang/String;Ljava/lang/String;Ljava/lang/String;Lorg/objectweb/asm/Label;Lorg/objectweb/asm/Label;I)V @ 20
Event: 5.438 Thread 0x0000000004ad3800 Uncommon trap: reason=unstable_if action=reinterpret pc=0x0000000004f16c20 method=org.objectweb.asm.Type.getArgumentsAndReturnSizes(Ljava/lang/String;)I @ 130
Event: 5.438 Thread 0x0000000004ad3800 Uncommon trap: reason=unstable_if action=reinterpret pc=0x0000000004f34e04 method=org.objectweb.asm.MethodWriter.visitVarInsn(II)V @ 148
Event: 5.438 Thread 0x0000000004ad3800 Uncommon trap: reason=unstable_if action=reinterpret pc=0x0000000004f44a14 method=org.objectweb.asm.MethodWriter.visitLocalVariable(Ljava/lang/String;Ljava/lang/String;Ljava/lang/String;Lorg/objectweb/asm/Label;Lorg/objectweb/asm/Label;I)V @ 196

Classes redefined (0 events):
No events

Internal exceptions (10 events):
Event: 3.907 Thread 0x0000000004ad3800 Implicit null exception at 0x0000000004e1668d to 0x0000000004e17071
Event: 4.042 Thread 0x0000000004ad3800 Implicit null exception at 0x0000000004e1c28c to 0x0000000004e1cb89
Event: 4.042 Thread 0x0000000004ad3800 Implicit null exception at 0x0000000004e08278 to 0x0000000004e086e1
Event: 4.164 Thread 0x0000000004ad3800 Exception <a 'sun/nio/fs/WindowsException'> (0x00000000ff19d688) thrown at [D:\src\AOSP-openjdk-cygwin\jdk8u\hotspot\src\share\vm\prims\jni.cpp, line 709]
Event: 4.164 Thread 0x0000000004ad3800 Exception <a 'sun/nio/fs/WindowsException'> (0x00000000ff19dc48) thrown at [D:\src\AOSP-openjdk-cygwin\jdk8u\hotspot\src\share\vm\prims\jni.cpp, line 709]
Event: 4.164 Thread 0x0000000004ad3800 Exception <a 'sun/nio/fs/WindowsException'> (0x00000000ff19e218) thrown at [D:\src\AOSP-openjdk-cygwin\jdk8u\hotspot\src\share\vm\prims\jni.cpp, line 709]
Event: 4.164 Thread 0x0000000004ad3800 Exception <a 'sun/nio/fs/WindowsException'> (0x00000000ff19e9d8) thrown at [D:\src\AOSP-openjdk-cygwin\jdk8u\hotspot\src\share\vm\prims\jni.cpp, line 709]
Event: 4.208 Thread 0x0000000004ad3800 Exception <a 'sun/nio/fs/WindowsException'> (0x00000000ff1a3920) thrown at [D:\src\AOSP-openjdk-cygwin\jdk8u\hotspot\src\share\vm\prims\jni.cpp, line 709]
Event: 4.313 Thread 0x0000000004ad3800 Exception <a 'sun/nio/fs/WindowsException'> (0x00000000ff533fa8) thrown at [D:\src\AOSP-openjdk-cygwin\jdk8u\hotspot\src\share\vm\prims\jni.cpp, line 709]
Event: 4.315 Thread 0x0000000004ad3800 Exception <a 'sun/nio/fs/WindowsException'> (0x00000000ff534520) thrown at [D:\src\AOSP-openjdk-cygwin\jdk8u\hotspot\src\share\vm\prims\jni.cpp, line 709]

Events (10 events):
Event: 5.438 Thread 0x0000000004ad3800 DEOPT PACKING pc=0x0000000004f16c20 sp=0x0000000004ace800
Event: 5.438 Thread 0x0000000004ad3800 DEOPT UNPACKING pc=0x0000000004c1557b sp=0x0000000004ace790 mode 2
Event: 5.438 Thread 0x0000000004ad3800 Uncommon trap: trap_request=0xffffff65 fr.pc=0x0000000004f34e04
Event: 5.438 Thread 0x0000000004ad3800 DEOPT PACKING pc=0x0000000004f34e04 sp=0x0000000004ace890
Event: 5.438 Thread 0x0000000004ad3800 DEOPT UNPACKING pc=0x0000000004c1557b sp=0x0000000004ace770 mode 2
Event: 5.438 Thread 0x0000000004ad3800 Uncommon trap: trap_request=0xffffff65 fr.pc=0x0000000004f44a14
Event: 5.438 Thread 0x0000000004ad3800 DEOPT PACKING pc=0x0000000004f44a14 sp=0x0000000004ace870
Event: 5.438 Thread 0x0000000004ad3800 DEOPT UNPACKING pc=0x0000000004c1557b sp=0x0000000004ace700 mode 2
Event: 5.538 loading class org/objectweb/asm/tree/TryCatchBlockNode
Event: 5.538 loading class org/objectweb/asm/tree/TryCatchBlockNode done


Dynamic libraries:
0x00007ff7a0670000 - 0x00007ff7a06a1000 	C:\Program Files\Android\Android Studio\jre\bin\java.exe
0x00007ffe1a550000 - 0x00007ffe1a730000 	C:\WINDOWS\SYSTEM32\ntdll.dll
0x00007ffe17a60000 - 0x00007ffe17b0e000 	C:\WINDOWS\System32\KERNEL32.DLL
0x00007ffe16c70000 - 0x00007ffe16ed6000 	C:\WINDOWS\System32\KERNELBASE.dll
0x00007ffe1a3d0000 - 0x00007ffe1a471000 	C:\WINDOWS\System32\ADVAPI32.dll
0x00007ffe1a480000 - 0x00007ffe1a51d000 	C:\WINDOWS\System32\msvcrt.dll
0x00007ffe19d60000 - 0x00007ffe19dbb000 	C:\WINDOWS\System32\sechost.dll
0x00007ffe1a120000 - 0x00007ffe1a23f000 	C:\WINDOWS\System32\RPCRT4.dll
0x00007ffe17bf0000 - 0x00007ffe17d7f000 	C:\WINDOWS\System32\USER32.dll
0x00007ffe16a80000 - 0x00007ffe16aa0000 	C:\WINDOWS\System32\win32u.dll
0x00007ffe17b10000 - 0x00007ffe17b38000 	C:\WINDOWS\System32\GDI32.dll
0x00007ffe17880000 - 0x00007ffe17a13000 	C:\WINDOWS\System32\gdi32full.dll
0x00007ffe177e0000 - 0x00007ffe1787b000 	C:\WINDOWS\System32\msvcp_win.dll
0x00007ffe17630000 - 0x00007ffe17726000 	C:\WINDOWS\System32\ucrtbase.dll
0x00007ffe10e30000 - 0x00007ffe11099000 	C:\WINDOWS\WinSxS\amd64_microsoft.windows.common-controls_6595b64144ccf1df_6.0.16299.248_none_15ced204935f55d7\COMCTL32.dll
0x00007ffe19520000 - 0x00007ffe19828000 	C:\WINDOWS\System32\combase.dll
0x00007ffe16950000 - 0x00007ffe169c2000 	C:\WINDOWS\System32\bcryptPrimitives.dll
0x00007ffe17a30000 - 0x00007ffe17a5d000 	C:\WINDOWS\System32\IMM32.DLL
0x000000005c2b0000 - 0x000000005c382000 	C:\Program Files\Android\Android Studio\jre\jre\bin\msvcr100.dll
0x000000005c470000 - 0x000000005ccaf000 	C:\Program Files\Android\Android Studio\jre\jre\bin\server\jvm.dll
0x00007ffe193c0000 - 0x00007ffe193c8000 	C:\WINDOWS\System32\PSAPI.DLL
0x00007ffe0c050000 - 0x00007ffe0c059000 	C:\WINDOWS\SYSTEM32\WSOCK32.dll
0x00007ffe1a360000 - 0x00007ffe1a3cc000 	C:\WINDOWS\System32\WS2_32.dll
0x00007ffe11980000 - 0x00007ffe1198a000 	C:\WINDOWS\SYSTEM32\VERSION.dll
0x00007ffe12410000 - 0x00007ffe12433000 	C:\WINDOWS\SYSTEM32\WINMM.dll
0x00007ffe123b0000 - 0x00007ffe123da000 	C:\WINDOWS\SYSTEM32\WINMMBASE.dll
0x00007ffe16a30000 - 0x00007ffe16a7a000 	C:\WINDOWS\System32\cfgmgr32.dll
0x00007ffe0bdc0000 - 0x00007ffe0bdcf000 	C:\Program Files\Android\Android Studio\jre\jre\bin\verify.dll
0x00007ffe0acd0000 - 0x00007ffe0acf9000 	C:\Program Files\Android\Android Studio\jre\jre\bin\java.dll
0x00007ffe0bda0000 - 0x00007ffe0bdb6000 	C:\Program Files\Android\Android Studio\jre\jre\bin\zip.dll
0x00007ffe17de0000 - 0x00007ffe19216000 	C:\WINDOWS\System32\SHELL32.dll
0x00007ffe17b40000 - 0x00007ffe17be6000 	C:\WINDOWS\System32\shcore.dll
0x00007ffe16ee0000 - 0x00007ffe17627000 	C:\WINDOWS\System32\windows.storage.dll
0x00007ffe19f50000 - 0x00007ffe19fa1000 	C:\WINDOWS\System32\shlwapi.dll
0x00007ffe168f0000 - 0x00007ffe16901000 	C:\WINDOWS\System32\kernel.appcore.dll
0x00007ffe168a0000 - 0x00007ffe168ec000 	C:\WINDOWS\System32\powrprof.dll
0x00007ffe16910000 - 0x00007ffe1692b000 	C:\WINDOWS\System32\profapi.dll
0x00007ffe165d0000 - 0x00007ffe165e7000 	C:\WINDOWS\SYSTEM32\CRYPTSP.dll
0x00007ffe15990000 - 0x00007ffe159c3000 	C:\WINDOWS\system32\rsaenh.dll
0x00007ffe16360000 - 0x00007ffe16385000 	C:\WINDOWS\SYSTEM32\bcrypt.dll
0x00007ffe167d0000 - 0x00007ffe167f9000 	C:\WINDOWS\SYSTEM32\USERENV.dll
0x00007ffe15fa0000 - 0x00007ffe15fab000 	C:\WINDOWS\SYSTEM32\CRYPTBASE.dll
0x00007ffe0acb0000 - 0x00007ffe0acca000 	C:\Program Files\Android\Android Studio\jre\jre\bin\net.dll
0x00007ffe15d80000 - 0x00007ffe15de6000 	C:\WINDOWS\system32\mswsock.dll
0x00007ffe15b10000 - 0x00007ffe15b49000 	C:\WINDOWS\SYSTEM32\IPHLPAPI.DLL
0x00007ffe1a350000 - 0x00007ffe1a358000 	C:\WINDOWS\System32\NSI.dll
0x00007ffe0f160000 - 0x00007ffe0f176000 	C:\WINDOWS\SYSTEM32\dhcpcsvc6.DLL
0x00007ffe0f140000 - 0x00007ffe0f15a000 	C:\WINDOWS\SYSTEM32\dhcpcsvc.DLL
0x00007ffe0ac90000 - 0x00007ffe0aca1000 	C:\Program Files\Android\Android Studio\jre\jre\bin\nio.dll

VM Arguments:
jvm_args: -Djava.awt.headless=true -Xmx64M -Dfile.encoding=windows-1251 -Duser.country=UA -Duser.language=uk -Duser.variant 
java_command: com.google.devtools.build.android.desugar.Desugar --input D:\FanSerials\FanSerials\app\build\intermediates\transforms\stackFramesFixer\debug\1.jar --output D:\FanSerials\FanSerials\app\build\intermediates\transforms\desugar\debug\2.jar --input D:\FanSerials\FanSerials\app\build\intermediates\transforms\stackFramesFixer\debug\25.jar --output D:\FanSerials\FanSerials\app\build\intermediates\transforms\desugar\debug\26.jar --input D:\FanSerials\FanSerials\app\build\intermediates\transforms\stackFramesFixer\debug\17.jar --output D:\FanSerials\FanSerials\app\build\intermediates\transforms\desugar\debug\18.jar --input D:\FanSerials\FanSerials\app\build\intermediates\transforms\stackFramesFixer\debug\23.jar --output D:\FanSerials\FanSerials\app\build\intermediates\transforms\desugar\debug\24.jar --classpath_entry D:\FanSerials\FanSerials\app\build\intermediates\classes\debug --classpath_entry D:\FanSerials\FanSerials\app\build\intermediates\transforms\stackFramesFixer\debug\0.jar --classpath_entry D:\FanSerials\FanSerials\app\build\intermediates\transforms\stackFramesFixer\debug\1.jar --classpath_entry D:\FanSerials\FanSerials\app\build\intermediates\transforms\stackFramesFixer\debug\2.jar --classpath_entry D:\FanSerials\FanSerials\app\build\intermediates\transforms\stackFramesFixer\debug\3.jar --classpath_entry D:\FanSerials\FanSerials\app\build\intermediates\transforms\stackFramesFixer\debug\4.jar --classpath_entry D:\FanSerials\FanSerials\app\build\intermediates\transforms\stackFramesFixer\debug\5.jar --classpath_entry D:\FanSerials\FanSerials\app\build\intermediates\transforms\stackFramesFixer\debug\6.jar --classpath_entry D:\FanSerials\FanSerials\app\build\intermediates\transforms\stackFramesFixer\debug\7.jar --classpath_entry D:\FanSerials\FanSerials\app\build\intermediates\transforms\stackFramesFixer\debug\8.jar --classpath_entry D:\FanSerials\FanSerials\app\build\intermediates\transforms\stackFramesFixer\debug\9.jar --classpath_entry D:\FanSerials\F
java_class_path (initial): C:\Users\Ivan\AppData\Local\Temp\desugar_deploy.jar883269109973781300
Launcher Type: SUN_STANDARD

Environment Variables:
PATH=C:\ProgramData\Oracle\Java\javapath;C:\WINDOWS\system32;C:\WINDOWS;C:\WINDOWS\System32\Wbem;C:\WINDOWS\System32\WindowsPowerShell\v1.0\;C:\Program Files (x86)\NVIDIA Corporation\PhysX\Common;C:\Users\Ivan\AppData\Local\Microsoft\WindowsApps;
USERNAME=Ivan
OS=Windows_NT
PROCESSOR_IDENTIFIER=Intel64 Family 6 Model 60 Stepping 3, GenuineIntel



---------------  S Y S T E M  ---------------

OS: Windows 10.0 , 64 bit Build 16299 (10.0.16299.15)

CPU:total 8 (initial active 8) (4 cores per cpu, 2 threads per core) family 6 model 60 stepping 3, cmov, cx8, fxsr, mmx, sse, sse2, sse3, ssse3, sse4.1, sse4.2, popcnt, avx, avx2, aes, clmul, erms, lzcnt, ht, tsc, tscinvbit, bmi1, bmi2

Memory: 4k page, physical 8268984k(1108744k free), swap 10316984k(4112k free)

vm_info: OpenJDK 64-Bit Server VM (25.152-b02) for windows-amd64 JRE (1.8.0_152-release-1024-b02), built by "builder" with MS VC++ 10.0 (VS2010)

time: Fri Mar 30 21:32:33 2018
elapsed time: 5 seconds (0d 0h 0m 5s)

