#
# There is insufficient memory for the Java Runtime Environment to continue.
# Native memory allocation (malloc) failed to allocate 32744 bytes for ChunkPool::allocate
# Possible reasons:
#   The system is out of physical RAM or swap space
#   In 32 bit mode, the process size limit was hit
# Possible solutions:
#   Reduce memory load on the system
#   Increase physical memory or swap space
#   Check if swap backing store is full
#   Use 64 bit Java on a 64 bit OS
#   Decrease Java heap size (-Xmx/-Xms)
#   Decrease number of Java threads
#   Decrease Java thread stack sizes (-Xss)
#   Set larger code cache with -XX:ReservedCodeCacheSize=
# This output file may be truncated or incomplete.
#
#  Out of Memory Error (allocation.cpp:273), pid=8404, tid=0x0000000000002d1c
#
# JRE version: OpenJDK Runtime Environment (8.0_152-b01) (build 1.8.0_152-release-915-b01)
# Java VM: OpenJDK 64-Bit Server VM (25.152-b01 mixed mode windows-amd64 compressed oops)
# Failed to write core dump. Minidumps are not enabled by default on client versions of Windows
#

---------------  T H R E A D  ---------------

Current thread (0x0000000017433800):  JavaThread "C2 CompilerThread2" daemon [_thread_in_native, id=11548, stack(0x0000000017ef0000,0x0000000017ff0000)]

Stack: [0x0000000017ef0000,0x0000000017ff0000]
[error occurred during error reporting (printing stack bounds), id 0xc0000005]

Native frames: (J=compiled Java code, j=interpreted, Vv=VM code, C=native code)


Current CompileTask:
C2:   2564  979       4       org.objectweb.asm.ClassReader::a (500 bytes)


---------------  P R O C E S S  ---------------

Java Threads: ( => current thread )
  0x00000000174c0800 JavaThread "Service Thread" daemon [_thread_blocked, id=12652, stack(0x00000000180f0000,0x00000000181f0000)]
  0x000000001553d000 JavaThread "C1 CompilerThread3" daemon [_thread_blocked, id=4988, stack(0x0000000017ff0000,0x00000000180f0000)]
=>0x0000000017433800 JavaThread "C2 CompilerThread2" daemon [_thread_in_native, id=11548, stack(0x0000000017ef0000,0x0000000017ff0000)]
  0x0000000017431800 JavaThread "C2 CompilerThread1" daemon [_thread_in_native, id=11324, stack(0x0000000017df0000,0x0000000017ef0000)]
  0x000000001742c800 JavaThread "C2 CompilerThread0" daemon [_thread_blocked, id=8624, stack(0x0000000017cf0000,0x0000000017df0000)]
  0x000000001742b000 JavaThread "Attach Listener" daemon [_thread_blocked, id=1836, stack(0x0000000017bf0000,0x0000000017cf0000)]
  0x0000000017429800 JavaThread "Signal Dispatcher" daemon [_thread_blocked, id=12948, stack(0x0000000017af0000,0x0000000017bf0000)]
  0x0000000017420800 JavaThread "Finalizer" daemon [_thread_blocked, id=8256, stack(0x0000000017800000,0x0000000017900000)]
  0x0000000004d77000 JavaThread "Reference Handler" daemon [_thread_blocked, id=9660, stack(0x0000000017300000,0x0000000017400000)]
  0x0000000004b7e800 JavaThread "main" [_thread_in_native, id=2000, stack(0x0000000004b80000,0x0000000004c80000)]

Other Threads:
  0x0000000015525000 VMThread [stack: 0x0000000017200000,0x0000000017300000] [id=6120]
  0x00000000174c9800 WatcherThread [stack: 0x00000000181f0000,0x00000000182f0000] [id=4380]

VM state:not at safepoint (normal execution)

VM Mutex/Monitor currently owned by a thread: None

Heap:
 PSYoungGen      total 18944K, used 13655K [0x00000000feb00000, 0x0000000100000000, 0x0000000100000000)
  eden space 16384K, 67% used [0x00000000feb00000,0x00000000ff5d76f8,0x00000000ffb00000)
  from space 2560K, 99% used [0x00000000ffd80000,0x00000000ffffe800,0x0000000100000000)
  to   space 2560K, 0% used [0x00000000ffb00000,0x00000000ffb00000,0x00000000ffd80000)
 ParOldGen       total 44032K, used 4937K [0x00000000fc000000, 0x00000000feb00000, 0x00000000feb00000)
  object space 44032K, 11% used [0x00000000fc000000,0x00000000fc4d27f0,0x00000000feb00000)
 Metaspace       used 7534K, capacity 7704K, committed 7936K, reserved 1056768K
  class space    used 870K, capacity 956K, committed 1024K, reserved 1048576K

Card table byte_map: [0x00000000032b0000,0x00000000032e0000] byte_map_base: 0x0000000002ad0000

Marking Bits: (ParMarkBitMap*) 0x00000000704c3950
 Begin Bits: [0x0000000014940000, 0x0000000014a40000)
 End Bits:   [0x0000000014a40000, 0x0000000014b40000)

Polling page: 0x0000000003270000

CodeCache: size=245760Kb used=3760Kb max_used=3772Kb free=241999Kb
 bounds [0x0000000004d80000, 0x0000000005140000, 0x0000000013d80000]
 total_blobs=1308 nmethods=977 adapters=245
 compilation: enabled

Compilation events (10 events):
Event: 2.541 Thread 0x000000001742c800 nmethod 970 0x000000000511ec10 code [0x000000000511ed60, 0x000000000511eed8]
Event: 2.545 Thread 0x0000000017433800 nmethod 972 0x000000000511e390 code [0x000000000511e500, 0x000000000511e8d8]
Event: 2.550 Thread 0x000000001553d000  974       3       org.objectweb.asm.Type::a (269 bytes)
Event: 2.551 Thread 0x000000001553d000 nmethod 974 0x000000000511f990 code [0x000000000511fb80, 0x0000000005120470]
Event: 2.557 Thread 0x000000001742c800  975       4       com.google.devtools.build.android.desugar.InterfaceDesugaring$InterfaceInvocationRewriter::visitMethodInsn (279 bytes)
Event: 2.558 Thread 0x000000001553d000  977       1       org.objectweb.asm.tree.MethodNode::visitCode (1 bytes)
Event: 2.559 Thread 0x000000001553d000 nmethod 977 0x000000000511f350 code [0x000000000511f4a0, 0x000000000511f5b0]
Event: 2.559 Thread 0x000000001553d000  978       1       org.objectweb.asm.tree.MethodNode::visitMaxs (11 bytes)
Event: 2.559 Thread 0x000000001553d000 nmethod 978 0x000000000511efd0 code [0x000000000511f120, 0x000000000511f230]
Event: 2.559 Thread 0x0000000017433800  979       4       org.objectweb.asm.ClassReader::a (500 bytes)

GC Heap History (4 events):
Event: 1.590 GC heap before
{Heap before GC invocations=1 (full 0):
 PSYoungGen      total 18944K, used 16384K [0x00000000feb00000, 0x0000000100000000, 0x0000000100000000)
  eden space 16384K, 100% used [0x00000000feb00000,0x00000000ffb00000,0x00000000ffb00000)
  from space 2560K, 0% used [0x00000000ffd80000,0x00000000ffd80000,0x0000000100000000)
  to   space 2560K, 0% used [0x00000000ffb00000,0x00000000ffb00000,0x00000000ffd80000)
 ParOldGen       total 44032K, used 0K [0x00000000fc000000, 0x00000000feb00000, 0x00000000feb00000)
  object space 44032K, 0% used [0x00000000fc000000,0x00000000fc000000,0x00000000feb00000)
 Metaspace       used 6506K, capacity 6666K, committed 6784K, reserved 1056768K
  class space    used 769K, capacity 823K, committed 896K, reserved 1048576K
Event: 1.603 GC heap after
Heap after GC invocations=1 (full 0):
 PSYoungGen      total 18944K, used 2528K [0x00000000feb00000, 0x0000000100000000, 0x0000000100000000)
  eden space 16384K, 0% used [0x00000000feb00000,0x00000000feb00000,0x00000000ffb00000)
  from space 2560K, 98% used [0x00000000ffb00000,0x00000000ffd78030,0x00000000ffd80000)
  to   space 2560K, 0% used [0x00000000ffd80000,0x00000000ffd80000,0x0000000100000000)
 ParOldGen       total 44032K, used 1628K [0x00000000fc000000, 0x00000000feb00000, 0x00000000feb00000)
  object space 44032K, 3% used [0x00000000fc000000,0x00000000fc1973a8,0x00000000feb00000)
 Metaspace       used 6506K, capacity 6666K, committed 6784K, reserved 1056768K
  class space    used 769K, capacity 823K, committed 896K, reserved 1048576K
}
Event: 2.017 GC heap before
{Heap before GC invocations=2 (full 0):
 PSYoungGen      total 18944K, used 18912K [0x00000000feb00000, 0x0000000100000000, 0x0000000100000000)
  eden space 16384K, 100% used [0x00000000feb00000,0x00000000ffb00000,0x00000000ffb00000)
  from space 2560K, 98% used [0x00000000ffb00000,0x00000000ffd78030,0x00000000ffd80000)
  to   space 2560K, 0% used [0x00000000ffd80000,0x00000000ffd80000,0x0000000100000000)
 ParOldGen       total 44032K, used 1628K [0x00000000fc000000, 0x00000000feb00000, 0x00000000feb00000)
  object space 44032K, 3% used [0x00000000fc000000,0x00000000fc1973a8,0x00000000feb00000)
 Metaspace       used 7483K, capacity 7704K, committed 7936K, reserved 1056768K
  class space    used 869K, capacity 956K, committed 1024K, reserved 1048576K
Event: 2.034 GC heap after
Heap after GC invocations=2 (full 0):
 PSYoungGen      total 18944K, used 2554K [0x00000000feb00000, 0x0000000100000000, 0x0000000100000000)
  eden space 16384K, 0% used [0x00000000feb00000,0x00000000feb00000,0x00000000ffb00000)
  from space 2560K, 99% used [0x00000000ffd80000,0x00000000ffffe800,0x0000000100000000)
  to   space 2560K, 0% used [0x00000000ffb00000,0x00000000ffb00000,0x00000000ffd80000)
 ParOldGen       total 44032K, used 4937K [0x00000000fc000000, 0x00000000feb00000, 0x00000000feb00000)
  object space 44032K, 11% used [0x00000000fc000000,0x00000000fc4d27f0,0x00000000feb00000)
 Metaspace       used 7483K, capacity 7704K, committed 7936K, reserved 1056768K
  class space    used 869K, capacity 956K, committed 1024K, reserved 1048576K
}

Deoptimization events (10 events):
Event: 1.627 Thread 0x0000000004b7e800 Uncommon trap: reason=unstable_if action=reinterpret pc=0x0000000004fa141c method=java.util.zip.ZipCoder.decoder()Ljava/nio/charset/CharsetDecoder; @ 4
Event: 1.628 Thread 0x0000000004b7e800 Uncommon trap: reason=unstable_if action=reinterpret pc=0x0000000004f9426c method=java.util.zip.ZipCoder.decoder()Ljava/nio/charset/CharsetDecoder; @ 4
Event: 1.628 Thread 0x0000000004b7e800 Uncommon trap: reason=unstable_if action=reinterpret pc=0x0000000004f928fc method=java.util.zip.ZipCoder.decoder()Ljava/nio/charset/CharsetDecoder; @ 4
Event: 1.640 Thread 0x0000000004b7e800 Uncommon trap: reason=unstable_if action=reinterpret pc=0x0000000004fb0e08 method=java.util.HashMap$HashIterator.nextNode()Ljava/util/HashMap$Node; @ 74
Event: 1.684 Thread 0x0000000004b7e800 Uncommon trap: reason=unstable_if action=reinterpret pc=0x0000000004fae7c8 method=java.util.HashMap$HashIterator.nextNode()Ljava/util/HashMap$Node; @ 74
Event: 1.732 Thread 0x0000000004b7e800 Uncommon trap: reason=unloaded action=reinterpret pc=0x0000000004fa40bc method=java.util.zip.ZipEntry.setExtra0([BZ)V @ 37
Event: 1.879 Thread 0x0000000004b7e800 Uncommon trap: reason=unstable_if action=reinterpret pc=0x000000000501bcd8 method=java.lang.String.<init>([CII)V @ 18
Event: 1.970 Thread 0x0000000004b7e800 Uncommon trap: reason=unstable_if action=reinterpret pc=0x000000000505b6d8 method=org.objectweb.asm.Item.a(Lorg/objectweb/asm/Item;)Z @ 345
Event: 1.984 Thread 0x0000000004b7e800 Uncommon trap: reason=unstable_if action=reinterpret pc=0x000000000501edc8 method=java.lang.String.<init>([CII)V @ 18
Event: 2.554 Thread 0x0000000004b7e800 Uncommon trap: reason=null_check action=make_not_entrant pc=0x000000000511e85c method=com.google.devtools.build.android.desugar.InterfaceDesugaring$InterfaceInvocationRewriter.visitMethodInsn(ILjava/lang/String;Ljava/lang/String;Ljava/lang/String;Z)V @ 10

Classes redefined (0 events):
No events

Internal exceptions (10 events):
Event: 1.678 Thread 0x0000000004b7e800 Exception <a 'sun/nio/fs/WindowsException'> (0x00000000ff131f98) thrown at [D:\src\AOSP-openjdk-cygwin\jdk8u\hotspot\src\share\vm\prims\jni.cpp, line 709]
Event: 1.678 Thread 0x0000000004b7e800 Exception <a 'sun/nio/fs/WindowsException'> (0x00000000ff132748) thrown at [D:\src\AOSP-openjdk-cygwin\jdk8u\hotspot\src\share\vm\prims\jni.cpp, line 709]
Event: 1.693 Thread 0x0000000004b7e800 Exception <a 'sun/nio/fs/WindowsException'> (0x00000000ff137ac8) thrown at [D:\src\AOSP-openjdk-cygwin\jdk8u\hotspot\src\share\vm\prims\jni.cpp, line 709]
Event: 1.755 Thread 0x0000000004b7e800 Exception <a 'sun/nio/fs/WindowsException'> (0x00000000ff435350) thrown at [D:\src\AOSP-openjdk-cygwin\jdk8u\hotspot\src\share\vm\prims\jni.cpp, line 709]
Event: 1.755 Thread 0x0000000004b7e800 Exception <a 'sun/nio/fs/WindowsException'> (0x00000000ff4358c8) thrown at [D:\src\AOSP-openjdk-cygwin\jdk8u\hotspot\src\share\vm\prims\jni.cpp, line 709]
Event: 2.233 Thread 0x0000000004b7e800 Exception <a 'sun/nio/fs/WindowsException'> (0x00000000feec6770) thrown at [D:\src\AOSP-openjdk-cygwin\jdk8u\hotspot\src\share\vm\prims\jni.cpp, line 709]
Event: 2.233 Thread 0x0000000004b7e800 Exception <a 'sun/nio/fs/WindowsException'> (0x00000000feec6c68) thrown at [D:\src\AOSP-openjdk-cygwin\jdk8u\hotspot\src\share\vm\prims\jni.cpp, line 709]
Event: 2.492 Thread 0x0000000004b7e800 Exception <a 'sun/nio/fs/WindowsException'> (0x00000000ff41e348) thrown at [D:\src\AOSP-openjdk-cygwin\jdk8u\hotspot\src\share\vm\prims\jni.cpp, line 709]
Event: 2.492 Thread 0x0000000004b7e800 Exception <a 'sun/nio/fs/WindowsException'> (0x00000000ff41e840) thrown at [D:\src\AOSP-openjdk-cygwin\jdk8u\hotspot\src\share\vm\prims\jni.cpp, line 709]
Event: 2.554 Thread 0x0000000004b7e800 Implicit null exception at 0x000000000511e56a to 0x000000000511e839

Events (10 events):
Event: 1.984 Thread 0x0000000004b7e800 Uncommon trap: trap_request=0xffffff65 fr.pc=0x000000000501edc8
Event: 1.984 Thread 0x0000000004b7e800 DEOPT PACKING pc=0x000000000501edc8 sp=0x0000000004c7eaf0
Event: 1.984 Thread 0x0000000004b7e800 DEOPT UNPACKING pc=0x0000000004dc556a sp=0x0000000004c7e9b0 mode 2
Event: 2.017 Executing VM operation: ParallelGCFailedAllocation
Event: 2.034 Executing VM operation: ParallelGCFailedAllocation done
Event: 2.149 loading class java/util/Vector$Itr
Event: 2.168 loading class java/util/Vector$Itr done
Event: 2.554 Thread 0x0000000004b7e800 Uncommon trap: trap_request=0xfffffff4 fr.pc=0x000000000511e85c
Event: 2.554 Thread 0x0000000004b7e800 DEOPT PACKING pc=0x000000000511e85c sp=0x0000000004c7ecd0
Event: 2.554 Thread 0x0000000004b7e800 DEOPT UNPACKING pc=0x0000000004dc556a sp=0x0000000004c7ec50 mode 2


Dynamic libraries:
0x00007ff637c40000 - 0x00007ff637c71000 	C:\Program Files\Android\Android Studio\jre\bin\java.exe
0x00007ffbdc1c0000 - 0x00007ffbdc3a0000 	C:\WINDOWS\SYSTEM32\ntdll.dll
0x00007ffbdb980000 - 0x00007ffbdba2e000 	C:\WINDOWS\System32\KERNEL32.DLL
0x00007ffbd9070000 - 0x00007ffbd92d6000 	C:\WINDOWS\System32\KERNELBASE.dll
0x00007ffbdc0e0000 - 0x00007ffbdc181000 	C:\WINDOWS\System32\ADVAPI32.dll
0x00007ffbdae70000 - 0x00007ffbdaf0d000 	C:\WINDOWS\System32\msvcrt.dll
0x00007ffbdbe90000 - 0x00007ffbdbeeb000 	C:\WINDOWS\System32\sechost.dll
0x00007ffbdbfc0000 - 0x00007ffbdc0df000 	C:\WINDOWS\System32\RPCRT4.dll
0x00007ffbdace0000 - 0x00007ffbdae6f000 	C:\WINDOWS\System32\USER32.dll
0x00007ffbd85c0000 - 0x00007ffbd85e0000 	C:\WINDOWS\System32\win32u.dll
0x00007ffbdaaf0000 - 0x00007ffbdab18000 	C:\WINDOWS\System32\GDI32.dll
0x00007ffbd9340000 - 0x00007ffbd94d3000 	C:\WINDOWS\System32\gdi32full.dll
0x00007ffbd8f50000 - 0x00007ffbd8feb000 	C:\WINDOWS\System32\msvcp_win.dll
0x00007ffbd9590000 - 0x00007ffbd9686000 	C:\WINDOWS\System32\ucrtbase.dll
0x00007ffbd1130000 - 0x00007ffbd1399000 	C:\WINDOWS\WinSxS\amd64_microsoft.windows.common-controls_6595b64144ccf1df_6.0.16299.248_none_15ced204935f55d7\COMCTL32.dll
0x00007ffbdb4c0000 - 0x00007ffbdb7c8000 	C:\WINDOWS\System32\combase.dll
0x00007ffbd8ff0000 - 0x00007ffbd9062000 	C:\WINDOWS\System32\bcryptPrimitives.dll
0x00007ffbdb320000 - 0x00007ffbdb34d000 	C:\WINDOWS\System32\IMM32.DLL
0x000000006fb40000 - 0x000000006fc12000 	C:\Program Files\Android\Android Studio\jre\jre\bin\msvcr100.dll
0x000000006fd00000 - 0x000000007053e000 	C:\Program Files\Android\Android Studio\jre\jre\bin\server\jvm.dll
0x00007ffbdbe80000 - 0x00007ffbdbe88000 	C:\WINDOWS\System32\PSAPI.DLL
0x00007ffbd5f20000 - 0x00007ffbd5f43000 	C:\WINDOWS\SYSTEM32\WINMM.dll
0x00007ffbccf40000 - 0x00007ffbccf49000 	C:\WINDOWS\SYSTEM32\WSOCK32.dll
0x00007ffbdb2b0000 - 0x00007ffbdb31c000 	C:\WINDOWS\System32\WS2_32.dll
0x00007ffbd5ec0000 - 0x00007ffbd5eea000 	C:\WINDOWS\SYSTEM32\WINMMBASE.dll
0x00007ffbd87b0000 - 0x00007ffbd87fa000 	C:\WINDOWS\System32\cfgmgr32.dll
0x00007ffbd6880000 - 0x00007ffbd688a000 	C:\WINDOWS\SYSTEM32\VERSION.dll
0x00007ffbccf30000 - 0x00007ffbccf3f000 	C:\Program Files\Android\Android Studio\jre\jre\bin\verify.dll
0x00007ffbccee0000 - 0x00007ffbccf09000 	C:\Program Files\Android\Android Studio\jre\jre\bin\java.dll
0x00007ffbccec0000 - 0x00007ffbcced6000 	C:\Program Files\Android\Android Studio\jre\jre\bin\zip.dll
0x00007ffbd9690000 - 0x00007ffbdaac6000 	C:\WINDOWS\System32\SHELL32.dll
0x00007ffbdb7d0000 - 0x00007ffbdb876000 	C:\WINDOWS\System32\shcore.dll
0x00007ffbd8800000 - 0x00007ffbd8f47000 	C:\WINDOWS\System32\windows.storage.dll
0x00007ffbdaf10000 - 0x00007ffbdaf61000 	C:\WINDOWS\System32\shlwapi.dll
0x00007ffbd8550000 - 0x00007ffbd8561000 	C:\WINDOWS\System32\kernel.appcore.dll
0x00007ffbd8570000 - 0x00007ffbd85bc000 	C:\WINDOWS\System32\powrprof.dll
0x00007ffbd8510000 - 0x00007ffbd852b000 	C:\WINDOWS\System32\profapi.dll
0x00007ffbd81e0000 - 0x00007ffbd81f7000 	C:\WINDOWS\SYSTEM32\CRYPTSP.dll
0x00007ffbd7600000 - 0x00007ffbd7633000 	C:\WINDOWS\system32\rsaenh.dll
0x00007ffbd7f40000 - 0x00007ffbd7f65000 	C:\WINDOWS\SYSTEM32\bcrypt.dll
0x00007ffbd8440000 - 0x00007ffbd8469000 	C:\WINDOWS\SYSTEM32\USERENV.dll
0x00007ffbd7bb0000 - 0x00007ffbd7bbb000 	C:\WINDOWS\SYSTEM32\CRYPTBASE.dll
0x00007ffbccea0000 - 0x00007ffbcceba000 	C:\Program Files\Android\Android Studio\jre\jre\bin\net.dll
0x00007ffbd79f0000 - 0x00007ffbd7a56000 	C:\WINDOWS\system32\mswsock.dll
0x00007ffbd7780000 - 0x00007ffbd77b9000 	C:\WINDOWS\SYSTEM32\IPHLPAPI.DLL
0x00007ffbdaf70000 - 0x00007ffbdaf78000 	C:\WINDOWS\System32\NSI.dll
0x00007ffbd20a0000 - 0x00007ffbd20b6000 	C:\WINDOWS\SYSTEM32\dhcpcsvc6.DLL
0x00007ffbd2080000 - 0x00007ffbd209a000 	C:\WINDOWS\SYSTEM32\dhcpcsvc.DLL
0x00007ffbcce20000 - 0x00007ffbcce31000 	C:\Program Files\Android\Android Studio\jre\jre\bin\nio.dll

VM Arguments:
jvm_args: -Djava.awt.headless=true -Xmx64M -Dfile.encoding=windows-1251 -Duser.country=UA -Duser.language=uk -Duser.variant 
java_command: com.google.devtools.build.android.desugar.Desugar --input D:\FanSerials\FanSerials\app\build\intermediates\transforms\stackFramesFixer\debug\9.jar --output D:\FanSerials\FanSerials\app\build\intermediates\transforms\desugar\debug\10.jar --input D:\FanSerials\FanSerials\app\build\intermediates\transforms\stackFramesFixer\debug\20.jar --output D:\FanSerials\FanSerials\app\build\intermediates\transforms\desugar\debug\21.jar --input D:\FanSerials\FanSerials\app\build\intermediates\transforms\stackFramesFixer\debug\14.jar --output D:\FanSerials\FanSerials\app\build\intermediates\transforms\desugar\debug\15.jar --classpath_entry D:\FanSerials\FanSerials\app\build\intermediates\classes\debug --classpath_entry D:\FanSerials\FanSerials\app\build\intermediates\transforms\stackFramesFixer\debug\0.jar --classpath_entry D:\FanSerials\FanSerials\app\build\intermediates\transforms\stackFramesFixer\debug\1.jar --classpath_entry D:\FanSerials\FanSerials\app\build\intermediates\transforms\stackFramesFixer\debug\2.jar --classpath_entry D:\FanSerials\FanSerials\app\build\intermediates\transforms\stackFramesFixer\debug\3.jar --classpath_entry D:\FanSerials\FanSerials\app\build\intermediates\transforms\stackFramesFixer\debug\4.jar --classpath_entry D:\FanSerials\FanSerials\app\build\intermediates\transforms\stackFramesFixer\debug\5.jar --classpath_entry D:\FanSerials\FanSerials\app\build\intermediates\transforms\stackFramesFixer\debug\6.jar --classpath_entry D:\FanSerials\FanSerials\app\build\intermediates\transforms\stackFramesFixer\debug\7.jar --classpath_entry D:\FanSerials\FanSerials\app\build\intermediates\transforms\stackFramesFixer\debug\8.jar --classpath_entry D:\FanSerials\FanSerials\app\build\intermediates\transforms\stackFramesFixer\debug\9.jar --classpath_entry D:\FanSerials\FanSerials\app\build\intermediates\transforms\stackFramesFixer\debug\10.jar --classpath_entry D:\FanSerials\FanSerials\app\build\intermediates\transforms\stackFramesFixer\debug\11.jar --cl
java_class_path (initial): C:\Users\Ivan\AppData\Local\Temp\desugar_deploy.jar2028824752295189420
Launcher Type: SUN_STANDARD

Environment Variables:
PATH=C:\ProgramData\Oracle\Java\javapath;C:\WINDOWS\system32;C:\WINDOWS;C:\WINDOWS\System32\Wbem;C:\WINDOWS\System32\WindowsPowerShell\v1.0\;C:\Program Files (x86)\NVIDIA Corporation\PhysX\Common;C:\Users\Ivan\AppData\Local\Microsoft\WindowsApps;
USERNAME=Ivan
OS=Windows_NT
PROCESSOR_IDENTIFIER=Intel64 Family 6 Model 60 Stepping 3, GenuineIntel



---------------  S Y S T E M  ---------------

OS: Windows 10.0 , 64 bit Build 16299 (10.0.16299.15)

CPU:total 8 (initial active 8) (4 cores per cpu, 2 threads per core) family 6 model 60 stepping 3, cmov, cx8, fxsr, mmx, sse, sse2, sse3, ssse3, sse4.1, sse4.2, popcnt, avx, avx2, aes, clmul, erms, lzcnt, ht, tsc, tscinvbit, bmi1, bmi2

Memory: 4k page, physical 8268984k(867484k free), swap 10316984k(1232k free)

vm_info: OpenJDK 64-Bit Server VM (25.152-b01) for windows-amd64 JRE (1.8.0_152-release-915-b01), built by "builder" with MS VC++ 10.0 (VS2010)

time: Thu Mar 08 17:43:29 2018
elapsed time: 2 seconds (0d 0h 0m 2s)

