#
# There is insufficient memory for the Java Runtime Environment to continue.
# Native memory allocation (malloc) failed to allocate 262160 bytes for Chunk::new
# Possible reasons:
#   The system is out of physical RAM or swap space
#   In 32 bit mode, the process size limit was hit
# Possible solutions:
#   Reduce memory load on the system
#   Increase physical memory or swap space
#   Check if swap backing store is full
#   Use 64 bit Java on a 64 bit OS
#   Decrease Java heap size (-Xmx/-Xms)
#   Decrease number of Java threads
#   Decrease Java thread stack sizes (-Xss)
#   Set larger code cache with -XX:ReservedCodeCacheSize=
# This output file may be truncated or incomplete.
#
#  Out of Memory Error (allocation.cpp:390), pid=12940, tid=0x00000000000027c8
#
# JRE version: OpenJDK Runtime Environment (8.0_152-b02) (build 1.8.0_152-release-1024-b02)
# Java VM: OpenJDK 64-Bit Server VM (25.152-b02 mixed mode windows-amd64 compressed oops)
# Failed to write core dump. Minidumps are not enabled by default on client versions of Windows
#

---------------  T H R E A D  ---------------

Current thread (0x0000000016e68800):  JavaThread "C2 CompilerThread2" daemon [_thread_in_native, id=10184, stack(0x0000000017920000,0x0000000017a20000)]

Stack: [0x0000000017920000,0x0000000017a20000]
[error occurred during error reporting (printing stack bounds), id 0xc0000005]

Native frames: (J=compiled Java code, j=interpreted, Vv=VM code, C=native code)


Current CompileTask:
C2:   1661  870 %     4       org.objectweb.asm.ClassReader::readCode @ 1446 (3575 bytes)


---------------  P R O C E S S  ---------------

Java Threads: ( => current thread )
  0x0000000016efe800 JavaThread "Service Thread" daemon [_thread_blocked, id=8368, stack(0x0000000017b20000,0x0000000017c20000)]
  0x0000000016e6a800 JavaThread "C1 CompilerThread3" daemon [_thread_in_native, id=1936, stack(0x0000000017a20000,0x0000000017b20000)]
=>0x0000000016e68800 JavaThread "C2 CompilerThread2" daemon [_thread_in_native, id=10184, stack(0x0000000017920000,0x0000000017a20000)]
  0x0000000016e64000 JavaThread "C2 CompilerThread1" daemon [_thread_blocked, id=4384, stack(0x0000000017820000,0x0000000017920000)]
  0x0000000016e5e000 JavaThread "C2 CompilerThread0" daemon [_thread_blocked, id=13072, stack(0x0000000017720000,0x0000000017820000)]
  0x0000000016e5c800 JavaThread "Attach Listener" daemon [_thread_blocked, id=14120, stack(0x0000000017620000,0x0000000017720000)]
  0x0000000016e5b800 JavaThread "Signal Dispatcher" daemon [_thread_blocked, id=12884, stack(0x0000000017520000,0x0000000017620000)]
  0x0000000016e50800 JavaThread "Finalizer" daemon [_thread_blocked, id=1220, stack(0x0000000017230000,0x0000000017330000)]
  0x0000000004787000 JavaThread "Reference Handler" daemon [_thread_blocked, id=13764, stack(0x0000000016d30000,0x0000000016e30000)]
  0x0000000004693800 JavaThread "main" [_thread_in_native, id=9664, stack(0x0000000004590000,0x0000000004690000)]

Other Threads:
  0x0000000014f35800 VMThread [stack: 0x0000000016c30000,0x0000000016d30000] [id=13960]
  0x0000000016eff000 WatcherThread [stack: 0x0000000017c20000,0x0000000017d20000] [id=9108]

VM state:not at safepoint (normal execution)

VM Mutex/Monitor currently owned by a thread: None

Heap:
 PSYoungGen      total 18944K, used 18912K [0x00000000feb00000, 0x0000000100000000, 0x0000000100000000)
  eden space 16384K, 100% used [0x00000000feb00000,0x00000000ffb00000,0x00000000ffb00000)
  from space 2560K, 98% used [0x00000000ffb00000,0x00000000ffd78010,0x00000000ffd80000)
  to   space 2560K, 0% used [0x00000000ffd80000,0x00000000ffd80000,0x0000000100000000)
 ParOldGen       total 44032K, used 1451K [0x00000000fc000000, 0x00000000feb00000, 0x00000000feb00000)
  object space 44032K, 3% used [0x00000000fc000000,0x00000000fc16adf8,0x00000000feb00000)
 Metaspace       used 7576K, capacity 7812K, committed 7936K, reserved 1056768K
  class space    used 871K, capacity 970K, committed 1024K, reserved 1048576K

Card table byte_map: [0x00000000044b0000,0x00000000044e0000] byte_map_base: 0x0000000003cd0000

Marking Bits: (ParMarkBitMap*) 0x000000005cc34970
 Begin Bits: [0x0000000014350000, 0x0000000014450000)
 End Bits:   [0x0000000014450000, 0x0000000014550000)

Polling page: 0x00000000005f0000

CodeCache: size=245760Kb used=3338Kb max_used=3338Kb free=242421Kb
 bounds [0x0000000004790000, 0x0000000004ae0000, 0x0000000013790000]
 total_blobs=1199 nmethods=867 adapters=246
 compilation: enabled

Compilation events (10 events):
Event: 1.652 Thread 0x0000000016e6a800  859       3       java.util.zip.ZipOutputStream::ensureOpen (18 bytes)
Event: 1.652 Thread 0x0000000016e6a800 nmethod 859 0x0000000004ab2bd0 code [0x0000000004ab2d40, 0x0000000004ab2f88]
Event: 1.653 Thread 0x0000000016e6a800  860       3       org.objectweb.asm.MethodVisitor::visitAnnotation (19 bytes)
Event: 1.653 Thread 0x0000000016e6a800 nmethod 860 0x0000000004aa86d0 code [0x0000000004aa8840, 0x0000000004aa8aa8]
Event: 1.653 Thread 0x0000000016e6a800  861       3       org.objectweb.asm.ClassReader::accept (1273 bytes)
Event: 1.653 Thread 0x0000000016e64000  864       4       org.objectweb.asm.Type::getArgumentsAndReturnSizes (151 bytes)
Event: 1.654 Thread 0x0000000016e68800  868       4       org.objectweb.asm.ByteVector::put12 (64 bytes)
Event: 1.655 Thread 0x0000000016e68800 nmethod 868 0x0000000004aa8290 code [0x0000000004aa83e0, 0x0000000004aa8588]
Event: 1.658 Thread 0x0000000016e5e000 nmethod 856 0x0000000004abb3d0 code [0x0000000004abb5c0, 0x0000000004abbd40]
Event: 1.658 Thread 0x0000000016e68800  870 %     4       org.objectweb.asm.ClassReader::readCode @ 1446 (3575 bytes)

GC Heap History (2 events):
Event: 0.992 GC heap before
{Heap before GC invocations=1 (full 0):
 PSYoungGen      total 18944K, used 16384K [0x00000000feb00000, 0x0000000100000000, 0x0000000100000000)
  eden space 16384K, 100% used [0x00000000feb00000,0x00000000ffb00000,0x00000000ffb00000)
  from space 2560K, 0% used [0x00000000ffd80000,0x00000000ffd80000,0x0000000100000000)
  to   space 2560K, 0% used [0x00000000ffb00000,0x00000000ffb00000,0x00000000ffd80000)
 ParOldGen       total 44032K, used 0K [0x00000000fc000000, 0x00000000feb00000, 0x00000000feb00000)
  object space 44032K, 0% used [0x00000000fc000000,0x00000000fc000000,0x00000000feb00000)
 Metaspace       used 6700K, capacity 6874K, committed 7040K, reserved 1056768K
  class space    used 792K, capacity 871K, committed 896K, reserved 1048576K
Event: 0.997 GC heap after
Heap after GC invocations=1 (full 0):
 PSYoungGen      total 18944K, used 2528K [0x00000000feb00000, 0x0000000100000000, 0x0000000100000000)
  eden space 16384K, 0% used [0x00000000feb00000,0x00000000feb00000,0x00000000ffb00000)
  from space 2560K, 98% used [0x00000000ffb00000,0x00000000ffd78010,0x00000000ffd80000)
  to   space 2560K, 0% used [0x00000000ffd80000,0x00000000ffd80000,0x0000000100000000)
 ParOldGen       total 44032K, used 1451K [0x00000000fc000000, 0x00000000feb00000, 0x00000000feb00000)
  object space 44032K, 3% used [0x00000000fc000000,0x00000000fc16adf8,0x00000000feb00000)
 Metaspace       used 6700K, capacity 6874K, committed 7040K, reserved 1056768K
  class space    used 792K, capacity 871K, committed 896K, reserved 1048576K
}

Deoptimization events (10 events):
Event: 0.951 Thread 0x0000000004693800 Uncommon trap: reason=unstable_if action=reinterpret pc=0x00000000049bfeec method=java.util.zip.ZipCoder.decoder()Ljava/nio/charset/CharsetDecoder; @ 4
Event: 0.951 Thread 0x0000000004693800 Uncommon trap: reason=unstable_if action=reinterpret pc=0x00000000049ba798 method=java.util.zip.ZipEntry.setExtra0([BZ)V @ 1
Event: 0.965 Thread 0x0000000004693800 Uncommon trap: reason=unstable_if action=reinterpret pc=0x00000000049b9808 method=java.util.zip.ZipFile$ZipEntryIterator.hasNext()Z @ 25
Event: 0.965 Thread 0x0000000004693800 Uncommon trap: reason=unstable_if action=reinterpret pc=0x00000000049c9c78 method=java.util.zip.ZipCoder.decoder()Ljava/nio/charset/CharsetDecoder; @ 4
Event: 0.967 Thread 0x0000000004693800 Uncommon trap: reason=unstable_if action=reinterpret pc=0x00000000049c7508 method=java.util.zip.ZipCoder.decoder()Ljava/nio/charset/CharsetDecoder; @ 4
Event: 1.243 Thread 0x0000000004693800 Uncommon trap: reason=unloaded action=reinterpret pc=0x00000000049bb0fc method=java.util.zip.ZipEntry.setExtra0([BZ)V @ 37
Event: 1.420 Thread 0x0000000004693800 Uncommon trap: reason=unstable_if action=reinterpret pc=0x00000000049ccf60 method=java.util.HashMap.putVal(ILjava/lang/Object;Ljava/lang/Object;ZZ)Ljava/lang/Object; @ 181
Event: 1.424 Thread 0x0000000004693800 Uncommon trap: reason=unstable_if action=reinterpret pc=0x00000000049c5efc method=java.util.HashMap.putVal(ILjava/lang/Object;Ljava/lang/Object;ZZ)Ljava/lang/Object; @ 181
Event: 1.424 Thread 0x0000000004693800 Uncommon trap: reason=unstable_if action=reinterpret pc=0x0000000004962cb8 method=java.lang.String.<init>([CII)V @ 18
Event: 1.653 Thread 0x0000000004693800 Uncommon trap: reason=unstable_if action=reinterpret pc=0x0000000004aaa1a4 method=org.objectweb.asm.MethodWriter.visitVarInsn(II)V @ 130

Classes redefined (0 events):
No events

Internal exceptions (10 events):
Event: 0.966 Thread 0x0000000004693800 Implicit null exception at 0x00000000049c6bcc to 0x00000000049c74c9
Event: 1.072 Thread 0x0000000004693800 Exception <a 'sun/nio/fs/WindowsException'> (0x00000000ff1a4cd8) thrown at [D:\src\AOSP-openjdk-cygwin\jdk8u\hotspot\src\share\vm\prims\jni.cpp, line 709]
Event: 1.072 Thread 0x0000000004693800 Exception <a 'sun/nio/fs/WindowsException'> (0x00000000ff1a5298) thrown at [D:\src\AOSP-openjdk-cygwin\jdk8u\hotspot\src\share\vm\prims\jni.cpp, line 709]
Event: 1.072 Thread 0x0000000004693800 Exception <a 'sun/nio/fs/WindowsException'> (0x00000000ff1a5868) thrown at [D:\src\AOSP-openjdk-cygwin\jdk8u\hotspot\src\share\vm\prims\jni.cpp, line 709]
Event: 1.072 Thread 0x0000000004693800 Exception <a 'sun/nio/fs/WindowsException'> (0x00000000ff1a6028) thrown at [D:\src\AOSP-openjdk-cygwin\jdk8u\hotspot\src\share\vm\prims\jni.cpp, line 709]
Event: 1.104 Thread 0x0000000004693800 Exception <a 'sun/nio/fs/WindowsException'> (0x00000000ff1aaf70) thrown at [D:\src\AOSP-openjdk-cygwin\jdk8u\hotspot\src\share\vm\prims\jni.cpp, line 709]
Event: 1.289 Thread 0x0000000004693800 Exception <a 'sun/nio/fs/WindowsException'> (0x00000000ff53b480) thrown at [D:\src\AOSP-openjdk-cygwin\jdk8u\hotspot\src\share\vm\prims\jni.cpp, line 709]
Event: 1.289 Thread 0x0000000004693800 Exception <a 'sun/nio/fs/WindowsException'> (0x00000000ff53b9f8) thrown at [D:\src\AOSP-openjdk-cygwin\jdk8u\hotspot\src\share\vm\prims\jni.cpp, line 709]
Event: 1.643 Thread 0x0000000004693800 Exception <a 'sun/nio/fs/WindowsException'> (0x00000000ff92b7f0) thrown at [D:\src\AOSP-openjdk-cygwin\jdk8u\hotspot\src\share\vm\prims\jni.cpp, line 709]
Event: 1.643 Thread 0x0000000004693800 Exception <a 'sun/nio/fs/WindowsException'> (0x00000000ff92bce8) thrown at [D:\src\AOSP-openjdk-cygwin\jdk8u\hotspot\src\share\vm\prims\jni.cpp, line 709]

Events (10 events):
Event: 1.424 Thread 0x0000000004693800 Uncommon trap: trap_request=0xffffff65 fr.pc=0x0000000004962cb8
Event: 1.425 Thread 0x0000000004693800 DEOPT PACKING pc=0x0000000004962cb8 sp=0x000000000468ed00
Event: 1.425 Thread 0x0000000004693800 DEOPT UNPACKING pc=0x00000000047d557b sp=0x000000000468ecc8 mode 2
Event: 1.477 loading class org/objectweb/asm/Opcodes
Event: 1.477 loading class org/objectweb/asm/Opcodes done
Event: 1.552 loading class java/util/Vector$Itr
Event: 1.552 loading class java/util/Vector$Itr done
Event: 1.653 Thread 0x0000000004693800 Uncommon trap: trap_request=0xffffff65 fr.pc=0x0000000004aaa1a4
Event: 1.653 Thread 0x0000000004693800 DEOPT PACKING pc=0x0000000004aaa1a4 sp=0x000000000468e990
Event: 1.653 Thread 0x0000000004693800 DEOPT UNPACKING pc=0x00000000047d557b sp=0x000000000468e870 mode 2


Dynamic libraries:
0x00007ff7a0670000 - 0x00007ff7a06a1000 	C:\Program Files\Android\Android Studio\jre\bin\java.exe
0x00007ffe1a550000 - 0x00007ffe1a730000 	C:\WINDOWS\SYSTEM32\ntdll.dll
0x00007ffe17a60000 - 0x00007ffe17b0e000 	C:\WINDOWS\System32\KERNEL32.DLL
0x00007ffe16c70000 - 0x00007ffe16ed6000 	C:\WINDOWS\System32\KERNELBASE.dll
0x00007ffe1a3d0000 - 0x00007ffe1a471000 	C:\WINDOWS\System32\ADVAPI32.dll
0x00007ffe1a480000 - 0x00007ffe1a51d000 	C:\WINDOWS\System32\msvcrt.dll
0x00007ffe19d60000 - 0x00007ffe19dbb000 	C:\WINDOWS\System32\sechost.dll
0x00007ffe1a120000 - 0x00007ffe1a23f000 	C:\WINDOWS\System32\RPCRT4.dll
0x00007ffe17bf0000 - 0x00007ffe17d7f000 	C:\WINDOWS\System32\USER32.dll
0x00007ffe16a80000 - 0x00007ffe16aa0000 	C:\WINDOWS\System32\win32u.dll
0x00007ffe17b10000 - 0x00007ffe17b38000 	C:\WINDOWS\System32\GDI32.dll
0x00007ffe17880000 - 0x00007ffe17a13000 	C:\WINDOWS\System32\gdi32full.dll
0x00007ffe177e0000 - 0x00007ffe1787b000 	C:\WINDOWS\System32\msvcp_win.dll
0x00007ffe17630000 - 0x00007ffe17726000 	C:\WINDOWS\System32\ucrtbase.dll
0x00007ffe10e30000 - 0x00007ffe11099000 	C:\WINDOWS\WinSxS\amd64_microsoft.windows.common-controls_6595b64144ccf1df_6.0.16299.248_none_15ced204935f55d7\COMCTL32.dll
0x00007ffe19520000 - 0x00007ffe19828000 	C:\WINDOWS\System32\combase.dll
0x00007ffe16950000 - 0x00007ffe169c2000 	C:\WINDOWS\System32\bcryptPrimitives.dll
0x00007ffe17a30000 - 0x00007ffe17a5d000 	C:\WINDOWS\System32\IMM32.DLL
0x000000005c2b0000 - 0x000000005c382000 	C:\Program Files\Android\Android Studio\jre\jre\bin\msvcr100.dll
0x000000005c470000 - 0x000000005ccaf000 	C:\Program Files\Android\Android Studio\jre\jre\bin\server\jvm.dll
0x00007ffe193c0000 - 0x00007ffe193c8000 	C:\WINDOWS\System32\PSAPI.DLL
0x00007ffe0c050000 - 0x00007ffe0c059000 	C:\WINDOWS\SYSTEM32\WSOCK32.dll
0x00007ffe12410000 - 0x00007ffe12433000 	C:\WINDOWS\SYSTEM32\WINMM.dll
0x00007ffe1a360000 - 0x00007ffe1a3cc000 	C:\WINDOWS\System32\WS2_32.dll
0x00007ffe11980000 - 0x00007ffe1198a000 	C:\WINDOWS\SYSTEM32\VERSION.dll
0x00007ffe123b0000 - 0x00007ffe123da000 	C:\WINDOWS\SYSTEM32\WINMMBASE.dll
0x00007ffe16a30000 - 0x00007ffe16a7a000 	C:\WINDOWS\System32\cfgmgr32.dll
0x00007ffe0bdc0000 - 0x00007ffe0bdcf000 	C:\Program Files\Android\Android Studio\jre\jre\bin\verify.dll
0x00007ffe0acd0000 - 0x00007ffe0acf9000 	C:\Program Files\Android\Android Studio\jre\jre\bin\java.dll
0x00007ffe0bda0000 - 0x00007ffe0bdb6000 	C:\Program Files\Android\Android Studio\jre\jre\bin\zip.dll
0x00007ffe17de0000 - 0x00007ffe19216000 	C:\WINDOWS\System32\SHELL32.dll
0x00007ffe17b40000 - 0x00007ffe17be6000 	C:\WINDOWS\System32\shcore.dll
0x00007ffe16ee0000 - 0x00007ffe17627000 	C:\WINDOWS\System32\windows.storage.dll
0x00007ffe19f50000 - 0x00007ffe19fa1000 	C:\WINDOWS\System32\shlwapi.dll
0x00007ffe168f0000 - 0x00007ffe16901000 	C:\WINDOWS\System32\kernel.appcore.dll
0x00007ffe168a0000 - 0x00007ffe168ec000 	C:\WINDOWS\System32\powrprof.dll
0x00007ffe16910000 - 0x00007ffe1692b000 	C:\WINDOWS\System32\profapi.dll
0x00007ffe165d0000 - 0x00007ffe165e7000 	C:\WINDOWS\SYSTEM32\CRYPTSP.dll
0x00007ffe15990000 - 0x00007ffe159c3000 	C:\WINDOWS\system32\rsaenh.dll
0x00007ffe16360000 - 0x00007ffe16385000 	C:\WINDOWS\SYSTEM32\bcrypt.dll
0x00007ffe167d0000 - 0x00007ffe167f9000 	C:\WINDOWS\SYSTEM32\USERENV.dll
0x00007ffe15fa0000 - 0x00007ffe15fab000 	C:\WINDOWS\SYSTEM32\CRYPTBASE.dll
0x00007ffe0acb0000 - 0x00007ffe0acca000 	C:\Program Files\Android\Android Studio\jre\jre\bin\net.dll
0x00007ffe15d80000 - 0x00007ffe15de6000 	C:\WINDOWS\system32\mswsock.dll
0x00007ffe15b10000 - 0x00007ffe15b49000 	C:\WINDOWS\SYSTEM32\IPHLPAPI.DLL
0x00007ffe1a350000 - 0x00007ffe1a358000 	C:\WINDOWS\System32\NSI.dll
0x00007ffe0f160000 - 0x00007ffe0f176000 	C:\WINDOWS\SYSTEM32\dhcpcsvc6.DLL
0x00007ffe0f140000 - 0x00007ffe0f15a000 	C:\WINDOWS\SYSTEM32\dhcpcsvc.DLL
0x00007ffe0ac90000 - 0x00007ffe0aca1000 	C:\Program Files\Android\Android Studio\jre\jre\bin\nio.dll

VM Arguments:
jvm_args: -Djava.awt.headless=true -Xmx64M -Dfile.encoding=windows-1251 -Duser.country=UA -Duser.language=uk -Duser.variant 
java_command: com.google.devtools.build.android.desugar.Desugar --input D:\FanSerials\FanSerials\app\build\intermediates\transforms\stackFramesFixer\debug\7.jar --output D:\FanSerials\FanSerials\app\build\intermediates\transforms\desugar\debug\8.jar --input D:\FanSerials\FanSerials\app\build\intermediates\transforms\stackFramesFixer\debug\9.jar --output D:\FanSerials\FanSerials\app\build\intermediates\transforms\desugar\debug\10.jar --input D:\FanSerials\FanSerials\app\build\intermediates\classes\debug --output D:\FanSerials\FanSerials\app\build\intermediates\transforms\desugar\debug\0 --input D:\FanSerials\FanSerials\app\build\intermediates\transforms\stackFramesFixer\debug\4.jar --output D:\FanSerials\FanSerials\app\build\intermediates\transforms\desugar\debug\5.jar --input D:\FanSerials\FanSerials\app\build\intermediates\transforms\stackFramesFixer\debug\3.jar --output D:\FanSerials\FanSerials\app\build\intermediates\transforms\desugar\debug\4.jar --classpath_entry D:\FanSerials\FanSerials\app\build\intermediates\classes\debug --classpath_entry D:\FanSerials\FanSerials\app\build\intermediates\transforms\stackFramesFixer\debug\0.jar --classpath_entry D:\FanSerials\FanSerials\app\build\intermediates\transforms\stackFramesFixer\debug\1.jar --classpath_entry D:\FanSerials\FanSerials\app\build\intermediates\transforms\stackFramesFixer\debug\2.jar --classpath_entry D:\FanSerials\FanSerials\app\build\intermediates\transforms\stackFramesFixer\debug\3.jar --classpath_entry D:\FanSerials\FanSerials\app\build\intermediates\transforms\stackFramesFixer\debug\4.jar --classpath_entry D:\FanSerials\FanSerials\app\build\intermediates\transforms\stackFramesFixer\debug\5.jar --classpath_entry D:\FanSerials\FanSerials\app\build\intermediates\transforms\stackFramesFixer\debug\6.jar --classpath_entry D:\FanSerials\FanSerials\app\build\intermediates\transforms\stackFramesFixer\debug\7.jar --classpath_entry D:\FanSerials\FanSerials\app\build\intermediates\transforms\stackFramesFixer\d
java_class_path (initial): C:\Users\Ivan\AppData\Local\Temp\desugar_deploy.jar6415303434585913132
Launcher Type: SUN_STANDARD

Environment Variables:
PATH=C:\ProgramData\Oracle\Java\javapath;C:\WINDOWS\system32;C:\WINDOWS;C:\WINDOWS\System32\Wbem;C:\WINDOWS\System32\WindowsPowerShell\v1.0\;C:\Program Files (x86)\NVIDIA Corporation\PhysX\Common;C:\Users\Ivan\AppData\Local\Microsoft\WindowsApps;
USERNAME=Ivan
OS=Windows_NT
PROCESSOR_IDENTIFIER=Intel64 Family 6 Model 60 Stepping 3, GenuineIntel



---------------  S Y S T E M  ---------------

OS: Windows 10.0 , 64 bit Build 16299 (10.0.16299.15)

CPU:total 8 (initial active 8) (4 cores per cpu, 2 threads per core) family 6 model 60 stepping 3, cmov, cx8, fxsr, mmx, sse, sse2, sse3, ssse3, sse4.1, sse4.2, popcnt, avx, avx2, aes, clmul, erms, lzcnt, ht, tsc, tscinvbit, bmi1, bmi2

Memory: 4k page, physical 8268984k(997552k free), swap 10316984k(32k free)

vm_info: OpenJDK 64-Bit Server VM (25.152-b02) for windows-amd64 JRE (1.8.0_152-release-1024-b02), built by "builder" with MS VC++ 10.0 (VS2010)

time: Fri Mar 30 21:40:49 2018
elapsed time: 1 seconds (0d 0h 0m 1s)

