#
# There is insufficient memory for the Java Runtime Environment to continue.
# Native memory allocation (malloc) failed to allocate 83376 bytes for Chunk::new
# Possible reasons:
#   The system is out of physical RAM or swap space
#   In 32 bit mode, the process size limit was hit
# Possible solutions:
#   Reduce memory load on the system
#   Increase physical memory or swap space
#   Check if swap backing store is full
#   Use 64 bit Java on a 64 bit OS
#   Decrease Java heap size (-Xmx/-Xms)
#   Decrease number of Java threads
#   Decrease Java thread stack sizes (-Xss)
#   Set larger code cache with -XX:ReservedCodeCacheSize=
# This output file may be truncated or incomplete.
#
#  Out of Memory Error (allocation.cpp:390), pid=10660, tid=0x0000000000002d08
#
# JRE version: OpenJDK Runtime Environment (8.0_152-b02) (build 1.8.0_152-release-1024-b02)
# Java VM: OpenJDK 64-Bit Server VM (25.152-b02 mixed mode windows-amd64 compressed oops)
# Failed to write core dump. Minidumps are not enabled by default on client versions of Windows
#

---------------  T H R E A D  ---------------

Current thread (0x0000000017962800):  JavaThread "C2 CompilerThread1" daemon [_thread_in_native, id=11528, stack(0x0000000018320000,0x0000000018420000)]

Stack: [0x0000000018320000,0x0000000018420000]
[error occurred during error reporting (printing stack bounds), id 0xc0000005]

Native frames: (J=compiled Java code, j=interpreted, Vv=VM code, C=native code)


Current CompileTask:
C2:   1647  770       4       org.objectweb.asm.ClassReader::readUTF8 (60 bytes)


---------------  P R O C E S S  ---------------

Java Threads: ( => current thread )
  0x00000000179ef800 JavaThread "Service Thread" daemon [_thread_blocked, id=10792, stack(0x0000000018620000,0x0000000018720000)]
  0x00000000179a3800 JavaThread "C1 CompilerThread3" daemon [_thread_in_native, id=2828, stack(0x0000000018520000,0x0000000018620000)]
  0x0000000017964800 JavaThread "C2 CompilerThread2" daemon [_thread_in_native, id=4376, stack(0x0000000018420000,0x0000000018520000)]
=>0x0000000017962800 JavaThread "C2 CompilerThread1" daemon [_thread_in_native, id=11528, stack(0x0000000018320000,0x0000000018420000)]
  0x000000001795d000 JavaThread "C2 CompilerThread0" daemon [_thread_in_native, id=13384, stack(0x0000000018220000,0x0000000018320000)]
  0x000000001795c000 JavaThread "Attach Listener" daemon [_thread_blocked, id=12636, stack(0x0000000018120000,0x0000000018220000)]
  0x000000001795a800 JavaThread "Signal Dispatcher" daemon [_thread_blocked, id=9860, stack(0x0000000018020000,0x0000000018120000)]
  0x0000000017950800 JavaThread "Finalizer" daemon [_thread_blocked, id=10448, stack(0x0000000017d30000,0x0000000017e30000)]
  0x0000000005297000 JavaThread "Reference Handler" daemon [_thread_blocked, id=12692, stack(0x0000000017830000,0x0000000017930000)]
  0x00000000051a3800 JavaThread "main" [_thread_in_vm, id=5336, stack(0x0000000004fe0000,0x00000000050e0000)]

Other Threads:
  0x0000000015a45800 VMThread [stack: 0x0000000017730000,0x0000000017830000] [id=13708]
  0x00000000179f8000 WatcherThread [stack: 0x0000000018720000,0x0000000018820000] [id=3392]

VM state:not at safepoint (normal execution)

VM Mutex/Monitor currently owned by a thread: None

Heap:
 PSYoungGen      total 18944K, used 15061K [0x00000000feb00000, 0x0000000100000000, 0x0000000100000000)
  eden space 16384K, 76% used [0x00000000feb00000,0x00000000ff7394e8,0x00000000ffb00000)
  from space 2560K, 99% used [0x00000000ffb00000,0x00000000ffd7c020,0x00000000ffd80000)
  to   space 2560K, 0% used [0x00000000ffd80000,0x00000000ffd80000,0x0000000100000000)
 ParOldGen       total 44032K, used 1455K [0x00000000fc000000, 0x00000000feb00000, 0x00000000feb00000)
  object space 44032K, 3% used [0x00000000fc000000,0x00000000fc16bc28,0x00000000feb00000)
 Metaspace       used 7395K, capacity 7588K, committed 7680K, reserved 1056768K
  class space    used 859K, capacity 938K, committed 1024K, reserved 1048576K

Card table byte_map: [0x00000000037d0000,0x0000000003800000] byte_map_base: 0x0000000002ff0000

Marking Bits: (ParMarkBitMap*) 0x000000005cc34970
 Begin Bits: [0x0000000014e60000, 0x0000000014f60000)
 End Bits:   [0x0000000014f60000, 0x0000000015060000)

Polling page: 0x0000000003420000

CodeCache: size=245760Kb used=2750Kb max_used=2755Kb free=243009Kb
 bounds [0x00000000052a0000, 0x0000000005560000, 0x00000000142a0000]
 total_blobs=1095 nmethods=761 adapters=246
 compilation: enabled

Compilation events (10 events):
Event: 1.630 Thread 0x00000000179a3800  756       3       org.objectweb.asm.MethodWriter::visitLabel (321 bytes)
Event: 1.631 Thread 0x00000000179a3800 nmethod 756 0x000000000554c390 code [0x000000000554c560, 0x000000000554ce68]
Event: 1.636 Thread 0x00000000179a3800  759       3       org.objectweb.asm.ClassWriter::newClass (11 bytes)
Event: 1.636 Thread 0x00000000179a3800 nmethod 759 0x000000000554d150 code [0x000000000554d2c0, 0x000000000554d468]
Event: 1.636 Thread 0x00000000179a3800  760       3       org.objectweb.asm.MethodVisitor::visitEnd (15 bytes)
Event: 1.636 Thread 0x00000000179a3800 nmethod 760 0x000000000554d550 code [0x000000000554d6c0, 0x000000000554d928]
Event: 1.636 Thread 0x00000000179a3800  761       3       org.objectweb.asm.ClassReader::readCode (3575 bytes)
Event: 1.637 Thread 0x000000001795d000  764       4       org.objectweb.asm.ClassReader::readUTF (194 bytes)
Event: 1.639 Thread 0x0000000017964800  767       4       org.objectweb.asm.ByteVector::putUTF8 (142 bytes)
Event: 1.641 Thread 0x0000000017962800  770       4       org.objectweb.asm.ClassReader::readUTF8 (60 bytes)

GC Heap History (2 events):
Event: 1.214 GC heap before
{Heap before GC invocations=1 (full 0):
 PSYoungGen      total 18944K, used 16384K [0x00000000feb00000, 0x0000000100000000, 0x0000000100000000)
  eden space 16384K, 100% used [0x00000000feb00000,0x00000000ffb00000,0x00000000ffb00000)
  from space 2560K, 0% used [0x00000000ffd80000,0x00000000ffd80000,0x0000000100000000)
  to   space 2560K, 0% used [0x00000000ffb00000,0x00000000ffb00000,0x00000000ffd80000)
 ParOldGen       total 44032K, used 0K [0x00000000fc000000, 0x00000000feb00000, 0x00000000feb00000)
  object space 44032K, 0% used [0x00000000fc000000,0x00000000fc000000,0x00000000feb00000)
 Metaspace       used 6704K, capacity 6874K, committed 7040K, reserved 1056768K
  class space    used 791K, capacity 871K, committed 896K, reserved 1048576K
Event: 1.220 GC heap after
Heap after GC invocations=1 (full 0):
 PSYoungGen      total 18944K, used 2544K [0x00000000feb00000, 0x0000000100000000, 0x0000000100000000)
  eden space 16384K, 0% used [0x00000000feb00000,0x00000000feb00000,0x00000000ffb00000)
  from space 2560K, 99% used [0x00000000ffb00000,0x00000000ffd7c020,0x00000000ffd80000)
  to   space 2560K, 0% used [0x00000000ffd80000,0x00000000ffd80000,0x0000000100000000)
 ParOldGen       total 44032K, used 1455K [0x00000000fc000000, 0x00000000feb00000, 0x00000000feb00000)
  object space 44032K, 3% used [0x00000000fc000000,0x00000000fc16bc28,0x00000000feb00000)
 Metaspace       used 6704K, capacity 6874K, committed 7040K, reserved 1056768K
  class space    used 791K, capacity 871K, committed 896K, reserved 1048576K
}

Deoptimization events (10 events):
Event: 1.180 Thread 0x00000000051a3800 Uncommon trap: reason=unstable_if action=reinterpret pc=0x00000000054c226c method=java.util.zip.ZipFile$ZipEntryIterator.hasNext()Z @ 25
Event: 1.181 Thread 0x00000000051a3800 Uncommon trap: reason=unstable_if action=reinterpret pc=0x00000000054d6738 method=java.util.zip.ZipCoder.decoder()Ljava/nio/charset/CharsetDecoder; @ 4
Event: 1.181 Thread 0x00000000051a3800 Uncommon trap: reason=unstable_if action=reinterpret pc=0x00000000054c5698 method=java.util.zip.ZipEntry.setExtra0([BZ)V @ 1
Event: 1.182 Thread 0x00000000051a3800 Uncommon trap: reason=unstable_if action=reinterpret pc=0x00000000054c8b08 method=java.util.zip.ZipFile$ZipEntryIterator.hasNext()Z @ 25
Event: 1.182 Thread 0x00000000051a3800 Uncommon trap: reason=unstable_if action=reinterpret pc=0x00000000054cf5c8 method=java.util.zip.ZipCoder.decoder()Ljava/nio/charset/CharsetDecoder; @ 4
Event: 1.183 Thread 0x00000000051a3800 Uncommon trap: reason=unstable_if action=reinterpret pc=0x00000000054d1c9c method=java.util.zip.ZipCoder.decoder()Ljava/nio/charset/CharsetDecoder; @ 4
Event: 1.256 Thread 0x00000000051a3800 Uncommon trap: reason=unstable_if action=reinterpret pc=0x00000000054cd51c method=java.util.zip.ZipCoder.decoder()Ljava/nio/charset/CharsetDecoder; @ 4
Event: 1.258 Thread 0x00000000051a3800 Uncommon trap: reason=unstable_if action=reinterpret pc=0x00000000054c646c method=java.util.zip.ZipCoder.decoder()Ljava/nio/charset/CharsetDecoder; @ 4
Event: 1.258 Thread 0x00000000051a3800 Uncommon trap: reason=unstable_if action=reinterpret pc=0x00000000054c827c method=java.util.zip.ZipCoder.decoder()Ljava/nio/charset/CharsetDecoder; @ 4
Event: 1.375 Thread 0x00000000051a3800 Uncommon trap: reason=unloaded action=reinterpret pc=0x00000000054c71bc method=java.util.zip.ZipEntry.setExtra0([BZ)V @ 37

Classes redefined (0 events):
No events

Internal exceptions (10 events):
Event: 1.256 Thread 0x00000000051a3800 Implicit null exception at 0x00000000054ccb45 to 0x00000000054cd4dd
Event: 1.258 Thread 0x00000000051a3800 Implicit null exception at 0x00000000054c5e64 to 0x00000000054c643d
Event: 1.258 Thread 0x00000000051a3800 Implicit null exception at 0x00000000054c7df8 to 0x00000000054c8261
Event: 1.303 Thread 0x00000000051a3800 Exception <a 'sun/nio/fs/WindowsException'> (0x00000000ff19d460) thrown at [D:\src\AOSP-openjdk-cygwin\jdk8u\hotspot\src\share\vm\prims\jni.cpp, line 709]
Event: 1.303 Thread 0x00000000051a3800 Exception <a 'sun/nio/fs/WindowsException'> (0x00000000ff19da20) thrown at [D:\src\AOSP-openjdk-cygwin\jdk8u\hotspot\src\share\vm\prims\jni.cpp, line 709]
Event: 1.303 Thread 0x00000000051a3800 Exception <a 'sun/nio/fs/WindowsException'> (0x00000000ff19dff0) thrown at [D:\src\AOSP-openjdk-cygwin\jdk8u\hotspot\src\share\vm\prims\jni.cpp, line 709]
Event: 1.304 Thread 0x00000000051a3800 Exception <a 'sun/nio/fs/WindowsException'> (0x00000000ff19e7b0) thrown at [D:\src\AOSP-openjdk-cygwin\jdk8u\hotspot\src\share\vm\prims\jni.cpp, line 709]
Event: 1.318 Thread 0x00000000051a3800 Exception <a 'sun/nio/fs/WindowsException'> (0x00000000ff1a36f8) thrown at [D:\src\AOSP-openjdk-cygwin\jdk8u\hotspot\src\share\vm\prims\jni.cpp, line 709]
Event: 1.398 Thread 0x00000000051a3800 Exception <a 'sun/nio/fs/WindowsException'> (0x00000000ff533c40) thrown at [D:\src\AOSP-openjdk-cygwin\jdk8u\hotspot\src\share\vm\prims\jni.cpp, line 709]
Event: 1.398 Thread 0x00000000051a3800 Exception <a 'sun/nio/fs/WindowsException'> (0x00000000ff5341b8) thrown at [D:\src\AOSP-openjdk-cygwin\jdk8u\hotspot\src\share\vm\prims\jni.cpp, line 709]

Events (10 events):
Event: 1.468 loading class sun/util/calendar/CalendarUtils
Event: 1.468 loading class sun/util/calendar/CalendarUtils done
Event: 1.468 loading class java/util/zip/ZipOutputStream$XEntry
Event: 1.468 loading class java/util/zip/ZipOutputStream$XEntry done
Event: 1.471 loading class org/objectweb/asm/Edge
Event: 1.471 loading class org/objectweb/asm/Edge done
Event: 1.577 loading class org/objectweb/asm/Handler
Event: 1.577 loading class org/objectweb/asm/Handler done
Event: 1.625 loading class org/objectweb/asm/Opcodes
Event: 1.625 loading class org/objectweb/asm/Opcodes done


Dynamic libraries:
0x00007ff7a0670000 - 0x00007ff7a06a1000 	C:\Program Files\Android\Android Studio\jre\bin\java.exe
0x00007ffe1a550000 - 0x00007ffe1a730000 	C:\WINDOWS\SYSTEM32\ntdll.dll
0x00007ffe17a60000 - 0x00007ffe17b0e000 	C:\WINDOWS\System32\KERNEL32.DLL
0x00007ffe16c70000 - 0x00007ffe16ed6000 	C:\WINDOWS\System32\KERNELBASE.dll
0x00007ffe1a3d0000 - 0x00007ffe1a471000 	C:\WINDOWS\System32\ADVAPI32.dll
0x00007ffe1a480000 - 0x00007ffe1a51d000 	C:\WINDOWS\System32\msvcrt.dll
0x00007ffe19d60000 - 0x00007ffe19dbb000 	C:\WINDOWS\System32\sechost.dll
0x00007ffe1a120000 - 0x00007ffe1a23f000 	C:\WINDOWS\System32\RPCRT4.dll
0x00007ffe17bf0000 - 0x00007ffe17d7f000 	C:\WINDOWS\System32\USER32.dll
0x00007ffe16a80000 - 0x00007ffe16aa0000 	C:\WINDOWS\System32\win32u.dll
0x00007ffe17b10000 - 0x00007ffe17b38000 	C:\WINDOWS\System32\GDI32.dll
0x00007ffe17880000 - 0x00007ffe17a13000 	C:\WINDOWS\System32\gdi32full.dll
0x00007ffe177e0000 - 0x00007ffe1787b000 	C:\WINDOWS\System32\msvcp_win.dll
0x00007ffe17630000 - 0x00007ffe17726000 	C:\WINDOWS\System32\ucrtbase.dll
0x00007ffe10e30000 - 0x00007ffe11099000 	C:\WINDOWS\WinSxS\amd64_microsoft.windows.common-controls_6595b64144ccf1df_6.0.16299.248_none_15ced204935f55d7\COMCTL32.dll
0x00007ffe19520000 - 0x00007ffe19828000 	C:\WINDOWS\System32\combase.dll
0x00007ffe16950000 - 0x00007ffe169c2000 	C:\WINDOWS\System32\bcryptPrimitives.dll
0x00007ffe17a30000 - 0x00007ffe17a5d000 	C:\WINDOWS\System32\IMM32.DLL
0x000000005c2b0000 - 0x000000005c382000 	C:\Program Files\Android\Android Studio\jre\jre\bin\msvcr100.dll
0x000000005c470000 - 0x000000005ccaf000 	C:\Program Files\Android\Android Studio\jre\jre\bin\server\jvm.dll
0x00007ffe193c0000 - 0x00007ffe193c8000 	C:\WINDOWS\System32\PSAPI.DLL
0x00007ffe0c050000 - 0x00007ffe0c059000 	C:\WINDOWS\SYSTEM32\WSOCK32.dll
0x00007ffe1a360000 - 0x00007ffe1a3cc000 	C:\WINDOWS\System32\WS2_32.dll
0x00007ffe12410000 - 0x00007ffe12433000 	C:\WINDOWS\SYSTEM32\WINMM.dll
0x00007ffe11980000 - 0x00007ffe1198a000 	C:\WINDOWS\SYSTEM32\VERSION.dll
0x00007ffe123b0000 - 0x00007ffe123da000 	C:\WINDOWS\SYSTEM32\WINMMBASE.dll
0x00007ffe16a30000 - 0x00007ffe16a7a000 	C:\WINDOWS\System32\cfgmgr32.dll
0x00007ffe0bdc0000 - 0x00007ffe0bdcf000 	C:\Program Files\Android\Android Studio\jre\jre\bin\verify.dll
0x00007ffe0acd0000 - 0x00007ffe0acf9000 	C:\Program Files\Android\Android Studio\jre\jre\bin\java.dll
0x00007ffe0bda0000 - 0x00007ffe0bdb6000 	C:\Program Files\Android\Android Studio\jre\jre\bin\zip.dll
0x00007ffe17de0000 - 0x00007ffe19216000 	C:\WINDOWS\System32\SHELL32.dll
0x00007ffe17b40000 - 0x00007ffe17be6000 	C:\WINDOWS\System32\shcore.dll
0x00007ffe16ee0000 - 0x00007ffe17627000 	C:\WINDOWS\System32\windows.storage.dll
0x00007ffe19f50000 - 0x00007ffe19fa1000 	C:\WINDOWS\System32\shlwapi.dll
0x00007ffe168f0000 - 0x00007ffe16901000 	C:\WINDOWS\System32\kernel.appcore.dll
0x00007ffe168a0000 - 0x00007ffe168ec000 	C:\WINDOWS\System32\powrprof.dll
0x00007ffe16910000 - 0x00007ffe1692b000 	C:\WINDOWS\System32\profapi.dll
0x00007ffe165d0000 - 0x00007ffe165e7000 	C:\WINDOWS\SYSTEM32\CRYPTSP.dll
0x00007ffe15990000 - 0x00007ffe159c3000 	C:\WINDOWS\system32\rsaenh.dll
0x00007ffe16360000 - 0x00007ffe16385000 	C:\WINDOWS\SYSTEM32\bcrypt.dll
0x00007ffe167d0000 - 0x00007ffe167f9000 	C:\WINDOWS\SYSTEM32\USERENV.dll
0x00007ffe15fa0000 - 0x00007ffe15fab000 	C:\WINDOWS\SYSTEM32\CRYPTBASE.dll
0x00007ffe0acb0000 - 0x00007ffe0acca000 	C:\Program Files\Android\Android Studio\jre\jre\bin\net.dll
0x00007ffe15d80000 - 0x00007ffe15de6000 	C:\WINDOWS\system32\mswsock.dll
0x00007ffe15b10000 - 0x00007ffe15b49000 	C:\WINDOWS\SYSTEM32\IPHLPAPI.DLL
0x00007ffe1a350000 - 0x00007ffe1a358000 	C:\WINDOWS\System32\NSI.dll
0x00007ffe0f160000 - 0x00007ffe0f176000 	C:\WINDOWS\SYSTEM32\dhcpcsvc6.DLL
0x00007ffe0f140000 - 0x00007ffe0f15a000 	C:\WINDOWS\SYSTEM32\dhcpcsvc.DLL
0x00007ffe0ac90000 - 0x00007ffe0aca1000 	C:\Program Files\Android\Android Studio\jre\jre\bin\nio.dll

VM Arguments:
jvm_args: -Djava.awt.headless=true -Xmx64M -Dfile.encoding=windows-1251 -Duser.country=UA -Duser.language=uk -Duser.variant 
java_command: com.google.devtools.build.android.desugar.Desugar --input D:\FanSerials\FanSerials\app\build\intermediates\transforms\stackFramesFixer\debug\12.jar --output D:\FanSerials\FanSerials\app\build\intermediates\transforms\desugar\debug\13.jar --input D:\FanSerials\FanSerials\app\build\intermediates\transforms\stackFramesFixer\debug\10.jar --output D:\FanSerials\FanSerials\app\build\intermediates\transforms\desugar\debug\11.jar --input D:\FanSerials\FanSerials\app\build\intermediates\transforms\stackFramesFixer\debug\30.jar --output D:\FanSerials\FanSerials\app\build\intermediates\transforms\desugar\debug\30.jar --input D:\FanSerials\FanSerials\app\build\intermediates\transforms\stackFramesFixer\debug\2.jar --output D:\FanSerials\FanSerials\app\build\intermediates\transforms\desugar\debug\3.jar --classpath_entry D:\FanSerials\FanSerials\app\build\intermediates\classes\debug --classpath_entry D:\FanSerials\FanSerials\app\build\intermediates\transforms\stackFramesFixer\debug\0.jar --classpath_entry D:\FanSerials\FanSerials\app\build\intermediates\transforms\stackFramesFixer\debug\1.jar --classpath_entry D:\FanSerials\FanSerials\app\build\intermediates\transforms\stackFramesFixer\debug\2.jar --classpath_entry D:\FanSerials\FanSerials\app\build\intermediates\transforms\stackFramesFixer\debug\3.jar --classpath_entry D:\FanSerials\FanSerials\app\build\intermediates\transforms\stackFramesFixer\debug\4.jar --classpath_entry D:\FanSerials\FanSerials\app\build\intermediates\transforms\stackFramesFixer\debug\5.jar --classpath_entry D:\FanSerials\FanSerials\app\build\intermediates\transforms\stackFramesFixer\debug\6.jar --classpath_entry D:\FanSerials\FanSerials\app\build\intermediates\transforms\stackFramesFixer\debug\7.jar --classpath_entry D:\FanSerials\FanSerials\app\build\intermediates\transforms\stackFramesFixer\debug\8.jar --classpath_entry D:\FanSerials\FanSerials\app\build\intermediates\transforms\stackFramesFixer\debug\9.jar --classpath_entry D:\FanSerials\F
java_class_path (initial): C:\Users\Ivan\AppData\Local\Temp\desugar_deploy.jar883269109973781300
Launcher Type: SUN_STANDARD

Environment Variables:
PATH=C:\ProgramData\Oracle\Java\javapath;C:\WINDOWS\system32;C:\WINDOWS;C:\WINDOWS\System32\Wbem;C:\WINDOWS\System32\WindowsPowerShell\v1.0\;C:\Program Files (x86)\NVIDIA Corporation\PhysX\Common;C:\Users\Ivan\AppData\Local\Microsoft\WindowsApps;
USERNAME=Ivan
OS=Windows_NT
PROCESSOR_IDENTIFIER=Intel64 Family 6 Model 60 Stepping 3, GenuineIntel



---------------  S Y S T E M  ---------------

OS: Windows 10.0 , 64 bit Build 16299 (10.0.16299.15)

CPU:total 8 (initial active 8) (4 cores per cpu, 2 threads per core) family 6 model 60 stepping 3, cmov, cx8, fxsr, mmx, sse, sse2, sse3, ssse3, sse4.1, sse4.2, popcnt, avx, avx2, aes, clmul, erms, lzcnt, ht, tsc, tscinvbit, bmi1, bmi2

Memory: 4k page, physical 8268984k(1145224k free), swap 10316984k(4172k free)

vm_info: OpenJDK 64-Bit Server VM (25.152-b02) for windows-amd64 JRE (1.8.0_152-release-1024-b02), built by "builder" with MS VC++ 10.0 (VS2010)

time: Fri Mar 30 21:34:53 2018
elapsed time: 1 seconds (0d 0h 0m 1s)

