#
# There is insufficient memory for the Java Runtime Environment to continue.
# Native memory allocation (malloc) failed to allocate 105856 bytes for Chunk::new
# Possible reasons:
#   The system is out of physical RAM or swap space
#   In 32 bit mode, the process size limit was hit
# Possible solutions:
#   Reduce memory load on the system
#   Increase physical memory or swap space
#   Check if swap backing store is full
#   Use 64 bit Java on a 64 bit OS
#   Decrease Java heap size (-Xmx/-Xms)
#   Decrease number of Java threads
#   Decrease Java thread stack sizes (-Xss)
#   Set larger code cache with -XX:ReservedCodeCacheSize=
# This output file may be truncated or incomplete.
#
#  Out of Memory Error (allocation.cpp:390), pid=10068, tid=0x00000000000032a4
#
# JRE version: OpenJDK Runtime Environment (8.0_152-b01) (build 1.8.0_152-release-915-b01)
# Java VM: OpenJDK 64-Bit Server VM (25.152-b01 mixed mode windows-amd64 compressed oops)
# Failed to write core dump. Minidumps are not enabled by default on client versions of Windows
#

---------------  T H R E A D  ---------------

Current thread (0x0000000016c71000):  JavaThread "C2 CompilerThread2" daemon [_thread_in_native, id=12964, stack(0x0000000017730000,0x0000000017830000)]

Stack: [0x0000000017730000,0x0000000017830000]
[error occurred during error reporting (printing stack bounds), id 0xc0000005]

Native frames: (J=compiled Java code, j=interpreted, Vv=VM code, C=native code)


Current CompileTask:
C2:   1339  688       4       org.objectweb.asm.ClassReader::readUTF8 (60 bytes)


---------------  P R O C E S S  ---------------

Java Threads: ( => current thread )
  0x0000000016d05800 JavaThread "Service Thread" daemon [_thread_blocked, id=7600, stack(0x0000000017930000,0x0000000017a30000)]
  0x0000000016c77000 JavaThread "C1 CompilerThread3" daemon [_thread_in_native, id=9952, stack(0x0000000017830000,0x0000000017930000)]
=>0x0000000016c71000 JavaThread "C2 CompilerThread2" daemon [_thread_in_native, id=12964, stack(0x0000000017730000,0x0000000017830000)]
  0x0000000016c6e800 JavaThread "C2 CompilerThread1" daemon [_thread_blocked, id=2188, stack(0x0000000017630000,0x0000000017730000)]
  0x0000000016c6b800 JavaThread "C2 CompilerThread0" daemon [_thread_in_native, id=12984, stack(0x0000000017530000,0x0000000017630000)]
  0x0000000016c66800 JavaThread "Attach Listener" daemon [_thread_blocked, id=9092, stack(0x0000000017430000,0x0000000017530000)]
  0x0000000014d5e800 JavaThread "Signal Dispatcher" daemon [_thread_blocked, id=12756, stack(0x0000000017330000,0x0000000017430000)]
  0x0000000016c60800 JavaThread "Finalizer" daemon [_thread_blocked, id=1368, stack(0x0000000017040000,0x0000000017140000)]
  0x0000000014d4b800 JavaThread "Reference Handler" daemon [_thread_blocked, id=11392, stack(0x0000000016b40000,0x0000000016c40000)]
  0x00000000043fe800 JavaThread "main" [_thread_in_vm, id=12544, stack(0x00000000042a0000,0x00000000043a0000)]

Other Threads:
  0x0000000014d45000 VMThread [stack: 0x0000000016a40000,0x0000000016b40000] [id=10172]
  0x0000000016d0e800 WatcherThread [stack: 0x0000000017a30000,0x0000000017b30000] [id=9920]

VM state:not at safepoint (normal execution)

VM Mutex/Monitor currently owned by a thread: None

Heap:
 PSYoungGen      total 18944K, used 14268K [0x00000000feb00000, 0x0000000100000000, 0x0000000100000000)
  eden space 16384K, 71% used [0x00000000feb00000,0x00000000ff673008,0x00000000ffb00000)
  from space 2560K, 99% used [0x00000000ffb00000,0x00000000ffd7c020,0x00000000ffd80000)
  to   space 2560K, 0% used [0x00000000ffd80000,0x00000000ffd80000,0x0000000100000000)
 ParOldGen       total 44032K, used 1679K [0x00000000fc000000, 0x00000000feb00000, 0x00000000feb00000)
  object space 44032K, 3% used [0x00000000fc000000,0x00000000fc1a3d90,0x00000000feb00000)
 Metaspace       used 7322K, capacity 7520K, committed 7680K, reserved 1056768K
  class space    used 868K, capacity 956K, committed 1024K, reserved 1048576K

Card table byte_map: [0x00000000043b0000,0x00000000043e0000] byte_map_base: 0x0000000003bd0000

Marking Bits: (ParMarkBitMap*) 0x00000000704c3950
 Begin Bits: [0x0000000014160000, 0x0000000014260000)
 End Bits:   [0x0000000014260000, 0x0000000014360000)

Polling page: 0x00000000001f0000

CodeCache: size=245760Kb used=2558Kb max_used=2569Kb free=243201Kb
 bounds [0x00000000045a0000, 0x0000000004830000, 0x00000000135a0000]
 total_blobs=1009 nmethods=678 adapters=245
 compilation: enabled

Compilation events (10 events):
Event: 1.319 Thread 0x0000000016c77000 nmethod 674 0x000000000481eb50 code [0x000000000481ed20, 0x000000000481f628]
Event: 1.319 Thread 0x0000000016c77000  676       3       org.objectweb.asm.MethodVisitor::visitLabel (16 bytes)
Event: 1.319 Thread 0x0000000016c77000 nmethod 676 0x000000000481f910 code [0x000000000481fa80, 0x000000000481fce8]
Event: 1.319 Thread 0x0000000016c77000  677       3       java.util.ArrayList::<init> (61 bytes)
Event: 1.320 Thread 0x0000000016c77000 nmethod 677 0x000000000481fdd0 code [0x000000000481ffe0, 0x0000000004820a58]
Event: 1.320 Thread 0x0000000016c77000  679       3       org.objectweb.asm.ClassReader::a (3587 bytes)
Event: 1.324 Thread 0x0000000016c6b800  684       4       org.objectweb.asm.ClassReader::readInt (52 bytes)
Event: 1.325 Thread 0x0000000016c6b800 nmethod 684 0x0000000004819350 code [0x0000000004819480, 0x0000000004819578]
Event: 1.330 Thread 0x0000000016c71000  688       4       org.objectweb.asm.ClassReader::readUTF8 (60 bytes)
Event: 1.331 Thread 0x0000000016c6b800  689       4       org.objectweb.asm.ClassReader::a (194 bytes)

GC Heap History (2 events):
Event: 1.093 GC heap before
{Heap before GC invocations=1 (full 0):
 PSYoungGen      total 18944K, used 16384K [0x00000000feb00000, 0x0000000100000000, 0x0000000100000000)
  eden space 16384K, 100% used [0x00000000feb00000,0x00000000ffb00000,0x00000000ffb00000)
  from space 2560K, 0% used [0x00000000ffd80000,0x00000000ffd80000,0x0000000100000000)
  to   space 2560K, 0% used [0x00000000ffb00000,0x00000000ffb00000,0x00000000ffd80000)
 ParOldGen       total 44032K, used 0K [0x00000000fc000000, 0x00000000feb00000, 0x00000000feb00000)
  object space 44032K, 0% used [0x00000000fc000000,0x00000000fc000000,0x00000000feb00000)
 Metaspace       used 6493K, capacity 6674K, committed 6784K, reserved 1056768K
  class space    used 768K, capacity 823K, committed 896K, reserved 1048576K
Event: 1.102 GC heap after
Heap after GC invocations=1 (full 0):
 PSYoungGen      total 18944K, used 2544K [0x00000000feb00000, 0x0000000100000000, 0x0000000100000000)
  eden space 16384K, 0% used [0x00000000feb00000,0x00000000feb00000,0x00000000ffb00000)
  from space 2560K, 99% used [0x00000000ffb00000,0x00000000ffd7c020,0x00000000ffd80000)
  to   space 2560K, 0% used [0x00000000ffd80000,0x00000000ffd80000,0x0000000100000000)
 ParOldGen       total 44032K, used 1679K [0x00000000fc000000, 0x00000000feb00000, 0x00000000feb00000)
  object space 44032K, 3% used [0x00000000fc000000,0x00000000fc1a3d90,0x00000000feb00000)
 Metaspace       used 6493K, capacity 6674K, committed 6784K, reserved 1056768K
  class space    used 768K, capacity 823K, committed 896K, reserved 1048576K
}

Deoptimization events (10 events):
Event: 1.011 Thread 0x00000000043fe800 Uncommon trap: reason=unstable_if action=reinterpret pc=0x00000000047adb2c method=java.util.zip.ZipFile$ZipEntryIterator.hasNext()Z @ 25
Event: 1.011 Thread 0x00000000043fe800 Uncommon trap: reason=unstable_if action=reinterpret pc=0x00000000047b13f8 method=java.util.zip.ZipCoder.decoder()Ljava/nio/charset/CharsetDecoder; @ 4
Event: 1.011 Thread 0x00000000043fe800 Uncommon trap: reason=unstable_if action=reinterpret pc=0x00000000047a5958 method=java.util.zip.ZipEntry.setExtra0([BZ)V @ 1
Event: 1.019 Thread 0x00000000043fe800 Uncommon trap: reason=unstable_if action=reinterpret pc=0x00000000047aec88 method=java.util.zip.ZipCoder.decoder()Ljava/nio/charset/CharsetDecoder; @ 4
Event: 1.021 Thread 0x00000000043fe800 Uncommon trap: reason=unstable_if action=reinterpret pc=0x00000000047b3e5c method=java.util.zip.ZipCoder.decoder()Ljava/nio/charset/CharsetDecoder; @ 4
Event: 1.131 Thread 0x00000000043fe800 Uncommon trap: reason=unstable_if action=reinterpret pc=0x00000000047b87dc method=java.util.zip.ZipCoder.decoder()Ljava/nio/charset/CharsetDecoder; @ 4
Event: 1.132 Thread 0x00000000043fe800 Uncommon trap: reason=unstable_if action=reinterpret pc=0x00000000047a632c method=java.util.zip.ZipCoder.decoder()Ljava/nio/charset/CharsetDecoder; @ 4
Event: 1.133 Thread 0x00000000043fe800 Uncommon trap: reason=unstable_if action=reinterpret pc=0x00000000047a7dfc method=java.util.zip.ZipCoder.decoder()Ljava/nio/charset/CharsetDecoder; @ 4
Event: 1.211 Thread 0x00000000043fe800 Uncommon trap: reason=unloaded action=reinterpret pc=0x00000000047a8ffc method=java.util.zip.ZipEntry.setExtra0([BZ)V @ 37
Event: 1.319 Thread 0x00000000043fe800 Uncommon trap: reason=unstable_if action=reinterpret pc=0x000000000476f538 method=java.lang.String.<init>([CII)V @ 18

Classes redefined (0 events):
No events

Internal exceptions (10 events):
Event: 1.133 Thread 0x00000000043fe800 Implicit null exception at 0x00000000047a7978 to 0x00000000047a7de1
Event: 1.161 Thread 0x00000000043fe800 Exception <a 'sun/nio/fs/WindowsException'> (0x00000000ff1364b0) thrown at [D:\src\AOSP-openjdk-cygwin\jdk8u\hotspot\src\share\vm\prims\jni.cpp, line 709]
Event: 1.161 Thread 0x00000000043fe800 Exception <a 'sun/nio/fs/WindowsException'> (0x00000000ff136a70) thrown at [D:\src\AOSP-openjdk-cygwin\jdk8u\hotspot\src\share\vm\prims\jni.cpp, line 709]
Event: 1.161 Thread 0x00000000043fe800 Exception <a 'sun/nio/fs/WindowsException'> (0x00000000ff137040) thrown at [D:\src\AOSP-openjdk-cygwin\jdk8u\hotspot\src\share\vm\prims\jni.cpp, line 709]
Event: 1.161 Thread 0x00000000043fe800 Exception <a 'sun/nio/fs/WindowsException'> (0x00000000ff137800) thrown at [D:\src\AOSP-openjdk-cygwin\jdk8u\hotspot\src\share\vm\prims\jni.cpp, line 709]
Event: 1.161 Thread 0x00000000043fe800 Exception <a 'sun/nio/fs/WindowsException'> (0x00000000ff137da8) thrown at [D:\src\AOSP-openjdk-cygwin\jdk8u\hotspot\src\share\vm\prims\jni.cpp, line 709]
Event: 1.161 Thread 0x00000000043fe800 Exception <a 'sun/nio/fs/WindowsException'> (0x00000000ff138558) thrown at [D:\src\AOSP-openjdk-cygwin\jdk8u\hotspot\src\share\vm\prims\jni.cpp, line 709]
Event: 1.174 Thread 0x00000000043fe800 Exception <a 'sun/nio/fs/WindowsException'> (0x00000000ff13d8d8) thrown at [D:\src\AOSP-openjdk-cygwin\jdk8u\hotspot\src\share\vm\prims\jni.cpp, line 709]
Event: 1.243 Thread 0x00000000043fe800 Exception <a 'sun/nio/fs/WindowsException'> (0x00000000ff43b160) thrown at [D:\src\AOSP-openjdk-cygwin\jdk8u\hotspot\src\share\vm\prims\jni.cpp, line 709]
Event: 1.243 Thread 0x00000000043fe800 Exception <a 'sun/nio/fs/WindowsException'> (0x00000000ff43b6d8) thrown at [D:\src\AOSP-openjdk-cygwin\jdk8u\hotspot\src\share\vm\prims\jni.cpp, line 709]

Events (10 events):
Event: 1.306 loading class org/objectweb/asm/tree/LocalVariableNode done
Event: 1.307 loading class org/objectweb/asm/Edge
Event: 1.307 loading class org/objectweb/asm/Edge done
Event: 1.319 Thread 0x00000000043fe800 Uncommon trap: trap_request=0xffffff65 fr.pc=0x000000000476f538
Event: 1.319 Thread 0x00000000043fe800 DEOPT PACKING pc=0x000000000476f538 sp=0x000000000439ed50
Event: 1.319 Thread 0x00000000043fe800 DEOPT UNPACKING pc=0x00000000045e556a sp=0x000000000439ed18 mode 2
Event: 1.332 loading class org/objectweb/asm/tree/TryCatchBlockNode
Event: 1.332 loading class org/objectweb/asm/tree/TryCatchBlockNode done
Event: 1.333 loading class org/objectweb/asm/Handler
Event: 1.333 loading class org/objectweb/asm/Handler done


Dynamic libraries:
0x00007ff637c40000 - 0x00007ff637c71000 	C:\Program Files\Android\Android Studio\jre\bin\java.exe
0x00007ffbdc1c0000 - 0x00007ffbdc3a0000 	C:\WINDOWS\SYSTEM32\ntdll.dll
0x00007ffbdb980000 - 0x00007ffbdba2e000 	C:\WINDOWS\System32\KERNEL32.DLL
0x00007ffbd9070000 - 0x00007ffbd92d6000 	C:\WINDOWS\System32\KERNELBASE.dll
0x00007ffbdc0e0000 - 0x00007ffbdc181000 	C:\WINDOWS\System32\ADVAPI32.dll
0x00007ffbdae70000 - 0x00007ffbdaf0d000 	C:\WINDOWS\System32\msvcrt.dll
0x00007ffbdbe90000 - 0x00007ffbdbeeb000 	C:\WINDOWS\System32\sechost.dll
0x00007ffbdbfc0000 - 0x00007ffbdc0df000 	C:\WINDOWS\System32\RPCRT4.dll
0x00007ffbdace0000 - 0x00007ffbdae6f000 	C:\WINDOWS\System32\USER32.dll
0x00007ffbd85c0000 - 0x00007ffbd85e0000 	C:\WINDOWS\System32\win32u.dll
0x00007ffbdaaf0000 - 0x00007ffbdab18000 	C:\WINDOWS\System32\GDI32.dll
0x00007ffbd9340000 - 0x00007ffbd94d3000 	C:\WINDOWS\System32\gdi32full.dll
0x00007ffbd8f50000 - 0x00007ffbd8feb000 	C:\WINDOWS\System32\msvcp_win.dll
0x00007ffbd9590000 - 0x00007ffbd9686000 	C:\WINDOWS\System32\ucrtbase.dll
0x00007ffbd1130000 - 0x00007ffbd1399000 	C:\WINDOWS\WinSxS\amd64_microsoft.windows.common-controls_6595b64144ccf1df_6.0.16299.248_none_15ced204935f55d7\COMCTL32.dll
0x00007ffbdb4c0000 - 0x00007ffbdb7c8000 	C:\WINDOWS\System32\combase.dll
0x00007ffbd8ff0000 - 0x00007ffbd9062000 	C:\WINDOWS\System32\bcryptPrimitives.dll
0x00007ffbdb320000 - 0x00007ffbdb34d000 	C:\WINDOWS\System32\IMM32.DLL
0x000000006fb40000 - 0x000000006fc12000 	C:\Program Files\Android\Android Studio\jre\jre\bin\msvcr100.dll
0x000000006fd00000 - 0x000000007053e000 	C:\Program Files\Android\Android Studio\jre\jre\bin\server\jvm.dll
0x00007ffbdbe80000 - 0x00007ffbdbe88000 	C:\WINDOWS\System32\PSAPI.DLL
0x00007ffbd6880000 - 0x00007ffbd688a000 	C:\WINDOWS\SYSTEM32\VERSION.dll
0x00007ffbccf40000 - 0x00007ffbccf49000 	C:\WINDOWS\SYSTEM32\WSOCK32.dll
0x00007ffbd5f20000 - 0x00007ffbd5f43000 	C:\WINDOWS\SYSTEM32\WINMM.dll
0x00007ffbdb2b0000 - 0x00007ffbdb31c000 	C:\WINDOWS\System32\WS2_32.dll
0x00007ffbd5ec0000 - 0x00007ffbd5eea000 	C:\WINDOWS\SYSTEM32\winmmbase.dll
0x00007ffbd87b0000 - 0x00007ffbd87fa000 	C:\WINDOWS\System32\cfgmgr32.dll
0x00007ffbccf30000 - 0x00007ffbccf3f000 	C:\Program Files\Android\Android Studio\jre\jre\bin\verify.dll
0x00007ffbccee0000 - 0x00007ffbccf09000 	C:\Program Files\Android\Android Studio\jre\jre\bin\java.dll
0x00007ffbccec0000 - 0x00007ffbcced6000 	C:\Program Files\Android\Android Studio\jre\jre\bin\zip.dll
0x00007ffbd9690000 - 0x00007ffbdaac6000 	C:\WINDOWS\System32\SHELL32.dll
0x00007ffbdb7d0000 - 0x00007ffbdb876000 	C:\WINDOWS\System32\shcore.dll
0x00007ffbd8800000 - 0x00007ffbd8f47000 	C:\WINDOWS\System32\windows.storage.dll
0x00007ffbdaf10000 - 0x00007ffbdaf61000 	C:\WINDOWS\System32\shlwapi.dll
0x00007ffbd8550000 - 0x00007ffbd8561000 	C:\WINDOWS\System32\kernel.appcore.dll
0x00007ffbd8570000 - 0x00007ffbd85bc000 	C:\WINDOWS\System32\powrprof.dll
0x00007ffbd8510000 - 0x00007ffbd852b000 	C:\WINDOWS\System32\profapi.dll
0x00007ffbd81e0000 - 0x00007ffbd81f7000 	C:\WINDOWS\SYSTEM32\CRYPTSP.dll
0x00007ffbd7600000 - 0x00007ffbd7633000 	C:\WINDOWS\system32\rsaenh.dll
0x00007ffbd7f40000 - 0x00007ffbd7f65000 	C:\WINDOWS\SYSTEM32\bcrypt.dll
0x00007ffbd8440000 - 0x00007ffbd8469000 	C:\WINDOWS\SYSTEM32\USERENV.dll
0x00007ffbd7bb0000 - 0x00007ffbd7bbb000 	C:\WINDOWS\SYSTEM32\CRYPTBASE.dll
0x00007ffbccea0000 - 0x00007ffbcceba000 	C:\Program Files\Android\Android Studio\jre\jre\bin\net.dll
0x00007ffbd79f0000 - 0x00007ffbd7a56000 	C:\WINDOWS\system32\mswsock.dll
0x00007ffbd7780000 - 0x00007ffbd77b9000 	C:\WINDOWS\SYSTEM32\IPHLPAPI.DLL
0x00007ffbdaf70000 - 0x00007ffbdaf78000 	C:\WINDOWS\System32\NSI.dll
0x00007ffbd20a0000 - 0x00007ffbd20b6000 	C:\WINDOWS\SYSTEM32\dhcpcsvc6.DLL
0x00007ffbd2080000 - 0x00007ffbd209a000 	C:\WINDOWS\SYSTEM32\dhcpcsvc.DLL
0x00007ffbcce20000 - 0x00007ffbcce31000 	C:\Program Files\Android\Android Studio\jre\jre\bin\nio.dll

VM Arguments:
jvm_args: -Djava.awt.headless=true -Xmx64M -Dfile.encoding=windows-1251 -Duser.country=UA -Duser.language=uk -Duser.variant 
java_command: com.google.devtools.build.android.desugar.Desugar --input D:\FanSerials\FanSerials\app\build\intermediates\transforms\stackFramesFixer\debug\6.jar --output D:\FanSerials\FanSerials\app\build\intermediates\transforms\desugar\debug\7.jar --input D:\FanSerials\FanSerials\app\build\intermediates\transforms\stackFramesFixer\debug\7.jar --output D:\FanSerials\FanSerials\app\build\intermediates\transforms\desugar\debug\8.jar --input D:\FanSerials\FanSerials\app\build\intermediates\transforms\stackFramesFixer\debug\19.jar --output D:\FanSerials\FanSerials\app\build\intermediates\transforms\desugar\debug\20.jar --classpath_entry D:\FanSerials\FanSerials\app\build\intermediates\classes\debug --classpath_entry D:\FanSerials\FanSerials\app\build\intermediates\transforms\stackFramesFixer\debug\0.jar --classpath_entry D:\FanSerials\FanSerials\app\build\intermediates\transforms\stackFramesFixer\debug\1.jar --classpath_entry D:\FanSerials\FanSerials\app\build\intermediates\transforms\stackFramesFixer\debug\2.jar --classpath_entry D:\FanSerials\FanSerials\app\build\intermediates\transforms\stackFramesFixer\debug\3.jar --classpath_entry D:\FanSerials\FanSerials\app\build\intermediates\transforms\stackFramesFixer\debug\4.jar --classpath_entry D:\FanSerials\FanSerials\app\build\intermediates\transforms\stackFramesFixer\debug\5.jar --classpath_entry D:\FanSerials\FanSerials\app\build\intermediates\transforms\stackFramesFixer\debug\6.jar --classpath_entry D:\FanSerials\FanSerials\app\build\intermediates\transforms\stackFramesFixer\debug\7.jar --classpath_entry D:\FanSerials\FanSerials\app\build\intermediates\transforms\stackFramesFixer\debug\8.jar --classpath_entry D:\FanSerials\FanSerials\app\build\intermediates\transforms\stackFramesFixer\debug\9.jar --classpath_entry D:\FanSerials\FanSerials\app\build\intermediates\transforms\stackFramesFixer\debug\10.jar --classpath_entry D:\FanSerials\FanSerials\app\build\intermediates\transforms\stackFramesFixer\debug\11.jar --class
java_class_path (initial): C:\Users\Ivan\AppData\Local\Temp\desugar_deploy.jar2028824752295189420
Launcher Type: SUN_STANDARD

Environment Variables:
PATH=C:\ProgramData\Oracle\Java\javapath;C:\WINDOWS\system32;C:\WINDOWS;C:\WINDOWS\System32\Wbem;C:\WINDOWS\System32\WindowsPowerShell\v1.0\;C:\Program Files (x86)\NVIDIA Corporation\PhysX\Common;C:\Users\Ivan\AppData\Local\Microsoft\WindowsApps;
USERNAME=Ivan
OS=Windows_NT
PROCESSOR_IDENTIFIER=Intel64 Family 6 Model 60 Stepping 3, GenuineIntel



---------------  S Y S T E M  ---------------

OS: Windows 10.0 , 64 bit Build 16299 (10.0.16299.15)

CPU:total 8 (initial active 8) (4 cores per cpu, 2 threads per core) family 6 model 60 stepping 3, cmov, cx8, fxsr, mmx, sse, sse2, sse3, ssse3, sse4.1, sse4.2, popcnt, avx, avx2, aes, clmul, erms, lzcnt, ht, tsc, tscinvbit, bmi1, bmi2

Memory: 4k page, physical 8268984k(737348k free), swap 10316984k(2184k free)

vm_info: OpenJDK 64-Bit Server VM (25.152-b01) for windows-amd64 JRE (1.8.0_152-release-915-b01), built by "builder" with MS VC++ 10.0 (VS2010)

time: Thu Mar 08 17:48:24 2018
elapsed time: 1 seconds (0d 0h 0m 1s)

