#
# There is insufficient memory for the Java Runtime Environment to continue.
# Native memory allocation (malloc) failed to allocate 2973456 bytes for Chunk::new
# Possible reasons:
#   The system is out of physical RAM or swap space
#   In 32 bit mode, the process size limit was hit
# Possible solutions:
#   Reduce memory load on the system
#   Increase physical memory or swap space
#   Check if swap backing store is full
#   Use 64 bit Java on a 64 bit OS
#   Decrease Java heap size (-Xmx/-Xms)
#   Decrease number of Java threads
#   Decrease Java thread stack sizes (-Xss)
#   Set larger code cache with -XX:ReservedCodeCacheSize=
# This output file may be truncated or incomplete.
#
#  Out of Memory Error (allocation.cpp:390), pid=12928, tid=0x00000000000039c0
#
# JRE version: OpenJDK Runtime Environment (8.0_152-b02) (build 1.8.0_152-release-1024-b02)
# Java VM: OpenJDK 64-Bit Server VM (25.152-b02 mixed mode windows-amd64 compressed oops)
# Failed to write core dump. Minidumps are not enabled by default on client versions of Windows
#

---------------  T H R E A D  ---------------

Current thread (0x0000000017610800):  JavaThread "C2 CompilerThread2" daemon [_thread_in_native, id=14784, stack(0x00000000180d0000,0x00000000181d0000)]

Stack: [0x00000000180d0000,0x00000000181d0000]
[error occurred during error reporting (printing stack bounds), id 0xc0000005]

Native frames: (J=compiled Java code, j=interpreted, Vv=VM code, C=native code)


Current CompileTask:
C2:  10286  834       4       org.objectweb.asm.ClassReader::readCode (3575 bytes)


---------------  P R O C E S S  ---------------

Java Threads: ( => current thread )
  0x00000000176af800 JavaThread "Service Thread" daemon [_thread_blocked, id=14752, stack(0x00000000182d0000,0x00000000183d0000)]
  0x000000001762e800 JavaThread "C1 CompilerThread3" daemon [_thread_blocked, id=15028, stack(0x00000000181d0000,0x00000000182d0000)]
=>0x0000000017610800 JavaThread "C2 CompilerThread2" daemon [_thread_in_native, id=14784, stack(0x00000000180d0000,0x00000000181d0000)]
  0x000000001760c000 JavaThread "C2 CompilerThread1" daemon [_thread_blocked, id=11652, stack(0x0000000017fd0000,0x00000000180d0000)]
  0x0000000017609000 JavaThread "C2 CompilerThread0" daemon [_thread_blocked, id=15192, stack(0x0000000017ed0000,0x0000000017fd0000)]
  0x0000000017608000 JavaThread "Attach Listener" daemon [_thread_blocked, id=15060, stack(0x0000000017dd0000,0x0000000017ed0000)]
  0x0000000017607000 JavaThread "Signal Dispatcher" daemon [_thread_blocked, id=14504, stack(0x0000000017cd0000,0x0000000017dd0000)]
  0x0000000017600800 JavaThread "Finalizer" daemon [_thread_blocked, id=7500, stack(0x00000000179e0000,0x0000000017ae0000)]
  0x0000000004f29000 JavaThread "Reference Handler" daemon [_thread_blocked, id=13268, stack(0x00000000174e0000,0x00000000175e0000)]
  0x0000000004e33800 JavaThread "main" [_thread_in_native, id=14660, stack(0x0000000004c60000,0x0000000004d60000)]

Other Threads:
  0x00000000156d5800 VMThread [stack: 0x00000000173e0000,0x00000000174e0000] [id=2004]
  0x00000000176b0000 WatcherThread [stack: 0x00000000183d0000,0x00000000184d0000] [id=11516]

VM state:not at safepoint (normal execution)

VM Mutex/Monitor currently owned by a thread: None

Heap:
 PSYoungGen      total 18944K, used 6876K [0x00000000feb00000, 0x0000000100000000, 0x0000000100000000)
  eden space 16384K, 26% used [0x00000000feb00000,0x00000000fef3c3e8,0x00000000ffb00000)
  from space 2560K, 99% used [0x00000000ffb00000,0x00000000ffd7ad08,0x00000000ffd80000)
  to   space 2560K, 0% used [0x00000000ffd80000,0x00000000ffd80000,0x0000000100000000)
 ParOldGen       total 44032K, used 5527K [0x00000000fc000000, 0x00000000feb00000, 0x00000000feb00000)
  object space 44032K, 12% used [0x00000000fc000000,0x00000000fc565d70,0x00000000feb00000)
 Metaspace       used 7670K, capacity 7940K, committed 8192K, reserved 1056768K
  class space    used 871K, capacity 970K, committed 1024K, reserved 1048576K

Card table byte_map: [0x0000000004b60000,0x0000000004b90000] byte_map_base: 0x0000000004380000

Marking Bits: (ParMarkBitMap*) 0x00000000631b4970
 Begin Bits: [0x0000000014af0000, 0x0000000014bf0000)
 End Bits:   [0x0000000014bf0000, 0x0000000014cf0000)

Polling page: 0x0000000000be0000

CodeCache: size=245760Kb used=4130Kb max_used=4152Kb free=241629Kb
 bounds [0x0000000004f30000, 0x0000000005350000, 0x0000000013f30000]
 total_blobs=1406 nmethods=1073 adapters=246
 compilation: enabled

Compilation events (10 events):
Event: 9.972 Thread 0x000000001760c000 1072       4       java.util.zip.ZipOutputStream::writeShort (41 bytes)
Event: 9.972 Thread 0x000000001762e800 nmethod 1070 0x0000000005324ad0 code [0x0000000005324c20, 0x0000000005324dd0]
Event: 9.972 Thread 0x000000001762e800 1071   !   3       java.util.Vector$Itr::next (63 bytes)
Event: 9.972 Thread 0x000000001762e800 nmethod 1071 0x0000000005323cd0 code [0x0000000005323e80, 0x0000000005324578]
Event: 9.973 Thread 0x000000001762e800 1073       3       java.util.zip.ZipOutputStream::writeCEN (514 bytes)
Event: 9.975 Thread 0x000000001762e800 nmethod 1073 0x0000000005327990 code [0x0000000005327d80, 0x0000000005329598]
Event: 9.976 Thread 0x000000001760c000 nmethod 1072 0x00000000053324d0 code [0x0000000005332640, 0x0000000005332bb8]
Event: 9.976 Thread 0x000000001760c000 1074       4       java.util.zip.ZipOutputStream::writeInt (69 bytes)
Event: 9.983 Thread 0x000000001760c000 nmethod 1074 0x0000000005331550 code [0x00000000053316e0, 0x0000000005331f90]
Event: 10.120 Thread 0x0000000017609000 nmethod 1057 0x0000000005339fd0 code [0x000000000533a5c0, 0x000000000533ee48]

GC Heap History (6 events):
Event: 7.307 GC heap before
{Heap before GC invocations=1 (full 0):
 PSYoungGen      total 18944K, used 16384K [0x00000000feb00000, 0x0000000100000000, 0x0000000100000000)
  eden space 16384K, 100% used [0x00000000feb00000,0x00000000ffb00000,0x00000000ffb00000)
  from space 2560K, 0% used [0x00000000ffd80000,0x00000000ffd80000,0x0000000100000000)
  to   space 2560K, 0% used [0x00000000ffb00000,0x00000000ffb00000,0x00000000ffd80000)
 ParOldGen       total 44032K, used 0K [0x00000000fc000000, 0x00000000feb00000, 0x00000000feb00000)
  object space 44032K, 0% used [0x00000000fc000000,0x00000000fc000000,0x00000000feb00000)
 Metaspace       used 6706K, capacity 6874K, committed 7040K, reserved 1056768K
  class space    used 791K, capacity 871K, committed 896K, reserved 1048576K
Event: 7.345 GC heap after
Heap after GC invocations=1 (full 0):
 PSYoungGen      total 18944K, used 2544K [0x00000000feb00000, 0x0000000100000000, 0x0000000100000000)
  eden space 16384K, 0% used [0x00000000feb00000,0x00000000feb00000,0x00000000ffb00000)
  from space 2560K, 99% used [0x00000000ffb00000,0x00000000ffd7c020,0x00000000ffd80000)
  to   space 2560K, 0% used [0x00000000ffd80000,0x00000000ffd80000,0x0000000100000000)
 ParOldGen       total 44032K, used 1511K [0x00000000fc000000, 0x00000000feb00000, 0x00000000feb00000)
  object space 44032K, 3% used [0x00000000fc000000,0x00000000fc179df8,0x00000000feb00000)
 Metaspace       used 6706K, capacity 6874K, committed 7040K, reserved 1056768K
  class space    used 791K, capacity 871K, committed 896K, reserved 1048576K
}
Event: 9.352 GC heap before
{Heap before GC invocations=2 (full 0):
 PSYoungGen      total 18944K, used 18928K [0x00000000feb00000, 0x0000000100000000, 0x0000000100000000)
  eden space 16384K, 100% used [0x00000000feb00000,0x00000000ffb00000,0x00000000ffb00000)
  from space 2560K, 99% used [0x00000000ffb00000,0x00000000ffd7c020,0x00000000ffd80000)
  to   space 2560K, 0% used [0x00000000ffd80000,0x00000000ffd80000,0x0000000100000000)
 ParOldGen       total 44032K, used 1511K [0x00000000fc000000, 0x00000000feb00000, 0x00000000feb00000)
  object space 44032K, 3% used [0x00000000fc000000,0x00000000fc179df8,0x00000000feb00000)
 Metaspace       used 7566K, capacity 7812K, committed 7936K, reserved 1056768K
  class space    used 869K, capacity 970K, committed 1024K, reserved 1048576K
Event: 9.425 GC heap after
Heap after GC invocations=2 (full 0):
 PSYoungGen      total 18944K, used 2555K [0x00000000feb00000, 0x0000000100000000, 0x0000000100000000)
  eden space 16384K, 0% used [0x00000000feb00000,0x00000000feb00000,0x00000000ffb00000)
  from space 2560K, 99% used [0x00000000ffd80000,0x00000000ffffedc8,0x0000000100000000)
  to   space 2560K, 0% used [0x00000000ffb00000,0x00000000ffb00000,0x00000000ffd80000)
 ParOldGen       total 44032K, used 5039K [0x00000000fc000000, 0x00000000feb00000, 0x00000000feb00000)
  object space 44032K, 11% used [0x00000000fc000000,0x00000000fc4ebd70,0x00000000feb00000)
 Metaspace       used 7566K, capacity 7812K, committed 7936K, reserved 1056768K
  class space    used 869K, capacity 970K, committed 1024K, reserved 1048576K
}
Event: 9.762 GC heap before
{Heap before GC invocations=3 (full 0):
 PSYoungGen      total 18944K, used 18939K [0x00000000feb00000, 0x0000000100000000, 0x0000000100000000)
  eden space 16384K, 100% used [0x00000000feb00000,0x00000000ffb00000,0x00000000ffb00000)
  from space 2560K, 99% used [0x00000000ffd80000,0x00000000ffffedc8,0x0000000100000000)
  to   space 2560K, 0% used [0x00000000ffb00000,0x00000000ffb00000,0x00000000ffd80000)
 ParOldGen       total 44032K, used 5039K [0x00000000fc000000, 0x00000000feb00000, 0x00000000feb00000)
  object space 44032K, 11% used [0x00000000fc000000,0x00000000fc4ebd70,0x00000000feb00000)
 Metaspace       used 7658K, capacity 7940K, committed 8192K, reserved 1056768K
  class space    used 871K, capacity 970K, committed 1024K, reserved 1048576K
Event: 9.800 GC heap after
Heap after GC invocations=3 (full 0):
 PSYoungGen      total 18944K, used 2539K [0x00000000feb00000, 0x0000000100000000, 0x0000000100000000)
  eden space 16384K, 0% used [0x00000000feb00000,0x00000000feb00000,0x00000000ffb00000)
  from space 2560K, 99% used [0x00000000ffb00000,0x00000000ffd7ad08,0x00000000ffd80000)
  to   space 2560K, 0% used [0x00000000ffd80000,0x00000000ffd80000,0x0000000100000000)
 ParOldGen       total 44032K, used 5527K [0x00000000fc000000, 0x00000000feb00000, 0x00000000feb00000)
  object space 44032K, 12% used [0x00000000fc000000,0x00000000fc565d70,0x00000000feb00000)
 Metaspace       used 7658K, capacity 7940K, committed 8192K, reserved 1056768K
  class space    used 871K, capacity 970K, committed 1024K, reserved 1048576K
}

Deoptimization events (10 events):
Event: 9.077 Thread 0x0000000004e33800 Uncommon trap: reason=unstable_if action=reinterpret pc=0x000000000524fb94 method=org.objectweb.asm.MethodWriter.visitVarInsn(II)V @ 142
Event: 9.316 Thread 0x0000000004e33800 Uncommon trap: reason=unstable_if action=reinterpret pc=0x00000000052408dc method=org.objectweb.asm.Item.isEqualTo(Lorg/objectweb/asm/Item;)Z @ 345
Event: 9.460 Thread 0x0000000004e33800 Uncommon trap: reason=bimorphic action=maybe_recompile pc=0x000000000529a078 method=org.objectweb.asm.MethodVisitor.visitVarInsn(II)V @ 13
Event: 9.460 Thread 0x0000000004e33800 Uncommon trap: reason=bimorphic action=maybe_recompile pc=0x000000000529a078 method=org.objectweb.asm.MethodVisitor.visitVarInsn(II)V @ 13
Event: 9.460 Thread 0x0000000004e33800 Uncommon trap: reason=bimorphic action=maybe_recompile pc=0x000000000529a078 method=org.objectweb.asm.MethodVisitor.visitVarInsn(II)V @ 13
Event: 9.540 Thread 0x0000000004e33800 Uncommon trap: reason=unstable_if action=reinterpret pc=0x00000000051ea008 method=java.lang.String.<init>([CII)V @ 18
Event: 9.571 Thread 0x0000000004e33800 Uncommon trap: reason=unstable_if action=reinterpret pc=0x00000000051e6f18 method=java.lang.String.<init>([CII)V @ 18
Event: 9.580 Thread 0x0000000004e33800 Uncommon trap: reason=bimorphic action=maybe_recompile pc=0x000000000529a078 method=org.objectweb.asm.MethodVisitor.visitVarInsn(II)V @ 13
Event: 9.610 Thread 0x0000000004e33800 Uncommon trap: reason=null_check action=make_not_entrant pc=0x00000000052e5510 method=com.google.devtools.build.android.desugar.InterfaceDesugaring$InterfaceInvocationRewriter.visitMethodInsn(ILjava/lang/String;Ljava/lang/String;Ljava/lang/String;Z)V @ 10
Event: 9.623 Thread 0x0000000004e33800 Uncommon trap: reason=unstable_if action=reinterpret pc=0x000000000529d244 method=org.objectweb.asm.Item.isEqualTo(Lorg/objectweb/asm/Item;)Z @ 251

Classes redefined (0 events):
No events

Internal exceptions (10 events):
Event: 7.656 Thread 0x0000000004e33800 Exception <a 'sun/nio/fs/WindowsException'> (0x00000000ff16c3a8) thrown at [D:\src\AOSP-openjdk-cygwin\jdk8u\hotspot\src\share\vm\prims\jni.cpp, line 709]
Event: 7.656 Thread 0x0000000004e33800 Exception <a 'sun/nio/fs/WindowsException'> (0x00000000ff16cb68) thrown at [D:\src\AOSP-openjdk-cygwin\jdk8u\hotspot\src\share\vm\prims\jni.cpp, line 709]
Event: 7.741 Thread 0x0000000004e33800 Exception <a 'sun/nio/fs/WindowsException'> (0x00000000ff171ab0) thrown at [D:\src\AOSP-openjdk-cygwin\jdk8u\hotspot\src\share\vm\prims\jni.cpp, line 709]
Event: 8.194 Thread 0x0000000004e33800 Exception <a 'sun/nio/fs/WindowsException'> (0x00000000ff4ee5f8) thrown at [D:\src\AOSP-openjdk-cygwin\jdk8u\hotspot\src\share\vm\prims\jni.cpp, line 709]
Event: 8.195 Thread 0x0000000004e33800 Exception <a 'sun/nio/fs/WindowsException'> (0x00000000ff4eeb70) thrown at [D:\src\AOSP-openjdk-cygwin\jdk8u\hotspot\src\share\vm\prims\jni.cpp, line 709]
Event: 9.551 Thread 0x0000000004e33800 Exception <a 'sun/nio/fs/WindowsException'> (0x00000000ff0cdee8) thrown at [D:\src\AOSP-openjdk-cygwin\jdk8u\hotspot\src\share\vm\prims\jni.cpp, line 709]
Event: 9.551 Thread 0x0000000004e33800 Exception <a 'sun/nio/fs/WindowsException'> (0x00000000ff0ce3e0) thrown at [D:\src\AOSP-openjdk-cygwin\jdk8u\hotspot\src\share\vm\prims\jni.cpp, line 709]
Event: 9.606 Thread 0x0000000004e33800 Exception <a 'sun/nio/fs/WindowsException'> (0x00000000ff32ef88) thrown at [D:\src\AOSP-openjdk-cygwin\jdk8u\hotspot\src\share\vm\prims\jni.cpp, line 709]
Event: 9.606 Thread 0x0000000004e33800 Exception <a 'sun/nio/fs/WindowsException'> (0x00000000ff32f480) thrown at [D:\src\AOSP-openjdk-cygwin\jdk8u\hotspot\src\share\vm\prims\jni.cpp, line 709]
Event: 9.610 Thread 0x0000000004e33800 Implicit null exception at 0x00000000052e4a90 to 0x00000000052e54f1

Events (10 events):
Event: 9.580 Thread 0x0000000004e33800 DEOPT PACKING pc=0x000000000529a078 sp=0x0000000004d5e740
Event: 9.580 Thread 0x0000000004e33800 DEOPT UNPACKING pc=0x0000000004f7557b sp=0x0000000004d5e6f0 mode 2
Event: 9.610 Thread 0x0000000004e33800 Uncommon trap: trap_request=0xfffffff4 fr.pc=0x00000000052e5510
Event: 9.610 Thread 0x0000000004e33800 DEOPT PACKING pc=0x00000000052e5510 sp=0x0000000004d5e6f0
Event: 9.610 Thread 0x0000000004e33800 DEOPT UNPACKING pc=0x0000000004f7557b sp=0x0000000004d5e6d0 mode 2
Event: 9.623 Thread 0x0000000004e33800 Uncommon trap: trap_request=0xffffff65 fr.pc=0x000000000529d244
Event: 9.623 Thread 0x0000000004e33800 DEOPT PACKING pc=0x000000000529d244 sp=0x0000000004d5e370
Event: 9.623 Thread 0x0000000004e33800 DEOPT UNPACKING pc=0x0000000004f7557b sp=0x0000000004d5e308 mode 2
Event: 9.762 Executing VM operation: ParallelGCFailedAllocation
Event: 9.800 Executing VM operation: ParallelGCFailedAllocation done


Dynamic libraries:
0x00007ff74c3c0000 - 0x00007ff74c3f1000 	C:\Program Files\Android\Android Studio\jre\bin\java.exe
0x00007ffa3b030000 - 0x00007ffa3b210000 	C:\WINDOWS\SYSTEM32\ntdll.dll
0x00007ffa38500000 - 0x00007ffa385ae000 	C:\WINDOWS\System32\KERNEL32.DLL
0x00007ffa37d80000 - 0x00007ffa37fe6000 	C:\WINDOWS\System32\KERNELBASE.dll
0x00007ffa39980000 - 0x00007ffa39a21000 	C:\WINDOWS\System32\ADVAPI32.dll
0x00007ffa390d0000 - 0x00007ffa3916d000 	C:\WINDOWS\System32\msvcrt.dll
0x00007ffa38db0000 - 0x00007ffa38e0b000 	C:\WINDOWS\System32\sechost.dll
0x00007ffa394a0000 - 0x00007ffa395bf000 	C:\WINDOWS\System32\RPCRT4.dll
0x00007ffa38c20000 - 0x00007ffa38daf000 	C:\WINDOWS\System32\USER32.dll
0x00007ffa38290000 - 0x00007ffa382b0000 	C:\WINDOWS\System32\win32u.dll
0x00007ffa38e10000 - 0x00007ffa38e38000 	C:\WINDOWS\System32\GDI32.dll
0x00007ffa37be0000 - 0x00007ffa37d73000 	C:\WINDOWS\System32\gdi32full.dll
0x00007ffa382b0000 - 0x00007ffa3834b000 	C:\WINDOWS\System32\msvcp_win.dll
0x00007ffa38350000 - 0x00007ffa38446000 	C:\WINDOWS\System32\ucrtbase.dll
0x00007ffa31610000 - 0x00007ffa31879000 	C:\WINDOWS\WinSxS\amd64_microsoft.windows.common-controls_6595b64144ccf1df_6.0.16299.248_none_15ced204935f55d7\COMCTL32.dll
0x00007ffa395d0000 - 0x00007ffa398d8000 	C:\WINDOWS\System32\combase.dll
0x00007ffa37ff0000 - 0x00007ffa38062000 	C:\WINDOWS\System32\bcryptPrimitives.dll
0x00007ffa3af40000 - 0x00007ffa3af6d000 	C:\WINDOWS\System32\IMM32.DLL
0x00000000605f0000 - 0x00000000606c2000 	C:\Program Files\Android\Android Studio\jre\jre\bin\msvcr100.dll
0x00000000629f0000 - 0x000000006322f000 	C:\Program Files\Android\Android Studio\jre\jre\bin\server\jvm.dll
0x00007ffa395c0000 - 0x00007ffa395c8000 	C:\WINDOWS\System32\PSAPI.DLL
0x00007ffa33a80000 - 0x00007ffa33a89000 	C:\WINDOWS\SYSTEM32\WSOCK32.dll
0x00007ffa3aed0000 - 0x00007ffa3af3c000 	C:\WINDOWS\System32\WS2_32.dll
0x00007ffa32d80000 - 0x00007ffa32da3000 	C:\WINDOWS\SYSTEM32\WINMM.dll
0x00007ffa32440000 - 0x00007ffa3244a000 	C:\WINDOWS\SYSTEM32\VERSION.dll
0x00007ffa32d50000 - 0x00007ffa32d7a000 	C:\WINDOWS\SYSTEM32\WINMMBASE.dll
0x00007ffa38070000 - 0x00007ffa380ba000 	C:\WINDOWS\System32\cfgmgr32.dll
0x00007ffa33a70000 - 0x00007ffa33a7f000 	C:\Program Files\Android\Android Studio\jre\jre\bin\verify.dll
0x00007ffa31ec0000 - 0x00007ffa31ee9000 	C:\Program Files\Android\Android Studio\jre\jre\bin\java.dll
0x00007ffa2c9c0000 - 0x00007ffa2c9d6000 	C:\Program Files\Android\Android Studio\jre\jre\bin\zip.dll
0x00007ffa39a90000 - 0x00007ffa3aec6000 	C:\WINDOWS\System32\SHELL32.dll
0x00007ffa38e40000 - 0x00007ffa38ee6000 	C:\WINDOWS\System32\shcore.dll
0x00007ffa37430000 - 0x00007ffa37b77000 	C:\WINDOWS\System32\windows.storage.dll
0x00007ffa38ef0000 - 0x00007ffa38f41000 	C:\WINDOWS\System32\shlwapi.dll
0x00007ffa373c0000 - 0x00007ffa373d1000 	C:\WINDOWS\System32\kernel.appcore.dll
0x00007ffa373e0000 - 0x00007ffa3742c000 	C:\WINDOWS\System32\powrprof.dll
0x00007ffa37380000 - 0x00007ffa3739b000 	C:\WINDOWS\System32\profapi.dll
0x00007ffa37050000 - 0x00007ffa37067000 	C:\WINDOWS\SYSTEM32\CRYPTSP.dll
0x00007ffa36470000 - 0x00007ffa364a3000 	C:\WINDOWS\system32\rsaenh.dll
0x00007ffa36c50000 - 0x00007ffa36c75000 	C:\WINDOWS\SYSTEM32\bcrypt.dll
0x00007ffa372b0000 - 0x00007ffa372d9000 	C:\WINDOWS\SYSTEM32\USERENV.dll
0x00007ffa36a20000 - 0x00007ffa36a2b000 	C:\WINDOWS\SYSTEM32\CRYPTBASE.dll
0x00007ffa2af90000 - 0x00007ffa2afaa000 	C:\Program Files\Android\Android Studio\jre\jre\bin\net.dll
0x00007ffa36860000 - 0x00007ffa368c6000 	C:\WINDOWS\system32\mswsock.dll
0x00007ffa365f0000 - 0x00007ffa36629000 	C:\WINDOWS\SYSTEM32\IPHLPAPI.DLL
0x00007ffa3af90000 - 0x00007ffa3af98000 	C:\WINDOWS\System32\NSI.dll
0x00007ffa2fcf0000 - 0x00007ffa2fd06000 	C:\WINDOWS\SYSTEM32\dhcpcsvc6.DLL
0x00007ffa2fcd0000 - 0x00007ffa2fcea000 	C:\WINDOWS\SYSTEM32\dhcpcsvc.DLL
0x00007ffa2af70000 - 0x00007ffa2af81000 	C:\Program Files\Android\Android Studio\jre\jre\bin\nio.dll

VM Arguments:
jvm_args: -Djava.awt.headless=true -Xmx64M -Dfile.encoding=windows-1251 -Duser.country=UA -Duser.language=uk -Duser.variant 
java_command: com.google.devtools.build.android.desugar.Desugar --input D:\FanSerials\FanSerials\app\build\intermediates\transforms\stackFramesFixer\debug\0.jar --output D:\FanSerials\FanSerials\app\build\intermediates\transforms\desugar\debug\1.jar --input D:\FanSerials\FanSerials\app\build\intermediates\transforms\stackFramesFixer\debug\10.jar --output D:\FanSerials\FanSerials\app\build\intermediates\transforms\desugar\debug\11.jar --input D:\FanSerials\FanSerials\app\build\intermediates\transforms\stackFramesFixer\debug\2.jar --output D:\FanSerials\FanSerials\app\build\intermediates\transforms\desugar\debug\3.jar --input D:\FanSerials\FanSerials\app\build\intermediates\transforms\stackFramesFixer\debug\22.jar --output D:\FanSerials\FanSerials\app\build\intermediates\transforms\desugar\debug\23.jar --classpath_entry D:\FanSerials\FanSerials\app\build\intermediates\classes\debug --classpath_entry D:\FanSerials\FanSerials\app\build\intermediates\transforms\stackFramesFixer\debug\0.jar --classpath_entry D:\FanSerials\FanSerials\app\build\intermediates\transforms\stackFramesFixer\debug\1.jar --classpath_entry D:\FanSerials\FanSerials\app\build\intermediates\transforms\stackFramesFixer\debug\2.jar --classpath_entry D:\FanSerials\FanSerials\app\build\intermediates\transforms\stackFramesFixer\debug\3.jar --classpath_entry D:\FanSerials\FanSerials\app\build\intermediates\transforms\stackFramesFixer\debug\4.jar --classpath_entry D:\FanSerials\FanSerials\app\build\intermediates\transforms\stackFramesFixer\debug\5.jar --classpath_entry D:\FanSerials\FanSerials\app\build\intermediates\transforms\stackFramesFixer\debug\6.jar --classpath_entry D:\FanSerials\FanSerials\app\build\intermediates\transforms\stackFramesFixer\debug\7.jar --classpath_entry D:\FanSerials\FanSerials\app\build\intermediates\transforms\stackFramesFixer\debug\8.jar --classpath_entry D:\FanSerials\FanSerials\app\build\intermediates\transforms\stackFramesFixer\debug\9.jar --classpath_entry D:\FanSerials\Fan
java_class_path (initial): C:\Users\Ivan\AppData\Local\Temp\desugar_deploy.jar7065701444966566622
Launcher Type: SUN_STANDARD

Environment Variables:
PATH=C:\ProgramData\Oracle\Java\javapath;C:\WINDOWS\system32;C:\WINDOWS;C:\WINDOWS\System32\Wbem;C:\WINDOWS\System32\WindowsPowerShell\v1.0\;C:\Program Files (x86)\NVIDIA Corporation\PhysX\Common;C:\Users\Ivan\AppData\Local\Microsoft\WindowsApps;
USERNAME=Ivan
OS=Windows_NT
PROCESSOR_IDENTIFIER=Intel64 Family 6 Model 60 Stepping 3, GenuineIntel



---------------  S Y S T E M  ---------------

OS: Windows 10.0 , 64 bit Build 16299 (10.0.16299.15)

CPU:total 8 (initial active 8) (4 cores per cpu, 2 threads per core) family 6 model 60 stepping 3, cmov, cx8, fxsr, mmx, sse, sse2, sse3, ssse3, sse4.1, sse4.2, popcnt, avx, avx2, aes, clmul, erms, lzcnt, ht, tsc, tscinvbit, bmi1, bmi2

Memory: 4k page, physical 8268984k(719492k free), swap 10316984k(3772k free)

vm_info: OpenJDK 64-Bit Server VM (25.152-b02) for windows-amd64 JRE (1.8.0_152-release-1024-b02), built by "builder" with MS VC++ 10.0 (VS2010)

time: Wed Mar 28 23:31:14 2018
elapsed time: 10 seconds (0d 0h 0m 10s)

