#
# There is insufficient memory for the Java Runtime Environment to continue.
# Native memory allocation (malloc) failed to allocate 1591088 bytes for Chunk::new
# Possible reasons:
#   The system is out of physical RAM or swap space
#   In 32 bit mode, the process size limit was hit
# Possible solutions:
#   Reduce memory load on the system
#   Increase physical memory or swap space
#   Check if swap backing store is full
#   Use 64 bit Java on a 64 bit OS
#   Decrease Java heap size (-Xmx/-Xms)
#   Decrease number of Java threads
#   Decrease Java thread stack sizes (-Xss)
#   Set larger code cache with -XX:ReservedCodeCacheSize=
# This output file may be truncated or incomplete.
#
#  Out of Memory Error (allocation.cpp:390), pid=8020, tid=0x00000000000032ec
#
# JRE version: OpenJDK Runtime Environment (8.0_152-b02) (build 1.8.0_152-release-1024-b02)
# Java VM: OpenJDK 64-Bit Server VM (25.152-b02 mixed mode windows-amd64 compressed oops)
# Failed to write core dump. Minidumps are not enabled by default on client versions of Windows
#

---------------  T H R E A D  ---------------

Current thread (0x0000000016fcd800):  JavaThread "C2 CompilerThread0" daemon [_thread_in_native, id=13036, stack(0x0000000017890000,0x0000000017990000)]

Stack: [0x0000000017890000,0x0000000017990000]
[error occurred during error reporting (printing stack bounds), id 0xc0000005]

Native frames: (J=compiled Java code, j=interpreted, Vv=VM code, C=native code)


Current CompileTask:
C2:   5548  860       4       org.objectweb.asm.ClassReader::readCode (3575 bytes)


---------------  P R O C E S S  ---------------

Java Threads: ( => current thread )
  0x0000000017033000 JavaThread "Service Thread" daemon [_thread_blocked, id=9332, stack(0x0000000017c90000,0x0000000017d90000)]
  0x000000001702f800 JavaThread "C1 CompilerThread3" daemon [_thread_blocked, id=4324, stack(0x0000000017b90000,0x0000000017c90000)]
  0x00000000150dd000 JavaThread "C2 CompilerThread2" daemon [_thread_in_native, id=7512, stack(0x0000000017a90000,0x0000000017b90000)]
  0x00000000150dc000 JavaThread "C2 CompilerThread1" daemon [_thread_in_native, id=4164, stack(0x0000000017990000,0x0000000017a90000)]
=>0x0000000016fcd800 JavaThread "C2 CompilerThread0" daemon [_thread_in_native, id=13036, stack(0x0000000017890000,0x0000000017990000)]
  0x0000000016fcc000 JavaThread "Attach Listener" daemon [_thread_blocked, id=12820, stack(0x0000000017790000,0x0000000017890000)]
  0x0000000016fca800 JavaThread "Signal Dispatcher" daemon [_thread_blocked, id=6636, stack(0x0000000017690000,0x0000000017790000)]
  0x0000000016fc1000 JavaThread "Finalizer" daemon [_thread_blocked, id=9264, stack(0x00000000173a0000,0x00000000174a0000)]
  0x0000000004917000 JavaThread "Reference Handler" daemon [_thread_blocked, id=1604, stack(0x0000000016ea0000,0x0000000016fa0000)]
  0x0000000004823800 JavaThread "main" [_thread_in_native, id=5472, stack(0x0000000004720000,0x0000000004820000)]

Other Threads:
  0x00000000150c5800 VMThread [stack: 0x0000000016da0000,0x0000000016ea0000] [id=10820]
  0x0000000017034000 WatcherThread [stack: 0x0000000017d90000,0x0000000017e90000] [id=12352]

VM state:not at safepoint (normal execution)

VM Mutex/Monitor currently owned by a thread: None

Heap:
 PSYoungGen      total 18944K, used 4162K [0x00000000feb00000, 0x0000000100000000, 0x0000000100000000)
  eden space 16384K, 9% used [0x00000000feb00000,0x00000000fec95b50,0x00000000ffb00000)
  from space 2560K, 99% used [0x00000000ffb00000,0x00000000ffd7ae30,0x00000000ffd80000)
  to   space 2560K, 0% used [0x00000000ffd80000,0x00000000ffd80000,0x0000000100000000)
 ParOldGen       total 44032K, used 5431K [0x00000000fc000000, 0x00000000feb00000, 0x00000000feb00000)
  object space 44032K, 12% used [0x00000000fc000000,0x00000000fc54dc48,0x00000000feb00000)
 Metaspace       used 7691K, capacity 7940K, committed 8192K, reserved 1056768K
  class space    used 871K, capacity 970K, committed 1024K, reserved 1048576K

Card table byte_map: [0x00000000044f0000,0x0000000004520000] byte_map_base: 0x0000000003d10000

Marking Bits: (ParMarkBitMap*) 0x000000005cc34970
 Begin Bits: [0x00000000144e0000, 0x00000000145e0000)
 End Bits:   [0x00000000145e0000, 0x00000000146e0000)

Polling page: 0x0000000002e20000

CodeCache: size=245760Kb used=4018Kb max_used=4031Kb free=241741Kb
 bounds [0x0000000004920000, 0x0000000004d20000, 0x0000000013920000]
 total_blobs=1429 nmethods=1096 adapters=246
 compilation: enabled

Compilation events (10 events):
Event: 5.530 Thread 0x000000001702f800 1093       3       java.util.LinkedHashMap$LinkedHashIterator::hasNext (13 bytes)
Event: 5.530 Thread 0x000000001702f800 nmethod 1093 0x0000000004d01e50 code [0x0000000004d01fa0, 0x0000000004d02150]
Event: 5.530 Thread 0x000000001702f800 1095       3       java.util.Vector$Itr::hasNext (20 bytes)
Event: 5.530 Thread 0x000000001702f800 nmethod 1095 0x0000000004d01050 code [0x0000000004d011a0, 0x0000000004d01350]
Event: 5.530 Thread 0x000000001702f800 1096   !   3       java.util.Vector$Itr::next (63 bytes)
Event: 5.531 Thread 0x000000001702f800 nmethod 1096 0x0000000004d0af90 code [0x0000000004d0b140, 0x0000000004d0b838]
Event: 5.531 Thread 0x000000001702f800 1097       3       java.util.zip.ZipOutputStream::writeCEN (514 bytes)
Event: 5.533 Thread 0x000000001702f800 nmethod 1097 0x0000000004d0bd90 code [0x0000000004d0c180, 0x0000000004d0d998]
Event: 5.535 Thread 0x00000000150dd000 nmethod 1090 0x0000000004d0a390 code [0x0000000004d0a500, 0x0000000004d0abc8]
Event: 5.535 Thread 0x00000000150dd000 1089 %     4       org.objectweb.asm.ClassReader::<init> @ 72 (257 bytes)

GC Heap History (6 events):
Event: 3.804 GC heap before
{Heap before GC invocations=1 (full 0):
 PSYoungGen      total 18944K, used 16384K [0x00000000feb00000, 0x0000000100000000, 0x0000000100000000)
  eden space 16384K, 100% used [0x00000000feb00000,0x00000000ffb00000,0x00000000ffb00000)
  from space 2560K, 0% used [0x00000000ffd80000,0x00000000ffd80000,0x0000000100000000)
  to   space 2560K, 0% used [0x00000000ffb00000,0x00000000ffb00000,0x00000000ffd80000)
 ParOldGen       total 44032K, used 0K [0x00000000fc000000, 0x00000000feb00000, 0x00000000feb00000)
  object space 44032K, 0% used [0x00000000fc000000,0x00000000fc000000,0x00000000feb00000)
 Metaspace       used 6713K, capacity 6874K, committed 7040K, reserved 1056768K
  class space    used 791K, capacity 871K, committed 896K, reserved 1048576K
Event: 3.819 GC heap after
Heap after GC invocations=1 (full 0):
 PSYoungGen      total 18944K, used 2544K [0x00000000feb00000, 0x0000000100000000, 0x0000000100000000)
  eden space 16384K, 0% used [0x00000000feb00000,0x00000000feb00000,0x00000000ffb00000)
  from space 2560K, 99% used [0x00000000ffb00000,0x00000000ffd7c020,0x00000000ffd80000)
  to   space 2560K, 0% used [0x00000000ffd80000,0x00000000ffd80000,0x0000000100000000)
 ParOldGen       total 44032K, used 1424K [0x00000000fc000000, 0x00000000feb00000, 0x00000000feb00000)
  object space 44032K, 3% used [0x00000000fc000000,0x00000000fc164170,0x00000000feb00000)
 Metaspace       used 6713K, capacity 6874K, committed 7040K, reserved 1056768K
  class space    used 791K, capacity 871K, committed 896K, reserved 1048576K
}
Event: 4.679 GC heap before
{Heap before GC invocations=2 (full 0):
 PSYoungGen      total 18944K, used 18928K [0x00000000feb00000, 0x0000000100000000, 0x0000000100000000)
  eden space 16384K, 100% used [0x00000000feb00000,0x00000000ffb00000,0x00000000ffb00000)
  from space 2560K, 99% used [0x00000000ffb00000,0x00000000ffd7c020,0x00000000ffd80000)
  to   space 2560K, 0% used [0x00000000ffd80000,0x00000000ffd80000,0x0000000100000000)
 ParOldGen       total 44032K, used 1424K [0x00000000fc000000, 0x00000000feb00000, 0x00000000feb00000)
  object space 44032K, 3% used [0x00000000fc000000,0x00000000fc164170,0x00000000feb00000)
 Metaspace       used 7588K, capacity 7876K, committed 7936K, reserved 1056768K
  class space    used 871K, capacity 970K, committed 1024K, reserved 1048576K
Event: 4.745 GC heap after
Heap after GC invocations=2 (full 0):
 PSYoungGen      total 18944K, used 2555K [0x00000000feb00000, 0x0000000100000000, 0x0000000100000000)
  eden space 16384K, 0% used [0x00000000feb00000,0x00000000feb00000,0x00000000ffb00000)
  from space 2560K, 99% used [0x00000000ffd80000,0x00000000ffffee40,0x0000000100000000)
  to   space 2560K, 0% used [0x00000000ffb00000,0x00000000ffb00000,0x00000000ffd80000)
 ParOldGen       total 44032K, used 5183K [0x00000000fc000000, 0x00000000feb00000, 0x00000000feb00000)
  object space 44032K, 11% used [0x00000000fc000000,0x00000000fc50fc48,0x00000000feb00000)
 Metaspace       used 7588K, capacity 7876K, committed 7936K, reserved 1056768K
  class space    used 871K, capacity 970K, committed 1024K, reserved 1048576K
}
Event: 5.500 GC heap before
{Heap before GC invocations=3 (full 0):
 PSYoungGen      total 18944K, used 18939K [0x00000000feb00000, 0x0000000100000000, 0x0000000100000000)
  eden space 16384K, 100% used [0x00000000feb00000,0x00000000ffb00000,0x00000000ffb00000)
  from space 2560K, 99% used [0x00000000ffd80000,0x00000000ffffee40,0x0000000100000000)
  to   space 2560K, 0% used [0x00000000ffb00000,0x00000000ffb00000,0x00000000ffd80000)
 ParOldGen       total 44032K, used 5183K [0x00000000fc000000, 0x00000000feb00000, 0x00000000feb00000)
  object space 44032K, 11% used [0x00000000fc000000,0x00000000fc50fc48,0x00000000feb00000)
 Metaspace       used 7684K, capacity 7940K, committed 8192K, reserved 1056768K
  class space    used 871K, capacity 970K, committed 1024K, reserved 1048576K
Event: 5.505 GC heap after
Heap after GC invocations=3 (full 0):
 PSYoungGen      total 18944K, used 2539K [0x00000000feb00000, 0x0000000100000000, 0x0000000100000000)
  eden space 16384K, 0% used [0x00000000feb00000,0x00000000feb00000,0x00000000ffb00000)
  from space 2560K, 99% used [0x00000000ffb00000,0x00000000ffd7ae30,0x00000000ffd80000)
  to   space 2560K, 0% used [0x00000000ffd80000,0x00000000ffd80000,0x0000000100000000)
 ParOldGen       total 44032K, used 5431K [0x00000000fc000000, 0x00000000feb00000, 0x00000000feb00000)
  object space 44032K, 12% used [0x00000000fc000000,0x00000000fc54dc48,0x00000000feb00000)
 Metaspace       used 7684K, capacity 7940K, committed 8192K, reserved 1056768K
  class space    used 871K, capacity 970K, committed 1024K, reserved 1048576K
}

Deoptimization events (10 events):
Event: 3.763 Thread 0x0000000004823800 Uncommon trap: reason=unstable_if action=reinterpret pc=0x0000000004b6385c method=java.util.zip.ZipCoder.decoder()Ljava/nio/charset/CharsetDecoder; @ 4
Event: 3.926 Thread 0x0000000004823800 Uncommon trap: reason=unstable_if action=reinterpret pc=0x0000000004b5db00 method=java.util.zip.ZipFile.getZipEntry(Ljava/lang/String;J)Ljava/util/zip/ZipEntry; @ 19
Event: 4.092 Thread 0x0000000004823800 Uncommon trap: reason=unloaded action=reinterpret pc=0x0000000004b6d6bc method=java.util.zip.ZipEntry.setExtra0([BZ)V @ 37
Event: 4.263 Thread 0x0000000004823800 Uncommon trap: reason=unstable_if action=reinterpret pc=0x0000000004afd7b8 method=java.lang.String.<init>([CII)V @ 18
Event: 4.574 Thread 0x0000000004823800 Uncommon trap: reason=unstable_if action=reinterpret pc=0x0000000004befc78 method=org.objectweb.asm.ClassReader.readUTF(II[C)Ljava/lang/String; @ 77
Event: 4.574 Thread 0x0000000004823800 Uncommon trap: reason=unstable_if action=reinterpret pc=0x0000000004bee8b8 method=org.objectweb.asm.ByteVector.putUTF8(Ljava/lang/String;)Lorg/objectweb/asm/ByteVector; @ 98
Event: 4.579 Thread 0x0000000004823800 Uncommon trap: reason=unstable_if action=reinterpret pc=0x0000000004bf18dc method=org.objectweb.asm.Item.isEqualTo(Lorg/objectweb/asm/Item;)Z @ 345
Event: 5.102 Thread 0x0000000004823800 Uncommon trap: reason=unstable_if action=reinterpret pc=0x0000000004c378f8 method=org.objectweb.asm.Type.getArgumentsAndReturnSizes(Ljava/lang/String;)I @ 118
Event: 5.407 Thread 0x0000000004823800 Uncommon trap: reason=null_check action=make_not_entrant pc=0x0000000004cf8440 method=com.google.devtools.build.android.desugar.InterfaceDesugaring$InterfaceInvocationRewriter.visitMethodInsn(ILjava/lang/String;Ljava/lang/String;Ljava/lang/String;Z)V @ 10
Event: 5.507 Thread 0x0000000004823800 Uncommon trap: reason=unstable_if action=reinterpret pc=0x0000000004c2d29c method=org.objectweb.asm.ByteVector.putUTF8(Ljava/lang/String;)Lorg/objectweb/asm/ByteVector; @ 98

Classes redefined (0 events):
No events

Internal exceptions (10 events):
Event: 3.943 Thread 0x0000000004823800 Exception <a 'sun/nio/fs/WindowsException'> (0x00000000ff19e618) thrown at [D:\src\AOSP-openjdk-cygwin\jdk8u\hotspot\src\share\vm\prims\jni.cpp, line 709]
Event: 3.943 Thread 0x0000000004823800 Exception <a 'sun/nio/fs/WindowsException'> (0x00000000ff19ebd8) thrown at [D:\src\AOSP-openjdk-cygwin\jdk8u\hotspot\src\share\vm\prims\jni.cpp, line 709]
Event: 3.943 Thread 0x0000000004823800 Exception <a 'sun/nio/fs/WindowsException'> (0x00000000ff19f1a8) thrown at [D:\src\AOSP-openjdk-cygwin\jdk8u\hotspot\src\share\vm\prims\jni.cpp, line 709]
Event: 3.943 Thread 0x0000000004823800 Exception <a 'sun/nio/fs/WindowsException'> (0x00000000ff19f968) thrown at [D:\src\AOSP-openjdk-cygwin\jdk8u\hotspot\src\share\vm\prims\jni.cpp, line 709]
Event: 4.021 Thread 0x0000000004823800 Exception <a 'sun/nio/fs/WindowsException'> (0x00000000ff1a48b0) thrown at [D:\src\AOSP-openjdk-cygwin\jdk8u\hotspot\src\share\vm\prims\jni.cpp, line 709]
Event: 4.119 Thread 0x0000000004823800 Exception <a 'sun/nio/fs/WindowsException'> (0x00000000ff534ce0) thrown at [D:\src\AOSP-openjdk-cygwin\jdk8u\hotspot\src\share\vm\prims\jni.cpp, line 709]
Event: 4.119 Thread 0x0000000004823800 Exception <a 'sun/nio/fs/WindowsException'> (0x00000000ff535258) thrown at [D:\src\AOSP-openjdk-cygwin\jdk8u\hotspot\src\share\vm\prims\jni.cpp, line 709]
Event: 4.441 Thread 0x0000000004823800 Exception <a 'sun/nio/fs/WindowsException'> (0x00000000ff6d4430) thrown at [D:\src\AOSP-openjdk-cygwin\jdk8u\hotspot\src\share\vm\prims\jni.cpp, line 709]
Event: 4.441 Thread 0x0000000004823800 Exception <a 'sun/nio/fs/WindowsException'> (0x00000000ff6d4928) thrown at [D:\src\AOSP-openjdk-cygwin\jdk8u\hotspot\src\share\vm\prims\jni.cpp, line 709]
Event: 5.407 Thread 0x0000000004823800 Implicit null exception at 0x0000000004cf7b49 to 0x0000000004cf8429

Events (10 events):
Event: 5.102 Thread 0x0000000004823800 DEOPT PACKING pc=0x0000000004c378f8 sp=0x000000000481e450
Event: 5.102 Thread 0x0000000004823800 DEOPT UNPACKING pc=0x000000000496557b sp=0x000000000481e3e0 mode 2
Event: 5.407 Thread 0x0000000004823800 Uncommon trap: trap_request=0xfffffff4 fr.pc=0x0000000004cf8440
Event: 5.407 Thread 0x0000000004823800 DEOPT PACKING pc=0x0000000004cf8440 sp=0x000000000481e6d0
Event: 5.407 Thread 0x0000000004823800 DEOPT UNPACKING pc=0x000000000496557b sp=0x000000000481e6b0 mode 2
Event: 5.500 Executing VM operation: ParallelGCFailedAllocation
Event: 5.505 Executing VM operation: ParallelGCFailedAllocation done
Event: 5.507 Thread 0x0000000004823800 Uncommon trap: trap_request=0xffffff65 fr.pc=0x0000000004c2d29c
Event: 5.507 Thread 0x0000000004823800 DEOPT PACKING pc=0x0000000004c2d29c sp=0x000000000481e7a0
Event: 5.507 Thread 0x0000000004823800 DEOPT UNPACKING pc=0x000000000496557b sp=0x000000000481e6e0 mode 2


Dynamic libraries:
0x00007ff7a0670000 - 0x00007ff7a06a1000 	C:\Program Files\Android\Android Studio\jre\bin\java.exe
0x00007ffe1a550000 - 0x00007ffe1a730000 	C:\WINDOWS\SYSTEM32\ntdll.dll
0x00007ffe17a60000 - 0x00007ffe17b0e000 	C:\WINDOWS\System32\KERNEL32.DLL
0x00007ffe16c70000 - 0x00007ffe16ed6000 	C:\WINDOWS\System32\KERNELBASE.dll
0x00007ffe1a3d0000 - 0x00007ffe1a471000 	C:\WINDOWS\System32\ADVAPI32.dll
0x00007ffe1a480000 - 0x00007ffe1a51d000 	C:\WINDOWS\System32\msvcrt.dll
0x00007ffe19d60000 - 0x00007ffe19dbb000 	C:\WINDOWS\System32\sechost.dll
0x00007ffe1a120000 - 0x00007ffe1a23f000 	C:\WINDOWS\System32\RPCRT4.dll
0x00007ffe17bf0000 - 0x00007ffe17d7f000 	C:\WINDOWS\System32\USER32.dll
0x00007ffe16a80000 - 0x00007ffe16aa0000 	C:\WINDOWS\System32\win32u.dll
0x00007ffe17b10000 - 0x00007ffe17b38000 	C:\WINDOWS\System32\GDI32.dll
0x00007ffe17880000 - 0x00007ffe17a13000 	C:\WINDOWS\System32\gdi32full.dll
0x00007ffe177e0000 - 0x00007ffe1787b000 	C:\WINDOWS\System32\msvcp_win.dll
0x00007ffe17630000 - 0x00007ffe17726000 	C:\WINDOWS\System32\ucrtbase.dll
0x00007ffe10e30000 - 0x00007ffe11099000 	C:\WINDOWS\WinSxS\amd64_microsoft.windows.common-controls_6595b64144ccf1df_6.0.16299.248_none_15ced204935f55d7\COMCTL32.dll
0x00007ffe19520000 - 0x00007ffe19828000 	C:\WINDOWS\System32\combase.dll
0x00007ffe16950000 - 0x00007ffe169c2000 	C:\WINDOWS\System32\bcryptPrimitives.dll
0x00007ffe17a30000 - 0x00007ffe17a5d000 	C:\WINDOWS\System32\IMM32.DLL
0x000000005c2b0000 - 0x000000005c382000 	C:\Program Files\Android\Android Studio\jre\jre\bin\msvcr100.dll
0x000000005c470000 - 0x000000005ccaf000 	C:\Program Files\Android\Android Studio\jre\jre\bin\server\jvm.dll
0x00007ffe193c0000 - 0x00007ffe193c8000 	C:\WINDOWS\System32\PSAPI.DLL
0x00007ffe0c050000 - 0x00007ffe0c059000 	C:\WINDOWS\SYSTEM32\WSOCK32.dll
0x00007ffe12410000 - 0x00007ffe12433000 	C:\WINDOWS\SYSTEM32\WINMM.dll
0x00007ffe1a360000 - 0x00007ffe1a3cc000 	C:\WINDOWS\System32\WS2_32.dll
0x00007ffe11980000 - 0x00007ffe1198a000 	C:\WINDOWS\SYSTEM32\VERSION.dll
0x00007ffe123b0000 - 0x00007ffe123da000 	C:\WINDOWS\SYSTEM32\WINMMBASE.dll
0x00007ffe16a30000 - 0x00007ffe16a7a000 	C:\WINDOWS\System32\cfgmgr32.dll
0x00007ffe0bdc0000 - 0x00007ffe0bdcf000 	C:\Program Files\Android\Android Studio\jre\jre\bin\verify.dll
0x00007ffe0acd0000 - 0x00007ffe0acf9000 	C:\Program Files\Android\Android Studio\jre\jre\bin\java.dll
0x00007ffe0bda0000 - 0x00007ffe0bdb6000 	C:\Program Files\Android\Android Studio\jre\jre\bin\zip.dll
0x00007ffe17de0000 - 0x00007ffe19216000 	C:\WINDOWS\System32\SHELL32.dll
0x00007ffe17b40000 - 0x00007ffe17be6000 	C:\WINDOWS\System32\shcore.dll
0x00007ffe16ee0000 - 0x00007ffe17627000 	C:\WINDOWS\System32\windows.storage.dll
0x00007ffe19f50000 - 0x00007ffe19fa1000 	C:\WINDOWS\System32\shlwapi.dll
0x00007ffe168f0000 - 0x00007ffe16901000 	C:\WINDOWS\System32\kernel.appcore.dll
0x00007ffe168a0000 - 0x00007ffe168ec000 	C:\WINDOWS\System32\powrprof.dll
0x00007ffe16910000 - 0x00007ffe1692b000 	C:\WINDOWS\System32\profapi.dll
0x00007ffe165d0000 - 0x00007ffe165e7000 	C:\WINDOWS\SYSTEM32\CRYPTSP.dll
0x00007ffe15990000 - 0x00007ffe159c3000 	C:\WINDOWS\system32\rsaenh.dll
0x00007ffe16360000 - 0x00007ffe16385000 	C:\WINDOWS\SYSTEM32\bcrypt.dll
0x00007ffe167d0000 - 0x00007ffe167f9000 	C:\WINDOWS\SYSTEM32\USERENV.dll
0x00007ffe15fa0000 - 0x00007ffe15fab000 	C:\WINDOWS\SYSTEM32\CRYPTBASE.dll
0x00007ffe0acb0000 - 0x00007ffe0acca000 	C:\Program Files\Android\Android Studio\jre\jre\bin\net.dll
0x00007ffe15d80000 - 0x00007ffe15de6000 	C:\WINDOWS\system32\mswsock.dll
0x00007ffe15b10000 - 0x00007ffe15b49000 	C:\WINDOWS\SYSTEM32\IPHLPAPI.DLL
0x00007ffe1a350000 - 0x00007ffe1a358000 	C:\WINDOWS\System32\NSI.dll
0x00007ffe0f160000 - 0x00007ffe0f176000 	C:\WINDOWS\SYSTEM32\dhcpcsvc6.DLL
0x00007ffe0f140000 - 0x00007ffe0f15a000 	C:\WINDOWS\SYSTEM32\dhcpcsvc.DLL
0x00007ffe0ac90000 - 0x00007ffe0aca1000 	C:\Program Files\Android\Android Studio\jre\jre\bin\nio.dll

VM Arguments:
jvm_args: -Djava.awt.headless=true -Xmx64M -Dfile.encoding=windows-1251 -Duser.country=UA -Duser.language=uk -Duser.variant 
java_command: com.google.devtools.build.android.desugar.Desugar --input D:\FanSerials\FanSerials\app\build\intermediates\transforms\stackFramesFixer\debug\26.jar --output D:\FanSerials\FanSerials\app\build\intermediates\transforms\desugar\debug\27.jar --input D:\FanSerials\FanSerials\app\build\intermediates\transforms\stackFramesFixer\debug\18.jar --output D:\FanSerials\FanSerials\app\build\intermediates\transforms\desugar\debug\19.jar --input D:\FanSerials\FanSerials\app\build\intermediates\transforms\stackFramesFixer\debug\12.jar --output D:\FanSerials\FanSerials\app\build\intermediates\transforms\desugar\debug\13.jar --input D:\FanSerials\FanSerials\app\build\intermediates\transforms\stackFramesFixer\debug\15.jar --output D:\FanSerials\FanSerials\app\build\intermediates\transforms\desugar\debug\16.jar --classpath_entry D:\FanSerials\FanSerials\app\build\intermediates\classes\debug --classpath_entry D:\FanSerials\FanSerials\app\build\intermediates\transforms\stackFramesFixer\debug\0.jar --classpath_entry D:\FanSerials\FanSerials\app\build\intermediates\transforms\stackFramesFixer\debug\1.jar --classpath_entry D:\FanSerials\FanSerials\app\build\intermediates\transforms\stackFramesFixer\debug\2.jar --classpath_entry D:\FanSerials\FanSerials\app\build\intermediates\transforms\stackFramesFixer\debug\3.jar --classpath_entry D:\FanSerials\FanSerials\app\build\intermediates\transforms\stackFramesFixer\debug\4.jar --classpath_entry D:\FanSerials\FanSerials\app\build\intermediates\transforms\stackFramesFixer\debug\5.jar --classpath_entry D:\FanSerials\FanSerials\app\build\intermediates\transforms\stackFramesFixer\debug\6.jar --classpath_entry D:\FanSerials\FanSerials\app\build\intermediates\transforms\stackFramesFixer\debug\7.jar --classpath_entry D:\FanSerials\FanSerials\app\build\intermediates\transforms\stackFramesFixer\debug\8.jar --classpath_entry D:\FanSerials\FanSerials\app\build\intermediates\transforms\stackFramesFixer\debug\9.jar --classpath_entry D:\FanSerials
java_class_path (initial): C:\Users\Ivan\AppData\Local\Temp\desugar_deploy.jar883269109973781300
Launcher Type: SUN_STANDARD

Environment Variables:
PATH=C:\ProgramData\Oracle\Java\javapath;C:\WINDOWS\system32;C:\WINDOWS;C:\WINDOWS\System32\Wbem;C:\WINDOWS\System32\WindowsPowerShell\v1.0\;C:\Program Files (x86)\NVIDIA Corporation\PhysX\Common;C:\Users\Ivan\AppData\Local\Microsoft\WindowsApps;
USERNAME=Ivan
OS=Windows_NT
PROCESSOR_IDENTIFIER=Intel64 Family 6 Model 60 Stepping 3, GenuineIntel



---------------  S Y S T E M  ---------------

OS: Windows 10.0 , 64 bit Build 16299 (10.0.16299.15)

CPU:total 8 (initial active 8) (4 cores per cpu, 2 threads per core) family 6 model 60 stepping 3, cmov, cx8, fxsr, mmx, sse, sse2, sse3, ssse3, sse4.1, sse4.2, popcnt, avx, avx2, aes, clmul, erms, lzcnt, ht, tsc, tscinvbit, bmi1, bmi2

Memory: 4k page, physical 8268984k(1276104k free), swap 10316984k(342800k free)

vm_info: OpenJDK 64-Bit Server VM (25.152-b02) for windows-amd64 JRE (1.8.0_152-release-1024-b02), built by "builder" with MS VC++ 10.0 (VS2010)

time: Fri Mar 30 21:32:33 2018
elapsed time: 5 seconds (0d 0h 0m 5s)

