#
# There is insufficient memory for the Java Runtime Environment to continue.
# Native memory allocation (malloc) failed to allocate 32744 bytes for ChunkPool::allocate
# Possible reasons:
#   The system is out of physical RAM or swap space
#   In 32 bit mode, the process size limit was hit
# Possible solutions:
#   Reduce memory load on the system
#   Increase physical memory or swap space
#   Check if swap backing store is full
#   Use 64 bit Java on a 64 bit OS
#   Decrease Java heap size (-Xmx/-Xms)
#   Decrease number of Java threads
#   Decrease Java thread stack sizes (-Xss)
#   Set larger code cache with -XX:ReservedCodeCacheSize=
# This output file may be truncated or incomplete.
#
#  Out of Memory Error (allocation.cpp:273), pid=4080, tid=0x00000000000034a4
#
# JRE version: OpenJDK Runtime Environment (8.0_152-b02) (build 1.8.0_152-release-1024-b02)
# Java VM: OpenJDK 64-Bit Server VM (25.152-b02 mixed mode windows-amd64 compressed oops)
# Failed to write core dump. Minidumps are not enabled by default on client versions of Windows
#

---------------  T H R E A D  ---------------

Current thread (0x00000000178ec000):  JavaThread "C2 CompilerThread1" daemon [_thread_in_native, id=13476, stack(0x00000000182b0000,0x00000000183b0000)]

Stack: [0x00000000182b0000,0x00000000183b0000]
[error occurred during error reporting (printing stack bounds), id 0xc0000005]

Native frames: (J=compiled Java code, j=interpreted, Vv=VM code, C=native code)


Current CompileTask:
C2:   5969  832 %     4       org.objectweb.asm.ClassReader::readCode @ 74 (3575 bytes)


---------------  P R O C E S S  ---------------

Java Threads: ( => current thread )
  0x000000001798f800 JavaThread "Service Thread" daemon [_thread_blocked, id=5428, stack(0x00000000185b0000,0x00000000186b0000)]
  0x00000000178fa800 JavaThread "C1 CompilerThread3" daemon [_thread_blocked, id=9056, stack(0x00000000184b0000,0x00000000185b0000)]
  0x00000000178ee000 JavaThread "C2 CompilerThread2" daemon [_thread_blocked, id=8124, stack(0x00000000183b0000,0x00000000184b0000)]
=>0x00000000178ec000 JavaThread "C2 CompilerThread1" daemon [_thread_in_native, id=13476, stack(0x00000000182b0000,0x00000000183b0000)]
  0x00000000178e9000 JavaThread "C2 CompilerThread0" daemon [_thread_blocked, id=13820, stack(0x00000000181b0000,0x00000000182b0000)]
  0x00000000178e8000 JavaThread "Attach Listener" daemon [_thread_blocked, id=6384, stack(0x00000000180b0000,0x00000000181b0000)]
  0x00000000178e7000 JavaThread "Signal Dispatcher" daemon [_thread_blocked, id=2872, stack(0x0000000017fb0000,0x00000000180b0000)]
  0x00000000178e0800 JavaThread "Finalizer" daemon [_thread_blocked, id=13588, stack(0x0000000017cc0000,0x0000000017dc0000)]
  0x00000000051c9000 JavaThread "Reference Handler" daemon [_thread_blocked, id=13504, stack(0x00000000177c0000,0x00000000178c0000)]
  0x00000000050d3800 JavaThread "main" [_thread_in_native, id=11036, stack(0x0000000004fa0000,0x00000000050a0000)]

Other Threads:
  0x00000000159f5800 VMThread [stack: 0x00000000176c0000,0x00000000177c0000] [id=14304]
  0x0000000017990800 WatcherThread [stack: 0x00000000186b0000,0x00000000187b0000] [id=464]

VM state:not at safepoint (normal execution)

VM Mutex/Monitor currently owned by a thread: None

Heap:
 PSYoungGen      total 18944K, used 4289K [0x00000000feb00000, 0x0000000100000000, 0x0000000100000000)
  eden space 16384K, 10% used [0x00000000feb00000,0x00000000fecb1c40,0x00000000ffb00000)
  from space 2560K, 99% used [0x00000000ffd80000,0x00000000ffffe7e0,0x0000000100000000)
  to   space 2560K, 0% used [0x00000000ffb00000,0x00000000ffb00000,0x00000000ffd80000)
 ParOldGen       total 44032K, used 5140K [0x00000000fc000000, 0x00000000feb00000, 0x00000000feb00000)
  object space 44032K, 11% used [0x00000000fc000000,0x00000000fc505240,0x00000000feb00000)
 Metaspace       used 7604K, capacity 7812K, committed 7936K, reserved 1056768K
  class space    used 869K, capacity 970K, committed 1024K, reserved 1048576K

Card table byte_map: [0x00000000051d0000,0x0000000005200000] byte_map_base: 0x00000000049f0000

Marking Bits: (ParMarkBitMap*) 0x000000005cc34970
 Begin Bits: [0x0000000014e10000, 0x0000000014f10000)
 End Bits:   [0x0000000014f10000, 0x0000000015010000)

Polling page: 0x0000000003370000

CodeCache: size=245760Kb used=3514Kb max_used=3526Kb free=242245Kb
 bounds [0x0000000005250000, 0x00000000055d0000, 0x0000000014250000]
 total_blobs=1234 nmethods=902 adapters=246
 compilation: enabled

Compilation events (10 events):
Event: 5.249 Thread 0x00000000178fa800  893       1       java.nio.channels.spi.AbstractInterruptibleChannel::isOpen (5 bytes)
Event: 5.249 Thread 0x00000000178fa800 nmethod 893 0x00000000055a9890 code [0x00000000055a99e0, 0x00000000055a9af0]
Event: 5.319 Thread 0x00000000178fa800  897       3       org.objectweb.asm.FieldWriter::put (475 bytes)
Event: 5.321 Thread 0x00000000178fa800 nmethod 897 0x00000000055baa10 code [0x00000000055badc0, 0x00000000055bc1f8]
Event: 5.322 Thread 0x00000000178fa800  898       3       org.objectweb.asm.ClassReader::readAnnotationValues (75 bytes)
Event: 5.323 Thread 0x00000000178fa800 nmethod 898 0x00000000055a8cd0 code [0x00000000055a8ea0, 0x00000000055a9578]
Event: 5.323 Thread 0x00000000178fa800  899       3       org.objectweb.asm.Type::getArgumentTypes (131 bytes)
Event: 5.324 Thread 0x00000000178fa800 nmethod 899 0x00000000055bcb50 code [0x00000000055bcd20, 0x00000000055bd5f8]
Event: 5.337 Thread 0x00000000178ee000  900  s    4       java.io.BufferedOutputStream::write (35 bytes)
Event: 5.339 Thread 0x00000000178ee000 nmethod 900 0x00000000055c0910 code [0x00000000055c0a60, 0x00000000055c0dc8]

GC Heap History (4 events):
Event: 4.228 GC heap before
{Heap before GC invocations=1 (full 0):
 PSYoungGen      total 18944K, used 16384K [0x00000000feb00000, 0x0000000100000000, 0x0000000100000000)
  eden space 16384K, 100% used [0x00000000feb00000,0x00000000ffb00000,0x00000000ffb00000)
  from space 2560K, 0% used [0x00000000ffd80000,0x00000000ffd80000,0x0000000100000000)
  to   space 2560K, 0% used [0x00000000ffb00000,0x00000000ffb00000,0x00000000ffd80000)
 ParOldGen       total 44032K, used 0K [0x00000000fc000000, 0x00000000feb00000, 0x00000000feb00000)
  object space 44032K, 0% used [0x00000000fc000000,0x00000000fc000000,0x00000000feb00000)
 Metaspace       used 6716K, capacity 6874K, committed 7040K, reserved 1056768K
  class space    used 791K, capacity 871K, committed 896K, reserved 1048576K
Event: 4.273 GC heap after
Heap after GC invocations=1 (full 0):
 PSYoungGen      total 18944K, used 2528K [0x00000000feb00000, 0x0000000100000000, 0x0000000100000000)
  eden space 16384K, 0% used [0x00000000feb00000,0x00000000feb00000,0x00000000ffb00000)
  from space 2560K, 98% used [0x00000000ffb00000,0x00000000ffd78030,0x00000000ffd80000)
  to   space 2560K, 0% used [0x00000000ffd80000,0x00000000ffd80000,0x0000000100000000)
 ParOldGen       total 44032K, used 1462K [0x00000000fc000000, 0x00000000feb00000, 0x00000000feb00000)
  object space 44032K, 3% used [0x00000000fc000000,0x00000000fc16d978,0x00000000feb00000)
 Metaspace       used 6716K, capacity 6874K, committed 7040K, reserved 1056768K
  class space    used 791K, capacity 871K, committed 896K, reserved 1048576K
}
Event: 5.087 GC heap before
{Heap before GC invocations=2 (full 0):
 PSYoungGen      total 18944K, used 18912K [0x00000000feb00000, 0x0000000100000000, 0x0000000100000000)
  eden space 16384K, 100% used [0x00000000feb00000,0x00000000ffb00000,0x00000000ffb00000)
  from space 2560K, 98% used [0x00000000ffb00000,0x00000000ffd78030,0x00000000ffd80000)
  to   space 2560K, 0% used [0x00000000ffd80000,0x00000000ffd80000,0x0000000100000000)
 ParOldGen       total 44032K, used 1462K [0x00000000fc000000, 0x00000000feb00000, 0x00000000feb00000)
  object space 44032K, 3% used [0x00000000fc000000,0x00000000fc16d978,0x00000000feb00000)
 Metaspace       used 7580K, capacity 7812K, committed 7936K, reserved 1056768K
  class space    used 868K, capacity 970K, committed 1024K, reserved 1048576K
Event: 5.207 GC heap after
Heap after GC invocations=2 (full 0):
 PSYoungGen      total 18944K, used 2553K [0x00000000feb00000, 0x0000000100000000, 0x0000000100000000)
  eden space 16384K, 0% used [0x00000000feb00000,0x00000000feb00000,0x00000000ffb00000)
  from space 2560K, 99% used [0x00000000ffd80000,0x00000000ffffe7e0,0x0000000100000000)
  to   space 2560K, 0% used [0x00000000ffb00000,0x00000000ffb00000,0x00000000ffd80000)
 ParOldGen       total 44032K, used 5140K [0x00000000fc000000, 0x00000000feb00000, 0x00000000feb00000)
  object space 44032K, 11% used [0x00000000fc000000,0x00000000fc505240,0x00000000feb00000)
 Metaspace       used 7580K, capacity 7812K, committed 7936K, reserved 1056768K
  class space    used 868K, capacity 970K, committed 1024K, reserved 1048576K
}

Deoptimization events (10 events):
Event: 4.181 Thread 0x00000000050d3800 Uncommon trap: reason=unstable_if action=reinterpret pc=0x0000000005485098 method=java.util.zip.ZipEntry.setExtra0([BZ)V @ 1
Event: 4.183 Thread 0x00000000050d3800 Uncommon trap: reason=unstable_if action=reinterpret pc=0x000000000548a6ec method=java.util.zip.ZipCoder.decoder()Ljava/nio/charset/CharsetDecoder; @ 4
Event: 4.195 Thread 0x00000000050d3800 Uncommon trap: reason=unstable_if action=reinterpret pc=0x000000000549a108 method=java.util.zip.ZipCoder.decoder()Ljava/nio/charset/CharsetDecoder; @ 4
Event: 4.298 Thread 0x00000000050d3800 Uncommon trap: reason=unstable_if action=reinterpret pc=0x000000000549c7dc method=java.util.zip.ZipCoder.decoder()Ljava/nio/charset/CharsetDecoder; @ 4
Event: 4.298 Thread 0x00000000050d3800 Uncommon trap: reason=unstable_if action=reinterpret pc=0x0000000005495b9c method=java.util.zip.ZipCoder.decoder()Ljava/nio/charset/CharsetDecoder; @ 4
Event: 4.299 Thread 0x00000000050d3800 Uncommon trap: reason=unstable_if action=reinterpret pc=0x0000000005488d7c method=java.util.zip.ZipCoder.decoder()Ljava/nio/charset/CharsetDecoder; @ 4
Event: 4.533 Thread 0x00000000050d3800 Uncommon trap: reason=unloaded action=reinterpret pc=0x0000000005497dbc method=java.util.zip.ZipEntry.setExtra0([BZ)V @ 37
Event: 5.011 Thread 0x00000000050d3800 Uncommon trap: reason=unstable_if action=reinterpret pc=0x000000000555c75c method=org.objectweb.asm.Item.isEqualTo(Lorg/objectweb/asm/Item;)Z @ 345
Event: 5.072 Thread 0x00000000050d3800 Uncommon trap: reason=unstable_if action=reinterpret pc=0x0000000005577558 method=org.objectweb.asm.Type.getArgumentsAndReturnSizes(Ljava/lang/String;)I @ 47
Event: 5.323 Thread 0x00000000050d3800 Uncommon trap: reason=unstable_if action=reinterpret pc=0x0000000005541bc8 method=java.lang.String.<init>([CII)V @ 18

Classes redefined (0 events):
No events

Internal exceptions (10 events):
Event: 4.299 Thread 0x00000000050d3800 Implicit null exception at 0x00000000054888f8 to 0x0000000005488d61
Event: 4.406 Thread 0x00000000050d3800 Exception <a 'sun/nio/fs/WindowsException'> (0x00000000ff19f390) thrown at [D:\src\AOSP-openjdk-cygwin\jdk8u\hotspot\src\share\vm\prims\jni.cpp, line 709]
Event: 4.406 Thread 0x00000000050d3800 Exception <a 'sun/nio/fs/WindowsException'> (0x00000000ff19f950) thrown at [D:\src\AOSP-openjdk-cygwin\jdk8u\hotspot\src\share\vm\prims\jni.cpp, line 709]
Event: 4.406 Thread 0x00000000050d3800 Exception <a 'sun/nio/fs/WindowsException'> (0x00000000ff19ff18) thrown at [D:\src\AOSP-openjdk-cygwin\jdk8u\hotspot\src\share\vm\prims\jni.cpp, line 709]
Event: 4.406 Thread 0x00000000050d3800 Exception <a 'sun/nio/fs/WindowsException'> (0x00000000ff1a06d8) thrown at [D:\src\AOSP-openjdk-cygwin\jdk8u\hotspot\src\share\vm\prims\jni.cpp, line 709]
Event: 4.451 Thread 0x00000000050d3800 Exception <a 'sun/nio/fs/WindowsException'> (0x00000000ff1a55e8) thrown at [D:\src\AOSP-openjdk-cygwin\jdk8u\hotspot\src\share\vm\prims\jni.cpp, line 709]
Event: 4.583 Thread 0x00000000050d3800 Exception <a 'sun/nio/fs/WindowsException'> (0x00000000ff535bb0) thrown at [D:\src\AOSP-openjdk-cygwin\jdk8u\hotspot\src\share\vm\prims\jni.cpp, line 709]
Event: 4.583 Thread 0x00000000050d3800 Exception <a 'sun/nio/fs/WindowsException'> (0x00000000ff536128) thrown at [D:\src\AOSP-openjdk-cygwin\jdk8u\hotspot\src\share\vm\prims\jni.cpp, line 709]
Event: 5.697 Thread 0x00000000050d3800 Exception <a 'sun/nio/fs/WindowsException'> (0x00000000fec6f098) thrown at [D:\src\AOSP-openjdk-cygwin\jdk8u\hotspot\src\share\vm\prims\jni.cpp, line 709]
Event: 5.697 Thread 0x00000000050d3800 Exception <a 'sun/nio/fs/WindowsException'> (0x00000000fec6f590) thrown at [D:\src\AOSP-openjdk-cygwin\jdk8u\hotspot\src\share\vm\prims\jni.cpp, line 709]

Events (10 events):
Event: 5.072 Thread 0x00000000050d3800 DEOPT UNPACKING pc=0x000000000529557b sp=0x000000000509e818 mode 2
Event: 5.086 Executing VM operation: ParallelGCFailedAllocation
Event: 5.207 Executing VM operation: ParallelGCFailedAllocation done
Event: 5.207 Executing VM operation: RevokeBias
Event: 5.207 Executing VM operation: RevokeBias done
Event: 5.323 Thread 0x00000000050d3800 Uncommon trap: trap_request=0xffffff65 fr.pc=0x0000000005541bc8
Event: 5.323 Thread 0x00000000050d3800 DEOPT PACKING pc=0x0000000005541bc8 sp=0x000000000509ea80
Event: 5.323 Thread 0x00000000050d3800 DEOPT UNPACKING pc=0x000000000529557b sp=0x000000000509e928 mode 2
Event: 5.324 loading class java/util/Vector$Itr
Event: 5.324 loading class java/util/Vector$Itr done


Dynamic libraries:
0x00007ff7a0670000 - 0x00007ff7a06a1000 	C:\Program Files\Android\Android Studio\jre\bin\java.exe
0x00007ffe1a550000 - 0x00007ffe1a730000 	C:\WINDOWS\SYSTEM32\ntdll.dll
0x00007ffe17a60000 - 0x00007ffe17b0e000 	C:\WINDOWS\System32\KERNEL32.DLL
0x00007ffe16c70000 - 0x00007ffe16ed6000 	C:\WINDOWS\System32\KERNELBASE.dll
0x00007ffe1a3d0000 - 0x00007ffe1a471000 	C:\WINDOWS\System32\ADVAPI32.dll
0x00007ffe1a480000 - 0x00007ffe1a51d000 	C:\WINDOWS\System32\msvcrt.dll
0x00007ffe19d60000 - 0x00007ffe19dbb000 	C:\WINDOWS\System32\sechost.dll
0x00007ffe1a120000 - 0x00007ffe1a23f000 	C:\WINDOWS\System32\RPCRT4.dll
0x00007ffe17bf0000 - 0x00007ffe17d7f000 	C:\WINDOWS\System32\USER32.dll
0x00007ffe16a80000 - 0x00007ffe16aa0000 	C:\WINDOWS\System32\win32u.dll
0x00007ffe17b10000 - 0x00007ffe17b38000 	C:\WINDOWS\System32\GDI32.dll
0x00007ffe17880000 - 0x00007ffe17a13000 	C:\WINDOWS\System32\gdi32full.dll
0x00007ffe177e0000 - 0x00007ffe1787b000 	C:\WINDOWS\System32\msvcp_win.dll
0x00007ffe17630000 - 0x00007ffe17726000 	C:\WINDOWS\System32\ucrtbase.dll
0x00007ffe10e30000 - 0x00007ffe11099000 	C:\WINDOWS\WinSxS\amd64_microsoft.windows.common-controls_6595b64144ccf1df_6.0.16299.248_none_15ced204935f55d7\COMCTL32.dll
0x00007ffe19520000 - 0x00007ffe19828000 	C:\WINDOWS\System32\combase.dll
0x00007ffe16950000 - 0x00007ffe169c2000 	C:\WINDOWS\System32\bcryptPrimitives.dll
0x00007ffe17a30000 - 0x00007ffe17a5d000 	C:\WINDOWS\System32\IMM32.DLL
0x000000005c2b0000 - 0x000000005c382000 	C:\Program Files\Android\Android Studio\jre\jre\bin\msvcr100.dll
0x000000005c470000 - 0x000000005ccaf000 	C:\Program Files\Android\Android Studio\jre\jre\bin\server\jvm.dll
0x00007ffe193c0000 - 0x00007ffe193c8000 	C:\WINDOWS\System32\PSAPI.DLL
0x00007ffe0c050000 - 0x00007ffe0c059000 	C:\WINDOWS\SYSTEM32\WSOCK32.dll
0x00007ffe12410000 - 0x00007ffe12433000 	C:\WINDOWS\SYSTEM32\WINMM.dll
0x00007ffe11980000 - 0x00007ffe1198a000 	C:\WINDOWS\SYSTEM32\VERSION.dll
0x00007ffe1a360000 - 0x00007ffe1a3cc000 	C:\WINDOWS\System32\WS2_32.dll
0x00007ffe123b0000 - 0x00007ffe123da000 	C:\WINDOWS\SYSTEM32\WINMMBASE.dll
0x00007ffe16a30000 - 0x00007ffe16a7a000 	C:\WINDOWS\System32\cfgmgr32.dll
0x00007ffe0bdc0000 - 0x00007ffe0bdcf000 	C:\Program Files\Android\Android Studio\jre\jre\bin\verify.dll
0x00007ffe0acd0000 - 0x00007ffe0acf9000 	C:\Program Files\Android\Android Studio\jre\jre\bin\java.dll
0x00007ffe0bda0000 - 0x00007ffe0bdb6000 	C:\Program Files\Android\Android Studio\jre\jre\bin\zip.dll
0x00007ffe17de0000 - 0x00007ffe19216000 	C:\WINDOWS\System32\SHELL32.dll
0x00007ffe17b40000 - 0x00007ffe17be6000 	C:\WINDOWS\System32\shcore.dll
0x00007ffe16ee0000 - 0x00007ffe17627000 	C:\WINDOWS\System32\windows.storage.dll
0x00007ffe19f50000 - 0x00007ffe19fa1000 	C:\WINDOWS\System32\shlwapi.dll
0x00007ffe168f0000 - 0x00007ffe16901000 	C:\WINDOWS\System32\kernel.appcore.dll
0x00007ffe168a0000 - 0x00007ffe168ec000 	C:\WINDOWS\System32\powrprof.dll
0x00007ffe16910000 - 0x00007ffe1692b000 	C:\WINDOWS\System32\profapi.dll
0x00007ffe165d0000 - 0x00007ffe165e7000 	C:\WINDOWS\SYSTEM32\CRYPTSP.dll
0x00007ffe15990000 - 0x00007ffe159c3000 	C:\WINDOWS\system32\rsaenh.dll
0x00007ffe16360000 - 0x00007ffe16385000 	C:\WINDOWS\SYSTEM32\bcrypt.dll
0x00007ffe167d0000 - 0x00007ffe167f9000 	C:\WINDOWS\SYSTEM32\USERENV.dll
0x00007ffe15fa0000 - 0x00007ffe15fab000 	C:\WINDOWS\SYSTEM32\CRYPTBASE.dll
0x00007ffe0acb0000 - 0x00007ffe0acca000 	C:\Program Files\Android\Android Studio\jre\jre\bin\net.dll
0x00007ffe15d80000 - 0x00007ffe15de6000 	C:\WINDOWS\system32\mswsock.dll
0x00007ffe15b10000 - 0x00007ffe15b49000 	C:\WINDOWS\SYSTEM32\IPHLPAPI.DLL
0x00007ffe1a350000 - 0x00007ffe1a358000 	C:\WINDOWS\System32\NSI.dll
0x00007ffe0f160000 - 0x00007ffe0f176000 	C:\WINDOWS\SYSTEM32\dhcpcsvc6.DLL
0x00007ffe0f140000 - 0x00007ffe0f15a000 	C:\WINDOWS\SYSTEM32\dhcpcsvc.DLL
0x00007ffe0ac90000 - 0x00007ffe0aca1000 	C:\Program Files\Android\Android Studio\jre\jre\bin\nio.dll

VM Arguments:
jvm_args: -Djava.awt.headless=true -Xmx64M -Dfile.encoding=windows-1251 -Duser.country=UA -Duser.language=uk -Duser.variant 
java_command: com.google.devtools.build.android.desugar.Desugar --input D:\FanSerials\FanSerials\app\build\intermediates\transforms\stackFramesFixer\debug\13.jar --output D:\FanSerials\FanSerials\app\build\intermediates\transforms\desugar\debug\14.jar --input D:\FanSerials\FanSerials\app\build\intermediates\transforms\stackFramesFixer\debug\16.jar --output D:\FanSerials\FanSerials\app\build\intermediates\transforms\desugar\debug\17.jar --input D:\FanSerials\FanSerials\app\build\intermediates\transforms\stackFramesFixer\debug\11.jar --output D:\FanSerials\FanSerials\app\build\intermediates\transforms\desugar\debug\12.jar --input D:\FanSerials\FanSerials\app\build\intermediates\transforms\stackFramesFixer\debug\3.jar --output D:\FanSerials\FanSerials\app\build\intermediates\transforms\desugar\debug\4.jar --input D:\FanSerials\FanSerials\app\build\intermediates\transforms\stackFramesFixer\debug\21.jar --output D:\FanSerials\FanSerials\app\build\intermediates\transforms\desugar\debug\22.jar --classpath_entry D:\FanSerials\FanSerials\app\build\intermediates\classes\debug --classpath_entry D:\FanSerials\FanSerials\app\build\intermediates\transforms\stackFramesFixer\debug\0.jar --classpath_entry D:\FanSerials\FanSerials\app\build\intermediates\transforms\stackFramesFixer\debug\1.jar --classpath_entry D:\FanSerials\FanSerials\app\build\intermediates\transforms\stackFramesFixer\debug\2.jar --classpath_entry D:\FanSerials\FanSerials\app\build\intermediates\transforms\stackFramesFixer\debug\3.jar --classpath_entry D:\FanSerials\FanSerials\app\build\intermediates\transforms\stackFramesFixer\debug\4.jar --classpath_entry D:\FanSerials\FanSerials\app\build\intermediates\transforms\stackFramesFixer\debug\5.jar --classpath_entry D:\FanSerials\FanSerials\app\build\intermediates\transforms\stackFramesFixer\debug\6.jar --classpath_entry D:\FanSerials\FanSerials\app\build\intermediates\transforms\stackFramesFixer\debug\7.jar --classpath_entry D:\FanSerials\FanSerials\app\build\interm
java_class_path (initial): C:\Users\Ivan\AppData\Local\Temp\desugar_deploy.jar883269109973781300
Launcher Type: SUN_STANDARD

Environment Variables:
PATH=C:\ProgramData\Oracle\Java\javapath;C:\WINDOWS\system32;C:\WINDOWS;C:\WINDOWS\System32\Wbem;C:\WINDOWS\System32\WindowsPowerShell\v1.0\;C:\Program Files (x86)\NVIDIA Corporation\PhysX\Common;C:\Users\Ivan\AppData\Local\Microsoft\WindowsApps;
USERNAME=Ivan
OS=Windows_NT
PROCESSOR_IDENTIFIER=Intel64 Family 6 Model 60 Stepping 3, GenuineIntel



---------------  S Y S T E M  ---------------

OS: Windows 10.0 , 64 bit Build 16299 (10.0.16299.15)

CPU:total 8 (initial active 8) (4 cores per cpu, 2 threads per core) family 6 model 60 stepping 3, cmov, cx8, fxsr, mmx, sse, sse2, sse3, ssse3, sse4.1, sse4.2, popcnt, avx, avx2, aes, clmul, erms, lzcnt, ht, tsc, tscinvbit, bmi1, bmi2

Memory: 4k page, physical 8268984k(1105112k free), swap 10316984k(8056k free)

vm_info: OpenJDK 64-Bit Server VM (25.152-b02) for windows-amd64 JRE (1.8.0_152-release-1024-b02), built by "builder" with MS VC++ 10.0 (VS2010)

time: Fri Mar 30 21:32:33 2018
elapsed time: 5 seconds (0d 0h 0m 5s)

