#
# There is insufficient memory for the Java Runtime Environment to continue.
# Native memory allocation (malloc) failed to allocate 1970896 bytes for Chunk::new
# Possible reasons:
#   The system is out of physical RAM or swap space
#   In 32 bit mode, the process size limit was hit
# Possible solutions:
#   Reduce memory load on the system
#   Increase physical memory or swap space
#   Check if swap backing store is full
#   Use 64 bit Java on a 64 bit OS
#   Decrease Java heap size (-Xmx/-Xms)
#   Decrease number of Java threads
#   Decrease Java thread stack sizes (-Xss)
#   Set larger code cache with -XX:ReservedCodeCacheSize=
# This output file may be truncated or incomplete.
#
#  Out of Memory Error (allocation.cpp:390), pid=3164, tid=0x00000000000030c8
#
# JRE version: OpenJDK Runtime Environment (8.0_152-b02) (build 1.8.0_152-release-1024-b02)
# Java VM: OpenJDK 64-Bit Server VM (25.152-b02 mixed mode windows-amd64 compressed oops)
# Failed to write core dump. Minidumps are not enabled by default on client versions of Windows
#

---------------  T H R E A D  ---------------

Current thread (0x0000000016e3e000):  JavaThread "C2 CompilerThread0" daemon [_thread_in_native, id=12488, stack(0x0000000017700000,0x0000000017800000)]

Stack: [0x0000000017700000,0x0000000017800000]
[error occurred during error reporting (printing stack bounds), id 0xc0000005]

Native frames: (J=compiled Java code, j=interpreted, Vv=VM code, C=native code)


Current CompileTask:
C2:   9718  841       4       org.objectweb.asm.ClassReader::readCode (3575 bytes)


---------------  P R O C E S S  ---------------

Java Threads: ( => current thread )
  0x0000000016ea3800 JavaThread "Service Thread" daemon [_thread_blocked, id=15048, stack(0x0000000017b00000,0x0000000017c00000)]
  0x0000000016ea1800 JavaThread "C1 CompilerThread3" daemon [_thread_blocked, id=10756, stack(0x0000000017a00000,0x0000000017b00000)]
  0x0000000016e98000 JavaThread "C2 CompilerThread2" daemon [_thread_blocked, id=3928, stack(0x0000000017900000,0x0000000017a00000)]
  0x0000000014f2d800 JavaThread "C2 CompilerThread1" daemon [_thread_blocked, id=13652, stack(0x0000000017800000,0x0000000017900000)]
=>0x0000000016e3e000 JavaThread "C2 CompilerThread0" daemon [_thread_in_native, id=12488, stack(0x0000000017700000,0x0000000017800000)]
  0x0000000016e3d800 JavaThread "Attach Listener" daemon [_thread_blocked, id=14816, stack(0x0000000017600000,0x0000000017700000)]
  0x0000000016e38800 JavaThread "Signal Dispatcher" daemon [_thread_blocked, id=5676, stack(0x0000000017500000,0x0000000017600000)]
  0x0000000016e30800 JavaThread "Finalizer" daemon [_thread_blocked, id=14180, stack(0x0000000017210000,0x0000000017310000)]
  0x0000000004768000 JavaThread "Reference Handler" daemon [_thread_blocked, id=3924, stack(0x0000000016d10000,0x0000000016e10000)]
  0x0000000004673800 JavaThread "main" [_thread_in_native, id=14788, stack(0x0000000004470000,0x0000000004570000)]

Other Threads:
  0x0000000014f15000 VMThread [stack: 0x0000000016c10000,0x0000000016d10000] [id=13024]
  0x0000000016ea4800 WatcherThread [stack: 0x0000000017c00000,0x0000000017d00000] [id=3604]

VM state:not at safepoint (normal execution)

VM Mutex/Monitor currently owned by a thread: None

Heap:
 PSYoungGen      total 18944K, used 3618K [0x00000000feb00000, 0x0000000100000000, 0x0000000100000000)
  eden space 16384K, 6% used [0x00000000feb00000,0x00000000fec0dd10,0x00000000ffb00000)
  from space 2560K, 99% used [0x00000000ffd80000,0x00000000ffffad98,0x0000000100000000)
  to   space 2560K, 0% used [0x00000000ffb00000,0x00000000ffb00000,0x00000000ffd80000)
 ParOldGen       total 44032K, used 5113K [0x00000000fc000000, 0x00000000feb00000, 0x00000000feb00000)
  object space 44032K, 11% used [0x00000000fc000000,0x00000000fc4fe7f8,0x00000000feb00000)
 Metaspace       used 7604K, capacity 7812K, committed 7936K, reserved 1056768K
  class space    used 870K, capacity 970K, committed 1024K, reserved 1048576K

Card table byte_map: [0x0000000004570000,0x00000000045a0000] byte_map_base: 0x0000000003d90000

Marking Bits: (ParMarkBitMap*) 0x00000000631b4970
 Begin Bits: [0x0000000014330000, 0x0000000014430000)
 End Bits:   [0x0000000014430000, 0x0000000014530000)

Polling page: 0x00000000003f0000

CodeCache: size=245760Kb used=3507Kb max_used=3507Kb free=242252Kb
 bounds [0x0000000004770000, 0x0000000004ae0000, 0x0000000013770000]
 total_blobs=1248 nmethods=916 adapters=246
 compilation: enabled

Compilation events (10 events):
Event: 9.661 Thread 0x0000000016ea1800  913       3       com.google.common.base.Preconditions::checkArgument (13 bytes)
Event: 9.662 Thread 0x0000000016ea1800 nmethod 913 0x0000000004adbad0 code [0x0000000004adbc40, 0x0000000004adbe68]
Event: 9.662 Thread 0x0000000016ea1800  914       3       com.google.devtools.build.android.desugar.IndexedInputs::getInputFileProvider (43 bytes)
Event: 9.662 Thread 0x0000000016ea1800 nmethod 914 0x0000000004adaed0 code [0x0000000004adb0a0, 0x0000000004adb7b8]
Event: 9.681 Thread 0x0000000016ea1800  915       3       com.google.common.collect.AbstractIndexedListIterator::hasNext (17 bytes)
Event: 9.682 Thread 0x0000000016ea1800 nmethod 915 0x0000000004adab50 code [0x0000000004adaca0, 0x0000000004adae50]
Event: 9.682 Thread 0x0000000016ea1800  916       3       com.google.common.base.Preconditions::checkState (25 bytes)
Event: 9.682 Thread 0x0000000016ea1800 nmethod 916 0x0000000004ade050 code [0x0000000004ade1e0, 0x0000000004ade5f8]
Event: 9.683 Thread 0x0000000016ea1800  917       3       com.google.devtools.build.android.desugar.CoreLibraryRewriter::unprefix (35 bytes)
Event: 9.683 Thread 0x0000000016ea1800 nmethod 917 0x0000000004ade790 code [0x0000000004ade920, 0x0000000004adef98]

GC Heap History (4 events):
Event: 7.282 GC heap before
{Heap before GC invocations=1 (full 0):
 PSYoungGen      total 18944K, used 16384K [0x00000000feb00000, 0x0000000100000000, 0x0000000100000000)
  eden space 16384K, 100% used [0x00000000feb00000,0x00000000ffb00000,0x00000000ffb00000)
  from space 2560K, 0% used [0x00000000ffd80000,0x00000000ffd80000,0x0000000100000000)
  to   space 2560K, 0% used [0x00000000ffb00000,0x00000000ffb00000,0x00000000ffd80000)
 ParOldGen       total 44032K, used 0K [0x00000000fc000000, 0x00000000feb00000, 0x00000000feb00000)
  object space 44032K, 0% used [0x00000000fc000000,0x00000000fc000000,0x00000000feb00000)
 Metaspace       used 6698K, capacity 6874K, committed 7040K, reserved 1056768K
  class space    used 791K, capacity 871K, committed 896K, reserved 1048576K
Event: 7.308 GC heap after
Heap after GC invocations=1 (full 0):
 PSYoungGen      total 18944K, used 2544K [0x00000000feb00000, 0x0000000100000000, 0x0000000100000000)
  eden space 16384K, 0% used [0x00000000feb00000,0x00000000feb00000,0x00000000ffb00000)
  from space 2560K, 99% used [0x00000000ffb00000,0x00000000ffd7c020,0x00000000ffd80000)
  to   space 2560K, 0% used [0x00000000ffd80000,0x00000000ffd80000,0x0000000100000000)
 ParOldGen       total 44032K, used 1541K [0x00000000fc000000, 0x00000000feb00000, 0x00000000feb00000)
  object space 44032K, 3% used [0x00000000fc000000,0x00000000fc1815b0,0x00000000feb00000)
 Metaspace       used 6698K, capacity 6874K, committed 7040K, reserved 1056768K
  class space    used 791K, capacity 871K, committed 896K, reserved 1048576K
}
Event: 9.612 GC heap before
{Heap before GC invocations=2 (full 0):
 PSYoungGen      total 18944K, used 18928K [0x00000000feb00000, 0x0000000100000000, 0x0000000100000000)
  eden space 16384K, 100% used [0x00000000feb00000,0x00000000ffb00000,0x00000000ffb00000)
  from space 2560K, 99% used [0x00000000ffb00000,0x00000000ffd7c020,0x00000000ffd80000)
  to   space 2560K, 0% used [0x00000000ffd80000,0x00000000ffd80000,0x0000000100000000)
 ParOldGen       total 44032K, used 1541K [0x00000000fc000000, 0x00000000feb00000, 0x00000000feb00000)
  object space 44032K, 3% used [0x00000000fc000000,0x00000000fc1815b0,0x00000000feb00000)
 Metaspace       used 7593K, capacity 7812K, committed 7936K, reserved 1056768K
  class space    used 870K, capacity 970K, committed 1024K, reserved 1048576K
Event: 9.655 GC heap after
Heap after GC invocations=2 (full 0):
 PSYoungGen      total 18944K, used 2539K [0x00000000feb00000, 0x0000000100000000, 0x0000000100000000)
  eden space 16384K, 0% used [0x00000000feb00000,0x00000000feb00000,0x00000000ffb00000)
  from space 2560K, 99% used [0x00000000ffd80000,0x00000000ffffad98,0x0000000100000000)
  to   space 2560K, 0% used [0x00000000ffb00000,0x00000000ffb00000,0x00000000ffd80000)
 ParOldGen       total 44032K, used 5113K [0x00000000fc000000, 0x00000000feb00000, 0x00000000feb00000)
  object space 44032K, 11% used [0x00000000fc000000,0x00000000fc4fe7f8,0x00000000feb00000)
 Metaspace       used 7593K, capacity 7812K, committed 7936K, reserved 1056768K
  class space    used 870K, capacity 970K, committed 1024K, reserved 1048576K
}

Deoptimization events (10 events):
Event: 7.543 Thread 0x0000000004673800 Uncommon trap: reason=unstable_if action=reinterpret pc=0x00000000049af6c8 method=java.util.zip.ZipCoder.decoder()Ljava/nio/charset/CharsetDecoder; @ 4
Event: 7.545 Thread 0x0000000004673800 Uncommon trap: reason=unstable_if action=reinterpret pc=0x00000000049b57dc method=java.util.zip.ZipCoder.decoder()Ljava/nio/charset/CharsetDecoder; @ 4
Event: 8.058 Thread 0x0000000004673800 Uncommon trap: reason=unloaded action=reinterpret pc=0x00000000049a7a3c method=java.util.zip.ZipEntry.setExtra0([BZ)V @ 37
Event: 8.868 Thread 0x0000000004673800 Uncommon trap: reason=unstable_if action=reinterpret pc=0x00000000049561b8 method=java.lang.String.<init>([CII)V @ 18
Event: 9.305 Thread 0x0000000004673800 Uncommon trap: reason=bimorphic action=maybe_recompile pc=0x0000000004a81238 method=org.objectweb.asm.MethodVisitor.visitVarInsn(II)V @ 13
Event: 9.305 Thread 0x0000000004673800 Uncommon trap: reason=bimorphic action=maybe_recompile pc=0x0000000004a81238 method=org.objectweb.asm.MethodVisitor.visitVarInsn(II)V @ 13
Event: 9.305 Thread 0x0000000004673800 Uncommon trap: reason=bimorphic action=maybe_recompile pc=0x0000000004a81238 method=org.objectweb.asm.MethodVisitor.visitVarInsn(II)V @ 13
Event: 9.305 Thread 0x0000000004673800 Uncommon trap: reason=bimorphic action=maybe_recompile pc=0x0000000004a81238 method=org.objectweb.asm.MethodVisitor.visitVarInsn(II)V @ 13
Event: 9.355 Thread 0x0000000004673800 Uncommon trap: reason=unstable_if action=reinterpret pc=0x0000000004a7dd64 method=org.objectweb.asm.Item.isEqualTo(Lorg/objectweb/asm/Item;)Z @ 345
Event: 9.551 Thread 0x0000000004673800 Uncommon trap: reason=unstable_if action=reinterpret pc=0x0000000004a8be60 method=org.objectweb.asm.Type.getArgumentsAndReturnSizes(Ljava/lang/String;)I @ 136

Classes redefined (0 events):
No events

Internal exceptions (10 events):
Event: 7.746 Thread 0x0000000004673800 Exception <a 'sun/nio/fs/WindowsException'> (0x00000000ff16b6e0) thrown at [D:\src\AOSP-openjdk-cygwin\jdk8u\hotspot\src\share\vm\prims\jni.cpp, line 709]
Event: 7.746 Thread 0x0000000004673800 Exception <a 'sun/nio/fs/WindowsException'> (0x00000000ff16bcb0) thrown at [D:\src\AOSP-openjdk-cygwin\jdk8u\hotspot\src\share\vm\prims\jni.cpp, line 709]
Event: 7.746 Thread 0x0000000004673800 Exception <a 'sun/nio/fs/WindowsException'> (0x00000000ff16c470) thrown at [D:\src\AOSP-openjdk-cygwin\jdk8u\hotspot\src\share\vm\prims\jni.cpp, line 709]
Event: 7.834 Thread 0x0000000004673800 Exception <a 'sun/nio/fs/WindowsException'> (0x00000000ff1713b8) thrown at [D:\src\AOSP-openjdk-cygwin\jdk8u\hotspot\src\share\vm\prims\jni.cpp, line 709]
Event: 8.166 Thread 0x0000000004673800 Exception <a 'sun/nio/fs/WindowsException'> (0x00000000ff4ede60) thrown at [D:\src\AOSP-openjdk-cygwin\jdk8u\hotspot\src\share\vm\prims\jni.cpp, line 709]
Event: 8.167 Thread 0x0000000004673800 Exception <a 'sun/nio/fs/WindowsException'> (0x00000000ff4ee3d8) thrown at [D:\src\AOSP-openjdk-cygwin\jdk8u\hotspot\src\share\vm\prims\jni.cpp, line 709]
Event: 9.091 Thread 0x0000000004673800 Exception <a 'sun/nio/fs/WindowsException'> (0x00000000ff66e5b0) thrown at [D:\src\AOSP-openjdk-cygwin\jdk8u\hotspot\src\share\vm\prims\jni.cpp, line 709]
Event: 9.091 Thread 0x0000000004673800 Exception <a 'sun/nio/fs/WindowsException'> (0x00000000ff66eaa8) thrown at [D:\src\AOSP-openjdk-cygwin\jdk8u\hotspot\src\share\vm\prims\jni.cpp, line 709]
Event: 9.260 Thread 0x0000000004673800 Exception <a 'sun/nio/fs/WindowsException'> (0x00000000ff6d0260) thrown at [D:\src\AOSP-openjdk-cygwin\jdk8u\hotspot\src\share\vm\prims\jni.cpp, line 709]
Event: 9.260 Thread 0x0000000004673800 Exception <a 'sun/nio/fs/WindowsException'> (0x00000000ff6d0758) thrown at [D:\src\AOSP-openjdk-cygwin\jdk8u\hotspot\src\share\vm\prims\jni.cpp, line 709]

Events (10 events):
Event: 9.551 Thread 0x0000000004673800 DEOPT PACKING pc=0x0000000004a8be60 sp=0x000000000456ea20
Event: 9.551 Thread 0x0000000004673800 DEOPT UNPACKING pc=0x00000000047b557b sp=0x000000000456e9b0 mode 2
Event: 9.611 Executing VM operation: ParallelGCFailedAllocation
Event: 9.655 Executing VM operation: ParallelGCFailedAllocation done
Event: 9.656 Executing VM operation: RevokeBias
Event: 9.656 Executing VM operation: RevokeBias done
Event: 9.656 Executing VM operation: RevokeBias
Event: 9.656 Executing VM operation: RevokeBias done
Event: 9.656 Executing VM operation: RevokeBias
Event: 9.657 Executing VM operation: RevokeBias done


Dynamic libraries:
0x00007ff74c3c0000 - 0x00007ff74c3f1000 	C:\Program Files\Android\Android Studio\jre\bin\java.exe
0x00007ffa3b030000 - 0x00007ffa3b210000 	C:\WINDOWS\SYSTEM32\ntdll.dll
0x00007ffa38500000 - 0x00007ffa385ae000 	C:\WINDOWS\System32\KERNEL32.DLL
0x00007ffa37d80000 - 0x00007ffa37fe6000 	C:\WINDOWS\System32\KERNELBASE.dll
0x00007ffa39980000 - 0x00007ffa39a21000 	C:\WINDOWS\System32\ADVAPI32.dll
0x00007ffa390d0000 - 0x00007ffa3916d000 	C:\WINDOWS\System32\msvcrt.dll
0x00007ffa38db0000 - 0x00007ffa38e0b000 	C:\WINDOWS\System32\sechost.dll
0x00007ffa394a0000 - 0x00007ffa395bf000 	C:\WINDOWS\System32\RPCRT4.dll
0x00007ffa38c20000 - 0x00007ffa38daf000 	C:\WINDOWS\System32\USER32.dll
0x00007ffa38290000 - 0x00007ffa382b0000 	C:\WINDOWS\System32\win32u.dll
0x00007ffa38e10000 - 0x00007ffa38e38000 	C:\WINDOWS\System32\GDI32.dll
0x00007ffa37be0000 - 0x00007ffa37d73000 	C:\WINDOWS\System32\gdi32full.dll
0x00007ffa382b0000 - 0x00007ffa3834b000 	C:\WINDOWS\System32\msvcp_win.dll
0x00007ffa38350000 - 0x00007ffa38446000 	C:\WINDOWS\System32\ucrtbase.dll
0x00007ffa31610000 - 0x00007ffa31879000 	C:\WINDOWS\WinSxS\amd64_microsoft.windows.common-controls_6595b64144ccf1df_6.0.16299.248_none_15ced204935f55d7\COMCTL32.dll
0x00007ffa395d0000 - 0x00007ffa398d8000 	C:\WINDOWS\System32\combase.dll
0x00007ffa37ff0000 - 0x00007ffa38062000 	C:\WINDOWS\System32\bcryptPrimitives.dll
0x00007ffa3af40000 - 0x00007ffa3af6d000 	C:\WINDOWS\System32\IMM32.DLL
0x00000000605f0000 - 0x00000000606c2000 	C:\Program Files\Android\Android Studio\jre\jre\bin\msvcr100.dll
0x00000000629f0000 - 0x000000006322f000 	C:\Program Files\Android\Android Studio\jre\jre\bin\server\jvm.dll
0x00007ffa395c0000 - 0x00007ffa395c8000 	C:\WINDOWS\System32\PSAPI.DLL
0x00007ffa33a80000 - 0x00007ffa33a89000 	C:\WINDOWS\SYSTEM32\WSOCK32.dll
0x00007ffa3aed0000 - 0x00007ffa3af3c000 	C:\WINDOWS\System32\WS2_32.dll
0x00007ffa32d80000 - 0x00007ffa32da3000 	C:\WINDOWS\SYSTEM32\WINMM.dll
0x00007ffa32440000 - 0x00007ffa3244a000 	C:\WINDOWS\SYSTEM32\VERSION.dll
0x00007ffa32d50000 - 0x00007ffa32d7a000 	C:\WINDOWS\SYSTEM32\WINMMBASE.dll
0x00007ffa38070000 - 0x00007ffa380ba000 	C:\WINDOWS\System32\cfgmgr32.dll
0x00007ffa33a70000 - 0x00007ffa33a7f000 	C:\Program Files\Android\Android Studio\jre\jre\bin\verify.dll
0x00007ffa31ec0000 - 0x00007ffa31ee9000 	C:\Program Files\Android\Android Studio\jre\jre\bin\java.dll
0x00007ffa2c9c0000 - 0x00007ffa2c9d6000 	C:\Program Files\Android\Android Studio\jre\jre\bin\zip.dll
0x00007ffa39a90000 - 0x00007ffa3aec6000 	C:\WINDOWS\System32\SHELL32.dll
0x00007ffa38e40000 - 0x00007ffa38ee6000 	C:\WINDOWS\System32\shcore.dll
0x00007ffa37430000 - 0x00007ffa37b77000 	C:\WINDOWS\System32\windows.storage.dll
0x00007ffa38ef0000 - 0x00007ffa38f41000 	C:\WINDOWS\System32\shlwapi.dll
0x00007ffa373c0000 - 0x00007ffa373d1000 	C:\WINDOWS\System32\kernel.appcore.dll
0x00007ffa373e0000 - 0x00007ffa3742c000 	C:\WINDOWS\System32\powrprof.dll
0x00007ffa37380000 - 0x00007ffa3739b000 	C:\WINDOWS\System32\profapi.dll
0x00007ffa37050000 - 0x00007ffa37067000 	C:\WINDOWS\SYSTEM32\CRYPTSP.dll
0x00007ffa36470000 - 0x00007ffa364a3000 	C:\WINDOWS\system32\rsaenh.dll
0x00007ffa36c50000 - 0x00007ffa36c75000 	C:\WINDOWS\SYSTEM32\bcrypt.dll
0x00007ffa372b0000 - 0x00007ffa372d9000 	C:\WINDOWS\SYSTEM32\USERENV.dll
0x00007ffa36a20000 - 0x00007ffa36a2b000 	C:\WINDOWS\SYSTEM32\CRYPTBASE.dll
0x00007ffa2af90000 - 0x00007ffa2afaa000 	C:\Program Files\Android\Android Studio\jre\jre\bin\net.dll
0x00007ffa36860000 - 0x00007ffa368c6000 	C:\WINDOWS\system32\mswsock.dll
0x00007ffa365f0000 - 0x00007ffa36629000 	C:\WINDOWS\SYSTEM32\IPHLPAPI.DLL
0x00007ffa3af90000 - 0x00007ffa3af98000 	C:\WINDOWS\System32\NSI.dll
0x00007ffa2fcf0000 - 0x00007ffa2fd06000 	C:\WINDOWS\SYSTEM32\dhcpcsvc6.DLL
0x00007ffa2fcd0000 - 0x00007ffa2fcea000 	C:\WINDOWS\SYSTEM32\dhcpcsvc.DLL
0x00007ffa2af70000 - 0x00007ffa2af81000 	C:\Program Files\Android\Android Studio\jre\jre\bin\nio.dll

VM Arguments:
jvm_args: -Djava.awt.headless=true -Xmx64M -Dfile.encoding=windows-1251 -Duser.country=UA -Duser.language=uk -Duser.variant 
java_command: com.google.devtools.build.android.desugar.Desugar --input D:\FanSerials\FanSerials\app\build\intermediates\transforms\stackFramesFixer\debug\7.jar --output D:\FanSerials\FanSerials\app\build\intermediates\transforms\desugar\debug\8.jar --input D:\FanSerials\FanSerials\app\build\intermediates\transforms\stackFramesFixer\debug\27.jar --output D:\FanSerials\FanSerials\app\build\intermediates\transforms\desugar\debug\28.jar --input D:\FanSerials\FanSerials\app\build\intermediates\transforms\stackFramesFixer\debug\9.jar --output D:\FanSerials\FanSerials\app\build\intermediates\transforms\desugar\debug\10.jar --input D:\FanSerials\FanSerials\app\build\intermediates\classes\debug --output D:\FanSerials\FanSerials\app\build\intermediates\transforms\desugar\debug\0 --classpath_entry D:\FanSerials\FanSerials\app\build\intermediates\classes\debug --classpath_entry D:\FanSerials\FanSerials\app\build\intermediates\transforms\stackFramesFixer\debug\0.jar --classpath_entry D:\FanSerials\FanSerials\app\build\intermediates\transforms\stackFramesFixer\debug\1.jar --classpath_entry D:\FanSerials\FanSerials\app\build\intermediates\transforms\stackFramesFixer\debug\2.jar --classpath_entry D:\FanSerials\FanSerials\app\build\intermediates\transforms\stackFramesFixer\debug\3.jar --classpath_entry D:\FanSerials\FanSerials\app\build\intermediates\transforms\stackFramesFixer\debug\4.jar --classpath_entry D:\FanSerials\FanSerials\app\build\intermediates\transforms\stackFramesFixer\debug\5.jar --classpath_entry D:\FanSerials\FanSerials\app\build\intermediates\transforms\stackFramesFixer\debug\6.jar --classpath_entry D:\FanSerials\FanSerials\app\build\intermediates\transforms\stackFramesFixer\debug\7.jar --classpath_entry D:\FanSerials\FanSerials\app\build\intermediates\transforms\stackFramesFixer\debug\8.jar --classpath_entry D:\FanSerials\FanSerials\app\build\intermediates\transforms\stackFramesFixer\debug\9.jar --classpath_entry D:\FanSerials\FanSerials\app\build\intermediates
java_class_path (initial): C:\Users\Ivan\AppData\Local\Temp\desugar_deploy.jar7065701444966566622
Launcher Type: SUN_STANDARD

Environment Variables:
PATH=C:\ProgramData\Oracle\Java\javapath;C:\WINDOWS\system32;C:\WINDOWS;C:\WINDOWS\System32\Wbem;C:\WINDOWS\System32\WindowsPowerShell\v1.0\;C:\Program Files (x86)\NVIDIA Corporation\PhysX\Common;C:\Users\Ivan\AppData\Local\Microsoft\WindowsApps;
USERNAME=Ivan
OS=Windows_NT
PROCESSOR_IDENTIFIER=Intel64 Family 6 Model 60 Stepping 3, GenuineIntel



---------------  S Y S T E M  ---------------

OS: Windows 10.0 , 64 bit Build 16299 (10.0.16299.15)

CPU:total 8 (initial active 8) (4 cores per cpu, 2 threads per core) family 6 model 60 stepping 3, cmov, cx8, fxsr, mmx, sse, sse2, sse3, ssse3, sse4.1, sse4.2, popcnt, avx, avx2, aes, clmul, erms, lzcnt, ht, tsc, tscinvbit, bmi1, bmi2

Memory: 4k page, physical 8268984k(721448k free), swap 10316984k(480k free)

vm_info: OpenJDK 64-Bit Server VM (25.152-b02) for windows-amd64 JRE (1.8.0_152-release-1024-b02), built by "builder" with MS VC++ 10.0 (VS2010)

time: Wed Mar 28 23:31:14 2018
elapsed time: 9 seconds (0d 0h 0m 9s)

