#
# There is insufficient memory for the Java Runtime Environment to continue.
# Native memory allocation (malloc) failed to allocate 64976 bytes for Chunk::new
# Possible reasons:
#   The system is out of physical RAM or swap space
#   In 32 bit mode, the process size limit was hit
# Possible solutions:
#   Reduce memory load on the system
#   Increase physical memory or swap space
#   Check if swap backing store is full
#   Use 64 bit Java on a 64 bit OS
#   Decrease Java heap size (-Xmx/-Xms)
#   Decrease number of Java threads
#   Decrease Java thread stack sizes (-Xss)
#   Set larger code cache with -XX:ReservedCodeCacheSize=
# This output file may be truncated or incomplete.
#
#  [error occurred during error reporting (printing stack bounds), id 0xc0000005]

Native frames: (J=compiled Java code, j=interpreted, Vv=VM code, C=native code)


Current CompileTask:
C2:   1667  631   !   4       java.util.zip.ZipFile$ZipEntryIterator::next (212 bytes)


---------------  P R O C E S S  ---------------

Java Threads: ( => current thread )
  0x00000000178a7800 JavaThread "Service Thread" daemon [_thread_blocked, id=7324, stack(0x00000000184d0000,0x00000000185d0000)]
  0x0000000017832000 JavaThread "C1 CompilerThread3" daemon [_thread_blocked, id=1892, stack(0x00000000183d0000,0x00000000184d0000)]
  0x0000000017812000 JavaThread "C2 CompilerThread2" daemon [_thread_blocked, id=2404, stack(0x00000000182d0000,0x00000000183d0000)]
=>0x000000001780b800 JavaThread "C2 CompilerThread1" daemon [_thread_in_native, id=11000, stack(0x00000000181d0000,0x00000000182d0000)]
  0x0000000017808800 JavaThread "C2 CompilerThread0" daemon [_thread_in_native, id=6844, stack(0x00000000180d0000,0x00000000181d0000)]
  0x0000000017807000 JavaThread "Attach Listener" daemon [_thread_blocked, id=3904, stack(0x0000000017fd0000,0x00000000180d0000)]
  0x0000000017806000 JavaThread "Signal Dispatcher" daemon [_thread_blocked, id=6676, stack(0x0000000017ed0000,0x0000000017fd0000)]
  0x0000000017800800 JavaThread "Finalizer" daemon [_thread_blocked, id=1988, stack(0x0000000017be0000,0x0000000017ce0000)]
  0x00000000158db000 JavaThread "Reference Handler" daemon [_thread_blocked, id=9084, stack(0x00000000176e0000,0x00000000177e0000)]
  0x0000000005033800 JavaThread "main" [_thread_blocked, id=6428, stack(0x0000000004e40000,0x0000000004f40000)]

Other Threads:
  0x00000000158d4800 VMThread [stack: 0x00000000175e0000,0x00000000176e0000] [id=8220]
  0x00000000178a8800 WatcherThread [stack: 0x00000000185d0000,0x00000000186d0000] [id=8484]

VM state:at safepoint (normal execution)

VM Mutex/Monitor currently owned by a thread:  ([mutex/lock_event])
[0x0000000005030750] Threads_lock - owner thread: 0x00000000158d4800
[0x0000000005030bd0] Heap_lock - owner thread: 0x0000000005033800

Heap:
 PSYoungGen      total 18944K, used 2554K [0x00000000feb00000, 0x0000000100000000, 0x0000000100000000)
  eden space 16384K, 0% used [0x00000000feb00000,0x00000000feb00000,0x00000000ffb00000)
  from space 2560K, 99% used [0x00000000ffd80000,0x00000000ffffe968,0x0000000100000000)
  to   space 2560K, 0% used [0x00000000ffb00000,0x00000000ffb00000,0x00000000ffd80000)
 ParOldGen       total 44032K, used 4774K [0x00000000fc000000, 0x00000000feb00000, 0x00000000feb00000)
  object space 44032K, 10% used [0x00000000fc000000,0x00000000fc4a9bc0,0x00000000feb00000)
 Metaspace       used 6864K, capacity 7004K, committed 7040K, reserved 1060864K
  class space    used 817K, capacity 892K, committed 896K, reserved 1048576K

Card table byte_map: [0x0000000003600000,0x0000000003630000] byte_map_base: 0x0000000002e20000

Marking Bits: (ParMarkBitMap*) 0x00000000662a3950
 Begin Bits: [0x0000000014cf0000, 0x0000000014df0000)
 End Bits:   [0x0000000014df0000, 0x0000000014ef0000)

Polling page: 0x0000000000de0000

CodeCache: size=245760Kb used=2447Kb max_used=2459Kb free=243312Kb
 bounds [0x0000000005130000, 0x00000000053a0000, 0x0000000014130000]
 total_blobs=952 nmethods=630 adapters=236
 compilation: enabled

Compilation events (10 events):
Event: 1.599 Thread 0x0000000017812000 nmethod 615 0x00000000053959d0 code [0x0000000005395bc0, 0x0000000005396a70]
Event: 1.605 Thread 0x0000000017832000  627       3       java.lang.StringBuffer::<init> (6 bytes)
Event: 1.605 Thread 0x0000000017832000 nmethod 627 0x0000000005391190 code [0x0000000005391300, 0x00000000053915b0]
Event: 1.605 Thread 0x0000000017832000  628       3       java.util.ArrayDeque::pollFirst (42 bytes)
Event: 1.605 Thread 0x0000000017832000 nmethod 628 0x0000000005390b90 code [0x0000000005390d00, 0x0000000005391030]
Event: 1.606 Thread 0x0000000017832000  629       3       sun.nio.fs.NativeBuffers::getNativeBuffer (21 bytes)
Event: 1.606 Thread 0x0000000017832000 nmethod 629 0x0000000005395350 code [0x00000000053954e0, 0x0000000005395858]
Event: 1.613 Thread 0x0000000017808800  630       4       java.util.zip.ZipFile::getZipEntry (236 bytes)
Event: 1.615 Thread 0x000000001780b800  631   !   4       java.util.zip.ZipFile$ZipEntryIterator::next (212 bytes)
Event: 1.615 Thread 0x0000000017812000  632       4       java.util.zip.ZipCoder::toString (190 bytes)

GC Heap History (2 events):
Event: 1.257 GC heap before
{Heap before GC invocations=1 (full 0):
 PSYoungGen      total 18944K, used 16384K [0x00000000feb00000, 0x0000000100000000, 0x0000000100000000)
  eden space 16384K, 100% used [0x00000000feb00000,0x00000000ffb00000,0x00000000ffb00000)
  from space 2560K, 0% used [0x00000000ffd80000,0x00000000ffd80000,0x0000000100000000)
  to   space 2560K, 0% used [0x00000000ffb00000,0x00000000ffb00000,0x00000000ffd80000)
 ParOldGen       total 44032K, used 0K [0x00000000fc000000, 0x00000000feb00000, 0x00000000feb00000)
  object space 44032K, 0% used [0x00000000fc000000,0x00000000fc000000,0x00000000feb00000)
 Metaspace       used 6504K, capacity 6670K, committed 6784K, reserved 1056768K
  class space    used 768K, capacity 823K, committed 896K, reserved 1048576K
Event: 1.268 GC heap after
Heap after GC invocations=1 (full 0):
 PSYoungGen      total 18944K, used 2528K [0x00000000feb00000, 0x0000000100000000, 0x0000000100000000)
  eden space 16384K, 0% used [0x00000000feb00000,0x00000000feb00000,0x00000000ffb00000)
  from space 2560K, 98% used [0x00000000ffb00000,0x00000000ffd78030,0x00000000ffd80000)
  to   space 2560K, 0% used [0x00000000ffd80000,0x00000000ffd80000,0x0000000100000000)
 ParOldGen       total 44032K, used 1609K [0x00000000fc000000, 0x00000000feb00000, 0x00000000feb00000)
  object space 44032K, 3% used [0x00000000fc000000,0x00000000fc1926d8,0x00000000feb00000)
 Metaspace       used 6504K, capacity 6670K, committed 6784K, reserved 1056768K
  class space    used 768K, capacity 823K, committed 896K, reserved 1048576K
}

Deoptimization events (10 events):
Event: 1.133 Thread 0x0000000005033800 Uncommon trap: reason=unstable_if action=reinterpret pc=0x00000000052c9078 method=java.lang.String.startsWith(Ljava/lang/String;I)Z @ 25
Event: 1.223 Thread 0x0000000005033800 Uncommon trap: reason=unstable_if action=reinterpret pc=0x000000000533e3ac method=java.util.zip.ZipFile$ZipEntryIterator.hasNext()Z @ 25
Event: 1.223 Thread 0x0000000005033800 Uncommon trap: reason=unstable_if action=reinterpret pc=0x000000000534d6f8 method=java.util.zip.ZipCoder.decoder()Ljava/nio/charset/CharsetDecoder; @ 4
Event: 1.223 Thread 0x0000000005033800 Uncommon trap: reason=unstable_if action=reinterpret pc=0x0000000005340298 method=java.util.zip.ZipEntry.setExtra0([BZ)V @ 1
Event: 1.225 Thread 0x0000000005033800 Uncommon trap: reason=unstable_if action=reinterpret pc=0x000000000534af88 method=java.util.zip.ZipCoder.decoder()Ljava/nio/charset/CharsetDecoder; @ 4
Event: 1.229 Thread 0x0000000005033800 Uncommon trap: reason=unstable_if action=reinterpret pc=0x000000000534669c method=java.util.zip.ZipCoder.decoder()Ljava/nio/charset/CharsetDecoder; @ 4
Event: 1.325 Thread 0x0000000005033800 Uncommon trap: reason=unstable_if action=reinterpret pc=0x000000000535015c method=java.util.zip.ZipCoder.decoder()Ljava/nio/charset/CharsetDecoder; @ 4
Event: 1.331 Thread 0x0000000005033800 Uncommon trap: reason=unstable_if action=reinterpret pc=0x000000000534136c method=java.util.zip.ZipCoder.decoder()Ljava/nio/charset/CharsetDecoder; @ 4
Event: 1.334 Thread 0x0000000005033800 Uncommon trap: reason=unstable_if action=reinterpret pc=0x000000000533dafc method=java.util.zip.ZipCoder.decoder()Ljava/nio/charset/CharsetDecoder; @ 4
Event: 1.578 Thread 0x0000000005033800 Uncommon trap: reason=unloaded action=reinterpret pc=0x000000000533e97c method=java.util.zip.ZipEntry.setExtra0([BZ)V @ 37

Classes redefined (0 events):
No events

Internal exceptions (10 events):
Event: 1.334 Thread 0x0000000005033800 Implicit null exception at 0x000000000533d678 to 0x000000000533dae1
Event: 1.430 Thread 0x0000000005033800 Exception <a 'sun/nio/fs/WindowsException'> (0x00000000ff13fc10) thrown at [D:\src\AOSP-openjdk-cygwin\jdk8u\hotspot\src\share\vm\prims\jni.cpp, line 709]
Event: 1.430 Thread 0x0000000005033800 Exception <a 'sun/nio/fs/WindowsException'> (0x00000000ff1401d0) thrown at [D:\src\AOSP-openjdk-cygwin\jdk8u\hotspot\src\share\vm\prims\jni.cpp, line 709]
Event: 1.431 Thread 0x0000000005033800 Exception <a 'sun/nio/fs/WindowsException'> (0x00000000ff1407a0) thrown at [D:\src\AOSP-openjdk-cygwin\jdk8u\hotspot\src\share\vm\prims\jni.cpp, line 709]
Event: 1.431 Thread 0x0000000005033800 Exception <a 'sun/nio/fs/WindowsException'> (0x00000000ff140f60) thrown at [D:\src\AOSP-openjdk-cygwin\jdk8u\hotspot\src\share\vm\prims\jni.cpp, line 709]
Event: 1.431 Thread 0x0000000005033800 Exception <a 'sun/nio/fs/WindowsException'> (0x00000000ff141508) thrown at [D:\src\AOSP-openjdk-cygwin\jdk8u\hotspot\src\share\vm\prims\jni.cpp, line 709]
Event: 1.431 Thread 0x0000000005033800 Exception <a 'sun/nio/fs/WindowsException'> (0x00000000ff141cb8) thrown at [D:\src\AOSP-openjdk-cygwin\jdk8u\hotspot\src\share\vm\prims\jni.cpp, line 709]
Event: 1.529 Thread 0x0000000005033800 Exception <a 'sun/nio/fs/WindowsException'> (0x00000000ff147038) thrown at [D:\src\AOSP-openjdk-cygwin\jdk8u\hotspot\src\share\vm\prims\jni.cpp, line 709]
Event: 1.606 Thread 0x0000000005033800 Exception <a 'sun/nio/fs/WindowsException'> (0x00000000ff46c758) thrown at [D:\src\AOSP-openjdk-cygwin\jdk8u\hotspot\src\share\vm\prims\jni.cpp, line 709]
Event: 1.606 Thread 0x0000000005033800 Exception <a 'sun/nio/fs/WindowsException'> (0x00000000ff46ccd0) thrown at [D:\src\AOSP-openjdk-cygwin\jdk8u\hotspot\src\share\vm\prims\jni.cpp, line 709]

Events (10 events):
Event: 1.607 loading class java/util/zip/ZipOutputStream
Event: 1.608 loading class java/util/zip/DeflaterOutputStream
Event: 1.608 loading class java/util/zip/DeflaterOutputStream done
Event: 1.608 loading class java/util/zip/ZipOutputStream done
Event: 1.609 loading class java/util/zip/Deflater
Event: 1.609 loading class java/util/zip/Deflater done
Event: 1.609 loading class java/util/zip/CRC32
Event: 1.610 loading class java/util/zip/Checksum
Event: 1.610 loading class java/util/zip/Checksum done
Event: 1.610 loading class java/util/zip/CRC32 done


Dynamic libraries:
0x00007ff7e22d0000 - 0x00007ff7e2301000 	C:\Program Files\Android\Android Studio\jre\bin\java.exe
0x00007ff9421a0000 - 0x00007ff942380000 	C:\WINDOWS\SYSTEM32\ntdll.dll
0x00007ff941ba0000 - 0x00007ff941c4e000 	C:\WINDOWS\System32\KERNEL32.DLL
0x00007ff93f010000 - 0x00007ff93f276000 	C:\WINDOWS\System32\KERNELBASE.dll
0x00007ff9420c0000 - 0x00007ff942161000 	C:\WINDOWS\System32\ADVAPI32.dll
0x00007ff9403a0000 - 0x00007ff94043d000 	C:\WINDOWS\System32\msvcrt.dll
0x00007ff9405b0000 - 0x00007ff94060b000 	C:\WINDOWS\System32\sechost.dll
0x00007ff93fc60000 - 0x00007ff93fd7f000 	C:\WINDOWS\System32\RPCRT4.dll
0x00007ff941dc0000 - 0x00007ff941f4f000 	C:\WINDOWS\System32\USER32.dll
0x00007ff93ecf0000 - 0x00007ff93ed10000 	C:\WINDOWS\System32\win32u.dll
0x00007ff93f790000 - 0x00007ff93f7b8000 	C:\WINDOWS\System32\GDI32.dll
0x00007ff93f420000 - 0x00007ff93f5b3000 	C:\WINDOWS\System32\gdi32full.dll
0x00007ff93f380000 - 0x00007ff93f41b000 	C:\WINDOWS\System32\msvcp_win.dll
0x00007ff93f280000 - 0x00007ff93f376000 	C:\WINDOWS\System32\ucrtbase.dll
0x00007ff9338a0000 - 0x00007ff933b09000 	C:\WINDOWS\WinSxS\amd64_microsoft.windows.common-controls_6595b64144ccf1df_6.0.16299.248_none_15ced204935f55d7\COMCTL32.dll
0x00007ff93f7c0000 - 0x00007ff93fac8000 	C:\WINDOWS\System32\combase.dll
0x00007ff93ed10000 - 0x00007ff93ed82000 	C:\WINDOWS\System32\bcryptPrimitives.dll
0x00007ff9401d0000 - 0x00007ff9401fd000 	C:\WINDOWS\System32\IMM32.DLL
0x0000000065920000 - 0x00000000659f2000 	C:\Program Files\Android\Android Studio\jre\jre\bin\msvcr100.dll
0x0000000065ae0000 - 0x000000006631e000 	C:\Program Files\Android\Android Studio\jre\jre\bin\server\jvm.dll
0x00007ff9420b0000 - 0x00007ff9420b8000 	C:\WINDOWS\System32\PSAPI.DLL
0x00007ff927f70000 - 0x00007ff927f79000 	C:\WINDOWS\SYSTEM32\WSOCK32.dll
0x00007ff9388c0000 - 0x00007ff9388ca000 	C:\WINDOWS\SYSTEM32\VERSION.dll
0x00007ff93c490000 - 0x00007ff93c4b3000 	C:\WINDOWS\SYSTEM32\WINMM.dll
0x00007ff941f50000 - 0x00007ff941fbc000 	C:\WINDOWS\System32\WS2_32.dll
0x00007ff93c310000 - 0x00007ff93c33a000 	C:\WINDOWS\SYSTEM32\winmmbase.dll
0x00007ff93ed90000 - 0x00007ff93edda000 	C:\WINDOWS\System32\cfgmgr32.dll
0x00007ff927f60000 - 0x00007ff927f6f000 	C:\Program Files\Android\Android Studio\jre\jre\bin\verify.dll
0x00007ff927720000 - 0x00007ff927749000 	C:\Program Files\Android\Android Studio\jre\jre\bin\java.dll
0x00007ff9230e0000 - 0x00007ff9230f6000 	C:\Program Files\Android\Android Studio\jre\jre\bin\zip.dll
0x00007ff940760000 - 0x00007ff941b96000 	C:\WINDOWS\System32\SHELL32.dll
0x00007ff93f670000 - 0x00007ff93f716000 	C:\WINDOWS\System32\shcore.dll
0x00007ff93e5a0000 - 0x00007ff93ece7000 	C:\WINDOWS\System32\windows.storage.dll
0x00007ff942050000 - 0x00007ff9420a1000 	C:\WINDOWS\System32\shlwapi.dll
0x00007ff93e580000 - 0x00007ff93e591000 	C:\WINDOWS\System32\kernel.appcore.dll
0x00007ff93e510000 - 0x00007ff93e55c000 	C:\WINDOWS\System32\powrprof.dll
0x00007ff93e4f0000 - 0x00007ff93e50b000 	C:\WINDOWS\System32\profapi.dll
0x00007ff93df50000 - 0x00007ff93df67000 	C:\WINDOWS\SYSTEM32\CRYPTSP.dll
0x00007ff93d930000 - 0x00007ff93d963000 	C:\WINDOWS\system32\rsaenh.dll
0x00007ff93e050000 - 0x00007ff93e075000 	C:\WINDOWS\SYSTEM32\bcrypt.dll
0x00007ff93e420000 - 0x00007ff93e449000 	C:\WINDOWS\SYSTEM32\USERENV.dll
0x00007ff93df40000 - 0x00007ff93df4b000 	C:\WINDOWS\SYSTEM32\CRYPTBASE.dll
0x00007ff921f20000 - 0x00007ff921f3a000 	C:\Program Files\Android\Android Studio\jre\jre\bin\net.dll
0x00007ff93dd70000 - 0x00007ff93ddd6000 	C:\WINDOWS\system32\mswsock.dll
0x00007ff93db10000 - 0x00007ff93db49000 	C:\WINDOWS\SYSTEM32\IPHLPAPI.DLL
0x00007ff93f720000 - 0x00007ff93f728000 	C:\WINDOWS\System32\NSI.dll
0x00007ff939000000 - 0x00007ff939016000 	C:\WINDOWS\SYSTEM32\dhcpcsvc6.DLL
0x00007ff938fe0000 - 0x00007ff938ffa000 	C:\WINDOWS\SYSTEM32\dhcpcsvc.DLL
0x00007ff920740000 - 0x00007ff920751000 	C:\Program Files\Android\Android Studio\jre\jre\bin\nio.dll

VM Arguments:
jvm_args: -Djava.awt.headless=true -Xmx64M -Dfile.encoding=windows-1251 -Duser.country=UA -Duser.language=uk -Duser.variant 
java_command: com.google.devtools.build.android.desugar.Desugar --input D:\FanSerials\FanSerials\app\build\intermediates\transforms\stackFramesFixer\debug\4.jar --output D:\FanSerials\FanSerials\app\build\intermediates\transforms\desugar\debug\5.jar --input D:\FanSerials\FanSerials\app\build\intermediates\transforms\stackFramesFixer\debug\24.jar --output D:\FanSerials\FanSerials\app\build\intermediates\transforms\desugar\debug\25.jar --input D:\FanSerials\FanSerials\app\build\intermediates\transforms\stackFramesFixer\debug\17.jar --output D:\FanSerials\FanSerials\app\build\intermediates\transforms\desugar\debug\18.jar --input D:\FanSerials\FanSerials\app\build\intermediates\transforms\stackFramesFixer\debug\12.jar --output D:\FanSerials\FanSerials\app\build\intermediates\transforms\desugar\debug\13.jar --classpath_entry D:\FanSerials\FanSerials\app\build\intermediates\classes\debug --classpath_entry D:\FanSerials\FanSerials\app\build\intermediates\transforms\stackFramesFixer\debug\0.jar --classpath_entry D:\FanSerials\FanSerials\app\build\intermediates\transforms\stackFramesFixer\debug\1.jar --classpath_entry D:\FanSerials\FanSerials\app\build\intermediates\transforms\stackFramesFixer\debug\2.jar --classpath_entry D:\FanSerials\FanSerials\app\build\intermediates\transforms\stackFramesFixer\debug\3.jar --classpath_entry D:\FanSerials\FanSerials\app\build\intermediates\transforms\stackFramesFixer\debug\4.jar --classpath_entry D:\FanSerials\FanSerials\app\build\intermediates\transforms\stackFramesFixer\debug\5.jar --classpath_entry D:\FanSerials\FanSerials\app\build\intermediates\transforms\stackFramesFixer\debug\6.jar --classpath_entry D:\FanSerials\FanSerials\app\build\intermediates\transforms\stackFramesFixer\debug\7.jar --classpath_entry D:\FanSerials\FanSerials\app\build\intermediates\transforms\stackFramesFixer\debug\8.jar --classpath_entry D:\FanSerials\FanSerials\app\build\intermediates\transforms\stackFramesFixer\debug\9.jar --classpath_entry D:\FanSerials\F
java_class_path (initial): C:\Users\Ivan\AppData\Local\Temp\desugar_deploy.jar8196935388568118861
Launcher Type: SUN_STANDARD

Environment Variables:
PATH=C:\ProgramData\Oracle\Java\javapath;C:\WINDOWS\system32;C:\WINDOWS;C:\WINDOWS\System32\Wbem;C:\WINDOWS\System32\WindowsPowerShell\v1.0\;C:\Program Files (x86)\NVIDIA Corporation\PhysX\Common;C:\Users\Ivan\AppData\Local\Microsoft\WindowsApps;
USERNAME=Ivan
OS=Windows_NT
PROCESSOR_IDENTIFIER=Intel64 Family 6 Model 60 Stepping 3, GenuineIntel



---------------  S Y S T E M  ---------------

OS: Windows 10.0 , 64 bit Build 16299 (10.0.16299.15)

CPU:total 8 (initial active 8) (4 cores per cpu, 2 threads per core) family 6 model 60 stepping 3, cmov, cx8, fxsr, mmx, sse, sse2, sse3, ssse3, sse4.1, sse4.2, popcnt, avx, avx2, aes, clmul, erms, lzcnt, ht, tsc, tscinvbit, bmi1, bmi2

Memory: 4k page, physical 8268984k(1032160k free), swap 10316984k(112288k free)

vm_info: OpenJDK 64-Bit Server VM (25.152-b01) for windows-amd64 JRE (1.8.0_152-release-915-b01), built by "builder" with MS VC++ 10.0 (VS2010)

time: Sun Mar 11 15:17:14 2018
elapsed time: 1 seconds (0d 0h 0m 1s)

