#
# There is insufficient memory for the Java Runtime Environment to continue.
# Native memory allocation (malloc) failed to allocate 1048576 bytes for AllocateHeap
# Possible reasons:
#   The system is out of physical RAM or swap space
#   In 32 bit mode, the process size limit was hit
# Possible solutions:
#   Reduce memory load on the system
#   Increase physical memory or swap space
#   Check if swap backing store is full
#   Use 64 bit Java on a 64 bit OS
#   Decrease Java heap size (-Xmx/-Xms)
#   Decrease number of Java threads
#   Decrease Java thread stack sizes (-Xss)
#   Set larger code cache with -XX:ReservedCodeCacheSize=
# This output file may be truncated or incomplete.
#
#  Out of Memory Error (memory/allocation.inline.hpp:61), pid=14204, tid=0x00000000000024f8
#
# JRE version:  (8.0_152-b02) (build )
# Java VM: OpenJDK 64-Bit Server VM (25.152-b02 mixed mode windows-amd64 compressed oops)
# Failed to write core dump. Minidumps are not enabled by default on client versions of Windows
#

---------------  T H R E A D  ---------------

Current thread (0x0000000004b33800):  JavaThread "Unknown thread" [_thread_in_vm, id=9464, stack(0x00000000049f0000,0x0000000004af0000)]

Stack: [0x00000000049f0000,0x0000000004af0000]
[error occurred during error reporting (printing stack bounds), id 0xc0000005]

Native frames: (J=compiled Java code, j=interpreted, Vv=VM code, C=native code)


---------------  P R O C E S S  ---------------

Java Threads: ( => current thread )

Other Threads:

=>0x0000000004b33800 (exited) JavaThread "Unknown thread" [_thread_in_vm, id=9464, stack(0x00000000049f0000,0x0000000004af0000)]

VM state:not at safepoint (normal execution)

VM Mutex/Monitor currently owned by a thread: None

Heap:
 PSYoungGen      total 18944K, used 327K [0x00000000feb00000, 0x0000000100000000, 0x0000000100000000)
  eden space 16384K, 2% used [0x00000000feb00000,0x00000000feb51ec8,0x00000000ffb00000)
  from space 2560K, 0% used [0x00000000ffd80000,0x00000000ffd80000,0x0000000100000000)
  to   space 2560K, 0% used [0x00000000ffb00000,0x00000000ffb00000,0x00000000ffd80000)
 ParOldGen       total 44032K, used 0K [0x00000000fc000000, 0x00000000feb00000, 0x00000000feb00000)
  object space 44032K, 0% used [0x00000000fc000000,0x00000000fc000000,0x00000000feb00000)
 Metaspace       used 772K, capacity 4480K, committed 4480K, reserved 1056768K
  class space    used 73K, capacity 384K, committed 384K, reserved 1048576K

Card table byte_map: [0x0000000003170000,0x00000000031a0000] byte_map_base: 0x0000000002990000

Marking Bits: (ParMarkBitMap*) 0x00000000631b4970
 Begin Bits: [0x0000000014830000, 0x0000000014930000)
 End Bits:   [0x0000000014930000, 0x0000000014a30000)

Polling page: 0x00000000009e0000

CodeCache: size=245760Kb used=328Kb max_used=328Kb free=245431Kb
 bounds [0x0000000004c70000, 0x0000000004ee0000, 0x0000000013c70000]
 total_blobs=57 nmethods=0 adapters=38
 compilation: enabled

Compilation events (0 events):
No events

GC Heap History (0 events):
No events

Deoptimization events (0 events):
No events

Classes redefined (0 events):
No events

Internal exceptions (0 events):
No events

Events (10 events):
Event: 0.216 loading class java/lang/Short
Event: 0.217 loading class java/lang/Short done
Event: 0.217 loading class java/lang/Integer
Event: 0.217 loading class java/lang/Integer done
Event: 0.217 loading class java/lang/Long
Event: 0.218 loading class java/lang/Long done
Event: 0.220 loading class java/lang/NullPointerException
Event: 0.221 loading class java/lang/NullPointerException done
Event: 0.221 loading class java/lang/ArithmeticException
Event: 0.221 loading class java/lang/ArithmeticException done


Dynamic libraries:
0x00007ff74c3c0000 - 0x00007ff74c3f1000 	C:\Program Files\Android\Android Studio\jre\bin\java.exe
0x00007ffa3b030000 - 0x00007ffa3b210000 	C:\WINDOWS\SYSTEM32\ntdll.dll
0x00007ffa38500000 - 0x00007ffa385ae000 	C:\WINDOWS\System32\KERNEL32.DLL
0x00007ffa37d80000 - 0x00007ffa37fe6000 	C:\WINDOWS\System32\KERNELBASE.dll
0x00007ffa39980000 - 0x00007ffa39a21000 	C:\WINDOWS\System32\ADVAPI32.dll
0x00007ffa390d0000 - 0x00007ffa3916d000 	C:\WINDOWS\System32\msvcrt.dll
0x00007ffa38db0000 - 0x00007ffa38e0b000 	C:\WINDOWS\System32\sechost.dll
0x00007ffa394a0000 - 0x00007ffa395bf000 	C:\WINDOWS\System32\RPCRT4.dll
0x00007ffa38c20000 - 0x00007ffa38daf000 	C:\WINDOWS\System32\USER32.dll
0x00007ffa38290000 - 0x00007ffa382b0000 	C:\WINDOWS\System32\win32u.dll
0x00007ffa38e10000 - 0x00007ffa38e38000 	C:\WINDOWS\System32\GDI32.dll
0x00007ffa37be0000 - 0x00007ffa37d73000 	C:\WINDOWS\System32\gdi32full.dll
0x00007ffa382b0000 - 0x00007ffa3834b000 	C:\WINDOWS\System32\msvcp_win.dll
0x00007ffa38350000 - 0x00007ffa38446000 	C:\WINDOWS\System32\ucrtbase.dll
0x00007ffa31610000 - 0x00007ffa31879000 	C:\WINDOWS\WinSxS\amd64_microsoft.windows.common-controls_6595b64144ccf1df_6.0.16299.248_none_15ced204935f55d7\COMCTL32.dll
0x00007ffa395d0000 - 0x00007ffa398d8000 	C:\WINDOWS\System32\combase.dll
0x00007ffa37ff0000 - 0x00007ffa38062000 	C:\WINDOWS\System32\bcryptPrimitives.dll
0x00007ffa3af40000 - 0x00007ffa3af6d000 	C:\WINDOWS\System32\IMM32.DLL
0x00000000605f0000 - 0x00000000606c2000 	C:\Program Files\Android\Android Studio\jre\jre\bin\msvcr100.dll
0x00000000629f0000 - 0x000000006322f000 	C:\Program Files\Android\Android Studio\jre\jre\bin\server\jvm.dll
0x00007ffa395c0000 - 0x00007ffa395c8000 	C:\WINDOWS\System32\PSAPI.DLL
0x00007ffa33a80000 - 0x00007ffa33a89000 	C:\WINDOWS\SYSTEM32\WSOCK32.dll
0x00007ffa3aed0000 - 0x00007ffa3af3c000 	C:\WINDOWS\System32\WS2_32.dll
0x00007ffa32d80000 - 0x00007ffa32da3000 	C:\WINDOWS\SYSTEM32\WINMM.dll
0x00007ffa32440000 - 0x00007ffa3244a000 	C:\WINDOWS\SYSTEM32\VERSION.dll
0x00007ffa32d50000 - 0x00007ffa32d7a000 	C:\WINDOWS\SYSTEM32\WINMMBASE.dll
0x00007ffa38070000 - 0x00007ffa380ba000 	C:\WINDOWS\System32\cfgmgr32.dll
0x00007ffa33a70000 - 0x00007ffa33a7f000 	C:\Program Files\Android\Android Studio\jre\jre\bin\verify.dll
0x00007ffa31ec0000 - 0x00007ffa31ee9000 	C:\Program Files\Android\Android Studio\jre\jre\bin\java.dll
0x00007ffa2c9c0000 - 0x00007ffa2c9d6000 	C:\Program Files\Android\Android Studio\jre\jre\bin\zip.dll

VM Arguments:
jvm_args: -Djava.awt.headless=true -Xmx64M -Dfile.encoding=windows-1251 -Duser.country=UA -Duser.language=uk -Duser.variant 
java_command: com.google.devtools.build.android.desugar.Desugar --input D:\FanSerials\FanSerials\app\build\intermediates\transforms\stackFramesFixer\debug\20.jar --output D:\FanSerials\FanSerials\app\build\intermediates\transforms\desugar\debug\21.jar --input D:\FanSerials\FanSerials\app\build\intermediates\transforms\stackFramesFixer\debug\1.jar --output D:\FanSerials\FanSerials\app\build\intermediates\transforms\desugar\debug\2.jar --input D:\FanSerials\FanSerials\app\build\intermediates\transforms\stackFramesFixer\debug\17.jar --output D:\FanSerials\FanSerials\app\build\intermediates\transforms\desugar\debug\18.jar --input D:\FanSerials\FanSerials\app\build\intermediates\transforms\stackFramesFixer\debug\8.jar --output D:\FanSerials\FanSerials\app\build\intermediates\transforms\desugar\debug\9.jar --classpath_entry D:\FanSerials\FanSerials\app\build\intermediates\classes\debug --classpath_entry D:\FanSerials\FanSerials\app\build\intermediates\transforms\stackFramesFixer\debug\0.jar --classpath_entry D:\FanSerials\FanSerials\app\build\intermediates\transforms\stackFramesFixer\debug\1.jar --classpath_entry D:\FanSerials\FanSerials\app\build\intermediates\transforms\stackFramesFixer\debug\2.jar --classpath_entry D:\FanSerials\FanSerials\app\build\intermediates\transforms\stackFramesFixer\debug\3.jar --classpath_entry D:\FanSerials\FanSerials\app\build\intermediates\transforms\stackFramesFixer\debug\4.jar --classpath_entry D:\FanSerials\FanSerials\app\build\intermediates\transforms\stackFramesFixer\debug\5.jar --classpath_entry D:\FanSerials\FanSerials\app\build\intermediates\transforms\stackFramesFixer\debug\6.jar --classpath_entry D:\FanSerials\FanSerials\app\build\intermediates\transforms\stackFramesFixer\debug\7.jar --classpath_entry D:\FanSerials\FanSerials\app\build\intermediates\transforms\stackFramesFixer\debug\8.jar --classpath_entry D:\FanSerials\FanSerials\app\build\intermediates\transforms\stackFramesFixer\debug\9.jar --classpath_entry D:\FanSerials\Fan
java_class_path (initial): C:\Users\Ivan\AppData\Local\Temp\desugar_deploy.jar7065701444966566622
Launcher Type: SUN_STANDARD

Environment Variables:
PATH=C:\ProgramData\Oracle\Java\javapath;C:\WINDOWS\system32;C:\WINDOWS;C:\WINDOWS\System32\Wbem;C:\WINDOWS\System32\WindowsPowerShell\v1.0\;C:\Program Files (x86)\NVIDIA Corporation\PhysX\Common;C:\Users\Ivan\AppData\Local\Microsoft\WindowsApps;
USERNAME=Ivan
OS=Windows_NT
PROCESSOR_IDENTIFIER=Intel64 Family 6 Model 60 Stepping 3, GenuineIntel



---------------  S Y S T E M  ---------------

OS: Windows 10.0 , 64 bit Build 16299 (10.0.16299.15)

CPU:total 8 (initial active 8) (4 cores per cpu, 2 threads per core) family 6 model 60 stepping 3, cmov, cx8, fxsr, mmx, sse, sse2, sse3, ssse3, sse4.1, sse4.2, popcnt, avx, avx2, aes, clmul, erms, lzcnt, ht, tsc, tscinvbit, bmi1, bmi2

Memory: 4k page, physical 8268984k(946824k free), swap 10316984k(6332k free)

vm_info: OpenJDK 64-Bit Server VM (25.152-b02) for windows-amd64 JRE (1.8.0_152-release-1024-b02), built by "builder" with MS VC++ 10.0 (VS2010)

time: Wed Mar 28 23:31:05 2018
elapsed time: 0 seconds (0d 0h 0m 0s)

