#
# There is insufficient memory for the Java Runtime Environment to continue.
# Native memory allocation (malloc) failed to allocate 833536 bytes for Chunk::new
# Possible reasons:
#   The system is out of physical RAM or swap space
#   In 32 bit mode, the process size limit was hit
# Possible solutions:
#   Reduce memory load on the system
#   Increase physical memory or swap space
#   Check if swap backing store is full
#   Use 64 bit Java on a 64 bit OS
#   Decrease Java heap size (-Xmx/-Xms)
#   Decrease number of Java threads
#   Decrease Java thread stack sizes (-Xss)
#   Set larger code cache with -XX:ReservedCodeCacheSize=
# This output file may be truncated or incomplete.
#
#  Out of Memory Error (allocation.cpp:390), pid=8384, tid=0x00000000000013b4
#
# JRE version: OpenJDK Runtime Environment (8.0_152-b02) (build 1.8.0_152-release-1024-b02)
# Java VM: OpenJDK 64-Bit Server VM (25.152-b02 mixed mode windows-amd64 compressed oops)
# Failed to write core dump. Minidumps are not enabled by default on client versions of Windows
#

---------------  T H R E A D  ---------------

Current thread (0x00000000172d3800):  JavaThread "C2 CompilerThread2" daemon [_thread_in_native, id=5044, stack(0x0000000017d90000,0x0000000017e90000)]

Stack: [0x0000000017d90000,0x0000000017e90000]
[error occurred during error reporting (printing stack bounds), id 0xc0000005]

Native frames: (J=compiled Java code, j=interpreted, Vv=VM code, C=native code)


Current CompileTask:
C2:   4660  826       4       org.objectweb.asm.ClassReader::readCode (3575 bytes)


---------------  P R O C E S S  ---------------

Java Threads: ( => current thread )
  0x0000000017368800 JavaThread "Service Thread" daemon [_thread_blocked, id=12328, stack(0x0000000017f90000,0x0000000018090000)]
  0x00000000153de000 JavaThread "C1 CompilerThread3" daemon [_thread_blocked, id=5084, stack(0x0000000017e90000,0x0000000017f90000)]
=>0x00000000172d3800 JavaThread "C2 CompilerThread2" daemon [_thread_in_native, id=5044, stack(0x0000000017d90000,0x0000000017e90000)]
  0x00000000172d0800 JavaThread "C2 CompilerThread1" daemon [_thread_blocked, id=9704, stack(0x0000000017c90000,0x0000000017d90000)]
  0x00000000172cd800 JavaThread "C2 CompilerThread0" daemon [_thread_blocked, id=9552, stack(0x0000000017b90000,0x0000000017c90000)]
  0x00000000172cc000 JavaThread "Attach Listener" daemon [_thread_blocked, id=3740, stack(0x0000000017a90000,0x0000000017b90000)]
  0x00000000172cb000 JavaThread "Signal Dispatcher" daemon [_thread_blocked, id=2664, stack(0x0000000017990000,0x0000000017a90000)]
  0x00000000172c0800 JavaThread "Finalizer" daemon [_thread_blocked, id=3976, stack(0x00000000176a0000,0x00000000177a0000)]
  0x0000000004ba7000 JavaThread "Reference Handler" daemon [_thread_blocked, id=13364, stack(0x00000000171a0000,0x00000000172a0000)]
  0x0000000004ab3800 JavaThread "main" [_thread_in_native, id=3104, stack(0x0000000004990000,0x0000000004a90000)]

Other Threads:
  0x00000000153c5800 VMThread [stack: 0x00000000170a0000,0x00000000171a0000] [id=12512]
  0x0000000017369800 WatcherThread [stack: 0x0000000018090000,0x0000000018190000] [id=2184]

VM state:not at safepoint (normal execution)

VM Mutex/Monitor currently owned by a thread: None

Heap:
 PSYoungGen      total 18944K, used 17305K [0x00000000feb00000, 0x0000000100000000, 0x0000000100000000)
  eden space 16384K, 90% used [0x00000000feb00000,0x00000000ff96a480,0x00000000ffb00000)
  from space 2560K, 99% used [0x00000000ffb00000,0x00000000ffd7c020,0x00000000ffd80000)
  to   space 2560K, 0% used [0x00000000ffd80000,0x00000000ffd80000,0x0000000100000000)
 ParOldGen       total 44032K, used 1471K [0x00000000fc000000, 0x00000000feb00000, 0x00000000feb00000)
  object space 44032K, 3% used [0x00000000fc000000,0x00000000fc16fdb0,0x00000000feb00000)
 Metaspace       used 7524K, capacity 7748K, committed 7936K, reserved 1056768K
  class space    used 871K, capacity 970K, committed 1024K, reserved 1048576K

Card table byte_map: [0x0000000013f70000,0x0000000013fa0000] byte_map_base: 0x0000000013790000

Marking Bits: (ParMarkBitMap*) 0x000000005cc34970
 Begin Bits: [0x00000000147c0000, 0x00000000148c0000)
 End Bits:   [0x00000000148c0000, 0x00000000149c0000)

Polling page: 0x00000000009f0000

CodeCache: size=245760Kb used=3177Kb max_used=3192Kb free=242582Kb
 bounds [0x0000000004bb0000, 0x0000000004ee0000, 0x0000000013bb0000]
 total_blobs=1169 nmethods=837 adapters=246
 compilation: enabled

Compilation events (10 events):
Event: 4.544 Thread 0x00000000153de000  830       3       org.objectweb.asm.MethodWriter::visitCode (1 bytes)
Event: 4.544 Thread 0x00000000153de000 nmethod 830 0x0000000004ec2dd0 code [0x0000000004ec2f20, 0x0000000004ec3070]
Event: 4.544 Thread 0x00000000153de000  835       3       org.objectweb.asm.Label::addReference (93 bytes)
Event: 4.545 Thread 0x00000000153de000 nmethod 835 0x0000000004ec2650 code [0x0000000004ec27c0, 0x0000000004ec2c08]
Event: 4.545 Thread 0x00000000153de000  837       3       java.util.zip.ZipOutputStream::writeInt (69 bytes)
Event: 4.545 Thread 0x00000000153de000 nmethod 837 0x0000000004ec9910 code [0x0000000004ec9aa0, 0x0000000004ec9f78]
Event: 4.546 Thread 0x00000000172d0800 nmethod 827 0x0000000004ecc3d0 code [0x0000000004ecc540, 0x0000000004ecc8b8]
Event: 4.546 Thread 0x00000000172d0800  836       4       org.objectweb.asm.MethodVisitor::visitInsn (16 bytes)
Event: 4.546 Thread 0x00000000172cd800 nmethod 814 0x0000000004ecf810 code [0x0000000004ecfa00, 0x0000000004ed0630]
Event: 4.546 Thread 0x00000000172d0800 nmethod 836 0x0000000004eaa110 code [0x0000000004eaa240, 0x0000000004eaa2d8]

GC Heap History (2 events):
Event: 3.561 GC heap before
{Heap before GC invocations=1 (full 0):
 PSYoungGen      total 18944K, used 16384K [0x00000000feb00000, 0x0000000100000000, 0x0000000100000000)
  eden space 16384K, 100% used [0x00000000feb00000,0x00000000ffb00000,0x00000000ffb00000)
  from space 2560K, 0% used [0x00000000ffd80000,0x00000000ffd80000,0x0000000100000000)
  to   space 2560K, 0% used [0x00000000ffb00000,0x00000000ffb00000,0x00000000ffd80000)
 ParOldGen       total 44032K, used 0K [0x00000000fc000000, 0x00000000feb00000, 0x00000000feb00000)
  object space 44032K, 0% used [0x00000000fc000000,0x00000000fc000000,0x00000000feb00000)
 Metaspace       used 6698K, capacity 6874K, committed 7040K, reserved 1056768K
  class space    used 792K, capacity 871K, committed 896K, reserved 1048576K
Event: 3.572 GC heap after
Heap after GC invocations=1 (full 0):
 PSYoungGen      total 18944K, used 2544K [0x00000000feb00000, 0x0000000100000000, 0x0000000100000000)
  eden space 16384K, 0% used [0x00000000feb00000,0x00000000feb00000,0x00000000ffb00000)
  from space 2560K, 99% used [0x00000000ffb00000,0x00000000ffd7c020,0x00000000ffd80000)
  to   space 2560K, 0% used [0x00000000ffd80000,0x00000000ffd80000,0x0000000100000000)
 ParOldGen       total 44032K, used 1471K [0x00000000fc000000, 0x00000000feb00000, 0x00000000feb00000)
  object space 44032K, 3% used [0x00000000fc000000,0x00000000fc16fdb0,0x00000000feb00000)
 Metaspace       used 6698K, capacity 6874K, committed 7040K, reserved 1056768K
  class space    used 792K, capacity 871K, committed 896K, reserved 1048576K
}

Deoptimization events (10 events):
Event: 3.512 Thread 0x0000000004ab3800 Uncommon trap: reason=unstable_if action=reinterpret pc=0x0000000004dd7518 method=java.util.zip.ZipEntry.setExtra0([BZ)V @ 1
Event: 3.539 Thread 0x0000000004ab3800 Uncommon trap: reason=unstable_if action=reinterpret pc=0x0000000004ddb6c8 method=java.util.zip.ZipFile$ZipEntryIterator.hasNext()Z @ 25
Event: 3.539 Thread 0x0000000004ab3800 Uncommon trap: reason=unstable_if action=reinterpret pc=0x0000000004de1588 method=java.util.zip.ZipCoder.decoder()Ljava/nio/charset/CharsetDecoder; @ 4
Event: 3.541 Thread 0x0000000004ab3800 Uncommon trap: reason=unstable_if action=reinterpret pc=0x0000000004dd40dc method=java.util.zip.ZipFile$ZipEntryIterator.hasNext()Z @ 25
Event: 3.541 Thread 0x0000000004ab3800 Uncommon trap: reason=unstable_if action=reinterpret pc=0x0000000004de3c5c method=java.util.zip.ZipCoder.decoder()Ljava/nio/charset/CharsetDecoder; @ 4
Event: 3.596 Thread 0x0000000004ab3800 Uncommon trap: reason=unstable_if action=reinterpret pc=0x0000000004df0c1c method=java.util.zip.ZipCoder.decoder()Ljava/nio/charset/CharsetDecoder; @ 4
Event: 3.596 Thread 0x0000000004ab3800 Uncommon trap: reason=unstable_if action=reinterpret pc=0x0000000004dd60ac method=java.util.zip.ZipCoder.decoder()Ljava/nio/charset/CharsetDecoder; @ 4
Event: 3.597 Thread 0x0000000004ab3800 Uncommon trap: reason=unstable_if action=reinterpret pc=0x0000000004dd86fc method=java.util.zip.ZipCoder.decoder()Ljava/nio/charset/CharsetDecoder; @ 4
Event: 3.814 Thread 0x0000000004ab3800 Uncommon trap: reason=unloaded action=reinterpret pc=0x0000000004de837c method=java.util.zip.ZipEntry.setExtra0([BZ)V @ 37
Event: 4.285 Thread 0x0000000004ab3800 Uncommon trap: reason=unstable_if action=reinterpret pc=0x0000000004d80db8 method=java.lang.String.<init>([CII)V @ 18

Classes redefined (0 events):
No events

Internal exceptions (10 events):
Event: 3.596 Thread 0x0000000004ab3800 Implicit null exception at 0x0000000004dd8278 to 0x0000000004dd86e1
Event: 3.733 Thread 0x0000000004ab3800 Exception <a 'sun/nio/fs/WindowsException'> (0x00000000ff19eae8) thrown at [D:\src\AOSP-openjdk-cygwin\jdk8u\hotspot\src\share\vm\prims\jni.cpp, line 709]
Event: 3.733 Thread 0x0000000004ab3800 Exception <a 'sun/nio/fs/WindowsException'> (0x00000000ff19f0a8) thrown at [D:\src\AOSP-openjdk-cygwin\jdk8u\hotspot\src\share\vm\prims\jni.cpp, line 709]
Event: 3.733 Thread 0x0000000004ab3800 Exception <a 'sun/nio/fs/WindowsException'> (0x00000000ff19f678) thrown at [D:\src\AOSP-openjdk-cygwin\jdk8u\hotspot\src\share\vm\prims\jni.cpp, line 709]
Event: 3.733 Thread 0x0000000004ab3800 Exception <a 'sun/nio/fs/WindowsException'> (0x00000000ff19fe38) thrown at [D:\src\AOSP-openjdk-cygwin\jdk8u\hotspot\src\share\vm\prims\jni.cpp, line 709]
Event: 3.741 Thread 0x0000000004ab3800 Exception <a 'sun/nio/fs/WindowsException'> (0x00000000ff1a4d80) thrown at [D:\src\AOSP-openjdk-cygwin\jdk8u\hotspot\src\share\vm\prims\jni.cpp, line 709]
Event: 3.853 Thread 0x0000000004ab3800 Exception <a 'sun/nio/fs/WindowsException'> (0x00000000ff5352b8) thrown at [D:\src\AOSP-openjdk-cygwin\jdk8u\hotspot\src\share\vm\prims\jni.cpp, line 709]
Event: 3.854 Thread 0x0000000004ab3800 Exception <a 'sun/nio/fs/WindowsException'> (0x00000000ff535830) thrown at [D:\src\AOSP-openjdk-cygwin\jdk8u\hotspot\src\share\vm\prims\jni.cpp, line 709]
Event: 4.559 Thread 0x0000000004ab3800 Exception <a 'sun/nio/fs/WindowsException'> (0x00000000ff952328) thrown at [D:\src\AOSP-openjdk-cygwin\jdk8u\hotspot\src\share\vm\prims\jni.cpp, line 709]
Event: 4.559 Thread 0x0000000004ab3800 Exception <a 'sun/nio/fs/WindowsException'> (0x00000000ff952820) thrown at [D:\src\AOSP-openjdk-cygwin\jdk8u\hotspot\src\share\vm\prims\jni.cpp, line 709]

Events (10 events):
Event: 4.436 loading class org/objectweb/asm/tree/LabelNode
Event: 4.436 loading class org/objectweb/asm/tree/LabelNode done
Event: 4.437 loading class org/objectweb/asm/tree/JumpInsnNode
Event: 4.437 loading class org/objectweb/asm/tree/JumpInsnNode done
Event: 4.470 loading class org/objectweb/asm/tree/InsnList
Event: 4.470 loading class org/objectweb/asm/tree/InsnList done
Event: 4.476 loading class org/objectweb/asm/Handler
Event: 4.476 loading class org/objectweb/asm/Handler done
Event: 4.544 loading class java/util/Vector$Itr
Event: 4.544 loading class java/util/Vector$Itr done


Dynamic libraries:
0x00007ff7a0670000 - 0x00007ff7a06a1000 	C:\Program Files\Android\Android Studio\jre\bin\java.exe
0x00007ffe1a550000 - 0x00007ffe1a730000 	C:\WINDOWS\SYSTEM32\ntdll.dll
0x00007ffe17a60000 - 0x00007ffe17b0e000 	C:\WINDOWS\System32\KERNEL32.DLL
0x00007ffe16c70000 - 0x00007ffe16ed6000 	C:\WINDOWS\System32\KERNELBASE.dll
0x00007ffe1a3d0000 - 0x00007ffe1a471000 	C:\WINDOWS\System32\ADVAPI32.dll
0x00007ffe1a480000 - 0x00007ffe1a51d000 	C:\WINDOWS\System32\msvcrt.dll
0x00007ffe19d60000 - 0x00007ffe19dbb000 	C:\WINDOWS\System32\sechost.dll
0x00007ffe1a120000 - 0x00007ffe1a23f000 	C:\WINDOWS\System32\RPCRT4.dll
0x00007ffe17bf0000 - 0x00007ffe17d7f000 	C:\WINDOWS\System32\USER32.dll
0x00007ffe16a80000 - 0x00007ffe16aa0000 	C:\WINDOWS\System32\win32u.dll
0x00007ffe17b10000 - 0x00007ffe17b38000 	C:\WINDOWS\System32\GDI32.dll
0x00007ffe17880000 - 0x00007ffe17a13000 	C:\WINDOWS\System32\gdi32full.dll
0x00007ffe177e0000 - 0x00007ffe1787b000 	C:\WINDOWS\System32\msvcp_win.dll
0x00007ffe17630000 - 0x00007ffe17726000 	C:\WINDOWS\System32\ucrtbase.dll
0x00007ffe10e30000 - 0x00007ffe11099000 	C:\WINDOWS\WinSxS\amd64_microsoft.windows.common-controls_6595b64144ccf1df_6.0.16299.248_none_15ced204935f55d7\COMCTL32.dll
0x00007ffe19520000 - 0x00007ffe19828000 	C:\WINDOWS\System32\combase.dll
0x00007ffe16950000 - 0x00007ffe169c2000 	C:\WINDOWS\System32\bcryptPrimitives.dll
0x00007ffe17a30000 - 0x00007ffe17a5d000 	C:\WINDOWS\System32\IMM32.DLL
0x000000005c2b0000 - 0x000000005c382000 	C:\Program Files\Android\Android Studio\jre\jre\bin\msvcr100.dll
0x000000005c470000 - 0x000000005ccaf000 	C:\Program Files\Android\Android Studio\jre\jre\bin\server\jvm.dll
0x00007ffe193c0000 - 0x00007ffe193c8000 	C:\WINDOWS\System32\PSAPI.DLL
0x00007ffe0c050000 - 0x00007ffe0c059000 	C:\WINDOWS\SYSTEM32\WSOCK32.dll
0x00007ffe1a360000 - 0x00007ffe1a3cc000 	C:\WINDOWS\System32\WS2_32.dll
0x00007ffe12410000 - 0x00007ffe12433000 	C:\WINDOWS\SYSTEM32\WINMM.dll
0x00007ffe11980000 - 0x00007ffe1198a000 	C:\WINDOWS\SYSTEM32\VERSION.dll
0x00007ffe123b0000 - 0x00007ffe123da000 	C:\WINDOWS\SYSTEM32\WINMMBASE.dll
0x00007ffe16a30000 - 0x00007ffe16a7a000 	C:\WINDOWS\System32\cfgmgr32.dll
0x00007ffe0bdc0000 - 0x00007ffe0bdcf000 	C:\Program Files\Android\Android Studio\jre\jre\bin\verify.dll
0x00007ffe0acd0000 - 0x00007ffe0acf9000 	C:\Program Files\Android\Android Studio\jre\jre\bin\java.dll
0x00007ffe0bda0000 - 0x00007ffe0bdb6000 	C:\Program Files\Android\Android Studio\jre\jre\bin\zip.dll
0x00007ffe17de0000 - 0x00007ffe19216000 	C:\WINDOWS\System32\SHELL32.dll
0x00007ffe17b40000 - 0x00007ffe17be6000 	C:\WINDOWS\System32\shcore.dll
0x00007ffe16ee0000 - 0x00007ffe17627000 	C:\WINDOWS\System32\windows.storage.dll
0x00007ffe19f50000 - 0x00007ffe19fa1000 	C:\WINDOWS\System32\shlwapi.dll
0x00007ffe168f0000 - 0x00007ffe16901000 	C:\WINDOWS\System32\kernel.appcore.dll
0x00007ffe168a0000 - 0x00007ffe168ec000 	C:\WINDOWS\System32\powrprof.dll
0x00007ffe16910000 - 0x00007ffe1692b000 	C:\WINDOWS\System32\profapi.dll
0x00007ffe165d0000 - 0x00007ffe165e7000 	C:\WINDOWS\SYSTEM32\CRYPTSP.dll
0x00007ffe15990000 - 0x00007ffe159c3000 	C:\WINDOWS\system32\rsaenh.dll
0x00007ffe16360000 - 0x00007ffe16385000 	C:\WINDOWS\SYSTEM32\bcrypt.dll
0x00007ffe167d0000 - 0x00007ffe167f9000 	C:\WINDOWS\SYSTEM32\USERENV.dll
0x00007ffe15fa0000 - 0x00007ffe15fab000 	C:\WINDOWS\SYSTEM32\CRYPTBASE.dll
0x00007ffe0acb0000 - 0x00007ffe0acca000 	C:\Program Files\Android\Android Studio\jre\jre\bin\net.dll
0x00007ffe15d80000 - 0x00007ffe15de6000 	C:\WINDOWS\system32\mswsock.dll
0x00007ffe15b10000 - 0x00007ffe15b49000 	C:\WINDOWS\SYSTEM32\IPHLPAPI.DLL
0x00007ffe1a350000 - 0x00007ffe1a358000 	C:\WINDOWS\System32\NSI.dll
0x00007ffe0f160000 - 0x00007ffe0f176000 	C:\WINDOWS\SYSTEM32\dhcpcsvc6.DLL
0x00007ffe0f140000 - 0x00007ffe0f15a000 	C:\WINDOWS\SYSTEM32\dhcpcsvc.DLL
0x00007ffe0ac90000 - 0x00007ffe0aca1000 	C:\Program Files\Android\Android Studio\jre\jre\bin\nio.dll

VM Arguments:
jvm_args: -Djava.awt.headless=true -Xmx64M -Dfile.encoding=windows-1251 -Duser.country=UA -Duser.language=uk -Duser.variant 
java_command: com.google.devtools.build.android.desugar.Desugar --input D:\FanSerials\FanSerials\app\build\intermediates\transforms\stackFramesFixer\debug\14.jar --output D:\FanSerials\FanSerials\app\build\intermediates\transforms\desugar\debug\15.jar --input D:\FanSerials\FanSerials\app\build\intermediates\transforms\stackFramesFixer\debug\29.jar --output D:\FanSerials\FanSerials\app\build\intermediates\transforms\desugar\debug\29.jar --input D:\FanSerials\FanSerials\app\build\intermediates\transforms\stackFramesFixer\debug\9.jar --output D:\FanSerials\FanSerials\app\build\intermediates\transforms\desugar\debug\10.jar --input D:\FanSerials\FanSerials\app\build\intermediates\transforms\stackFramesFixer\debug\10.jar --output D:\FanSerials\FanSerials\app\build\intermediates\transforms\desugar\debug\11.jar --input D:\FanSerials\FanSerials\app\build\intermediates\transforms\stackFramesFixer\debug\8.jar --output D:\FanSerials\FanSerials\app\build\intermediates\transforms\desugar\debug\9.jar --classpath_entry D:\FanSerials\FanSerials\app\build\intermediates\classes\debug --classpath_entry D:\FanSerials\FanSerials\app\build\intermediates\transforms\stackFramesFixer\debug\0.jar --classpath_entry D:\FanSerials\FanSerials\app\build\intermediates\transforms\stackFramesFixer\debug\1.jar --classpath_entry D:\FanSerials\FanSerials\app\build\intermediates\transforms\stackFramesFixer\debug\2.jar --classpath_entry D:\FanSerials\FanSerials\app\build\intermediates\transforms\stackFramesFixer\debug\3.jar --classpath_entry D:\FanSerials\FanSerials\app\build\intermediates\transforms\stackFramesFixer\debug\4.jar --classpath_entry D:\FanSerials\FanSerials\app\build\intermediates\transforms\stackFramesFixer\debug\5.jar --classpath_entry D:\FanSerials\FanSerials\app\build\intermediates\transforms\stackFramesFixer\debug\6.jar --classpath_entry D:\FanSerials\FanSerials\app\build\intermediates\transforms\stackFramesFixer\debug\7.jar --classpath_entry D:\FanSerials\FanSerials\app\build\interme
java_class_path (initial): C:\Users\Ivan\AppData\Local\Temp\desugar_deploy.jar883269109973781300
Launcher Type: SUN_STANDARD

Environment Variables:
PATH=C:\ProgramData\Oracle\Java\javapath;C:\WINDOWS\system32;C:\WINDOWS;C:\WINDOWS\System32\Wbem;C:\WINDOWS\System32\WindowsPowerShell\v1.0\;C:\Program Files (x86)\NVIDIA Corporation\PhysX\Common;C:\Users\Ivan\AppData\Local\Microsoft\WindowsApps;
USERNAME=Ivan
OS=Windows_NT
PROCESSOR_IDENTIFIER=Intel64 Family 6 Model 60 Stepping 3, GenuineIntel



---------------  S Y S T E M  ---------------

OS: Windows 10.0 , 64 bit Build 16299 (10.0.16299.15)

CPU:total 8 (initial active 8) (4 cores per cpu, 2 threads per core) family 6 model 60 stepping 3, cmov, cx8, fxsr, mmx, sse, sse2, sse3, ssse3, sse4.1, sse4.2, popcnt, avx, avx2, aes, clmul, erms, lzcnt, ht, tsc, tscinvbit, bmi1, bmi2

Memory: 4k page, physical 8268984k(1095932k free), swap 10316984k(4684k free)

vm_info: OpenJDK 64-Bit Server VM (25.152-b02) for windows-amd64 JRE (1.8.0_152-release-1024-b02), built by "builder" with MS VC++ 10.0 (VS2010)

time: Fri Mar 30 21:32:33 2018
elapsed time: 4 seconds (0d 0h 0m 4s)

