#
# There is insufficient memory for the Java Runtime Environment to continue.
# Native memory allocation (malloc) failed to allocate 32744 bytes for ChunkPool::allocate
# Possible reasons:
#   The system is out of physical RAM or swap space
#   In 32 bit mode, the process size limit was hit
# Possible solutions:
#   Reduce memory load on the system
#   Increase physical memory or swap space
#   Check if swap backing store is full
#   Use 64 bit Java on a 64 bit OS
#   Decrease Java heap size (-Xmx/-Xms)
#   Decrease number of Java threads
#   Decrease Java thread stack sizes (-Xss)
#   Set larger code cache with -XX:ReservedCodeCacheSize=
# This output file may be truncated or incomplete.
#
#  Out of Memory Error (allocation.cpp:273), pid=10924, tid=0x0000000000001bec
#
# JRE version: OpenJDK Runtime Environment (8.0_152-b02) (build 1.8.0_152-release-1024-b02)
# Java VM: OpenJDK 64-Bit Server VM (25.152-b02 mixed mode windows-amd64 compressed oops)
# Failed to write core dump. Minidumps are not enabled by default on client versions of Windows
#

---------------  T H R E A D  ---------------

Current thread (0x00000000174fb000):  JavaThread "C2 CompilerThread0" daemon [_thread_in_native, id=7148, stack(0x0000000017dc0000,0x0000000017ec0000)]

Stack: [0x0000000017dc0000,0x0000000017ec0000]
[error occurred during error reporting (printing stack bounds), id 0xc0000005]

Native frames: (J=compiled Java code, j=interpreted, Vv=VM code, C=native code)


Current CompileTask:
C2:   2062  797       4       org.objectweb.asm.ByteVector::putUTF8 (142 bytes)


---------------  P R O C E S S  ---------------

Java Threads: ( => current thread )
  0x0000000017599000 JavaThread "Service Thread" daemon [_thread_blocked, id=8376, stack(0x00000000181c0000,0x00000000182c0000)]
  0x00000000155de000 JavaThread "C1 CompilerThread3" daemon [_thread_in_native, id=840, stack(0x00000000180c0000,0x00000000181c0000)]
  0x0000000017501800 JavaThread "C2 CompilerThread2" daemon [_thread_in_native, id=5236, stack(0x0000000017fc0000,0x00000000180c0000)]
  0x00000000174fe000 JavaThread "C2 CompilerThread1" daemon [_thread_in_native, id=7508, stack(0x0000000017ec0000,0x0000000017fc0000)]
=>0x00000000174fb000 JavaThread "C2 CompilerThread0" daemon [_thread_in_native, id=7148, stack(0x0000000017dc0000,0x0000000017ec0000)]
  0x00000000174f9800 JavaThread "Attach Listener" daemon [_thread_blocked, id=2968, stack(0x0000000017cc0000,0x0000000017dc0000)]
  0x00000000174f8800 JavaThread "Signal Dispatcher" daemon [_thread_blocked, id=11468, stack(0x0000000017bc0000,0x0000000017cc0000)]
  0x00000000174f0800 JavaThread "Finalizer" daemon [_thread_blocked, id=12168, stack(0x00000000178d0000,0x00000000179d0000)]
  0x0000000004e17000 JavaThread "Reference Handler" daemon [_thread_blocked, id=4136, stack(0x00000000173d0000,0x00000000174d0000)]
  0x0000000004d23800 JavaThread "main" [_thread_in_vm, id=10720, stack(0x0000000004b90000,0x0000000004c90000)]

Other Threads:
  0x00000000155c5800 VMThread [stack: 0x00000000172d0000,0x00000000173d0000] [id=8672]
  0x0000000017599800 WatcherThread [stack: 0x00000000182c0000,0x00000000183c0000] [id=2664]

VM state:not at safepoint (normal execution)

VM Mutex/Monitor currently owned by a thread: None

Heap:
 PSYoungGen      total 18944K, used 17273K [0x00000000feb00000, 0x0000000100000000, 0x0000000100000000)
  eden space 16384K, 89% used [0x00000000feb00000,0x00000000ff966650,0x00000000ffb00000)
  from space 2560K, 98% used [0x00000000ffb00000,0x00000000ffd78010,0x00000000ffd80000)
  to   space 2560K, 0% used [0x00000000ffd80000,0x00000000ffd80000,0x0000000100000000)
 ParOldGen       total 44032K, used 1449K [0x00000000fc000000, 0x00000000feb00000, 0x00000000feb00000)
  object space 44032K, 3% used [0x00000000fc000000,0x00000000fc16a7c8,0x00000000feb00000)
 Metaspace       used 7524K, capacity 7748K, committed 7936K, reserved 1056768K
  class space    used 869K, capacity 970K, committed 1024K, reserved 1048576K

Card table byte_map: [0x00000000033b0000,0x00000000033e0000] byte_map_base: 0x0000000002bd0000

Marking Bits: (ParMarkBitMap*) 0x0000000076a24970
 Begin Bits: [0x00000000149e0000, 0x0000000014ae0000)
 End Bits:   [0x0000000014ae0000, 0x0000000014be0000)

Polling page: 0x0000000003380000

CodeCache: size=245760Kb used=3176Kb max_used=3176Kb free=242583Kb
 bounds [0x0000000004e20000, 0x0000000005140000, 0x0000000013e20000]
 total_blobs=1169 nmethods=837 adapters=246
 compilation: enabled

Compilation events (10 events):
Event: 1.937 Thread 0x0000000017501800  790       4       org.objectweb.asm.ClassReader::readInt (52 bytes)
Event: 1.938 Thread 0x0000000017501800 nmethod 790 0x00000000050db8d0 code [0x00000000050dba00, 0x00000000050dbaf8]
Event: 1.939 Thread 0x00000000174fe000 nmethod 783 0x00000000050d9350 code [0x00000000050d94c0, 0x00000000050d9cf8]
Event: 1.940 Thread 0x00000000174fb000  791       4       org.objectweb.asm.ByteVector::putShort (52 bytes)
Event: 1.942 Thread 0x00000000174fb000 nmethod 791 0x00000000050dbe90 code [0x00000000050dbfe0, 0x00000000050dc148]
Event: 1.945 Thread 0x0000000017501800  795       4       org.objectweb.asm.MethodVisitor::visitVarInsn (17 bytes)
Event: 1.946 Thread 0x0000000017501800 nmethod 795 0x00000000050dbbd0 code [0x00000000050dbd00, 0x00000000050dbd98]
Event: 1.946 Thread 0x00000000174fe000  796       4       org.objectweb.asm.ClassReader::readShort (27 bytes)
Event: 1.947 Thread 0x00000000174fe000 nmethod 796 0x00000000050d9050 code [0x00000000050d9180, 0x00000000050d9258]
Event: 1.952 Thread 0x00000000174fb000  797       4       org.objectweb.asm.ByteVector::putUTF8 (142 bytes)

GC Heap History (2 events):
Event: 1.538 GC heap before
{Heap before GC invocations=1 (full 0):
 PSYoungGen      total 18944K, used 16384K [0x00000000feb00000, 0x0000000100000000, 0x0000000100000000)
  eden space 16384K, 100% used [0x00000000feb00000,0x00000000ffb00000,0x00000000ffb00000)
  from space 2560K, 0% used [0x00000000ffd80000,0x00000000ffd80000,0x0000000100000000)
  to   space 2560K, 0% used [0x00000000ffb00000,0x00000000ffb00000,0x00000000ffd80000)
 ParOldGen       total 44032K, used 0K [0x00000000fc000000, 0x00000000feb00000, 0x00000000feb00000)
  object space 44032K, 0% used [0x00000000fc000000,0x00000000fc000000,0x00000000feb00000)
 Metaspace       used 6700K, capacity 6874K, committed 7040K, reserved 1056768K
  class space    used 792K, capacity 871K, committed 896K, reserved 1048576K
Event: 1.550 GC heap after
Heap after GC invocations=1 (full 0):
 PSYoungGen      total 18944K, used 2528K [0x00000000feb00000, 0x0000000100000000, 0x0000000100000000)
  eden space 16384K, 0% used [0x00000000feb00000,0x00000000feb00000,0x00000000ffb00000)
  from space 2560K, 98% used [0x00000000ffb00000,0x00000000ffd78010,0x00000000ffd80000)
  to   space 2560K, 0% used [0x00000000ffd80000,0x00000000ffd80000,0x0000000100000000)
 ParOldGen       total 44032K, used 1449K [0x00000000fc000000, 0x00000000feb00000, 0x00000000feb00000)
  object space 44032K, 3% used [0x00000000fc000000,0x00000000fc16a7c8,0x00000000feb00000)
 Metaspace       used 6700K, capacity 6874K, committed 7040K, reserved 1056768K
  class space    used 792K, capacity 871K, committed 896K, reserved 1048576K
}

Deoptimization events (10 events):
Event: 1.513 Thread 0x0000000004d23800 Uncommon trap: reason=unstable_if action=reinterpret pc=0x000000000504842c method=java.util.zip.ZipFile$ZipEntryIterator.hasNext()Z @ 25
Event: 1.513 Thread 0x0000000004d23800 Uncommon trap: reason=unstable_if action=reinterpret pc=0x00000000050509f8 method=java.util.zip.ZipCoder.decoder()Ljava/nio/charset/CharsetDecoder; @ 4
Event: 1.513 Thread 0x0000000004d23800 Uncommon trap: reason=unstable_if action=reinterpret pc=0x000000000502b958 method=java.util.zip.ZipEntry.setExtra0([BZ)V @ 1
Event: 1.515 Thread 0x0000000004d23800 Uncommon trap: reason=unstable_if action=reinterpret pc=0x0000000005057dc8 method=java.util.zip.ZipCoder.decoder()Ljava/nio/charset/CharsetDecoder; @ 4
Event: 1.517 Thread 0x0000000004d23800 Uncommon trap: reason=unstable_if action=reinterpret pc=0x000000000505599c method=java.util.zip.ZipCoder.decoder()Ljava/nio/charset/CharsetDecoder; @ 4
Event: 1.588 Thread 0x0000000004d23800 Uncommon trap: reason=unstable_if action=reinterpret pc=0x000000000505c95c method=java.util.zip.ZipCoder.decoder()Ljava/nio/charset/CharsetDecoder; @ 4
Event: 1.595 Thread 0x0000000004d23800 Uncommon trap: reason=unstable_if action=reinterpret pc=0x000000000504d92c method=java.util.zip.ZipCoder.decoder()Ljava/nio/charset/CharsetDecoder; @ 4
Event: 1.595 Thread 0x0000000004d23800 Uncommon trap: reason=unstable_if action=reinterpret pc=0x000000000504c4bc method=java.util.zip.ZipCoder.decoder()Ljava/nio/charset/CharsetDecoder; @ 4
Event: 1.718 Thread 0x0000000004d23800 Uncommon trap: reason=unloaded action=reinterpret pc=0x000000000505e4bc method=java.util.zip.ZipEntry.setExtra0([BZ)V @ 37
Event: 1.847 Thread 0x0000000004d23800 Uncommon trap: reason=unstable_if action=reinterpret pc=0x0000000004ff3478 method=java.lang.String.<init>([CII)V @ 18

Classes redefined (0 events):
No events

Internal exceptions (10 events):
Event: 1.588 Thread 0x0000000004d23800 Implicit null exception at 0x000000000505bf85 to 0x000000000505c91d
Event: 1.595 Thread 0x0000000004d23800 Implicit null exception at 0x000000000504d324 to 0x000000000504d8fd
Event: 1.595 Thread 0x0000000004d23800 Implicit null exception at 0x000000000504c038 to 0x000000000504c4a1
Event: 1.637 Thread 0x0000000004d23800 Exception <a 'sun/nio/fs/WindowsException'> (0x00000000ff198a38) thrown at [D:\src\AOSP-openjdk-cygwin\jdk8u\hotspot\src\share\vm\prims\jni.cpp, line 709]
Event: 1.637 Thread 0x0000000004d23800 Exception <a 'sun/nio/fs/WindowsException'> (0x00000000ff198ff8) thrown at [D:\src\AOSP-openjdk-cygwin\jdk8u\hotspot\src\share\vm\prims\jni.cpp, line 709]
Event: 1.637 Thread 0x0000000004d23800 Exception <a 'sun/nio/fs/WindowsException'> (0x00000000ff1995c8) thrown at [D:\src\AOSP-openjdk-cygwin\jdk8u\hotspot\src\share\vm\prims\jni.cpp, line 709]
Event: 1.637 Thread 0x0000000004d23800 Exception <a 'sun/nio/fs/WindowsException'> (0x00000000ff199d88) thrown at [D:\src\AOSP-openjdk-cygwin\jdk8u\hotspot\src\share\vm\prims\jni.cpp, line 709]
Event: 1.655 Thread 0x0000000004d23800 Exception <a 'sun/nio/fs/WindowsException'> (0x00000000ff19ecd0) thrown at [D:\src\AOSP-openjdk-cygwin\jdk8u\hotspot\src\share\vm\prims\jni.cpp, line 709]
Event: 1.741 Thread 0x0000000004d23800 Exception <a 'sun/nio/fs/WindowsException'> (0x00000000ff51c7a0) thrown at [D:\src\AOSP-openjdk-cygwin\jdk8u\hotspot\src\share\vm\prims\jni.cpp, line 709]
Event: 1.741 Thread 0x0000000004d23800 Exception <a 'sun/nio/fs/WindowsException'> (0x00000000ff51cd18) thrown at [D:\src\AOSP-openjdk-cygwin\jdk8u\hotspot\src\share\vm\prims\jni.cpp, line 709]

Events (10 events):
Event: 1.909 loading class org/objectweb/asm/tree/LabelNode
Event: 1.909 loading class org/objectweb/asm/tree/LabelNode done
Event: 1.910 loading class org/objectweb/asm/tree/JumpInsnNode
Event: 1.910 loading class org/objectweb/asm/tree/JumpInsnNode done
Event: 1.910 loading class org/objectweb/asm/tree/InsnList
Event: 1.910 loading class org/objectweb/asm/tree/InsnList done
Event: 1.911 loading class org/objectweb/asm/tree/TryCatchBlockNode
Event: 1.911 loading class org/objectweb/asm/tree/TryCatchBlockNode done
Event: 1.914 loading class org/objectweb/asm/Handler
Event: 1.914 loading class org/objectweb/asm/Handler done


Dynamic libraries:
0x00007ff685d70000 - 0x00007ff685da1000 	C:\Program Files\Android\Android Studio\jre\bin\java.exe
0x00007ffe7efe0000 - 0x00007ffe7f1c0000 	C:\WINDOWS\SYSTEM32\ntdll.dll
0x00007ffe7c5d0000 - 0x00007ffe7c67e000 	C:\WINDOWS\System32\KERNEL32.DLL
0x00007ffe7c1f0000 - 0x00007ffe7c456000 	C:\WINDOWS\System32\KERNELBASE.dll
0x00007ffe7c680000 - 0x00007ffe7c721000 	C:\WINDOWS\System32\ADVAPI32.dll
0x00007ffe7e200000 - 0x00007ffe7e29d000 	C:\WINDOWS\System32\msvcrt.dll
0x00007ffe7dc20000 - 0x00007ffe7dc7b000 	C:\WINDOWS\System32\sechost.dll
0x00007ffe7c4b0000 - 0x00007ffe7c5cf000 	C:\WINDOWS\System32\RPCRT4.dll
0x00007ffe7dd60000 - 0x00007ffe7deef000 	C:\WINDOWS\System32\USER32.dll
0x00007ffe7b480000 - 0x00007ffe7b4a0000 	C:\WINDOWS\System32\win32u.dll
0x00007ffe7dd30000 - 0x00007ffe7dd58000 	C:\WINDOWS\System32\GDI32.dll
0x00007ffe7bc50000 - 0x00007ffe7bde3000 	C:\WINDOWS\System32\gdi32full.dll
0x00007ffe7b3e0000 - 0x00007ffe7b47b000 	C:\WINDOWS\System32\msvcp_win.dll
0x00007ffe7bdf0000 - 0x00007ffe7bee6000 	C:\WINDOWS\System32\ucrtbase.dll
0x00007ffe75620000 - 0x00007ffe75889000 	C:\WINDOWS\WinSxS\amd64_microsoft.windows.common-controls_6595b64144ccf1df_6.0.16299.248_none_15ced204935f55d7\COMCTL32.dll
0x00007ffe7def0000 - 0x00007ffe7e1f8000 	C:\WINDOWS\System32\combase.dll
0x00007ffe7bfa0000 - 0x00007ffe7c012000 	C:\WINDOWS\System32\bcryptPrimitives.dll
0x00007ffe7edd0000 - 0x00007ffe7edfd000 	C:\WINDOWS\System32\IMM32.DLL
0x0000000075b00000 - 0x0000000075bd2000 	C:\Program Files\Android\Android Studio\jre\jre\bin\msvcr100.dll
0x0000000076260000 - 0x0000000076a9f000 	C:\Program Files\Android\Android Studio\jre\jre\bin\server\jvm.dll
0x00007ffe7e6a0000 - 0x00007ffe7e6a8000 	C:\WINDOWS\System32\PSAPI.DLL
0x00007ffe64640000 - 0x00007ffe64649000 	C:\WINDOWS\SYSTEM32\WSOCK32.dll
0x00007ffe7e410000 - 0x00007ffe7e47c000 	C:\WINDOWS\System32\WS2_32.dll
0x00007ffe76460000 - 0x00007ffe76483000 	C:\WINDOWS\SYSTEM32\WINMM.dll
0x00007ffe764c0000 - 0x00007ffe764ca000 	C:\WINDOWS\SYSTEM32\VERSION.dll
0x00007ffe76400000 - 0x00007ffe7642a000 	C:\WINDOWS\SYSTEM32\winmmbase.dll
0x00007ffe7c460000 - 0x00007ffe7c4aa000 	C:\WINDOWS\System32\cfgmgr32.dll
0x00007ffe64630000 - 0x00007ffe6463f000 	C:\Program Files\Android\Android Studio\jre\jre\bin\verify.dll
0x00007ffe64600000 - 0x00007ffe64629000 	C:\Program Files\Android\Android Studio\jre\jre\bin\java.dll
0x00007ffe645e0000 - 0x00007ffe645f6000 	C:\Program Files\Android\Android Studio\jre\jre\bin\zip.dll
0x00007ffe7c740000 - 0x00007ffe7db76000 	C:\WINDOWS\System32\SHELL32.dll
0x00007ffe7dc80000 - 0x00007ffe7dd26000 	C:\WINDOWS\System32\shcore.dll
0x00007ffe7b500000 - 0x00007ffe7bc47000 	C:\WINDOWS\System32\windows.storage.dll
0x00007ffe7e790000 - 0x00007ffe7e7e1000 	C:\WINDOWS\System32\shlwapi.dll
0x00007ffe7b350000 - 0x00007ffe7b361000 	C:\WINDOWS\System32\kernel.appcore.dll
0x00007ffe7b370000 - 0x00007ffe7b3bc000 	C:\WINDOWS\System32\powrprof.dll
0x00007ffe7b330000 - 0x00007ffe7b34b000 	C:\WINDOWS\System32\profapi.dll
0x00007ffe7b060000 - 0x00007ffe7b077000 	C:\WINDOWS\SYSTEM32\CRYPTSP.dll
0x00007ffe7a420000 - 0x00007ffe7a453000 	C:\WINDOWS\system32\rsaenh.dll
0x00007ffe7ac00000 - 0x00007ffe7ac25000 	C:\WINDOWS\SYSTEM32\bcrypt.dll
0x00007ffe7b260000 - 0x00007ffe7b289000 	C:\WINDOWS\SYSTEM32\USERENV.dll
0x00007ffe7a9d0000 - 0x00007ffe7a9db000 	C:\WINDOWS\SYSTEM32\CRYPTBASE.dll
0x00007ffe644c0000 - 0x00007ffe644da000 	C:\Program Files\Android\Android Studio\jre\jre\bin\net.dll
0x00007ffe7a810000 - 0x00007ffe7a876000 	C:\WINDOWS\system32\mswsock.dll
0x00007ffe7a5a0000 - 0x00007ffe7a5d9000 	C:\WINDOWS\SYSTEM32\IPHLPAPI.DLL
0x00007ffe7efa0000 - 0x00007ffe7efa8000 	C:\WINDOWS\System32\NSI.dll
0x00007ffe72fb0000 - 0x00007ffe72fc6000 	C:\WINDOWS\SYSTEM32\dhcpcsvc6.DLL
0x00007ffe72bb0000 - 0x00007ffe72bca000 	C:\WINDOWS\SYSTEM32\dhcpcsvc.DLL
0x00007ffe644a0000 - 0x00007ffe644b1000 	C:\Program Files\Android\Android Studio\jre\jre\bin\nio.dll

VM Arguments:
jvm_args: -Djava.awt.headless=true -Xmx64M -Dfile.encoding=windows-1251 -Duser.country=UA -Duser.language=uk -Duser.variant 
java_command: com.google.devtools.build.android.desugar.Desugar --input D:\FanSerials\FanSerials\app\build\intermediates\transforms\stackFramesFixer\debug\20.jar --output D:\FanSerials\FanSerials\app\build\intermediates\transforms\desugar\debug\21.jar --input D:\FanSerials\FanSerials\app\build\intermediates\transforms\stackFramesFixer\debug\24.jar --output D:\FanSerials\FanSerials\app\build\intermediates\transforms\desugar\debug\25.jar --input D:\FanSerials\FanSerials\app\build\intermediates\classes\debug --output D:\FanSerials\FanSerials\app\build\intermediates\transforms\desugar\debug\0 --input D:\FanSerials\FanSerials\app\build\intermediates\transforms\stackFramesFixer\debug\21.jar --output D:\FanSerials\FanSerials\app\build\intermediates\transforms\desugar\debug\22.jar --classpath_entry D:\FanSerials\FanSerials\app\build\intermediates\classes\debug --classpath_entry D:\FanSerials\FanSerials\app\build\intermediates\transforms\stackFramesFixer\debug\0.jar --classpath_entry D:\FanSerials\FanSerials\app\build\intermediates\transforms\stackFramesFixer\debug\1.jar --classpath_entry D:\FanSerials\FanSerials\app\build\intermediates\transforms\stackFramesFixer\debug\2.jar --classpath_entry D:\FanSerials\FanSerials\app\build\intermediates\transforms\stackFramesFixer\debug\3.jar --classpath_entry D:\FanSerials\FanSerials\app\build\intermediates\transforms\stackFramesFixer\debug\4.jar --classpath_entry D:\FanSerials\FanSerials\app\build\intermediates\transforms\stackFramesFixer\debug\5.jar --classpath_entry D:\FanSerials\FanSerials\app\build\intermediates\transforms\stackFramesFixer\debug\6.jar --classpath_entry D:\FanSerials\FanSerials\app\build\intermediates\transforms\stackFramesFixer\debug\7.jar --classpath_entry D:\FanSerials\FanSerials\app\build\intermediates\transforms\stackFramesFixer\debug\8.jar --classpath_entry D:\FanSerials\FanSerials\app\build\intermediates\transforms\stackFramesFixer\debug\9.jar --classpath_entry D:\FanSerials\FanSerials\app\build\intermedia
java_class_path (initial): C:\Users\Ivan\AppData\Local\Temp\desugar_deploy.jar2386275187267001209
Launcher Type: SUN_STANDARD

Environment Variables:
PATH=C:\ProgramData\Oracle\Java\javapath;C:\WINDOWS\system32;C:\WINDOWS;C:\WINDOWS\System32\Wbem;C:\WINDOWS\System32\WindowsPowerShell\v1.0\;C:\Program Files (x86)\NVIDIA Corporation\PhysX\Common;C:\Users\Ivan\AppData\Local\Microsoft\WindowsApps;
USERNAME=Ivan
OS=Windows_NT
PROCESSOR_IDENTIFIER=Intel64 Family 6 Model 60 Stepping 3, GenuineIntel



---------------  S Y S T E M  ---------------

OS: Windows 10.0 , 64 bit Build 16299 (10.0.16299.15)

CPU:total 8 (initial active 8) (4 cores per cpu, 2 threads per core) family 6 model 60 stepping 3, cmov, cx8, fxsr, mmx, sse, sse2, sse3, ssse3, sse4.1, sse4.2, popcnt, avx, avx2, aes, clmul, erms, lzcnt, ht, tsc, tscinvbit, bmi1, bmi2

Memory: 4k page, physical 8268984k(1173612k free), swap 10316984k(118952k free)

vm_info: OpenJDK 64-Bit Server VM (25.152-b02) for windows-amd64 JRE (1.8.0_152-release-1024-b02), built by "builder" with MS VC++ 10.0 (VS2010)

time: Wed Mar 28 16:56:25 2018
elapsed time: 2 seconds (0d 0h 0m 2s)

